NEB log file generated by ORCA
All quantities are given in atomic units. Unless stated otherwise. 
iteration       : 0
climbing        : no
zoom on         : no
nim             : 10
barrier         :   0.04123684 (image:  4) 
distance        :   0.00000000    0.66553211    1.33237684    2.00065422    2.66962856    3.33844742    4.00739560    4.67548453    5.34209343    6.00746133 
energy          : -3152.27475110  -3152.26702224  -3152.25369250  -3152.24062082  -3152.23351426  -3152.23645291  -3152.24860431  -3152.26505489  -3152.28092720  -3152.28963946 
max(|Fr_perp|)   :   0.00000000    0.01655153    0.01808506    0.01509723    0.01705803    0.01792321    0.01679185    0.02443515    0.02287414    0.00000000 
Fr_paral         :   0.00000000   -0.01760110   -0.02149126   -0.01670604   -0.00354098    0.01209771    0.02306454    0.02589177    0.02066774    0.00000000 
max(|Fsp_paral|) :   0.00000000    0.00738652    0.00715529    0.00376400    0.00000355    0.00155352    0.00619463    0.00823153    0.00491746    0.00000000 
max(|Fsp_perp|)  :   0.00000000    0.00000000    0.00000000    0.00000000    0.00000000    0.00000000    0.00000000    0.00000000    0.00000000    0.00000000 
max(|FNEB|)      :   0.00000000    0.01331745    0.01433780    0.01534358    0.01715909    0.01792492    0.01637799    0.01929184    0.01977427    0.00000000 
max(|Force|)     :   0.00588822    0.02284714    0.02543215    0.01768947    0.01707929    0.01829997    0.02158088    0.02971223    0.02737866    0.00513593 
ksp              :   0.02687407    0.05596378    0.08449058    0.10000000    0.10000000    0.09359149    0.06707699    0.03117951    0.01000000 
max(|step|)      :   0.00000000    0.04732596    0.05095197    0.05452618    0.06097790    0.06369943    0.05820213    0.06855703    0.07027142    0.00000000 
angle (deg.)     :    9.5954  6.3818  6.3941  5.8207  5.4943  6.1014  6.3313  10.7346 
>
iteration       : 1
climbing        : no
zoom on         : no
nim             : 10
barrier         :   0.04087759 (image:  4) 
distance        :   0.00000000    0.74053577    1.40719534    2.04545325    2.67868041    3.33437913    3.95656300    4.60397156    5.30660464    6.03181187 
energy          : -3152.27475110  -3152.26783261  -3152.25407487  -3152.24082404  -3152.23387352  -3152.23709722  -3152.24929748  -3152.26648907  -3152.28311091  -3152.28963946 
max(|Fr_perp|)   :   0.00000000    0.01649800    0.01680015    0.01737455    0.01973802    0.02206784    0.02148269    0.02257543    0.02048369    0.00000000 
Fr_paral         :   0.00000000   -0.01792999   -0.02343625   -0.01790721   -0.00383406    0.01378332    0.02514051    0.02828084    0.01904606    0.00000000 
max(|Fsp_paral|) :   0.00000000    0.00711629    0.00634473    0.00361961    0.00090211    0.00315059    0.00573034    0.00770652    0.00430466    0.00000000 
max(|Fsp_perp|)  :   0.00000000    0.00000000    0.00000000    0.00000000    0.00000000    0.00000000    0.00000000    0.00000000    0.00000000    0.00000000 
max(|FNEB|)      :   0.00000000    0.01339587    0.01666286    0.01731398    0.01967145    0.02228518    0.02180922    0.01685447    0.01784850    0.00000000 
max(|Force|)     :   0.00588822    0.02276880    0.02552454    0.01850612    0.01984311    0.02169109    0.02246460    0.02951252    0.02446092    0.00513593 
ksp              :   0.02523241    0.05552277    0.08469708    0.10000000    0.10000000    0.09290239    0.06604113    0.02819048    0.01000000 
max(|step|)      :   0.00000000    0.04865795    0.05344029    0.04098116    0.02886380    0.03119402    0.04660490    0.06674533    0.06923995    0.00152498 
angle (deg.)     :    14.5533  7.8334  7.0438  6.4885  6.0214  6.7007  8.6099  16.4411 
>
iteration       : 2
climbing        : no
zoom on         : no
nim             : 10
barrier         :   0.03972271 (image:  4) 
distance        :   0.00000000    0.82481536    1.49269520    2.10387130    2.70861980    3.34582091    3.93220493    4.55824764    5.30207332    6.09977932 
energy          : -3152.27475110  -3152.26848158  -3152.25496035  -3152.24194497  -3152.23502839  -3152.23862382  -3152.25101744  -3152.26819418  -3152.28451900  -3152.28963946 
max(|Fr_perp|)   :   0.00000000    0.01553859    0.01556436    0.01528046    0.01798431    0.01883945    0.01729232    0.02022481    0.01547334    0.00000000 
Fr_paral         :   0.00000000   -0.01710461   -0.02414465   -0.01857626   -0.00370779    0.01489856    0.02681580    0.02897675    0.01571522    0.00000000 
max(|Fsp_paral|) :   0.00000000    0.00661736    0.00600753    0.00379498    0.00141886    0.00436180    0.00570945    0.00753618    0.00361993    0.00000000 
max(|Fsp_perp|)  :   0.00000000    0.00000000    0.00000000    0.00000000    0.00000000    0.00000000    0.00000000    0.00000000    0.00000000    0.00000000 
max(|FNEB|)      :   0.00000000    0.01272261    0.01392043    0.01503651    0.01789296    0.01909048    0.01735204    0.01446804    0.01334817    0.00000000 
max(|Force|)     :   0.00588822    0.02143453    0.02529052    0.01892138    0.01808294    0.01846692    0.02353875    0.02852272    0.01863724    0.00513593 
ksp              :   0.02420490    0.05484004    0.08432906    0.10000000    0.10000000    0.09185382    0.06377352    0.02485606    0.01000000 
max(|step|)      :   0.00000000    0.07939013    0.09030123    0.07436505    0.05453230    0.04278348    0.07282145    0.10000000    0.09875949    0.01969352 
angle (deg.)     :    20.4988  11.6421  8.5367  8.1421  7.2990  8.6770  14.3376  21.2813 
>
iteration       : 3
climbing        : yes
zoom on         : no
nim             : 10
barrier         :   0.03817880 (image:  4) 
distance        :   0.00000000    0.96616137    1.63795452    2.21397935    2.77939453    3.37429574    3.91782986    4.51347557    5.33443150    6.25022854 
energy          : -3152.27475110  -3152.26926620  -3152.25594099  -3152.24306944  -3152.23657231  -3152.24041013  -3152.25282739  -3152.27017111  -3152.28554398  -3152.28963946 
max(|Fr_perp|)   :   0.00000000    0.01259088    0.01272840    0.01388394    0.01455010    0.01650702    0.01662095    0.01464840    0.00961627    0.00000000 
Fr_paral         :   0.00000000   -0.01557132   -0.02530039   -0.01899225   -0.00322554    0.01587178    0.02894584    0.02952485    0.01000483    0.00000000 
max(|Fsp_paral|) :   0.00000000    0.00589883    0.00551205    0.00361288    0.00140848    0.00486653    0.00569294    0.00747135    0.00278007    0.00000000 
max(|Fsp_perp|)  :   0.00000000    0.00000000    0.00000000    0.00000000    0.00000000    0.00000000    0.00000000    0.00000000    0.00000000    0.00000000 
max(|FNEB|)      :   0.00000000    0.01160739    0.01336962    0.01381909    0.01458494    0.01693775    0.01701382    0.01415427    0.01148088    0.00000000 
max(|Force|)     :   0.00588822    0.01787800    0.02409614    0.01877524    0.01476400    0.01620935    0.02335420    0.02488492    0.01056483    0.00513593 
ksp              :   0.02293189    0.05434601    0.08469038    0.10000000    0.10000000    0.09095878    0.06169844    0.02080937    0.01000000 
max(|step|)      :   0.00000000    0.02336178    0.02690856    0.02781320    0.02935461    0.03409001    0.03424312    0.02848781    0.02310716    0.00000000 
angle (deg.)     :    21.0059  12.7377  8.3444  8.3635  7.2057  8.8192  16.7783  19.4179 
>
iteration       : 4
climbing        : yes
zoom on         : no
nim             : 10
barrier         :   0.03747065 (image:  4) 
distance        :   0.00000000    1.00199470    1.67600531    2.24358377    2.79993379    3.36973497    3.90787576    4.49218088    5.34623703    6.27803080 
energy          : -3152.27475110  -3152.26950639  -3152.25634979  -3152.24363766  -3152.23728045  -3152.24104730  -3152.25347448  -3152.27058499  -3152.28591601  -3152.28963946 
max(|Fr_perp|)   :   0.00000000    0.01116568    0.01200342    0.01042984    0.01053179    0.01271123    0.01327422    0.01328094    0.00527927    0.00000000 
Fr_paral         :   0.00000000   -0.01524796   -0.02529435   -0.01885485   -0.00290022    0.01568879    0.02934578    0.02962560    0.01025083    0.00000000 
max(|Fsp_paral|) :   0.00000000    0.00577896    0.00528124    0.00353934    0.00064995    0.00393237    0.00599040    0.00717288    0.00277573    0.00000000 
max(|Fsp_perp|)  :   0.00000000    0.00000000    0.00000000    0.00000000    0.00000000    0.00000000    0.00000000    0.00000000    0.00000000    0.00000000 
max(|FNEB|)      :   0.00000000    0.01137920    0.01306121    0.01109587    0.01059802    0.01254285    0.01303354    0.01383674    0.00691658    0.00000000 
max(|Force|)     :   0.00588822    0.01635352    0.02355774    0.01843367    0.01046556    0.01303871    0.02258967    0.02378975    0.00825539    0.00513593 
ksp              :   0.02259718    0.05419773    0.08473075    0.10000000    0.10000000    0.09095249    0.06110388    0.02000649    0.01000000 
max(|step|)      :   0.00000000    0.02317072    0.02693505    0.02300519    0.01750434    0.01717443    0.02089238    0.02654426    0.01350617    0.00190725 
angle (deg.)     :    21.8069  13.9343  8.1350  8.7157  7.1220  8.9197  19.1131  18.4714 
>
iteration       : 5
climbing        : yes
zoom on         : no
nim             : 10
barrier         :   0.03706513 (image:  4) 
distance        :   0.00000000    1.03783134    1.71369948    2.27318964    2.82024139    3.36718521    3.89639941    4.47149677    5.35848835    6.30792885 
energy          : -3152.27475110  -3152.26960214  -3152.25654207  -3152.24396261  -3152.23768597  -3152.24138959  -3152.25371639  -3152.27065725  -3152.28602225  -3152.28963946 
max(|Fr_perp|)   :   0.00000000    0.01019040    0.01128616    0.00949295    0.00988624    0.01147903    0.01195693    0.01194418    0.00569898    0.00000000 
Fr_paral         :   0.00000000   -0.01508309   -0.02553686   -0.01916587   -0.00277923    0.01594321    0.02981562    0.02989758    0.01020916    0.00000000 
max(|Fsp_paral|) :   0.00000000    0.00558514    0.00500059    0.00343532    0.00000525    0.00322180    0.00597093    0.00689632    0.00296364    0.00000000 
max(|Fsp_perp|)  :   0.00000000    0.00000000    0.00000000    0.00000000    0.00000000    0.00000000    0.00000000    0.00000000    0.00000000    0.00000000 
max(|FNEB|)      :   0.00000000    0.01117746    0.01284570    0.01108725    0.00995226    0.01133080    0.01170478    0.01337291    0.00707767    0.00000000 
max(|Force|)     :   0.00588822    0.01531445    0.02313189    0.01820221    0.00982022    0.01197247    0.02175716    0.02279355    0.00799982    0.00513593 
ksp              :   0.02250250    0.05421442    0.08475933    0.10000000    0.10000000    0.09100701    0.06107562    0.01994053    0.01000000 
max(|step|)      :   0.00000000    0.07691458    0.08901977    0.07495806    0.05386783    0.06021136    0.07962644    0.10000000    0.05707574    0.00981952 
angle (deg.)     :    24.7310  18.3179  8.0115  10.0929  7.0136  9.8167  26.3680  17.3881 
>
iteration       : 6
climbing        : yes
zoom on         : no
nim             : 10
barrier         :   0.03591991 (image:  4) 
distance        :   0.00000000    1.15994193    1.84320806    2.38135755    2.89974264    3.37937895    3.87535998    4.42743040    5.42346558    6.43958011 
energy          : -3152.27475110  -3152.26977155  -3152.25708253  -3152.24472779  -3152.23883120  -3152.24228025  -3152.25406917  -3152.27084224  -3152.28613065  -3152.28963946 
max(|Fr_perp|)   :   0.00000000    0.00758843    0.00911764    0.00982739    0.00990658    0.01096427    0.01094071    0.00903274    0.00894539    0.00000000 
Fr_paral         :   0.00000000   -0.01414977   -0.02621697   -0.01954906   -0.00216754    0.01615755    0.03083789    0.03075237    0.00940910    0.00000000 
max(|Fsp_paral|) :   0.00000000    0.00476305    0.00425508    0.00296376    0.00196096    0.00136453    0.00537512    0.00619163    0.00354661    0.00000000 
max(|Fsp_perp|)  :   0.00000000    0.00000000    0.00000000    0.00000000    0.00000000    0.00000000    0.00000000    0.00000000    0.00000000    0.00000000 
max(|FNEB|)      :   0.00000000    0.01013853    0.01217556    0.01043949    0.01006830    0.01101651    0.01080001    0.01172513    0.00736020    0.00000000 
max(|Force|)     :   0.00588822    0.01199421    0.02179471    0.01755318    0.00995624    0.01149789    0.01972571    0.02032577    0.01087632    0.00513593 
ksp              :   0.02247762    0.05427041    0.08522697    0.10000000    0.10000000    0.09136132    0.06182134    0.01979719    0.01000000 
max(|step|)      :   0.00000000    0.03393170    0.04074925    0.03493898    0.03369665    0.03687015    0.03614557    0.03924175    0.02463318    0.00000000 
angle (deg.)     :    26.1691  19.8699  7.9876  10.4553  6.9863  9.9838  28.6159  18.5610 
>
iteration       : 7
climbing        : yes
zoom on         : no
nim             : 10
barrier         :   0.03568060 (image:  4) 
distance        :   0.00000000    1.20911837    1.89862488    2.42978785    2.93459405    3.39807511    3.86541472    4.41444158    5.44958924    6.50432278 
energy          : -3152.27475110  -3152.26985290  -3152.25713542  -3152.24467151  -3152.23907050  -3152.24245652  -3152.25363585  -3152.27076542  -3152.28624844  -3152.28963946 
max(|Fr_perp|)   :   0.00000000    0.00715272    0.00924351    0.01283987    0.01280941    0.01498233    0.01485295    0.00854534    0.00506693    0.00000000 
Fr_paral         :   0.00000000   -0.01365393   -0.02672495   -0.01952425   -0.00188091    0.01621156    0.03095291    0.03125022    0.00864335    0.00000000 
max(|Fsp_paral|) :   0.00000000    0.00459738    0.00396250    0.00245202    0.00215514    0.00191202    0.00400885    0.00624103    0.00385312    0.00000000 
max(|Fsp_perp|)  :   0.00000000    0.00000000    0.00000000    0.00000000    0.00000000    0.00000000    0.00000000    0.00000000    0.00000000    0.00000000 
max(|FNEB|)      :   0.00000000    0.00985703    0.01198569    0.01276379    0.01275143    0.01510162    0.01503158    0.01088951    0.00737257    0.00000000 
max(|Force|)     :   0.00588822    0.01159594    0.02198927    0.01798831    0.01286739    0.01444175    0.02022791    0.02032424    0.00620281    0.00513593 
ksp              :   0.02235514    0.05443343    0.08587213    0.10000000    0.10000000    0.09145918    0.06326066    0.02005340    0.01000000 
max(|step|)      :   0.00000000    0.03313841    0.03959464    0.03272586    0.02332054    0.02678198    0.03498662    0.04322300    0.03102702    0.00676283 
angle (deg.)     :    27.2928  21.4434  7.8112  10.6338  6.6980  10.1093  30.8011  19.4142 
>
iteration       : 8
climbing        : yes
zoom on         : no
nim             : 10
barrier         :   0.03508514 (image:  4) 
distance        :   0.00000000    1.25767578    1.95396239    2.47787127    2.97108626    3.41840563    3.86302741    4.40550544    5.47876417    6.57274604 
energy          : -3152.27475110  -3152.26987803  -3152.25733130  -3152.24515105  -3152.23966597  -3152.24305576  -3152.25371055  -3152.27061475  -3152.28621098  -3152.28963946 
max(|Fr_perp|)   :   0.00000000    0.00670403    0.00907522    0.01077340    0.01128644    0.01278057    0.01251981    0.00807814    0.00632882    0.00000000 
Fr_paral         :   0.00000000   -0.01300905   -0.02647261   -0.01956567   -0.00165588    0.01636756    0.03083218    0.03125599    0.00786980    0.00000000 
max(|Fsp_paral|) :   0.00000000    0.00433251    0.00343889    0.00223196    0.00246772    0.00226153    0.00304121    0.00577414    0.00432058    0.00000000 
max(|Fsp_perp|)  :   0.00000000    0.00000000    0.00000000    0.00000000    0.00000000    0.00000000    0.00000000    0.00000000    0.00000000    0.00000000 
max(|FNEB|)      :   0.00000000    0.00938809    0.01137435    0.01071515    0.01123628    0.01291135    0.01264658    0.00997355    0.00746317    0.00000000 
max(|Force|)     :   0.00588822    0.01082134    0.02181453    0.01797218    0.01133660    0.01225608    0.02038635    0.02031344    0.00673326    0.00513593 
ksp              :   0.02250034    0.05468508    0.08592971    0.10000000    0.10000000    0.09130454    0.06397299    0.02061053    0.01000000 
max(|step|)      :   0.00000000    0.08049643    0.09647415    0.08057740    0.05842521    0.06631967    0.08225100    0.10000000    0.07322794    0.01216905 
angle (deg.)     :    29.5870  25.6017  7.9129  11.4418  6.4465  11.0458  36.6332  20.6030 
>
iteration       : 9
climbing        : yes
zoom on         : no
nim             : 10
barrier         :   0.03371055 (image:  4) 
distance        :   0.00000000    1.37479913    2.08646919    2.59759570    3.06463582    3.47109585    3.87350975    4.39817751    5.55564056    6.74913696 
energy          : -3152.27475110  -3152.26993480  -3152.25789013  -3152.24598888  -3152.24104056  -3152.24426787  -3152.25385905  -3152.27041031  -3152.28609271  -3152.28963946 
max(|Fr_perp|)   :   0.00000000    0.00538457    0.00871314    0.00967320    0.00921282    0.01051943    0.01049033    0.00750323    0.00780685    0.00000000 
Fr_paral         :   0.00000000   -0.01147647   -0.02623211   -0.01915470   -0.00094784    0.01623524    0.03054340    0.03138183    0.00678172    0.00000000 
max(|Fsp_paral|) :   0.00000000    0.00351996    0.00262868    0.00127598    0.00342891    0.00222386    0.00124179    0.00461762    0.00532740    0.00000000 
max(|Fsp_perp|)  :   0.00000000    0.00000000    0.00000000    0.00000000    0.00000000    0.00000000    0.00000000    0.00000000    0.00000000    0.00000000 
max(|FNEB|)      :   0.00000000    0.00807890    0.01032404    0.00983201    0.00932049    0.01079887    0.01067836    0.00907847    0.01070023    0.00000000 
max(|Force|)     :   0.00588822    0.00874929    0.02105486    0.01766164    0.00937610    0.01104599    0.02007666    0.01982849    0.00638869    0.00513593 
ksp              :   0.02285911    0.05501491    0.08679646    0.10000000    0.10000000    0.09138645    0.06578648    0.02158908    0.01000000 
max(|step|)      :   0.00000000    0.01738915    0.02222163    0.02116258    0.02006158    0.02324367    0.02298427    0.01954064    0.02303135    0.00000000 
angle (deg.)     :    29.6470  26.5428  8.0859  11.3523  6.3024  10.6060  37.9585  20.0871 
>
iteration       : 10
climbing        : yes
zoom on         : no
nim             : 10
barrier         :   0.03330129 (image:  4) 
distance        :   0.00000000    1.39586733    2.11105663    2.61701629    3.08003198    3.47567807    3.88004001    4.39187303    5.55424310    6.77495245 
energy          : -3152.27475110  -3152.27003058  -3152.25809530  -3152.24629950  -3152.24144981  -3152.24457046  -3152.25417300  -3152.27038087  -3152.28618861  -3152.28963946 
max(|Fr_perp|)   :   0.00000000    0.00493928    0.00861161    0.00985201    0.00898881    0.01029459    0.01003868    0.00681351    0.00435936    0.00000000 
Fr_paral         :   0.00000000   -0.01150393   -0.02616169   -0.01884691   -0.00082522    0.01591871    0.03052363    0.03167939    0.00757251    0.00000000 
max(|Fsp_paral|) :   0.00000000    0.00348460    0.00233618    0.00128161    0.00381701    0.00146107    0.00187520    0.00402623    0.00547383    0.00000000 
max(|Fsp_perp|)  :   0.00000000    0.00000000    0.00000000    0.00000000    0.00000000    0.00000000    0.00000000    0.00000000    0.00000000    0.00000000 
max(|FNEB|)      :   0.00000000    0.00810160    0.01001514    0.00984023    0.00901052    0.01023455    0.00997080    0.00875666    0.00798211    0.00000000 
max(|Force|)     :   0.00588822    0.00822121    0.02042224    0.01704706    0.00896711    0.01070033    0.01941976    0.01911998    0.00598858    0.00513593 
ksp              :   0.02275767    0.05501395    0.08689325    0.10000000    0.10000000    0.09156614    0.06561435    0.02181099    0.01000000 
max(|step|)      :   0.00000000    0.01805286    0.02250601    0.01840858    0.01546547    0.01706630    0.01693949    0.02017750    0.01864790    0.00128715 
angle (deg.)     :    29.9292  27.4945  7.6294  11.4281  6.2388  9.8240  39.2698  20.0620 
>
iteration       : 11
climbing        : yes
zoom on         : no
nim             : 10
barrier         :   0.03295424 (image:  4) 
distance        :   0.00000000    1.41788484    2.13616976    2.63685004    3.09533646    3.48138526    3.88440897    4.38577083    5.55167740    6.80235976 
energy          : -3152.27475110  -3152.27006238  -3152.25822599  -3152.24661447  -3152.24179686  -3152.24482959  -3152.25434972  -3152.27026036  -3152.28611045  -3152.28963946 
max(|Fr_perp|)   :   0.00000000    0.00469492    0.00851735    0.00887409    0.00851716    0.00960852    0.00951423    0.00661650    0.00439200    0.00000000 
Fr_paral         :   0.00000000   -0.01149362   -0.02612658   -0.01903877   -0.00079958    0.01587656    0.03054642    0.03200383    0.00805608    0.00000000 
max(|Fsp_paral|) :   0.00000000    0.00336519    0.00196722    0.00129486    0.00408833    0.00093966    0.00218617    0.00346744    0.00571015    0.00000000 
max(|Fsp_perp|)  :   0.00000000    0.00000000    0.00000000    0.00000000    0.00000000    0.00000000    0.00000000    0.00000000    0.00000000    0.00000000 
max(|FNEB|)      :   0.00000000    0.00803390    0.00967636    0.00885857    0.00853821    0.00957030    0.00943139    0.00844634    0.00818391    0.00000000 
max(|Force|)     :   0.00588822    0.00788215    0.02006184    0.01686604    0.00849611    0.01055387    0.01899489    0.01878541    0.00608889    0.00513593 
ksp              :   0.02280519    0.05513107    0.08684282    0.10000000    0.10000000    0.09171743    0.06571738    0.02226449    0.01000000 
max(|step|)      :   0.00000000    0.07825284    0.09413723    0.07677914    0.06375199    0.07726009    0.08055720    0.09258969    0.10000000    0.02469042 
angle (deg.)     :    31.6591  31.6179  6.9667  11.6464  6.1496  6.9905  44.8821  21.3362 
>
iteration       : 12
climbing        : yes
zoom on         : no
nim             : 10
barrier         :   0.03157456 (image:  4) 
distance        :   0.00000000    1.51619138    2.24823521    2.73290160    3.17203243    3.52108474    3.91216128    4.37974675    5.55602148    6.94541673 
energy          : -3152.27475110  -3152.27012202  -3152.25884727  -3152.24765551  -3152.24317654  -3152.24585892  -3152.25483494  -3152.26981484  -3152.28545325  -3152.28963946 
max(|Fr_perp|)   :   0.00000000    0.00733666    0.00793047    0.00869102    0.00839679    0.00878379    0.00876259    0.00618734    0.01327058    0.00000000 
Fr_paral         :   0.00000000   -0.01100629   -0.02596835   -0.01896580   -0.00050854    0.01533915    0.03016371    0.03278960    0.00898389    0.00000000 
max(|Fsp_paral|) :   0.00000000    0.00253562    0.00093256    0.00089365    0.00507084    0.00068393    0.00267448    0.00153115    0.00660345    0.00000000 
max(|Fsp_perp|)  :   0.00000000    0.00000000    0.00000000    0.00000000    0.00000000    0.00000000    0.00000000    0.00000000    0.00000000    0.00000000 
max(|FNEB|)      :   0.00000000    0.00720386    0.00841956    0.00874771    0.00850907    0.00892953    0.00876102    0.00727078    0.01060633    0.00000000 
max(|Force|)     :   0.00588822    0.01051016    0.01869483    0.01602005    0.00847986    0.00993564    0.01839408    0.02090871    0.01506576    0.00513593 
ksp              :   0.02319848    0.05533560    0.08723490    0.10000000    0.10000000    0.09235741    0.06676888    0.02407817    0.01000000 
max(|step|)      :   0.00000000    0.02348560    0.02744896    0.02851877    0.02774079    0.02911153    0.02856218    0.02370379    0.03457813    0.00000000 
angle (deg.)     :    32.7113  32.1045  6.7986  11.5382  6.0863  6.8941  44.7726  23.1466 
>
iteration       : 13
climbing        : yes
zoom on         : no
nim             : 10
barrier         :   0.03120423 (image:  4) 
distance        :   0.00000000    1.54290930    2.27797328    2.76430241    3.19768181    3.54764599    3.91759037    4.39492627    5.55466122    6.99951710 
energy          : -3152.27475110  -3152.27028710  -3152.25918656  -3152.24788952  -3152.24354687  -3152.24627145  -3152.25475868  -3152.27006069  -3152.28568402  -3152.28963946 
max(|Fr_perp|)   :   0.00000000    0.00474343    0.00762508    0.00876044    0.00829993    0.00939752    0.00921500    0.00602205    0.00431137    0.00000000 
Fr_paral         :   0.00000000   -0.01034981   -0.02565970   -0.01880819   -0.00041931    0.01547512    0.02981842    0.03217576    0.00820446    0.00000000 
max(|Fsp_paral|) :   0.00000000    0.00241279    0.00117867    0.00044551    0.00480703    0.00053118    0.00100938    0.00268014    0.00598724    0.00000000 
max(|Fsp_perp|)  :   0.00000000    0.00000000    0.00000000    0.00000000    0.00000000    0.00000000    0.00000000    0.00000000    0.00000000    0.00000000 
max(|FNEB|)      :   0.00000000    0.00681151    0.00821017    0.00883654    0.00828747    0.00942237    0.00923241    0.00763001    0.00796668    0.00000000 
max(|Force|)     :   0.00588822    0.00629086    0.01897176    0.01661371    0.00831238    0.01006471    0.01853575    0.01858474    0.00561553    0.00513593 
ksp              :   0.02287520    0.05489163    0.08747482    0.10000000    0.10000000    0.09214169    0.06766264    0.02352821    0.01000000 
max(|step|)      :   0.00000000    0.02281977    0.02640961    0.02337562    0.02041432    0.02167276    0.02593580    0.02581435    0.03110527    0.00409313 
angle (deg.)     :    33.4912  32.5774  6.7953  11.3096  5.8435  6.9290  44.5981  24.6220 
>
iteration       : 14
climbing        : yes
zoom on         : no
nim             : 10
barrier         :   0.03071142 (image:  4) 
distance        :   0.00000000    1.56887224    2.30789932    2.79363948    3.22271515    3.57066287    3.92751372    4.40605032    5.55364625    7.05058315 
energy          : -3152.27475110  -3152.27035809  -3152.25948216  -3152.24835871  -3152.24403969  -3152.24678549  -3152.25491674  -3152.27009901  -3152.28553398  -3152.28963946 
max(|Fr_perp|)   :   0.00000000    0.00512718    0.00736172    0.00689785    0.00647407    0.00630987    0.00594781    0.00585698    0.00528815    0.00000000 
Fr_paral         :   0.00000000   -0.00969680   -0.02518929   -0.01875985   -0.00041635    0.01557733    0.02939542    0.03192722    0.00724888    0.00000000 
max(|Fsp_paral|) :   0.00000000    0.00219362    0.00105838    0.00027429    0.00476552    0.00118140    0.00012239    0.00295268    0.00577441    0.00000000 
max(|Fsp_perp|)  :   0.00000000    0.00000000    0.00000000    0.00000000    0.00000000    0.00000000    0.00000000    0.00000000    0.00000000    0.00000000 
max(|FNEB|)      :   0.00000000    0.00632177    0.00787718    0.00709796    0.00656617    0.00711045    0.00615172    0.00759433    0.00810089    0.00000000 
max(|Force|)     :   0.00588822    0.00587419    0.01882356    0.01658029    0.00654661    0.01028039    0.01877472    0.01881706    0.00543647    0.00513593 
ksp              :   0.02287376    0.05474573    0.08734307    0.10000000    0.10000000    0.09195340    0.06812472    0.02363299    0.01000000 
max(|step|)      :   0.00000000    0.07628223    0.08938278    0.07999416    0.06838127    0.07375527    0.08376060    0.08655174    0.10000000    0.00982759 
angle (deg.)     :    35.7565  34.5581  7.4329  10.8994  5.6217  7.6678  44.5729  28.7247 
>
iteration       : 15
climbing        : yes
zoom on         : no
nim             : 10
barrier         :   0.02929785 (image:  4) 
distance        :   0.00000000    1.65450950    2.40844774    2.89250943    3.30864249    3.64484248    3.97010062    4.44301353    5.55547490    7.22166982 
energy          : -3152.27475110  -3152.27049999  -3152.26040536  -3152.24950327  -3152.24545325  -3152.24812764  -3152.25531851  -3152.27007080  -3152.28465742  -3152.28963946 
max(|Fr_perp|)   :   0.00000000    0.00563679    0.00663061    0.00661848    0.00619826    0.00577833    0.00636281    0.00604470    0.01611137    0.00000000 
Fr_paral         :   0.00000000   -0.00776606   -0.02406088   -0.01835669   -0.00022443    0.01546281    0.02820566    0.03121233    0.00464402    0.00000000 
max(|Fsp_paral|) :   0.00000000    0.00126828    0.00088089    0.00045298    0.00489242    0.00233370    0.00184630    0.00319596    0.00529043    0.00000000 
max(|Fsp_perp|)  :   0.00000000    0.00000000    0.00000000    0.00000000    0.00000000    0.00000000    0.00000000    0.00000000    0.00000000    0.00000000 
max(|FNEB|)      :   0.00000000    0.00649932    0.00702797    0.00674241    0.00624268    0.00723302    0.00656224    0.00695604    0.01902422    0.00000000 
max(|Force|)     :   0.00588822    0.00508874    0.01788369    0.01629155    0.00615321    0.01059959    0.01905054    0.01908193    0.01501020    0.00513593 
ksp              :   0.02306692    0.05407241    0.08756069    0.10000000    0.10000000    0.09178215    0.06970647    0.02437783    0.01000000 
max(|step|)      :   0.00000000    0.02726889    0.02948692    0.02828881    0.02619212    0.03034724    0.02753290    0.02918513    0.07981904    0.00000000 
angle (deg.)     :    35.4517  35.9020  7.5534  11.1008  5.6839  6.5358  46.0956  27.3937 
>
iteration       : 16
climbing        : yes
zoom on         : no
nim             : 10
barrier         :   0.02888701 (image:  4) 
distance        :   0.00000000    1.66827431    2.43198532    2.90719922    3.32439830    3.64142227    3.99285433    4.42724787    5.53413996    7.23259704 
energy          : -3152.27475110  -3152.27076172  -3152.26069889  -3152.24992575  -3152.24586409  -3152.24829401  -3152.25609711  -3152.26979585  -3152.28510022  -3152.28963946 
max(|Fr_perp|)   :   0.00000000    0.00461635    0.00678074    0.00712401    0.00766491    0.00787283    0.00729459    0.00541732    0.00809404    0.00000000 
Fr_paral         :   0.00000000   -0.00865433   -0.02447580   -0.01882850   -0.00017810    0.01511573    0.02923105    0.03227041    0.00873640    0.00000000 
max(|Fsp_paral|) :   0.00000000    0.00179849    0.00023723    0.00012205    0.00593689    0.00046915    0.00167787    0.00078704    0.00582791    0.00000000 
max(|Fsp_perp|)  :   0.00000000    0.00000000    0.00000000    0.00000000    0.00000000    0.00000000    0.00000000    0.00000000    0.00000000    0.00000000 
max(|FNEB|)      :   0.00000000    0.00566145    0.00689718    0.00711395    0.00766610    0.00787656    0.00729752    0.00589836    0.00722294    0.00000000 
max(|Force|)     :   0.00588822    0.00711899    0.01729184    0.01540165    0.00766372    0.00926809    0.01760798    0.01908428    0.01003947    0.00513593 
ksp              :   0.02242928    0.05378089    0.08734553    0.10000000    0.10000000    0.09242937    0.06811813    0.02543852    0.01000000 
max(|step|)      :   0.00000000    0.02047883    0.02720112    0.02538403    0.02447224    0.02733280    0.02466143    0.02792020    0.03289608    0.00746600 
angle (deg.)     :    35.7045  36.8650  7.8385  11.0573  5.7647  6.0973  46.6975  27.9726 
>
iteration       : 17
climbing        : yes
zoom on         : no
nim             : 10
barrier         :   0.02834384 (image:  4) 
distance        :   0.00000000    1.68647458    2.45710256    2.92940345    3.34616461    3.65459773    4.01058593    4.43085154    5.52625980    7.26953417 
energy          : -3152.27475110  -3152.27085310  -3152.26108335  -3152.25044634  -3152.24640726  -3152.24874480  -3152.25655884  -3152.26974444  -3152.28469673  -3152.28963946 
max(|Fr_perp|)   :   0.00000000    0.00553569    0.00657951    0.00631195    0.00606192    0.00572052    0.00550918    0.00535281    0.01409460    0.00000000 
Fr_paral         :   0.00000000   -0.00859497   -0.02407851   -0.01878337   -0.00012138    0.01485564    0.02908655    0.03225031    0.00934986    0.00000000 
max(|Fsp_paral|) :   0.00000000    0.00168899    0.00001199    0.00028938    0.00639148    0.00126172    0.00257989    0.00006191    0.00582392    0.00000000 
max(|Fsp_perp|)  :   0.00000000    0.00000000    0.00000000    0.00000000    0.00000000    0.00000000    0.00000000    0.00000000    0.00000000    0.00000000 
max(|FNEB|)      :   0.00000000    0.00557337    0.00659946    0.00651171    0.00608464    0.00606048    0.00734581    0.00542461    0.01178245    0.00000000 
max(|Force|)     :   0.00588822    0.00792155    0.01604668    0.01499076    0.00603920    0.00915856    0.01780892    0.02033663    0.01607965    0.00513593 
ksp              :   0.02237729    0.05339912    0.08717473    0.10000000    0.10000000    0.09257761    0.06776575    0.02589764    0.01000000 
max(|step|)      :   0.00000000    0.05210994    0.06575039    0.06260758    0.06518616    0.07127742    0.07109499    0.07573299    0.10000000    0.03587354 
angle (deg.)     :    36.6450  38.9591  8.5201  10.9681  6.0740  5.6306  47.7797  30.1980 
>
iteration       : 18
climbing        : yes
zoom on         : no
nim             : 10
barrier         :   0.02729221 (image:  4) 
distance        :   0.00000000    1.73648520    2.52551728    2.99402677    3.40842282    3.70149678    4.05599456    4.45481585    5.52027676    7.38409900 
energy          : -3152.27475110  -3152.27097163  -3152.26187183  -3152.25143135  -3152.24745890  -3152.24963126  -3152.25720419  -3152.26960467  -3152.28377972  -3152.28963946 
max(|Fr_perp|)   :   0.00000000    0.00697943    0.00614563    0.00586601    0.00565353    0.00544987    0.00528810    0.00529255    0.02079335    0.00000000 
Fr_paral         :   0.00000000   -0.00806289   -0.02323786   -0.01884767   -0.00002143    0.01446833    0.02865816    0.03208230    0.00984151    0.00000000 
max(|Fsp_paral|) :   0.00000000    0.00119231    0.00038381    0.00041215    0.00708882    0.00210717    0.00333129    0.00096247    0.00564204    0.00000000 
max(|Fsp_perp|)  :   0.00000000    0.00000000    0.00000000    0.00000000    0.00000000    0.00000000    0.00000000    0.00000000    0.00000000    0.00000000 
max(|FNEB|)      :   0.00000000    0.00639613    0.00600861    0.00608929    0.00565778    0.00595391    0.00761042    0.00487849    0.01885278    0.00000000 
max(|Force|)     :   0.00588822    0.00911257    0.01470252    0.01416767    0.00565050    0.01004081    0.01947278    0.02178678    0.02292752    0.00513593 
ksp              :   0.02247517    0.05247884    0.08690111    0.10000000    0.10000000    0.09284138    0.06786012    0.02698857    0.01000000 
max(|step|)      :   0.00000000    0.03038091    0.02854022    0.02892345    0.02687379    0.02828039    0.03614863    0.02317229    0.08954855    0.00000000 
angle (deg.)     :    37.4298  38.5898  8.8530  10.4589  5.3072  6.7270  45.2273  32.7001 
>
iteration       : 19
climbing        : yes
zoom on         : no
nim             : 10
barrier         :   0.02689906 (image:  4) 
distance        :   0.00000000    1.76151816    2.55790616    3.03769032    3.44687639    3.75573182    4.06572773    4.50319569    5.54638422    7.47901654 
energy          : -3152.27475110  -3152.27132857  -3152.26241356  -3152.25176636  -3152.24785204  -3152.25026552  -3152.25695803  -3152.27046331  -3152.28471688  -3152.28963946 
max(|Fr_perp|)   :   0.00000000    0.00422781    0.00587353    0.00572063    0.00556209    0.00604214    0.00494408    0.00464172    0.00686129    0.00000000 
Fr_paral         :   0.00000000   -0.00653185   -0.02249657   -0.01878617   -0.00004653    0.01530023    0.02803762    0.03114253    0.00643124    0.00000000 
max(|Fsp_paral|) :   0.00000000    0.00153929    0.00047165    0.00045932    0.00608822    0.00146838    0.00115124    0.00286653    0.00340053    0.00000000 
max(|Fsp_perp|)  :   0.00000000    0.00000000    0.00000000    0.00000000    0.00000000    0.00000000    0.00000000    0.00000000    0.00000000    0.00000000 
max(|FNEB|)      :   0.00000000    0.00451958    0.00607615    0.00571313    0.00556962    0.00611446    0.00527074    0.00654730    0.00816808    0.00000000 
max(|Force|)     :   0.00588822    0.00402897    0.01483477    0.01442009    0.00555456    0.00926923    0.01703497    0.01700526    0.00707273    0.00513593 
ksp              :   0.02145126    0.05127946    0.08690330    0.10000000    0.10000000    0.09192489    0.06953279    0.02434629    0.01000000 
max(|step|)      :   0.00000000    0.02226027    0.02876667    0.02788496    0.02624306    0.02458746    0.02535681    0.02562523    0.02366763    0.00506071 
angle (deg.)     :    37.6594  39.0008  9.3013  10.0390  5.2951  7.1959  44.2886  34.0525 
>
iteration       : 20
climbing        : yes
zoom on         : no
nim             : 10
barrier         :   0.02651080 (image:  4) 
distance        :   0.00000000    1.78092936    2.58350838    3.06555650    3.47417074    3.78235023    4.08608124    4.52113531    5.56149802    7.53673908 
energy          : -3152.27475110  -3152.27138058  -3152.26274981  -3152.25214420  -3152.24824030  -3152.25066189  -3152.25716792  -3152.27047045  -3152.28450089  -3152.28963946 
max(|Fr_perp|)   :   0.00000000    0.00434077    0.00554730    0.00544976    0.00534824    0.00567394    0.00482016    0.00432029    0.01275398    0.00000000 
Fr_paral         :   0.00000000   -0.00597666   -0.02164744   -0.01853943   -0.00002805    0.01519633    0.02759157    0.03055984    0.00516582    0.00000000 
max(|Fsp_paral|) :   0.00000000    0.00128668    0.00060148    0.00057681    0.00623494    0.00185390    0.00149137    0.00272245    0.00326948    0.00000000 
max(|Fsp_perp|)  :   0.00000000    0.00000000    0.00000000    0.00000000    0.00000000    0.00000000    0.00000000    0.00000000    0.00000000    0.00000000 
max(|FNEB|)      :   0.00000000    0.00505980    0.00579599    0.00541963    0.00535259    0.00574887    0.00522103    0.00604975    0.01441341    0.00000000 
max(|Force|)     :   0.00588822    0.00404310    0.01428183    0.01434100    0.00534388    0.00951416    0.01750774    0.01724242    0.01126004    0.00513593 
ksp              :   0.02144239    0.05074249    0.08674690    0.10000000    0.10000000    0.09177911    0.06969215    0.02453213    0.01000000 
max(|step|)      :   0.00000000    0.03039390    0.03900613    0.03664179    0.03391323    0.03694037    0.03744961    0.04129790    0.04409974    0.00781761 
angle (deg.)     :    37.7739  39.7568  10.0530  9.7049  5.4065  7.8658  43.6523  35.3596 
>
iteration       : 21
climbing        : yes
zoom on         : no
nim             : 10
barrier         :   0.02609014 (image:  4) 
distance        :   0.00000000    1.80736203    2.61924269    3.10154806    3.51028728    3.81346910    4.11641048    4.53927621    5.57825456    7.60849840 
energy          : -3152.27475110  -3152.27150879  -3152.26314308  -3152.25257897  -3152.24866097  -3152.25100320  -3152.25745446  -3152.27036127  -3152.28453813  -3152.28963946 
max(|Fr_perp|)   :   0.00000000    0.00572874    0.00641023    0.00632426    0.00726111    0.00798444    0.00694886    0.00563696    0.01332381    0.00000000 
Fr_paral         :   0.00000000   -0.00570901   -0.02100473   -0.01851807   -0.00002694    0.01490084    0.02744100    0.03039658    0.00518126    0.00000000 
max(|Fsp_paral|) :   0.00000000    0.00119622    0.00059388    0.00051360    0.00666131    0.00158608    0.00099781    0.00188685    0.00336493    0.00000000 
max(|Fsp_perp|)  :   0.00000000    0.00000000    0.00000000    0.00000000    0.00000000    0.00000000    0.00000000    0.00000000    0.00000000    0.00000000 
max(|FNEB|)      :   0.00000000    0.00637953    0.00631416    0.00631853    0.00726100    0.00798151    0.00696753    0.00541320    0.01501210    0.00000000 
max(|Force|)     :   0.00588822    0.00450062    0.01366658    0.01415122    0.00726122    0.00961080    0.01773890    0.01741794    0.01181302    0.00513593 
ksp              :   0.02118462    0.05004281    0.08648452    0.10000000    0.10000000    0.09192029    0.06966614    0.02514308    0.01000000 
max(|step|)      :   0.00000000    0.06274961    0.07957295    0.07436856    0.07272683    0.07834050    0.08054380    0.08785820    0.10000000    0.02710475 
angle (deg.)     :    38.0360  41.3237  11.6566  9.0297  5.8861  9.2515  42.8011  38.0603 
>
iteration       : 22
climbing        : yes
zoom on         : no
nim             : 10
barrier         :   0.02524279 (image:  4) 
distance        :   0.00000000    1.86492678    2.69730430    3.17995586    3.58956617    3.88358331    4.18313728    4.58439231    5.61970544    7.76784817 
energy          : -3152.27475110  -3152.27178490  -3152.26390422  -3152.25345849  -3152.24950832  -3152.25170971  -3152.25803654  -3152.27022592  -3152.28466025  -3152.28963946 
max(|Fr_perp|)   :   0.00000000    0.00650334    0.00791961    0.00832351    0.00955365    0.01044828    0.00856218    0.00701316    0.01207395    0.00000000 
Fr_paral         :   0.00000000   -0.00526254   -0.01974903   -0.01842164   -0.00002451    0.01441925    0.02722358    0.03009892    0.00540666    0.00000000 
max(|Fsp_paral|) :   0.00000000    0.00111060    0.00051098    0.00031759    0.00747182    0.00117781    0.00020116    0.00048737    0.00335393    0.00000000 
max(|Fsp_perp|)  :   0.00000000    0.00000000    0.00000000    0.00000000    0.00000000    0.00000000    0.00000000    0.00000000    0.00000000    0.00000000 
max(|FNEB|)      :   0.00000000    0.00712916    0.00790087    0.00842978    0.00968581    0.01059247    0.00868352    0.00702401    0.01379055    0.00000000 
max(|Force|)     :   0.00588822    0.00516083    0.01208993    0.01335802    0.00968603    0.01061031    0.01757395    0.01729014    0.01058640    0.00513593 
ksp              :   0.02057980    0.04868235    0.08592401    0.10000000    0.10000000    0.09215904    0.06960684    0.02614185    0.01000000 
max(|step|)      :   0.00000000    0.01106453    0.01226222    0.01308310    0.01503246    0.01643961    0.01347690    0.01090133    0.02140306    0.00000000 
angle (deg.)     :    37.9149  41.5139  11.4454  9.0081  5.4452  8.3005  43.6740  37.8341 
>
iteration       : 23
climbing        : yes
zoom on         : no
nim             : 10
barrier         :   0.02497559 (image:  4) 
distance        :   0.00000000    1.86866271    2.70212707    3.18169783    3.59131776    3.88221764    4.18316390    4.58128992    5.61321591    7.76866487 
energy          : -3152.27475110  -3152.27190341  -3152.26411532  -3152.25375866  -3152.24977551  -3152.25199314  -3152.25835686  -3152.27040747  -3152.28494857  -3152.28963946 
max(|Fr_perp|)   :   0.00000000    0.00295479    0.00473553    0.00460418    0.00457745    0.00427465    0.00437440    0.00361715    0.00462583    0.00000000 
Fr_paral         :   0.00000000   -0.00547565   -0.02022441   -0.01902006   -0.00002906    0.01500405    0.02767018    0.03043715    0.00677324    0.00000000 
max(|Fsp_paral|) :   0.00000000    0.00125528    0.00042736    0.00006878    0.00752315    0.00090189    0.00011721    0.00058846    0.00297293    0.00000000 
max(|Fsp_perp|)  :   0.00000000    0.00000000    0.00000000    0.00000000    0.00000000    0.00000000    0.00000000    0.00000000    0.00000000    0.00000000 
max(|FNEB|)      :   0.00000000    0.00380715    0.00490281    0.00466950    0.00458107    0.00419484    0.00433538    0.00403069    0.00598409    0.00000000 
max(|Force|)     :   0.00588822    0.00351810    0.01198600    0.01312328    0.00457383    0.00909253    0.01684365    0.01682272    0.00432831    0.00513593 
ksp              :   0.02026171    0.04832623    0.08564665    0.10000000    0.10000000    0.09200876    0.06907695    0.02565235    0.01000000 
max(|step|)      :   0.00000000    0.00579420    0.00746217    0.00705135    0.00689784    0.00661751    0.00643215    0.00649033    0.01213016    0.00093418 
angle (deg.)     :    37.8586  41.7025  11.3411  8.8363  5.2987  7.7664  44.2350  37.8276 
>
iteration       : 24
climbing        : yes
zoom on         : no
nim             : 10
barrier         :   0.02486984 (image:  4) 
distance        :   0.00000000    1.87319080    2.70815746    3.18654226    3.59606707    3.88439850    4.18679641    4.58333487    5.61334608    7.77739212 
energy          : -3152.27475110  -3152.27195370  -3152.26419950  -3152.25387272  -3152.24988127  -3152.25207011  -3152.25845264  -3152.27047884  -3152.28501069  -3152.28963946 
max(|Fr_perp|)   :   0.00000000    0.00260931    0.00470800    0.00456359    0.00453059    0.00423558    0.00424988    0.00360308    0.00383537    0.00000000 
Fr_paral         :   0.00000000   -0.00557572   -0.02024783   -0.01905884   -0.00003348    0.01495787    0.02772299    0.03058356    0.00733915    0.00000000 
max(|Fsp_paral|) :   0.00000000    0.00131993    0.00037415    0.00001471    0.00761611    0.00063001    0.00030323    0.00064921    0.00278358    0.00000000 
max(|Fsp_perp|)  :   0.00000000    0.00000000    0.00000000    0.00000000    0.00000000    0.00000000    0.00000000    0.00000000    0.00000000    0.00000000 
max(|FNEB|)      :   0.00000000    0.00392979    0.00485446    0.00464392    0.00453469    0.00411510    0.00417263    0.00405281    0.00459250    0.00000000 
max(|Force|)     :   0.00588822    0.00346889    0.01198976    0.01282540    0.00452648    0.00876104    0.01639982    0.01654450    0.00438328    0.00513593 
ksp              :   0.02012335    0.04818457    0.08555557    0.10000000    0.10000000    0.09207893    0.06898155    0.02546065    0.01000000 
max(|step|)      :   0.00000000    0.04588192    0.05447194    0.04927989    0.05325411    0.05538093    0.05127378    0.05798041    0.07978978    0.03017789 
angle (deg.)     :    37.7621  42.8413  10.8663  7.9074  5.1760  6.3888  47.4130  38.8384 
>
iteration       : 25
climbing        : yes
zoom on         : no
nim             : 10
barrier         :   0.02435462 (image:  4) 
distance        :   0.00000000    1.91334121    2.75954196    3.23257233    3.64019443    3.91330317    4.22050613    4.60915608    5.63173391    7.86853067 
energy          : -3152.27475110  -3152.27204302  -3152.26456125  -3152.25438076  -3152.25039649  -3152.25235830  -3152.25869331  -3152.27050787  -3152.28475048  -3152.28963946 
max(|Fr_perp|)   :   0.00000000    0.00501238    0.00443588    0.00425627    0.00415066    0.00399974    0.00377839    0.00434472    0.01201687    0.00000000 
Fr_paral         :   0.00000000   -0.00573971   -0.02022026   -0.01931999   -0.00005125    0.01439831    0.02770239    0.03085623    0.00892242    0.00000000 
max(|Fsp_paral|) :   0.00000000    0.00106966    0.00000665    0.00025263    0.00804652    0.00070624    0.00092224    0.00040891    0.00241852    0.00000000 
max(|Fsp_perp|)  :   0.00000000    0.00000000    0.00000000    0.00000000    0.00000000    0.00000000    0.00000000    0.00000000    0.00000000    0.00000000 
max(|FNEB|)      :   0.00000000    0.00453360    0.00444479    0.00437020    0.00415613    0.00414226    0.00406159    0.00432489    0.01107622    0.00000000 
max(|Force|)     :   0.00588822    0.00637609    0.01235732    0.01381798    0.00414518    0.00974485    0.01909630    0.02084225    0.01419195    0.00513593 
ksp              :   0.02000743    0.04765558    0.08527654    0.10000000    0.10000000    0.09275031    0.06933994    0.02568043    0.01000000 
max(|step|)      :   0.00000000    0.06002525    0.07140066    0.06532549    0.06694691    0.06863899    0.06739227    0.07176139    0.10000000    0.03389457 
angle (deg.)     :    37.9412  43.9235  11.7605  7.1832  6.5955  7.4526  49.5344  40.8895 
>
iteration       : 26
climbing        : yes
zoom on         : no
nim             : 10
barrier         :   0.02397255 (image:  4) 
distance        :   0.00000000    1.96944727    2.83375004    3.30702259    3.71279028    3.97552126    4.28032346    4.66831618    5.68364933    8.02337253 
energy          : -3152.27475110  -3152.27219676  -3152.26498466  -3152.25475082  -3152.25077855  -3152.25254999  -3152.25872927  -3152.27052293  -3152.28460929  -3152.28963946 
max(|Fr_perp|)   :   0.00000000    0.00781273    0.00463270    0.01361213    0.01162306    0.01065856    0.00713947    0.00608899    0.01622068    0.00000000 
Fr_paral         :   0.00000000   -0.00533666   -0.01985485   -0.01887950   -0.00011685    0.01347558    0.02720499    0.03077231    0.00898819    0.00000000 
max(|Fsp_paral|) :   0.00000000    0.00091272    0.00003272    0.00017894    0.00832562    0.00124428    0.00072691    0.00056501    0.00183158    0.00000000 
max(|Fsp_perp|)  :   0.00000000    0.00000000    0.00000000    0.00000000    0.00000000    0.00000000    0.00000000    0.00000000    0.00000000    0.00000000 
max(|FNEB|)      :   0.00000000    0.00748825    0.00470421    0.01386299    0.01182840    0.01058466    0.00742944    0.00617614    0.01563393    0.00000000 
max(|Force|)     :   0.00588822    0.00905539    0.01153778    0.01718410    0.01186501    0.01380247    0.02317577    0.02344540    0.01845389    0.00513593 
ksp              :   0.01959847    0.04666650    0.08509664    0.10000000    0.10000000    0.09335483    0.07015225    0.02589007    0.01000000 
max(|step|)      :   0.00000000    0.01368054    0.00859428    0.02532678    0.02160971    0.01933748    0.01357310    0.01128341    0.02856217    0.00000000 
angle (deg.)     :    38.0292  43.6539  11.1181  6.8630  5.3598  6.0245  47.8776  41.3530 
>
iteration       : 27
climbing        : yes
zoom on         : no
nim             : 10
barrier         :   0.02376505 (image:  4) 
distance        :   0.00000000    1.97588288    2.84313725    3.31720453    3.72234124    3.98875670    4.28650619    4.67552058    5.69157596    8.04370336 
energy          : -3152.27475110  -3152.27241370  -3152.26519599  -3152.25499507  -3152.25098605  -3152.25284142  -3152.25897882  -3152.27083804  -3152.28515214  -3152.28963946 
max(|Fr_perp|)   :   0.00000000    0.00275375    0.00395079    0.00928843    0.00955148    0.00969107    0.00549104    0.00422825    0.00729920    0.00000000 
Fr_paral         :   0.00000000   -0.00505186   -0.01954665   -0.01961282   -0.00012984    0.01433244    0.02760436    0.03051392    0.00836315    0.00000000 
max(|Fsp_paral|) :   0.00000000    0.00147520    0.00008390    0.00018263    0.00827811    0.00061723    0.00033422    0.00113382    0.00107264    0.00000000 
max(|Fsp_perp|)  :   0.00000000    0.00000000    0.00000000    0.00000000    0.00000000    0.00000000    0.00000000    0.00000000    0.00000000    0.00000000 
max(|FNEB|)      :   0.00000000    0.00382926    0.00397958    0.00928879    0.00957305    0.00982545    0.00541203    0.00419128    0.00686949    0.00000000 
max(|Force|)     :   0.00588822    0.00391702    0.01218910    0.01683844    0.00952991    0.01187113    0.01834547    0.02021502    0.00945949    0.00513593 
ksp              :   0.01885193    0.04618593    0.08481757    0.10000000    0.10000000    0.09297357    0.06973081    0.02481908    0.01000000 
max(|step|)      :   0.00000000    0.00710863    0.00778579    0.00744461    0.00705007    0.00733323    0.00587892    0.00618297    0.01748402    0.00159523 
angle (deg.)     :    38.0655  43.5722  11.5466  6.6449  5.0977  5.6571  46.6116  41.8782 
>
iteration       : 28
climbing        : yes
zoom on         : no
nim             : 10
barrier         :   0.02360842 (image:  4) 
distance        :   0.00000000    1.98298992    2.85174092    3.32782771    3.73309785    4.00229662    4.29623382    4.68481599    5.70354357    8.06635518 
energy          : -3152.27475110  -3152.27248471  -3152.26529741  -3152.25516891  -3152.25114268  -3152.25304728  -3152.25909617  -3152.27090789  -3152.28532231  -3152.28963946 
max(|Fr_perp|)   :   0.00000000    0.00243096    0.00384111    0.00464088    0.00435126    0.00435541    0.00360872    0.00286361    0.00366819    0.00000000 
Fr_paral         :   0.00000000   -0.00480452   -0.01922112   -0.01935124   -0.00016276    0.01441427    0.02746559    0.03050543    0.00759886    0.00000000 
max(|Fsp_paral|) :   0.00000000    0.00159520    0.00016329    0.00013741    0.00830679    0.00020716    0.00011216    0.00115663    0.00093699    0.00000000 
max(|Fsp_perp|)  :   0.00000000    0.00000000    0.00000000    0.00000000    0.00000000    0.00000000    0.00000000    0.00000000    0.00000000    0.00000000 
max(|FNEB|)      :   0.00000000    0.00382835    0.00389447    0.00462784    0.00437880    0.00438309    0.00358429    0.00301175    0.00383836    0.00000000 
max(|Force|)     :   0.00588822    0.00302343    0.01117973    0.01397528    0.00432371    0.00881077    0.01738716    0.01865966    0.00409162    0.00513593 
ksp              :   0.01863993    0.04603935    0.08465123    0.10000000    0.10000000    0.09273928    0.06967971    0.02465108    0.01000000 
max(|step|)      :   0.00000000    0.02192747    0.02329688    0.02146293    0.01936651    0.01885299    0.01639570    0.01630306    0.02079111    0.00162539 
angle (deg.)     :    38.0125  43.7839  12.4476  6.3457  4.5512  7.1819  44.5316  43.2155 
>
iteration       : 29
climbing        : yes
zoom on         : no
nim             : 10
barrier         :   0.02345364 (image:  4) 
distance        :   0.00000000    2.00387051    2.87421154    3.35387220    3.75930322    4.03200884    4.32058351    4.70373418    5.73257611    8.12165416 
energy          : -3152.27475110  -3152.27253264  -3152.26544488  -3152.25533470  -3152.25129747  -3152.25326437  -3152.25921423  -3152.27075707  -3152.28540041  -3152.28963946 
max(|Fr_perp|)   :   0.00000000    0.00237511    0.00360631    0.00341409    0.00319405    0.00313658    0.00308847    0.00293121    0.00498067    0.00000000 
Fr_paral         :   0.00000000   -0.00440203   -0.01858709   -0.01897607   -0.00016367    0.01451822    0.02706156    0.03011978    0.00618586    0.00000000 
max(|Fsp_paral|) :   0.00000000    0.00141285    0.00039596    0.00000505    0.00839746    0.00037690    0.00000264    0.00035721    0.00136458    0.00000000 
max(|Fsp_perp|)  :   0.00000000    0.00000000    0.00000000    0.00000000    0.00000000    0.00000000    0.00000000    0.00000000    0.00000000    0.00000000 
max(|FNEB|)      :   0.00000000    0.00347253    0.00372939    0.00346835    0.00320669    0.00312070    0.00308555    0.00289066    0.00559158    0.00000000 
max(|Force|)     :   0.00588822    0.00302817    0.00956716    0.01091917    0.00318141    0.00851901    0.01622198    0.01715997    0.00411703    0.00513593 
ksp              :   0.01851306    0.04571130    0.08450769    0.10000000    0.10000000    0.09245229    0.06962055    0.02532656    0.01000000 
max(|step|)      :   0.00000000    0.02874729    0.03043105    0.02766560    0.02509950    0.02404687    0.02130665    0.02146302    0.03137613    0.00253018 
angle (deg.)     :    37.9170  44.2026  13.5513  6.5744  6.1962  8.4171  43.1654  44.5296 
>
iteration       : 30
climbing        : yes
zoom on         : no
nim             : 10
barrier         :   0.02334887 (image:  4) 
distance        :   0.00000000    2.03089789    2.90320443    3.38448190    3.79066164    4.06499566    4.35040203    4.72768616    5.76454751    8.18660248 
energy          : -3152.27475110  -3152.27259189  -3152.26558036  -3152.25546621  -3152.25140223  -3152.25339433  -3152.25929674  -3152.27059712  -3152.28548545  -3152.28963946 
max(|Fr_perp|)   :   0.00000000    0.00287908    0.00343345    0.00448966    0.00558841    0.00553471    0.00327575    0.00521776    0.00730605    0.00000000 
Fr_paral         :   0.00000000   -0.00419244   -0.01836556   -0.01873038   -0.00015653    0.01439735    0.02688562    0.03006558    0.00554696    0.00000000 
max(|Fsp_paral|) :   0.00000000    0.00123377    0.00052919    0.00001855    0.00851310    0.00070991    0.00006512    0.00041311    0.00173565    0.00000000 
max(|Fsp_perp|)  :   0.00000000    0.00000000    0.00000000    0.00000000    0.00000000    0.00000000    0.00000000    0.00000000    0.00000000    0.00000000 
max(|FNEB|)      :   0.00000000    0.00344509    0.00359354    0.00443623    0.00557852    0.00554816    0.00314806    0.00528092    0.00808458    0.00000000 
max(|Force|)     :   0.00588822    0.00298098    0.00959090    0.01077500    0.00559829    0.00900755    0.01563800    0.01596582    0.00571758    0.00513593 
ksp              :   0.01832286    0.04534932    0.08433507    0.10000000    0.10000000    0.09232131    0.06957003    0.02601183    0.01000000 
max(|step|)      :   0.00000000    0.07852605    0.08135573    0.07202482    0.06423191    0.05983972    0.06286573    0.06271672    0.10000000    0.02527225 
angle (deg.)     :    37.8487  45.5752  15.6416  6.9732  7.1860  13.2028  40.8342  47.7711 
>
iteration       : 31
climbing        : yes
zoom on         : no
nim             : 10
barrier         :   0.02312930 (image:  4) 
distance        :   0.00000000    2.10760894    2.98676376    3.47015775    3.87842582    4.15491949    4.43448062    4.80084947    5.85510274    8.37024904 
energy          : -3152.27475110  -3152.27279469  -3152.26590673  -3152.25574535  -3152.25162180  -3152.25362947  -3152.25942294  -3152.27028761  -3152.28581593  -3152.28963946 
max(|Fr_perp|)   :   0.00000000    0.00385729    0.00331889    0.00808902    0.00962372    0.00967131    0.00543796    0.00818111    0.00889940    0.00000000 
Fr_paral         :   0.00000000   -0.00388977   -0.01779581   -0.01827123   -0.00011506    0.01413140    0.02626401    0.02948681    0.00487626    0.00000000 
max(|Fsp_paral|) :   0.00000000    0.00100410    0.00075995    0.00015874    0.00878983    0.00127359    0.00016740    0.00189331    0.00236686    0.00000000 
max(|Fsp_perp|)  :   0.00000000    0.00000000    0.00000000    0.00000000    0.00000000    0.00000000    0.00000000    0.00000000    0.00000000    0.00000000 
max(|FNEB|)      :   0.00000000    0.00434058    0.00367164    0.00815567    0.00977647    0.00988456    0.00548153    0.00859377    0.01000262    0.00000000 
max(|Force|)     :   0.00588822    0.00341534    0.00867042    0.01096831    0.00979361    0.00913707    0.01628931    0.01695891    0.00762449    0.00513593 
ksp              :   0.01761674    0.04441123    0.08395897    0.10000000    0.10000000    0.09218870    0.06964205    0.02739590    0.01000000 
max(|step|)      :   0.00000000    0.00811206    0.00686189    0.01524203    0.01827112    0.01847314    0.01024436    0.01606080    0.01869379    0.00000000 
angle (deg.)     :    37.9390  45.7333  13.8215  6.4432  4.6652  10.4016  42.5210  47.4686 
>
iteration       : 32
climbing        : yes
zoom on         : no
nim             : 10
barrier         :   0.02298485 (image:  4) 
distance        :   0.00000000    2.11207799    2.99199770    3.47019090    3.87695726    4.14897338    4.42943515    4.80016615    5.84420675    8.36552714 
energy          : -3152.27475110  -3152.27288841  -3152.26599256  -3152.25590088  -3152.25176625  -3152.25375258  -3152.25963063  -3152.27071425  -3152.28596611  -3152.28963946 
max(|Fr_perp|)   :   0.00000000    0.00234014    0.00298771    0.00876287    0.00944563    0.00889354    0.00375277    0.00612531    0.00335762    0.00000000 
Fr_paral         :   0.00000000   -0.00408184   -0.01802595   -0.01936124   -0.00010838    0.01493385    0.02695097    0.02941954    0.00604958    0.00000000 
max(|Fsp_paral|) :   0.00000000    0.00128269    0.00057216    0.00037899    0.00872659    0.00087784    0.00013239    0.00073214    0.00110458    0.00000000 
max(|Fsp_perp|)  :   0.00000000    0.00000000    0.00000000    0.00000000    0.00000000    0.00000000    0.00000000    0.00000000    0.00000000    0.00000000 
max(|FNEB|)      :   0.00000000    0.00331348    0.00308693    0.00884005    0.00946495    0.00863545    0.00371584    0.00597552    0.00381098    0.00000000 
max(|Force|)     :   0.00588822    0.00272952    0.00845900    0.01382754    0.00942631    0.01134653    0.01550265    0.01593700    0.00370742    0.00513593 
ksp              :   0.01729359    0.04429516    0.08381036    0.10000000    0.10000000    0.09222231    0.06920607    0.02580678    0.01000000 
max(|step|)      :   0.00000000    0.00544421    0.00502265    0.00629588    0.00612948    0.00717386    0.00723104    0.00658377    0.01020118    0.00138089 
angle (deg.)     :    38.0203  45.8107  13.3659  6.3523  4.4197  8.7377  43.4482  47.3769 
>
iteration       : 33
climbing        : yes
zoom on         : no
nim             : 10
barrier         :   0.02288471 (image:  4) 
distance        :   0.00000000    2.11732932    2.99734240    3.47367290    3.87973670    4.14901263    4.43134263    4.80475252    5.84332353    8.37038449 
energy          : -3152.27475110  -3152.27292665  -3152.26602453  -3152.25598515  -3152.25186640  -3152.25382395  -3152.25971027  -3152.27095920  -3152.28600629  -3152.28963946 
max(|Fr_perp|)   :   0.00000000    0.00226707    0.00294830    0.00505258    0.00511183    0.00482362    0.00271844    0.00283373    0.00310561    0.00000000 
Fr_paral         :   0.00000000   -0.00418873   -0.01834969   -0.01932031   -0.00009712    0.01481517    0.02724651    0.02985712    0.00656548    0.00000000 
max(|Fsp_paral|) :   0.00000000    0.00137723    0.00047539    0.00043084    0.00869822    0.00055719    0.00015010    0.00002969    0.00038609    0.00000000 
max(|Fsp_perp|)  :   0.00000000    0.00000000    0.00000000    0.00000000    0.00000000    0.00000000    0.00000000    0.00000000    0.00000000    0.00000000 
max(|FNEB|)      :   0.00000000    0.00345830    0.00306701    0.00514628    0.00512896    0.00464261    0.00271921    0.00283334    0.00313534    0.00000000 
max(|Force|)     :   0.00588822    0.00269679    0.00906198    0.01305378    0.00509471    0.00779587    0.01483899    0.01575680    0.00366531    0.00513593 
ksp              :   0.01717512    0.04431948    0.08380192    0.10000000    0.10000000    0.09230141    0.06915195    0.02491262    0.01000000 
max(|step|)      :   0.00000000    0.01853676    0.01552510    0.01258976    0.01292538    0.01407980    0.01531928    0.01882889    0.02538107    0.00998475 
angle (deg.)     :    38.3552  46.1389  12.5829  6.2332  3.8024  7.6597  45.2021  47.6941 
>
iteration       : 34
climbing        : yes
zoom on         : no
nim             : 10
barrier         :   0.02280820 (image:  4) 
distance        :   0.00000000    2.13695961    3.01696649    3.49067629    3.89384027    4.15726318    4.44356189    4.82047805    5.85730810    8.40172693 
energy          : -3152.27475110  -3152.27297951  -3152.26602505  -3152.25601042  -3152.25194291  -3152.25381875  -3152.25973797  -3152.27118218  -3152.28608110  -3152.28963946 
max(|Fr_perp|)   :   0.00000000    0.00212195    0.00284526    0.00228187    0.00208210    0.00212621    0.00440337    0.00215624    0.00300968    0.00000000 
Fr_paral         :   0.00000000   -0.00430630   -0.01870958   -0.01916578   -0.00008405    0.01445674    0.02722992    0.03035874    0.00699596    0.00000000 
max(|Fsp_paral|) :   0.00000000    0.00144913    0.00034799    0.00033654    0.00857190    0.00010304    0.00025410    0.00066429    0.00030488    0.00000000 
max(|Fsp_perp|)  :   0.00000000    0.00000000    0.00000000    0.00000000    0.00000000    0.00000000    0.00000000    0.00000000    0.00000000    0.00000000 
max(|FNEB|)      :   0.00000000    0.00357147    0.00292645    0.00235425    0.00208568    0.00217861    0.00447285    0.00209677    0.00299624    0.00000000 
max(|Force|)     :   0.00588822    0.00265544    0.00969570    0.01145290    0.00207853    0.00979859    0.01859865    0.01830287    0.00427907    0.00513593 
ksp              :   0.01699060    0.04443256    0.08394980    0.10000000    0.10000000    0.09259801    0.06924107    0.02408280    0.01000000 
max(|step|)      :   0.00000000    0.02238394    0.01858032    0.01409172    0.01359215    0.01436717    0.01450553    0.01835312    0.02633175    0.00816693 
angle (deg.)     :    38.7575  46.4550  12.0234  6.6507  5.9905  5.8596  46.3539  48.3176 
>
iteration       : 35
climbing        : yes
zoom on         : no
nim             : 10
barrier         :   0.02277869 (image:  4) 
distance        :   0.00000000    2.16100270    3.04048280    3.51257009    3.91286819    4.17279436    4.46109286    4.83903941    5.88059026    8.44435975 
energy          : -3152.27475110  -3152.27303219  -3152.26601322  -3152.25599819  -3152.25197241  -3152.25379179  -3152.25970482  -3152.27125717  -3152.28619772  -3152.28963946 
max(|Fr_perp|)   :   0.00000000    0.00208960    0.00269660    0.00267750    0.00395816    0.00350297    0.00648396    0.00241955    0.00292827    0.00000000 
Fr_paral         :   0.00000000   -0.00430611   -0.01898422   -0.01915866   -0.00008543    0.01418501    0.02726841    0.03066380    0.00695349    0.00000000 
max(|Fsp_paral|) :   0.00000000    0.00147820    0.00028302    0.00019963    0.00842625    0.00045550    0.00031314    0.00085314    0.00054282    0.00000000 
max(|Fsp_perp|)  :   0.00000000    0.00000000    0.00000000    0.00000000    0.00000000    0.00000000    0.00000000    0.00000000    0.00000000    0.00000000 
max(|FNEB|)      :   0.00000000    0.00356912    0.00275769    0.00265790    0.00394362    0.00343704    0.00642396    0.00241408    0.00315800    0.00000000 
max(|Force|)     :   0.00588822    0.00265935    0.01142466    0.01171212    0.00397270    0.01101692    0.01833559    0.01969929    0.00474389    0.00513593 
ksp              :   0.01679151    0.04452390    0.08409390    0.10000000    0.10000000    0.09281153    0.06944879    0.02380474    0.01000000 
max(|step|)      :   0.00000000    0.05617369    0.04643545    0.03545096    0.03191655    0.03355036    0.03351444    0.04125247    0.06122975    0.01714091 
angle (deg.)     :    39.8008  47.2575  11.1926  7.1712  7.5325  7.2591  48.1523  50.0210 
>
iteration       : 36
climbing        : yes
zoom on         : no
nim             : 10
barrier         :   0.02270443 (image:  4) 
distance        :   0.00000000    2.22136710    3.09926721    3.56903728    3.96306898    4.21744007    4.50822570    4.88836998    5.94648312    8.55710753 
energy          : -3152.27475110  -3152.27315877  -3152.26599955  -3152.25597247  -3152.25204667  -3152.25376767  -3152.25964650  -3152.27132198  -3152.28650625  -3152.28963946 
max(|Fr_perp|)   :   0.00000000    0.00225121    0.00280135    0.00458551    0.00668545    0.00586541    0.00781694    0.00545617    0.00260901    0.00000000 
Fr_paral         :   0.00000000   -0.00426483   -0.01928037   -0.01898172   -0.00008189    0.01370608    0.02689967    0.03109293    0.00654369    0.00000000 
max(|Fsp_paral|) :   0.00000000    0.00151308    0.00022644    0.00015657    0.00811801    0.00094567    0.00032148    0.00093431    0.00073458    0.00000000 
max(|Fsp_perp|)  :   0.00000000    0.00000000    0.00000000    0.00000000    0.00000000    0.00000000    0.00000000    0.00000000    0.00000000    0.00000000 
max(|FNEB|)      :   0.00000000    0.00345807    0.00276942    0.00468553    0.00667175    0.00568046    0.00775800    0.00528655    0.00260170    0.00000000 
max(|Force|)     :   0.00588822    0.00274219    0.01250464    0.01142320    0.00669915    0.01243786    0.01993658    0.02167026    0.00395571    0.00513593 
ksp              :   0.01631200    0.04469104    0.08443820    0.10000000    0.10000000    0.09317801    0.06987442    0.02359299    0.01000000 
max(|step|)      :   0.00000000    0.09410751    0.07575018    0.05789970    0.05170179    0.05426692    0.05474777    0.06378323    0.10000000    0.02751810 
angle (deg.)     :    41.6521  48.5910  10.5827  7.5283  10.1546  10.7972  50.0821  52.9696 
>
iteration       : 37
climbing        : yes
zoom on         : no
nim             : 10
barrier         :   0.02259505 (image:  4) 
distance        :   0.00000000    2.32558907    3.19819605    3.66364768    4.05132483    4.30278712    4.59414118    4.97704402    6.06374190    8.75192221 
energy          : -3152.27475110  -3152.27332492  -3152.26601806  -3152.25596639  -3152.25215606  -3152.25383411  -3152.25966406  -3152.27153865  -3152.28695716  -3152.28963946 
max(|Fr_perp|)   :   0.00000000    0.00235992    0.00199980    0.00906980    0.01027510    0.00937472    0.01007194    0.00579455    0.00224670    0.00000000 
Fr_paral         :   0.00000000   -0.00431742   -0.01963935   -0.01860560   -0.00003194    0.01343550    0.02614736    0.03060531    0.00612081    0.00000000 
max(|Fsp_paral|) :   0.00000000    0.00126521    0.00021024    0.00041787    0.00776564    0.00112548    0.00020285    0.00118591    0.00134953    0.00000000 
max(|Fsp_perp|)  :   0.00000000    0.00000000    0.00000000    0.00000000    0.00000000    0.00000000    0.00000000    0.00000000    0.00000000    0.00000000 
max(|FNEB|)      :   0.00000000    0.00300622    0.00201981    0.00948225    0.01054421    0.00941379    0.01039381    0.00467968    0.00282345    0.00000000 
max(|Force|)     :   0.00588822    0.00291369    0.01140527    0.01296745    0.01055543    0.01384078    0.02045432    0.02342081    0.00385665    0.00513593 
ksp              :   0.01568131    0.04477971    0.08482284    0.10000000    0.10000000    0.09332276    0.07011937    0.02279956    0.01000000 
max(|step|)      :   0.00000000    0.00414018    0.00278170    0.01305902    0.01452155    0.01296473    0.01431442    0.00644489    0.00388848    0.00000000 
angle (deg.)     :    41.7398  48.5219  10.1357  6.8612  6.3157  10.5111  48.8615  53.2357 
>
iteration       : 38
climbing        : yes
zoom on         : no
nim             : 10
barrier         :   0.02246693 (image:  4) 
distance        :   0.00000000    2.33076503    3.20173931    3.66539532    4.05372252    4.30776096    4.59628898    4.97563869    6.06610727    8.75563258 
energy          : -3152.27475110  -3152.27334699  -3152.26605779  -3152.25609501  -3152.25228417  -3152.25403009  -3152.25990959  -3152.27158111  -3152.28700421  -3152.28963946 
max(|Fr_perp|)   :   0.00000000    0.00219652    0.00138897    0.00234852    0.00376862    0.00393446    0.00680141    0.00351277    0.00210437    0.00000000 
Fr_paral         :   0.00000000   -0.00429120   -0.01948238   -0.01899030    0.00002836    0.01413265    0.02675205    0.03075859    0.00590879    0.00000000 
max(|Fsp_paral|) :   0.00000000    0.00127110    0.00013038    0.00027177    0.00782894    0.00081721    0.00028933    0.00092445    0.00137296    0.00000000 
max(|Fsp_perp|)  :   0.00000000    0.00000000    0.00000000    0.00000000    0.00000000    0.00000000    0.00000000    0.00000000    0.00000000    0.00000000 
max(|FNEB|)      :   0.00000000    0.00299328    0.00140497    0.00246467    0.00376638    0.00408310    0.00689880    0.00349278    0.00216694    0.00000000 
max(|Force|)     :   0.00588822    0.00292628    0.01014188    0.01345950    0.00377085    0.00992971    0.02141702    0.02134024    0.00312979    0.00513593 
ksp              :   0.01562474    0.04482443    0.08473421    0.10000000    0.10000000    0.09300603    0.06945343    0.02269864    0.01000000 
max(|step|)      :   0.00000000    0.00423719    0.00209673    0.00234770    0.00257931    0.00549373    0.00714776    0.00515840    0.00304480    0.00034319 
angle (deg.)     :    41.8343  48.4699  10.3924  6.6432  5.5752  8.3797  48.0909  53.5056 
>
iteration       : 39
climbing        : yes
zoom on         : no
nim             : 10
barrier         :   0.02243482 (image:  4) 
distance        :   0.00000000    2.33586129    3.20492605    3.66804975    4.05725859    4.31370786    4.60029760    4.97674145    6.07136598    8.76204239 
energy          : -3152.27475110  -3152.27335934  -3152.26607898  -3152.25613970  -3152.25231628  -3152.25411549  -3152.26003916  -3152.27158631  -3152.28704265  -3152.28963946 
max(|Fr_perp|)   :   0.00000000    0.00203570    0.00136630    0.00212204    0.00309769    0.00329395    0.00341382    0.00250926    0.00208431    0.00000000 
Fr_paral         :   0.00000000   -0.00428773   -0.01943911   -0.01896184    0.00003488    0.01438149    0.02723021    0.03066163    0.00573397    0.00000000 
max(|Fsp_paral|) :   0.00000000    0.00121971    0.00014916    0.00017361    0.00788370    0.00055390    0.00036711    0.00065605    0.00132005    0.00000000 
max(|Fsp_perp|)  :   0.00000000    0.00000000    0.00000000    0.00000000    0.00000000    0.00000000    0.00000000    0.00000000    0.00000000    0.00000000 
max(|FNEB|)      :   0.00000000    0.00293561    0.00138393    0.00203584    0.00309179    0.00337609    0.00352189    0.00265345    0.00214996    0.00000000 
max(|Force|)     :   0.00588822    0.00293446    0.01009806    0.01311225    0.00310359    0.00945958    0.01977507    0.02018322    0.00311498    0.00513593 
ksp              :   0.01558321    0.04478926    0.08466189    0.10000000    0.10000000    0.09278224    0.06901872    0.02269594    0.01000000 
max(|step|)      :   0.00000000    0.02145749    0.01094199    0.00927392    0.01125146    0.01596015    0.01804952    0.01849862    0.01467506    0.00037152 
angle (deg.)     :    42.4174  48.3732  11.9119  6.4907  4.5583  8.2023  45.3235  54.7112 
>
iteration       : 40
climbing        : yes
zoom on         : no
nim             : 10
barrier         :   0.02239831 (image:  4) 
distance        :   0.00000000    2.36054630    3.22044415    3.68167590    4.07378777    4.33834750    4.61709752    4.98917266    6.10256078    8.79831312 
energy          : -3152.27475110  -3152.27338013  -3152.26607856  -3152.25621263  -3152.25235279  -3152.25428518  -3152.26011293  -3152.27140274  -3152.28719795  -3152.28963946 
max(|Fr_perp|)   :   0.00000000    0.00172657    0.00126016    0.00317252    0.00322084    0.00340558    0.00367550    0.00510878    0.00197096    0.00000000 
Fr_paral         :   0.00000000   -0.00437805   -0.01929851   -0.01850245    0.00002491    0.01462196    0.02716205    0.03026530    0.00521204    0.00000000 
max(|Fsp_paral|) :   0.00000000    0.00092972    0.00020600    0.00014956    0.00799384    0.00046990    0.00006587    0.00029123    0.00053697    0.00000000 
max(|Fsp_perp|)  :   0.00000000    0.00000000    0.00000000    0.00000000    0.00000000    0.00000000    0.00000000    0.00000000    0.00000000    0.00000000 
max(|FNEB|)      :   0.00000000    0.00266544    0.00128230    0.00317181    0.00322523    0.00358192    0.00370640    0.00513974    0.00200818    0.00000000 
max(|Force|)     :   0.00588822    0.00294355    0.00940465    0.00920970    0.00321645    0.00926209    0.01633785    0.01604511    0.00302666    0.00513593 
ksp              :   0.01550878    0.04484769    0.08449055    0.10000000    0.10000000    0.09223538    0.06881852    0.02345427    0.01000000 
max(|step|)      :   0.00000000    0.01198290    0.00582065    0.00531704    0.00464157    0.00485207    0.00802556    0.00913005    0.00891040    0.00068251 
angle (deg.)     :    42.8668  48.3522  11.6236  6.5710  4.9857  7.6406  44.9639  55.2267 
>
