NEB log file generated by ORCA
All quantities are given in atomic units. Unless stated otherwise. 
iteration       : 0
climbing        : no
zoom on         : no
nim             : 10
barrier         :   0.02326565 (image:  4) 
distance        :   0.00000000    0.45227811    0.90639543    1.36246818    1.81922469    2.27536388    2.73212719    3.18818467    3.64226343    4.09449713 
energy          : -3113.00699020  -3113.00078022  -3112.99226558  -3112.98575175  -3112.98372455  -3112.98740540  -3112.99591167  -3113.00682136  -3113.01712119  -3113.02292817 
max(|Fr_perp|)   :   0.00000000    0.01390728    0.01497737    0.01917305    0.02116296    0.02119050    0.02528377    0.02857126    0.02397685    0.00000000 
Fr_paral         :   0.00000000   -0.01837478   -0.01817695   -0.01032437    0.00162460    0.01414664    0.02283537    0.02513655    0.01967618    0.00000000 
max(|Fsp_paral|) :   0.00000000    0.00626653    0.00508259    0.00164900    0.00002923    0.00296740    0.00701587    0.00894838    0.00015652    0.00000000 
max(|Fsp_perp|)  :   0.00000000    0.00000000    0.00000000    0.00000000    0.00000000    0.00000000    0.00000000    0.00000000    0.00000000    0.00000000 
max(|FNEB|)      :   0.00000000    0.01323135    0.01517715    0.01923659    0.02124727    0.02103670    0.02001994    0.02196452    0.02391026    0.00000000 
max(|Force|)     :   0.01028040    0.01970385    0.01922163    0.01893876    0.02133264    0.02413112    0.03376277    0.03740157    0.03041313    0.00736649 
ksp              :   0.03403446    0.06696656    0.09215663    0.10000000    0.10000000    0.08577972    0.05289772    0.01071273    0.01000000 
max(|step|)      :   0.00000000    0.05533755    0.06347547    0.08045328    0.08886256    0.08798191    0.08372952    0.09186231    0.10000000    0.00000000 
angle (deg.)     :    15.7086  7.6878  5.0100  5.4712  5.3282  6.7015  8.6757  17.1576 
>
iteration       : 1
climbing        : no
zoom on         : no
nim             : 10
barrier         :   0.02289888 (image:  4) 
distance        :   0.00000000    0.53060520    0.97301695    1.39925915    1.84511595    2.27917180    2.70373080    3.14568081    3.68324497    4.16446901 
energy          : -3113.00699020  -3113.00215750  -3112.99359626  -3112.98623811  -3112.98409132  -3112.98914005  -3112.99927298  -3113.01084248  -3113.02032491  -3113.02292817 
max(|Fr_perp|)   :   0.00000000    0.01381294    0.02207217    0.02791333    0.03116912    0.03297047    0.03049211    0.02281963    0.01220013    0.00000000 
Fr_paral         :   0.00000000   -0.01739833   -0.02147965   -0.01307872    0.00357177    0.01978838    0.02857291    0.02543377    0.01143152    0.00000000 
max(|Fsp_paral|) :   0.00000000    0.00506101    0.00484154    0.00253513    0.00054287    0.00438679    0.00704573    0.00570384    0.00026396    0.00000000 
max(|Fsp_perp|)  :   0.00000000    0.00000000    0.00000000    0.00000000    0.00000000    0.00000000    0.00000000    0.00000000    0.00000000    0.00000000 
max(|FNEB|)      :   0.00000000    0.01324312    0.02145330    0.02778590    0.03124623    0.03333501    0.03095246    0.02302381    0.01213316    0.00000000 
max(|Force|)     :   0.01028040    0.01677806    0.02334897    0.02859142    0.03099144    0.03208970    0.02956242    0.02690773    0.01373245    0.00736649 
ksp              :   0.02899408    0.06264249    0.09156241    0.10000000    0.10000000    0.08015685    0.04033118    0.01000000    0.01000000 
max(|step|)      :   0.00000000    0.04862542    0.04636028    0.03556542    0.03588836    0.05347008    0.07644653    0.08212783    0.06840416    0.00692806 
angle (deg.)     :    23.0305  11.9986  6.0188  6.8773  7.0177  10.4387  13.3784  23.6104 
>
iteration       : 2
climbing        : yes
zoom on         : no
nim             : 10
barrier         :   0.02078027 (image:  4) 
distance        :   0.00000000    0.61397877    1.05293316    1.45927220    1.89565899    2.31244126    2.71438240    3.15985157    3.77283843    4.29900165 
energy          : -3113.00699020  -3113.00298558  -3112.99525237  -3112.98808558  -3112.98620993  -3112.99225667  -3113.00288294  -3113.01372979  -3113.02068187  -3113.02292817 
max(|Fr_perp|)   :   0.00000000    0.01164454    0.01621104    0.01876912    0.01972561    0.01883879    0.01766573    0.01737677    0.01813340    0.00000000 
Fr_paral         :   0.00000000   -0.01453217   -0.02121084   -0.01314407    0.00502193    0.02254872    0.02967508    0.02056364    0.00343668    0.00000000 
max(|Fsp_paral|) :   0.00000000    0.00388239    0.00504283    0.00326325    0.00102772    0.00648313    0.00851943    0.00285176    0.00041997    0.00000000 
max(|Fsp_perp|)  :   0.00000000    0.00000000    0.00000000    0.00000000    0.00000000    0.00000000    0.00000000    0.00000000    0.00000000    0.00000000 
max(|FNEB|)      :   0.00000000    0.01103932    0.01568764    0.01874075    0.01999368    0.01936104    0.01804041    0.01612444    0.01844868    0.00000000 
max(|Force|)     :   0.01028040    0.01413101    0.01853332    0.01959439    0.01962904    0.02026385    0.02597806    0.02153436    0.01735112    0.00736649 
ksp              :   0.02735928    0.06084445    0.09187319    0.10000000    0.10000000    0.07382827    0.02783036    0.01000000    0.01000000 
max(|step|)      :   0.00000000    0.03086523    0.04386164    0.05239795    0.05590105    0.05413223    0.05043984    0.04508291    0.05158135    0.00000000 
angle (deg.)     :    23.8501  14.5988  7.3236  7.7247  7.4804  13.5743  18.8597  14.7956 
>
iteration       : 3
climbing        : yes
zoom on         : no
nim             : 10
barrier         :   0.02021474 (image:  4) 
distance        :   0.00000000    0.65283138    1.09991731    1.49565398    1.90962015    2.29755991    2.68605633    3.17174032    3.81305897    4.33291647 
energy          : -3113.00699020  -3113.00356854  -3112.99580069  -3112.98848780  -3112.98677546  -3112.99285945  -3113.00371259  -3113.01538456  -3113.02148705  -3113.02292817 
max(|Fr_perp|)   :   0.00000000    0.00948304    0.01534649    0.01968466    0.02132038    0.02069174    0.01819913    0.01525366    0.00975328    0.00000000 
Fr_paral         :   0.00000000   -0.01417294   -0.02231856   -0.01350689    0.00566539    0.02414822    0.03119358    0.01936810    0.00503114    0.00000000 
max(|Fsp_paral|) :   0.00000000    0.00407492    0.00472029    0.00259817    0.00140584    0.00574596    0.00816905    0.00255858    0.00061055    0.00000000 
max(|Fsp_perp|)  :   0.00000000    0.00000000    0.00000000    0.00000000    0.00000000    0.00000000    0.00000000    0.00000000    0.00000000    0.00000000 
max(|FNEB|)      :   0.00000000    0.00988117    0.01574377    0.01975187    0.02105835    0.02029514    0.01748162    0.01505870    0.00971806    0.00000000 
max(|Force|)     :   0.01028040    0.01230965    0.01693418    0.01905506    0.02158242    0.02189434    0.02850590    0.01843030    0.00989190    0.00736649 
ksp              :   0.02523388    0.05981791    0.09237634    0.10000000    0.10000000    0.07291286    0.02459254    0.01000000    0.01000000 
max(|step|)      :   0.00000000    0.01590168    0.01833684    0.01345727    0.01638149    0.02175466    0.03257853    0.02678111    0.00995852    0.00194094 
angle (deg.)     :    25.4312  16.4390  7.9214  7.8357  7.7384  15.8440  21.3839  12.4728 
>
iteration       : 4
climbing        : yes
zoom on         : no
nim             : 10
barrier         :   0.01959830 (image:  4) 
distance        :   0.00000000    0.68296282    1.13526482    1.52229732    1.91737403    2.29095623    2.66928600    3.18471108    3.84712947    4.36859626 
energy          : -3113.00699020  -3113.00383740  -3112.99619216  -3112.98896170  -3112.98739190  -3112.99345985  -3113.00432242  -3113.01628956  -3113.02167410  -3113.02292817 
max(|Fr_perp|)   :   0.00000000    0.00742782    0.00871523    0.01032794    0.01077975    0.01063547    0.01212092    0.01017699    0.00698588    0.00000000 
Fr_paral         :   0.00000000   -0.01366150   -0.02286979   -0.01397175    0.00630040    0.02539813    0.03223613    0.01786899    0.00478358    0.00000000 
max(|Fsp_paral|) :   0.00000000    0.00404786    0.00444508    0.00199756    0.00119980    0.00567878    0.00814712    0.00224455    0.00071729    0.00000000 
max(|Fsp_perp|)  :   0.00000000    0.00000000    0.00000000    0.00000000    0.00000000    0.00000000    0.00000000    0.00000000    0.00000000    0.00000000 
max(|FNEB|)      :   0.00000000    0.00825732    0.00961209    0.01036126    0.01046771    0.01063848    0.01398051    0.00918452    0.00676835    0.00000000 
max(|Force|)     :   0.01028040    0.01213467    0.01768787    0.01255967    0.01109180    0.01831693    0.02511554    0.01523846    0.00770076    0.00736649 
ksp              :   0.02447839    0.05958712    0.09279108    0.10000000    0.10000000    0.07213456    0.02225105    0.01000000    0.01000000 
max(|step|)      :   0.00000000    0.04918577    0.05501132    0.03847169    0.05385415    0.06797327    0.10000000    0.07684527    0.02286900    0.00275562 
angle (deg.)     :    30.3430  22.9895  11.3650  8.7775  9.6016  23.9987  27.8846  10.5108 
>
iteration       : 5
climbing        : yes
zoom on         : no
nim             : 10
barrier         :   0.01912985 (image:  4) 
distance        :   0.00000000    0.78216641    1.25185000    1.61619502    1.96115407    2.30159946    2.65489058    3.26869255    4.00334300    4.53489524 
energy          : -3113.00699020  -3113.00415112  -3112.99650709  -3112.98928476  -3112.98786035  -3112.99375800  -3113.00467497  -3113.01744489  -3113.02179133  -3113.02292817 
max(|Fr_perp|)   :   0.00000000    0.00799935    0.00878590    0.00955823    0.01038164    0.01100012    0.01151974    0.01050306    0.00942456    0.00000000 
Fr_paral         :   0.00000000   -0.01235197   -0.02433003   -0.01497088    0.00697312    0.02772831    0.03445958    0.01216102    0.00419066    0.00000000 
max(|Fsp_paral|) :   0.00000000    0.00374800    0.00328820    0.00030290    0.00026938    0.00515383    0.00716060    0.00254913    0.00105266    0.00000000 
max(|Fsp_perp|)  :   0.00000000    0.00000000    0.00000000    0.00000000    0.00000000    0.00000000    0.00000000    0.00000000    0.00000000    0.00000000 
max(|FNEB|)      :   0.00000000    0.00730786    0.00899634    0.00960278    0.01044110    0.01110147    0.01169199    0.01068530    0.00929932    0.00000000 
max(|Force|)     :   0.01028040    0.01238410    0.02148306    0.01415104    0.01054913    0.01682179    0.02278555    0.01053743    0.00983522    0.00736649 
ksp              :   0.02336286    0.05932327    0.09329979    0.10000000    0.10000000    0.07225427    0.02090897    0.01000000    0.01000000 
max(|step|)      :   0.00000000    0.01547951    0.01905606    0.02034060    0.02211633    0.02351514    0.02476598    0.02263361    0.01969782    0.00000000 
angle (deg.)     :    31.8235  24.5767  11.0509  8.3770  8.9396  27.1453  26.6087  11.8231 
>
iteration       : 6
climbing        : yes
zoom on         : no
nim             : 10
barrier         :   0.01896046 (image:  4) 
distance        :   0.00000000    0.81069205    1.28241962    1.63848587    1.96795705    2.30563642    2.65520229    3.29725650    4.04481771    4.58250046 
energy          : -3113.00699020  -3113.00422365  -3112.99660218  -3112.98950247  -3112.98802974  -3112.99368644  -3113.00455162  -3113.01765777  -3113.02205236  -3113.02292817 
max(|Fr_perp|)   :   0.00000000    0.00427788    0.00692657    0.00694342    0.00808418    0.00721414    0.00708773    0.00601429    0.00497253    0.00000000 
Fr_paral         :   0.00000000   -0.01180707   -0.02387159   -0.01440170    0.00594498    0.02673717    0.03423987    0.01133218    0.00409200    0.00000000 
max(|Fsp_paral|) :   0.00000000    0.00358031    0.00283195    0.00010620    0.00051224    0.00509462    0.00679688    0.00296757    0.00108706    0.00000000 
max(|Fsp_perp|)  :   0.00000000    0.00000000    0.00000000    0.00000000    0.00000000    0.00000000    0.00000000    0.00000000    0.00000000    0.00000000 
max(|FNEB|)      :   0.00000000    0.00588615    0.00542109    0.00681221    0.00788921    0.00863749    0.00985940    0.00583678    0.00498145    0.00000000 
max(|Force|)     :   0.01028040    0.00689089    0.01410959    0.01115594    0.00838514    0.02126737    0.02694814    0.00756993    0.00496499    0.00736649 
ksp              :   0.02313201    0.05930902    0.09300935    0.10000000    0.10000000    0.07314924    0.02157525    0.01000000    0.01000000 
max(|step|)      :   0.00000000    0.01291783    0.01216023    0.00978822    0.01778314    0.02005724    0.02284052    0.01148739    0.01117259    0.00153059 
angle (deg.)     :    33.1330  26.1027  10.6734  7.8063  8.3563  30.0656  25.9657  13.3638 
>
iteration       : 7
climbing        : yes
zoom on         : no
nim             : 10
barrier         :   0.01887291 (image:  4) 
distance        :   0.00000000    0.83887351    1.31073408    1.65750159    1.97326531    2.30635849    2.65149411    3.31853315    4.07965477    4.62437765 
energy          : -3113.00699020  -3113.00420418  -3112.99662079  -3112.98965521  -3112.98811728  -3112.99351132  -3113.00429393  -3113.01774496  -3113.02209480  -3113.02292817 
max(|Fr_perp|)   :   0.00000000    0.00457895    0.00513113    0.00520062    0.00553715    0.00601344    0.00658880    0.00576178    0.00497242    0.00000000 
Fr_paral         :   0.00000000   -0.01152251   -0.02377329   -0.01439156    0.00525958    0.02619469    0.03445843    0.01112658    0.00379580    0.00000000 
max(|Fsp_paral|) :   0.00000000    0.00328411    0.00230465    0.00035268    0.00109907    0.00486451    0.00616796    0.00355264    0.00111855    0.00000000 
max(|Fsp_perp|)  :   0.00000000    0.00000000    0.00000000    0.00000000    0.00000000    0.00000000    0.00000000    0.00000000    0.00000000    0.00000000 
max(|FNEB|)      :   0.00000000    0.00543301    0.00504472    0.00527255    0.00696729    0.00801437    0.00906684    0.00577353    0.00497609    0.00000000 
max(|Force|)     :   0.01028040    0.00654133    0.01369016    0.01010071    0.00555886    0.01869853    0.02416181    0.00592994    0.00497471    0.00736649 
ksp              :   0.02328578    0.05944899    0.09266603    0.10000000    0.10000000    0.07427722    0.02285777    0.01000000    0.01000000 
max(|step|)      :   0.00000000    0.05793860    0.05497464    0.04519194    0.07798289    0.08878517    0.10000000    0.05613485    0.02831479    0.00277881 
angle (deg.)     :    38.8997  33.6531  9.6116  6.3327  7.0336  42.3930  26.0406  18.4293 
>
iteration       : 8
climbing        : yes
zoom on         : no
nim             : 10
barrier         :   0.01873968 (image:  4) 
distance        :   0.00000000    0.96647808    1.43683628    1.74766883    2.00968375    2.32291289    2.65601674    3.42487098    4.25787469    4.83607694 
energy          : -3113.00699020  -3113.00398144  -3112.99646163  -3112.99005354  -3112.98825052  -3112.99234140  -3113.00259674  -3113.01776923  -3113.02199672  -3113.02292817 
max(|Fr_perp|)   :   0.00000000    0.00347997    0.00353177    0.00431344    0.00495091    0.00518413    0.00498531    0.00470906    0.01030113    0.00000000 
Fr_paral         :   0.00000000   -0.01075471   -0.02343302   -0.01478251    0.00210036    0.02337761    0.03490156    0.01095212    0.00246889    0.00000000 
max(|Fsp_paral|) :   0.00000000    0.00181147    0.00005860    0.00144897    0.00340744    0.00304908    0.00182149    0.00730696    0.00130652    0.00000000 
max(|Fsp_perp|)  :   0.00000000    0.00000000    0.00000000    0.00000000    0.00000000    0.00000000    0.00000000    0.00000000    0.00000000    0.00000000 
max(|FNEB|)      :   0.00000000    0.00357708    0.00353290    0.00443128    0.00512140    0.00536771    0.00495281    0.00942973    0.01078375    0.00000000 
max(|Force|)     :   0.01028040    0.00639257    0.01311981    0.00890669    0.00488846    0.01472818    0.02070921    0.00542589    0.01008702    0.00736649 
ksp              :   0.02445439    0.06057118    0.09134614    0.10000000    0.10000000    0.08034281    0.03110043    0.01000000    0.01000000 
max(|step|)      :   0.00000000    0.01464288    0.01446202    0.01813957    0.02096460    0.02197287    0.02027445    0.03860087    0.04414359    0.00000000 
angle (deg.)     :    40.4810  34.0001  8.7928  6.0313  6.3419  42.1516  28.4574  16.5572 
>
iteration       : 9
climbing        : yes
zoom on         : no
nim             : 10
barrier         :   0.01869434 (image:  4) 
distance        :   0.00000000    0.99463298    1.44984625    1.75039426    2.01182065    2.31313399    2.65097229    3.37489427    4.26674951    4.84996614 
energy          : -3113.00699020  -3113.00396552  -3112.99660227  -3112.99027145  -3112.98829586  -3112.99200029  -3113.00240167  -3113.01731488  -3113.02218448  -3113.02292817 
max(|Fr_perp|)   :   0.00000000    0.00386740    0.00448056    0.00550079    0.00582660    0.00469504    0.00441897    0.00711208    0.00699704    0.00000000 
Fr_paral         :   0.00000000   -0.01152580   -0.02415675   -0.01586441    0.00163114    0.02306967    0.03594302    0.01279617    0.00367315    0.00000000 
max(|Fsp_paral|) :   0.00000000    0.00108939    0.00007312    0.00069299    0.00262906    0.00156406    0.00287138    0.00692725    0.00158513    0.00000000 
max(|Fsp_perp|)  :   0.00000000    0.00000000    0.00000000    0.00000000    0.00000000    0.00000000    0.00000000    0.00000000    0.00000000    0.00000000 
max(|FNEB|)      :   0.00000000    0.00409824    0.00449767    0.00536807    0.00573477    0.00439186    0.00522765    0.00886980    0.00665956    0.00000000 
max(|Force|)     :   0.01028040    0.00812158    0.01605398    0.01208737    0.00591844    0.01345789    0.02384013    0.01143303    0.00739247    0.00736649 
ksp              :   0.02456169    0.06001051    0.09048895    0.10000000    0.10000000    0.08216576    0.03209049    0.01000000    0.01000000 
max(|step|)      :   0.00000000    0.01344291    0.01112627    0.01419469    0.01519758    0.01790770    0.01989136    0.03639638    0.01242782    0.00224323 
angle (deg.)     :    42.9826  33.9432  7.8026  5.8109  5.7300  40.9360  30.6869  17.8577 
>
iteration       : 10
climbing        : yes
zoom on         : no
nim             : 10
barrier         :   0.01862674 (image:  4) 
distance        :   0.00000000    1.02062610    1.46671200    1.76142309    2.02154807    2.31591368    2.65249784    3.33963851    4.28814116    4.88381079 
energy          : -3113.00699020  -3113.00397892  -3112.99671739  -3112.99045680  -3112.98836346  -3112.99177367  -3113.00199750  -3113.01691255  -3113.02213399  -3113.02292817 
max(|Fr_perp|)   :   0.00000000    0.00411062    0.00351704    0.00321102    0.00408011    0.00455920    0.00402499    0.00542313    0.00862677    0.00000000 
Fr_paral         :   0.00000000   -0.01155894   -0.02412308   -0.01631449    0.00110958    0.02236506    0.03591798    0.01390997    0.00400760    0.00000000 
max(|Fsp_paral|) :   0.00000000    0.00061694    0.00006722    0.00031195    0.00224232    0.00086820    0.00302434    0.00691151    0.00181010    0.00000000 
max(|Fsp_perp|)  :   0.00000000    0.00000000    0.00000000    0.00000000    0.00000000    0.00000000    0.00000000    0.00000000    0.00000000    0.00000000 
max(|FNEB|)      :   0.00000000    0.00352322    0.00348458    0.00321230    0.00405777    0.00462722    0.00477570    0.00877745    0.00826440    0.00000000 
max(|Force|)     :   0.01028040    0.00846732    0.01723847    0.01191791    0.00410246    0.01552042    0.02364663    0.01042021    0.00903384    0.00736649 
ksp              :   0.02454979    0.05963577    0.08988548    0.10000000    0.10000000    0.08352265    0.03412351    0.01000000    0.01000000 
max(|step|)      :   0.00000000    0.03545834    0.03082720    0.03937029    0.04290979    0.05171391    0.05990988    0.10000000    0.04436956    0.01538929 
angle (deg.)     :    50.8074  33.5335  6.8913  5.8504  5.5082  35.8477  38.7961  22.1075 
>
iteration       : 11
climbing        : yes
zoom on         : no
nim             : 10
barrier         :   0.01861746 (image:  4) 
distance        :   0.00000000    1.09266251    1.52181088    1.80403805    2.06031418    2.33804109    2.66736524    3.26079770    4.37181022    5.00884139 
energy          : -3113.00699020  -3113.00392484  -3112.99689880  -3112.99079440  -3112.98837273  -3112.99105770  -3113.00066120  -3113.01555962  -3113.02197654  -3113.02292817 
max(|Fr_perp|)   :   0.00000000    0.00578437    0.00404375    0.00382323    0.00471823    0.00527494    0.00423577    0.00607726    0.00964515    0.00000000 
Fr_paral         :   0.00000000   -0.01106911   -0.02368332   -0.01741017   -0.00042877    0.02028702    0.03558590    0.01650004    0.00467666    0.00000000 
max(|Fsp_paral|) :   0.00000000    0.00089842    0.00018590    0.00046153    0.00140757    0.00057172    0.00302019    0.00673273    0.00242141    0.00000000 
max(|Fsp_perp|)  :   0.00000000    0.00000000    0.00000000    0.00000000    0.00000000    0.00000000    0.00000000    0.00000000    0.00000000    0.00000000 
max(|FNEB|)      :   0.00000000    0.00594438    0.00416568    0.00387162    0.00475183    0.00518256    0.00463408    0.00872888    0.00924658    0.00000000 
max(|Force|)     :   0.01028040    0.00655308    0.01573421    0.01143111    0.00481907    0.01539836    0.02570039    0.01069351    0.01020057    0.00736649 
ksp              :   0.02483189    0.05878763    0.08829021    0.10000000    0.10000000    0.08702549    0.04058254    0.01000000    0.01000000 
max(|step|)      :   0.00000000    0.01818925    0.01274660    0.01184679    0.01454014    0.01585816    0.01417984    0.02670957    0.02829368    0.00000000 
angle (deg.)     :    52.8474  32.4535  7.1320  5.9654  5.9216  33.3455  40.0809  24.6477 
>
iteration       : 12
climbing        : yes
zoom on         : no
nim             : 10
barrier         :   0.01854436 (image:  4) 
distance        :   0.00000000    1.09788794    1.53414770    1.82134209    2.07723874    2.35689634    2.67108109    3.24147612    4.38723719    5.04573291 
energy          : -3113.00699020  -3113.00406777  -3112.99701292  -3112.99083749  -3112.98844584  -3112.99120963  -3113.00034624  -3113.01515812  -3113.02232177  -3113.02292817 
max(|Fr_perp|)   :   0.00000000    0.00589729    0.00388142    0.00390327    0.00469962    0.00485687    0.00219596    0.00737192    0.00466642    0.00000000 
Fr_paral         :   0.00000000   -0.01014978   -0.02317138   -0.01708331   -0.00032849    0.02034557    0.03516812    0.01681607    0.00354232    0.00000000 
max(|Fsp_paral|) :   0.00000000    0.00051217    0.00006180    0.00013520    0.00158526    0.00050959    0.00204299    0.00646076    0.00247096    0.00000000 
max(|Fsp_perp|)  :   0.00000000    0.00000000    0.00000000    0.00000000    0.00000000    0.00000000    0.00000000    0.00000000    0.00000000    0.00000000 
max(|FNEB|)      :   0.00000000    0.00584413    0.00384359    0.00386267    0.00471851    0.00494505    0.00244310    0.00812226    0.00448342    0.00000000 
max(|Force|)     :   0.01028040    0.00616285    0.01336314    0.01183869    0.00468072    0.01200454    0.02268503    0.01251974    0.00479419    0.00736649 
ksp              :   0.02418321    0.05842199    0.08839278    0.10000000    0.10000000    0.08658669    0.04224463    0.01000000    0.01000000 
max(|step|)      :   0.00000000    0.00744791    0.00746533    0.00533616    0.00674409    0.00823010    0.00855095    0.02576672    0.01352719    0.00253074 
angle (deg.)     :    54.5440  31.6621  6.7915  5.8018  5.5024  30.9570  41.9445  26.4391 
>
