NEB log file generated by ORCA
All quantities are given in atomic units. Unless stated otherwise. 
iteration       : 0
climbing        : no
zoom on         : no
nim             : 10
barrier         :   0.04335694 (image:  4) 
distance        :   0.00000000    0.77590405    1.55431834    2.33589642    3.11946338    3.90291097    4.68651595    5.46811813    6.24653324    7.02243413 
energy          : -3191.54342300  -3191.53579189  -3191.52214857  -3191.50819729  -3191.50006606  -3191.50339387  -3191.51622636  -3191.53258941  -3191.54799280  -3191.55635553 
max(|Fr_perp|)   :   0.00000000    0.01375084    0.01901043    0.02359868    0.02502726    0.02537118    0.02300917    0.01990929    0.01884015    0.00000000 
Fr_paral         :   0.00000000   -0.01511752   -0.01894361   -0.01559433   -0.00352690    0.01130068    0.02000449    0.02161011    0.01713590    0.00000000 
max(|Fsp_paral|) :   0.00000000    0.00786530    0.00799783    0.00458856    0.00000224    0.00191651    0.00718228    0.00934902    0.00620148    0.00000000 
max(|Fsp_perp|)  :   0.00000000    0.00000000    0.00000000    0.00000000    0.00000000    0.00000000    0.00000000    0.00000000    0.00000000    0.00000000 
max(|FNEB|)      :   0.00000000    0.01170114    0.01870895    0.02347687    0.02515187    0.02525250    0.02226688    0.01909908    0.01497511    0.00000000 
max(|Force|)     :   0.00651639    0.01694025    0.01962872    0.02400200    0.02519585    0.02597854    0.02406550    0.02435783    0.02259646    0.00542492 
ksp              :   0.02584061    0.05416236    0.08312203    0.10000000    0.10000000    0.09309727    0.06646558    0.03250334    0.01000000 
max(|step|)      :   0.00000000    0.02519610    0.04028603    0.05055280    0.05415959    0.05437628    0.04794733    0.04112611    0.03224595    0.00000000 
angle (deg.)     :    7.2117  6.7582  7.0382  6.8813  6.7950  6.9290  6.8796  7.8291 
>
iteration       : 1
climbing        : yes
zoom on         : no
nim             : 10
barrier         :   0.04075963 (image:  4) 
distance        :   0.00000000    0.82512622    1.60509208    2.36588436    3.12038236    3.89268654    4.64228915    5.41189095    6.21044783    7.02690177 
energy          : -3191.54342300  -3191.53616977  -3191.52302162  -3191.50998031  -3191.50266337  -3191.50612616  -3191.51816933  -3191.53394834  -3191.54908825  -3191.55635553 
max(|Fr_perp|)   :   0.00000000    0.01331226    0.01286877    0.01473433    0.01561724    0.01498341    0.01379933    0.01891708    0.01799993    0.00000000 
Fr_paral         :   0.00000000   -0.01505158   -0.01915378   -0.01596823   -0.00364186    0.01275449    0.02065400    0.02208248    0.01648130    0.00000000 
max(|Fsp_paral|) :   0.00000000    0.00768452    0.00734412    0.00411317    0.00064633    0.00293500    0.00640734    0.00914660    0.00591191    0.00000000 
max(|Fsp_perp|)  :   0.00000000    0.00000000    0.00000000    0.00000000    0.00000000    0.00000000    0.00000000    0.00000000    0.00000000    0.00000000 
max(|FNEB|)      :   0.00000000    0.01274600    0.01561196    0.01503269    0.01575999    0.01507328    0.01539368    0.01715954    0.01441589    0.00000000 
max(|Force|)     :   0.00651639    0.01650029    0.01735510    0.01812320    0.01571007    0.01535311    0.01935141    0.02394962    0.02156073    0.00542492 
ksp              :   0.02601558    0.05505036    0.08384739    0.10000000    0.10000000    0.09235883    0.06577507    0.03093607    0.01000000 
max(|step|)      :   0.00000000    0.02635768    0.03228424    0.03108636    0.03259036    0.03117030    0.03183286    0.03548450    0.02981086    0.00000000 
angle (deg.)     :    8.7539  7.0264  7.4032  7.1873  7.0221  7.2263  7.4211  9.8312 
>
iteration       : 2
climbing        : yes
zoom on         : no
nim             : 10
barrier         :   0.03943720 (image:  4) 
distance        :   0.00000000    0.87378583    1.65584414    2.40143666    3.13938949    3.89393897    4.62704613    5.38587451    6.20805771    7.06494432 
energy          : -3191.54342300  -3191.53640267  -3191.52344697  -3191.51088336  -3191.50398580  -3191.50752495  -3191.51926401  -3191.53478702  -3191.54989197  -3191.55635553 
max(|Fr_perp|)   :   0.00000000    0.01299640    0.01644150    0.02068928    0.02117221    0.02039458    0.01853925    0.01876923    0.01716655    0.00000000 
Fr_paral         :   0.00000000   -0.01455130   -0.01847389   -0.01465469   -0.00288566    0.01166439    0.01967647    0.02158539    0.01532130    0.00000000 
max(|Fsp_paral|) :   0.00000000    0.00746594    0.00684861    0.00401472    0.00062608    0.00308040    0.00630022    0.00885171    0.00572162    0.00000000 
max(|Fsp_perp|)  :   0.00000000    0.00000000    0.00000000    0.00000000    0.00000000    0.00000000    0.00000000    0.00000000    0.00000000    0.00000000 
max(|FNEB|)      :   0.00000000    0.01098191    0.01603139    0.02052233    0.02114148    0.02046085    0.01856023    0.01596131    0.01376243    0.00000000 
max(|Force|)     :   0.00651639    0.01612206    0.01686323    0.02091220    0.02120294    0.02029741    0.01850797    0.02404928    0.02044147    0.00542492 
ksp              :   0.02602117    0.05558748    0.08425901    0.10000000    0.10000000    0.09192328    0.06513345    0.02970825    0.01000000 
max(|step|)      :   0.00000000    0.02192257    0.02435932    0.01994078    0.02038977    0.02247683    0.02850749    0.03174937    0.02756346    0.00128823 
angle (deg.)     :    10.3399  7.3422  7.6195  7.3765  7.1627  7.2801  8.0852  11.7329 
>
iteration       : 3
climbing        : yes
zoom on         : no
nim             : 10
barrier         :   0.03845685 (image:  4) 
distance        :   0.00000000    0.91943658    1.70172993    2.43201482    3.15475939    3.89064352    4.60666643    5.35377017    6.19730663    7.09267933 
energy          : -3191.54342300  -3191.53652476  -3191.52373655  -3191.51161040  -3191.50496615  -3191.50858527  -3191.52014794  -3191.53540634  -3191.55048550  -3191.55635553 
max(|Fr_perp|)   :   0.00000000    0.01247165    0.01356400    0.01657210    0.01712521    0.01654189    0.01508123    0.01789938    0.01588410    0.00000000 
Fr_paral         :   0.00000000   -0.01440705   -0.01839446   -0.01456853   -0.00266902    0.01187609    0.01984986    0.02164898    0.01453312    0.00000000 
max(|Fsp_paral|) :   0.00000000    0.00719823    0.00632663    0.00397401    0.00050758    0.00315028    0.00618842    0.00849164    0.00558626    0.00000000 
max(|Fsp_perp|)  :   0.00000000    0.00000000    0.00000000    0.00000000    0.00000000    0.00000000    0.00000000    0.00000000    0.00000000    0.00000000 
max(|FNEB|)      :   0.00000000    0.01071001    0.01324081    0.01641352    0.01709601    0.01661224    0.01512088    0.01534472    0.01263073    0.00000000 
max(|Force|)     :   0.00651639    0.01561498    0.01597172    0.01678979    0.01715442    0.01643772    0.01712231    0.02354725    0.01896115    0.00542492 
ksp              :   0.02614385    0.05607191    0.08445057    0.10000000    0.10000000    0.09153022    0.06447029    0.02876128    0.01000000 
max(|step|)      :   0.00000000    0.06963327    0.07554269    0.06051152    0.05560741    0.06237491    0.08597922    0.10000000    0.08068437    0.00607754 
angle (deg.)     :    15.2662  9.1791  8.6383  8.0343  7.7362  7.7085  11.2882  16.5460 
>
iteration       : 4
climbing        : yes
zoom on         : no
nim             : 10
barrier         :   0.03703072 (image:  4) 
distance        :   0.00000000    1.06536978    1.84301408    2.53487253    3.20903229    3.88440816    4.54933462    5.26342358    6.17472771    7.19607573 
energy          : -3191.54342300  -3191.53678005  -3191.52409478  -3191.51238399  -3191.50639228  -3191.51011241  -3191.52141673  -3191.53669798  -3191.55177502  -3191.55635553 
max(|Fr_perp|)   :   0.00000000    0.01060716    0.00932912    0.01656636    0.01999991    0.01910443    0.01366738    0.01487661    0.01072134    0.00000000 
Fr_paral         :   0.00000000   -0.01434635   -0.01916210   -0.01458004   -0.00208761    0.01248042    0.02109745    0.02269138    0.01222600    0.00000000 
max(|Fsp_paral|) :   0.00000000    0.00613132    0.00522993    0.00335668    0.00004924    0.00298296    0.00574941    0.00750610    0.00520657    0.00000000 
max(|Fsp_perp|)  :   0.00000000    0.00000000    0.00000000    0.00000000    0.00000000    0.00000000    0.00000000    0.00000000    0.00000000    0.00000000 
max(|FNEB|)      :   0.00000000    0.00949222    0.00994535    0.01654064    0.02019013    0.01933684    0.01356306    0.01330246    0.00814930    0.00000000 
max(|Force|)     :   0.00651639    0.01396361    0.01525737    0.01708421    0.02023760    0.01926403    0.01742779    0.02191922    0.01322777    0.00542492 
ksp              :   0.02614125    0.05696730    0.08543754    0.10000000    0.10000000    0.09096175    0.06348831    0.02634478    0.01000000 
max(|step|)      :   0.00000000    0.02059333    0.02157638    0.03588484    0.04380238    0.04195118    0.02942499    0.02885962    0.01767986    0.00000000 
angle (deg.)     :    16.8967  9.6385  8.6728  8.3143  7.8445  7.6902  12.5659  17.3872 
>
iteration       : 5
climbing        : yes
zoom on         : no
nim             : 10
barrier         :   0.03686282 (image:  4) 
distance        :   0.00000000    1.10764910    1.88551034    2.56386575    3.22476497    3.88093867    4.52915121    5.23206244    6.16636849    7.22462167 
energy          : -3191.54342300  -3191.53681233  -3191.52403484  -3191.51240676  -3191.50656018  -3191.51026305  -3191.52148834  -3191.53679098  -3191.55192513  -3191.55635553 
max(|Fr_perp|)   :   0.00000000    0.01014278    0.00860137    0.01271204    0.01604406    0.01539496    0.00988165    0.01374003    0.00950759    0.00000000 
Fr_paral         :   0.00000000   -0.01438325   -0.01963944   -0.01503357   -0.00207014    0.01308742    0.02183134    0.02315882    0.01168856    0.00000000 
max(|Fsp_paral|) :   0.00000000    0.00585279    0.00478738    0.00324609    0.00019850    0.00283167    0.00554091    0.00706925    0.00527917    0.00000000 
max(|Fsp_perp|)  :   0.00000000    0.00000000    0.00000000    0.00000000    0.00000000    0.00000000    0.00000000    0.00000000    0.00000000    0.00000000 
max(|FNEB|)      :   0.00000000    0.00913945    0.00973406    0.01280963    0.01606226    0.01535049    0.01020391    0.01290139    0.00801185    0.00000000 
max(|Force|)     :   0.00651639    0.01359320    0.01499230    0.01252883    0.01602585    0.01548125    0.01689315    0.02122202    0.01182962    0.00542492 
ksp              :   0.02613986    0.05733590    0.08572566    0.10000000    0.10000000    0.09095950    0.06355314    0.02619199    0.01000000 
max(|step|)      :   0.00000000    0.02168440    0.02293630    0.01650377    0.01069075    0.01538665    0.02442095    0.03047514    0.01875704    0.00019341 
angle (deg.)     :    18.4128  10.3113  8.8406  8.5794  7.9293  7.8710  13.9747  18.0935 
>
iteration       : 6
climbing        : yes
zoom on         : no
nim             : 10
barrier         :   0.03668102 (image:  4) 
distance        :   0.00000000    1.15255450    1.93078740    2.59657403    3.24454840    3.88129598    4.51326066    5.20540655    6.16389194    7.26195561 
energy          : -3191.54342300  -3191.53682208  -3191.52390866  -3191.51241492  -3191.50674198  -3191.51042421  -3191.52149612  -3191.53679595  -3191.55202650  -3191.55635553 
max(|Fr_perp|)   :   0.00000000    0.00950091    0.00798682    0.01344948    0.01680381    0.01618315    0.01104537    0.01270328    0.00814920    0.00000000 
Fr_paral         :   0.00000000   -0.01446232   -0.01993950   -0.01500408   -0.00187664    0.01314699    0.02213471    0.02352439    0.01116321    0.00000000 
max(|Fsp_paral|) :   0.00000000    0.00557761    0.00443895    0.00312316    0.00048057    0.00268133    0.00528288    0.00677188    0.00543093    0.00000000 
max(|Fsp_perp|)  :   0.00000000    0.00000000    0.00000000    0.00000000    0.00000000    0.00000000    0.00000000    0.00000000    0.00000000    0.00000000 
max(|FNEB|)      :   0.00000000    0.00870767    0.00897759    0.01353816    0.01682060    0.01613843    0.01099847    0.01210379    0.00788155    0.00000000 
max(|Force|)     :   0.00651639    0.01307027    0.01481808    0.01327355    0.01678703    0.01627606    0.01664836    0.02063320    0.01030169    0.00542492 
ksp              :   0.02619592    0.05788009    0.08608097    0.10000000    0.10000000    0.09096534    0.06379947    0.02626004    0.01000000 
max(|step|)      :   0.00000000    0.07344998    0.07189043    0.04828886    0.02905564    0.04128748    0.07496860    0.10000000    0.06875255    0.00337732 
angle (deg.)     :    23.2994  13.9073  9.4529  9.7095  8.0922  8.8168  20.6717  19.1729 
>
iteration       : 7
climbing        : yes
zoom on         : no
nim             : 10
barrier         :   0.03704334 (image:  4) 
distance        :   0.00000000    1.30895005    2.08095705    2.71507525    3.31793524    3.89329392    4.47191013    5.12960921    6.15689841    7.40479114 
energy          : -3191.54342300  -3191.53649902  -3191.52347725  -3191.51184191  -3191.50637967  -3191.50989137  -3191.52110331  -3191.53625505  -3191.55182626  -3191.55635553 
max(|Fr_perp|)   :   0.00000000    0.01031031    0.00750011    0.01790386    0.01830726    0.01777099    0.01148988    0.01170052    0.00526518    0.00000000 
Fr_paral         :   0.00000000   -0.01434939   -0.02018048   -0.01558113   -0.00167043    0.01348962    0.02401037    0.02293248    0.01016409    0.00000000 
max(|Fsp_paral|) :   0.00000000    0.00376609    0.00394966    0.00235751    0.00125614    0.00212546    0.00460248    0.00544852    0.00607762    0.00000000 
max(|Fsp_perp|)  :   0.00000000    0.00000000    0.00000000    0.00000000    0.00000000    0.00000000    0.00000000    0.00000000    0.00000000    0.00000000 
max(|FNEB|)      :   0.00000000    0.01043924    0.00765435    0.01816324    0.01851244    0.01790198    0.01145987    0.01191762    0.00758537    0.00000000 
max(|Force|)     :   0.00651639    0.01153910    0.01469361    0.01785267    0.01847381    0.01808738    0.01667018    0.01954156    0.00698207    0.00542492 
ksp              :   0.02682039    0.05843371    0.08671564    0.10000000    0.10000000    0.09147457    0.06421008    0.02741852    0.01000000 
max(|step|)      :   0.00000000    0.01472142    0.01079416    0.02561382    0.02610625    0.02524538    0.01616072    0.01680623    0.01069689    0.00000000 
angle (deg.)     :    23.9351  13.5918  9.2030  9.7101  7.9222  8.6064  20.6804  19.2823 
>
iteration       : 8
climbing        : yes
zoom on         : no
nim             : 10
barrier         :   0.03597745 (image:  4) 
distance        :   0.00000000    1.32745380    2.10166737    2.73106256    3.32936169    3.89624972    4.46636295    5.12381833    6.15262161    7.42540478 
energy          : -3191.54342300  -3191.53664641  -3191.52343903  -3191.51242793  -3191.50744555  -3191.51096722  -3191.52133181  -3191.53645846  -3191.55177880  -3191.55635553 
max(|Fr_perp|)   :   0.00000000    0.00697937    0.00589948    0.00614358    0.00737078    0.00673434    0.00605852    0.00918293    0.00486081    0.00000000 
Fr_paral         :   0.00000000   -0.01463764   -0.02063423   -0.01463372   -0.00116286    0.01310379    0.02303353    0.02431599    0.01005859    0.00000000 
max(|Fsp_paral|) :   0.00000000    0.00401427    0.00352840    0.00213077    0.00144690    0.00218897    0.00397502    0.00578117    0.00600584    0.00000000 
max(|Fsp_perp|)  :   0.00000000    0.00000000    0.00000000    0.00000000    0.00000000    0.00000000    0.00000000    0.00000000    0.00000000    0.00000000 
max(|FNEB|)      :   0.00000000    0.00637982    0.00623312    0.00606782    0.00735600    0.00676569    0.00629996    0.00881368    0.00748987    0.00000000 
max(|Force|)     :   0.00651639    0.01100965    0.01431744    0.00753548    0.00738557    0.00748958    0.01614033    0.01874902    0.00651859    0.00542492 
ksp              :   0.02695210    0.05999125    0.08753625    0.10000000    0.10000000    0.09119031    0.06526259    0.02742226    0.01000000 
max(|step|)      :   0.00000000    0.00856299    0.00852381    0.00573864    0.00392699    0.00541119    0.00906465    0.01186286    0.01021859    0.00015386 
angle (deg.)     :    24.5841  13.9139  9.1259  9.8601  7.8304  8.6403  21.4134  19.3957 
>
iteration       : 9
climbing        : yes
zoom on         : no
nim             : 10
barrier         :   0.03592754 (image:  4) 
distance        :   0.00000000    1.34655314    2.12123383    2.74617738    3.33975579    3.89865226    4.46266766    5.11604692    6.14903636    7.44564433 
energy          : -3191.54342300  -3191.53662563  -3191.52335968  -3191.51239300  -3191.50749546  -3191.51098497  -3191.52123199  -3191.53639158  -3191.55169261  -3191.55635553 
max(|Fr_perp|)   :   0.00000000    0.00665538    0.00556882    0.00497096    0.00503228    0.00487907    0.00563460    0.00871044    0.00458713    0.00000000 
Fr_paral         :   0.00000000   -0.01460839   -0.02080936   -0.01458229   -0.00107747    0.01309065    0.02307647    0.02453144    0.01001031    0.00000000 
max(|Fsp_paral|) :   0.00000000    0.00386846    0.00338190    0.00205107    0.00160539    0.00206621    0.00383670    0.00572796    0.00603525    0.00000000 
max(|Fsp_perp|)  :   0.00000000    0.00000000    0.00000000    0.00000000    0.00000000    0.00000000    0.00000000    0.00000000    0.00000000    0.00000000 
max(|FNEB|)      :   0.00000000    0.00612487    0.00587380    0.00490182    0.00501976    0.00492194    0.00563213    0.00845798    0.00741876    0.00000000 
max(|Force|)     :   0.00651639    0.01072647    0.01420873    0.00776397    0.00504481    0.00731230    0.01590993    0.01851624    0.00621197    0.00542492 
ksp              :   0.02702771    0.06025947    0.08773146    0.10000000    0.10000000    0.09125863    0.06558941    0.02761401    0.01000000 
max(|step|)      :   0.00000000    0.07176383    0.07057584    0.04526156    0.02113868    0.04097148    0.07260818    0.10000000    0.08814134    0.00402668 
angle (deg.)     :    29.8844  17.6003  9.1207  11.4297  7.6611  9.3543  28.3381  20.5817 
>
iteration       : 10
climbing        : yes
zoom on         : no
nim             : 10
barrier         :   0.03582562 (image:  4) 
distance        :   0.00000000    1.51000149    2.28864037    2.88063800    3.43733263    3.93325080    4.45055586    5.06896951    6.13597078    7.63990757 
energy          : -3191.54342300  -3191.53627238  -3191.52251420  -3191.51192176  -3191.50759738  -3191.51080354  -3191.52029717  -3191.53532334  -3191.55080562  -3191.55635553 
max(|Fr_perp|)   :   0.00000000    0.00402180    0.00320426    0.00496603    0.00660028    0.00672841    0.00569241    0.00505099    0.00371466    0.00000000 
Fr_paral         :   0.00000000   -0.01430474   -0.02163266   -0.01428221   -0.00045171    0.01293860    0.02356105    0.02550093    0.00971199    0.00000000 
max(|Fsp_paral|) :   0.00000000    0.00240366    0.00194919    0.00138403    0.00295213    0.00099126    0.00278347    0.00442945    0.00669768    0.00000000 
max(|Fsp_perp|)  :   0.00000000    0.00000000    0.00000000    0.00000000    0.00000000    0.00000000    0.00000000    0.00000000    0.00000000    0.00000000 
max(|FNEB|)      :   0.00000000    0.00364946    0.00300407    0.00500748    0.00671113    0.00686868    0.00580732    0.00572271    0.00717989    0.00000000 
max(|Force|)     :   0.00651639    0.00840861    0.01352896    0.00792058    0.00672163    0.00752085    0.01462217    0.01665444    0.00534795    0.00542492 
ksp              :   0.02796067    0.06251983    0.08913113    0.10000000    0.10000000    0.09194561    0.06809177    0.03034057    0.01000000 
max(|step|)      :   0.00000000    0.01524493    0.01254895    0.02091782    0.02803449    0.02869262    0.02425899    0.02390555    0.02999265    0.00000000 
angle (deg.)     :    31.2006  18.8005  8.8983  11.5960  7.4788  9.0529  30.1811  21.0642 
>
iteration       : 11
climbing        : yes
zoom on         : no
nim             : 10
barrier         :   0.03599470 (image:  4) 
distance        :   0.00000000    1.54825649    2.32435283    2.91170626    3.45786419    3.94305318    4.44607246    5.05081557    6.10224897    7.68220946 
energy          : -3191.54342300  -3191.53615093  -3191.52232020  -3191.51169105  -3191.50742830  -3191.51057461  -3191.51988828  -3191.53483102  -3191.55031673  -3191.55635553 
max(|Fr_perp|)   :   0.00000000    0.00372768    0.00392827    0.00777021    0.01096378    0.01109703    0.00836883    0.00475335    0.00347879    0.00000000 
Fr_paral         :   0.00000000   -0.01439397   -0.02202536   -0.01452569   -0.00043102    0.01312100    0.02394327    0.02606307    0.01033971    0.00000000 
max(|Fsp_paral|) :   0.00000000    0.00187943    0.00185494    0.00104030    0.00302268    0.00108563    0.00246365    0.00402242    0.00662666    0.00000000 
max(|Fsp_perp|)  :   0.00000000    0.00000000    0.00000000    0.00000000    0.00000000    0.00000000    0.00000000    0.00000000    0.00000000    0.00000000 
max(|FNEB|)      :   0.00000000    0.00361690    0.00391741    0.00777453    0.01096595    0.01107624    0.00830759    0.00559551    0.00753075    0.00000000 
max(|Force|)     :   0.00651639    0.00822987    0.01394998    0.00775055    0.01096161    0.01120263    0.01546250    0.01704167    0.00527087    0.00542492 
ksp              :   0.02818284    0.06276476    0.08934155    0.10000000    0.10000000    0.09213307    0.06884545    0.03148312    0.01000000 
max(|step|)      :   0.00000000    0.01534146    0.01352349    0.00753899    0.00600590    0.00865741    0.01488903    0.02474925    0.03240926    0.00278559 
angle (deg.)     :    32.5923  19.7731  8.7594  11.8887  7.4413  8.6709  31.8756  21.6661 
>
iteration       : 12
climbing        : yes
zoom on         : no
nim             : 10
barrier         :   0.03595608 (image:  4) 
distance        :   0.00000000    1.58713082    2.36283129    2.94575750    3.48261589    3.95671189    4.44699572    5.03923375    6.07328264    7.73467102 
energy          : -3191.54342300  -3191.53604597  -3191.52212556  -3191.51156249  -3191.50746692  -3191.51055357  -3191.51959012  -3191.53435505  -3191.54980166  -3191.55635553 
max(|Fr_perp|)   :   0.00000000    0.00312616    0.00395084    0.00727537    0.00991577    0.00999057    0.00812633    0.00463519    0.00330434    0.00000000 
Fr_paral         :   0.00000000   -0.01429017   -0.02216609   -0.01434552   -0.00028818    0.01302853    0.02386461    0.02636087    0.01067373    0.00000000 
max(|Fsp_paral|) :   0.00000000    0.00144687    0.00162611    0.00067322    0.00314475    0.00109335    0.00213126    0.00362082    0.00653791    0.00000000 
max(|Fsp_perp|)  :   0.00000000    0.00000000    0.00000000    0.00000000    0.00000000    0.00000000    0.00000000    0.00000000    0.00000000    0.00000000 
max(|FNEB|)      :   0.00000000    0.00306035    0.00394427    0.00728030    0.00991730    0.00997053    0.00808770    0.00474406    0.00733005    0.00000000 
max(|Force|)     :   0.00651639    0.00768017    0.01386583    0.00731872    0.00991424    0.01009017    0.01525352    0.01681384    0.00521341    0.00542492 
ksp              :   0.02846510    0.06330865    0.08974857    0.10000000    0.10000000    0.09227395    0.06965499    0.03269758    0.01000000 
max(|step|)      :   0.00000000    0.04247378    0.03932563    0.02080007    0.01836779    0.02605121    0.04300526    0.07220325    0.10000000    0.00707428 
angle (deg.)     :    36.7872  22.7874  8.6178  12.7243  7.5084  8.6961  36.9659  24.0960 
>
iteration       : 13
climbing        : yes
zoom on         : no
nim             : 10
barrier         :   0.03593248 (image:  4) 
distance        :   0.00000000    1.69821411    2.47853121    3.04685474    3.56215339    4.00335995    4.46261114    5.02098278    5.98862757    7.90858919 
energy          : -3191.54342300  -3191.53568842  -3191.52152088  -3191.51126894  -3191.50749052  -3191.51035459  -3191.51878625  -3191.53271028  -3191.54805013  -3191.55635553 
max(|Fr_perp|)   :   0.00000000    0.00428976    0.00360787    0.00750493    0.01199214    0.01215698    0.00657238    0.00825577    0.00314812    0.00000000 
Fr_paral         :   0.00000000   -0.01364251   -0.02228237   -0.01395150   -0.00001568    0.01267848    0.02346510    0.02623655    0.01156129    0.00000000 
max(|Fsp_paral|) :   0.00000000    0.00026071    0.00046061    0.00004238    0.00381389    0.00076937    0.00146536    0.00231907    0.00605424    0.00000000 
max(|Fsp_perp|)  :   0.00000000    0.00000000    0.00000000    0.00000000    0.00000000    0.00000000    0.00000000    0.00000000    0.00000000    0.00000000 
max(|FNEB|)      :   0.00000000    0.00438414    0.00363015    0.00761628    0.01216983    0.01232592    0.00662045    0.00844557    0.00694795    0.00000000 
max(|Force|)     :   0.00651639    0.00597999    0.01345480    0.00764167    0.01216975    0.01240156    0.01440656    0.01627161    0.00518814    0.00542492 
ksp              :   0.02937162    0.06484541    0.09052351    0.10000000    0.10000000    0.09282754    0.07169666    0.03684162    0.01000000 
max(|step|)      :   0.00000000    0.00655368    0.00542657    0.01138529    0.01819221    0.01842554    0.00989666    0.01262496    0.01038623    0.00000000 
angle (deg.)     :    37.1745  22.7777  8.5623  12.8040  7.4933  7.2652  36.9274  24.4205 
>
iteration       : 14
climbing        : yes
zoom on         : no
nim             : 10
barrier         :   0.03563088 (image:  4) 
distance        :   0.00000000    1.70285837    2.48502809    3.05267381    3.56793197    4.00682983    4.46437356    5.02158258    5.97443242    7.92111631 
energy          : -3191.54342300  -3191.53574588  -3191.52154670  -3191.51139596  -3191.50779212  -3191.51063786  -3191.51883762  -3191.53280633  -3191.54787225  -3191.55635553 
max(|Fr_perp|)   :   0.00000000    0.00162869    0.00110665    0.00168311    0.00357390    0.00333918    0.00143279    0.00387136    0.00287562    0.00000000 
Fr_paral         :   0.00000000   -0.01348360   -0.02217228   -0.01357944    0.00016751    0.01248896    0.02318091    0.02662617    0.01155750    0.00000000 
max(|Fsp_paral|) :   0.00000000    0.00035898    0.00030358    0.00003614    0.00391107    0.00072965    0.00129126    0.00270361    0.00577360    0.00000000 
max(|Fsp_perp|)  :   0.00000000    0.00000000    0.00000000    0.00000000    0.00000000    0.00000000    0.00000000    0.00000000    0.00000000    0.00000000 
max(|FNEB|)      :   0.00000000    0.00161709    0.00089712    0.00168274    0.00357657    0.00335611    0.00160235    0.00387327    0.00650425    0.00000000 
max(|Force|)     :   0.00651639    0.00601883    0.01323430    0.00700150    0.00357124    0.00650477    0.01389790    0.01585395    0.00556571    0.00542492 
ksp              :   0.02939164    0.06525734    0.09089706    0.10000000    0.10000000    0.09281195    0.07210019    0.03681665    0.01000000 
max(|step|)      :   0.00000000    0.00200336    0.00135571    0.00153820    0.00322335    0.00308686    0.00247250    0.00422581    0.00994230    0.00017014 
angle (deg.)     :    37.4846  22.9339  8.5586  12.7961  7.3860  6.8946  36.8841  24.8600 
>
iteration       : 15
climbing        : yes
zoom on         : no
nim             : 10
barrier         :   0.03561710 (image:  4) 
distance        :   0.00000000    1.70735750    2.49050674    3.05720773    3.57225914    4.00909127    4.46517381    5.01937964    5.95930751    7.93144073 
energy          : -3191.54342300  -3191.53575720  -3191.52153655  -3191.51139860  -3191.50780590  -3191.51062742  -3191.51877474  -3191.53269922  -3191.54768367  -3191.55635553 
max(|Fr_perp|)   :   0.00000000    0.00128413    0.00101881    0.00178089    0.00267562    0.00275187    0.00159029    0.00197046    0.00282619    0.00000000 
Fr_paral         :   0.00000000   -0.01341165   -0.02217884   -0.01356674    0.00018193    0.01244587    0.02314568    0.02680942    0.01167269    0.00000000 
max(|Fsp_paral|) :   0.00000000    0.00036044    0.00020989    0.00001025    0.00400642    0.00067943    0.00129550    0.00276608    0.00557979    0.00000000 
max(|Fsp_perp|)  :   0.00000000    0.00000000    0.00000000    0.00000000    0.00000000    0.00000000    0.00000000    0.00000000    0.00000000    0.00000000 
max(|FNEB|)      :   0.00000000    0.00127397    0.00087346    0.00177946    0.00267725    0.00276373    0.00158268    0.00274963    0.00633723    0.00000000 
max(|Force|)     :   0.00651639    0.00603049    0.01319320    0.00712265    0.00267399    0.00660384    0.01372886    0.01586130    0.00566735    0.00542492 
ksp              :   0.02937054    0.06530435    0.09092171    0.10000000    0.10000000    0.09287039    0.07228310    0.03709766    0.01000000 
max(|step|)      :   0.00000000    0.02057960    0.01382975    0.01465321    0.01790231    0.02192285    0.02610363    0.04280798    0.10000000    0.00482633 
angle (deg.)     :    40.5624  24.7214  8.5737  12.9080  7.1679  5.6758  36.3891  30.3377 
>
iteration       : 16
climbing        : yes
zoom on         : no
nim             : 10
barrier         :   0.03574761 (image:  4) 
distance        :   0.00000000    1.75296698    2.54487358    3.10464071    3.61753173    4.03465997    4.47572985    5.00001597    5.81796071    8.04537156 
energy          : -3191.54342300  -3191.53580484  -3191.52144659  -3191.51134464  -3191.50767539  -3191.51028175  -3191.51802841  -3191.53123285  -3191.54570975  -3191.55635553 
max(|Fr_perp|)   :   0.00000000    0.00220002    0.00340183    0.00572009    0.00812210    0.00790565    0.00773858    0.00588293    0.00315673    0.00000000 
Fr_paral         :   0.00000000   -0.01259747   -0.02227344   -0.01370934    0.00010229    0.01203972    0.02261562    0.02717083    0.01278171    0.00000000 
max(|Fsp_paral|) :   0.00000000    0.00021188    0.00052386    0.00024656    0.00492893    0.00025872    0.00138821    0.00303984    0.00387009    0.00000000 
max(|Fsp_perp|)  :   0.00000000    0.00000000    0.00000000    0.00000000    0.00000000    0.00000000    0.00000000    0.00000000    0.00000000    0.00000000 
max(|FNEB|)      :   0.00000000    0.00223670    0.00349751    0.00581357    0.00830048    0.00805253    0.00788236    0.00611102    0.00467086    0.00000000 
max(|Force|)     :   0.00651639    0.00554183    0.01295421    0.00749603    0.00830225    0.00815679    0.01269873    0.01591336    0.00647857    0.00542492 
ksp              :   0.02917696    0.06532032    0.09075188    0.10000000    0.10000000    0.09343914    0.07392889    0.04068384    0.01000000 
max(|step|)      :   0.00000000    0.00379551    0.00593502    0.00986519    0.01408530    0.01366454    0.01337578    0.01036995    0.00792609    0.00000000 
angle (deg.)     :    40.7052  24.9000  8.4523  12.9050  7.1751  4.4360  36.0376  30.8997 
>
iteration       : 17
climbing        : yes
zoom on         : no
nim             : 10
barrier         :   0.03555766 (image:  4) 
distance        :   0.00000000    1.75557121    2.54574318    3.10772152    3.61940898    4.03554972    4.47301641    4.99227390    5.80213857    8.04961216 
energy          : -3191.54342300  -3191.53581586  -3191.52150116  -3191.51141642  -3191.50786534  -3191.51046613  -3191.51806235  -3191.53106587  -3191.54555651  -3191.55635553 
max(|Fr_perp|)   :   0.00000000    0.00092481    0.00084985    0.00106347    0.00256367    0.00235403    0.00170977    0.00328371    0.00230456    0.00000000 
Fr_paral         :   0.00000000   -0.01258797   -0.02226072   -0.01358414    0.00022693    0.01204698    0.02257165    0.02724376    0.01304188    0.00000000 
max(|Fsp_paral|) :   0.00000000    0.00014200    0.00034076    0.00001129    0.00494582    0.00038582    0.00132491    0.00284160    0.00386451    0.00000000 
max(|Fsp_perp|)  :   0.00000000    0.00000000    0.00000000    0.00000000    0.00000000    0.00000000    0.00000000    0.00000000    0.00000000    0.00000000 
max(|FNEB|)      :   0.00000000    0.00095556    0.00084344    0.00106158    0.00256725    0.00236558    0.00185229    0.00329222    0.00463161    0.00000000 
max(|Force|)     :   0.00651639    0.00505851    0.01310651    0.00682630    0.00256010    0.00658117    0.01322988    0.01602733    0.00604404    0.00542492 
ksp              :   0.02925444    0.06548639    0.09101188    0.10000000    0.10000000    0.09341716    0.07419036    0.04127714    0.01000000 
max(|step|)      :   0.00000000    0.00154523    0.00122614    0.00163616    0.00254963    0.00244771    0.00245395    0.00357175    0.00792687    0.00029327 
angle (deg.)     :    40.8655  25.0357  8.4180  12.8781  7.0511  4.0382  35.5597  31.5628 
>
