NEB log file generated by ORCA
All quantities are given in atomic units. Unless stated otherwise. 
iteration       : 0
climbing        : no
zoom on         : no
nim             : 10
barrier         :   0.01389154 (image:  4) 
distance        :   0.00000000    0.45227811    0.90639543    1.36246818    1.81922469    2.27536388    2.73212719    3.18818467    3.64226343    4.09449713 
energy          : -3112.90970118  -3112.90656558  -3112.90118120  -3112.89699863  -3112.89580964  -3112.89866505  -3112.90511309  -3112.91366617  -3112.92190346  -3112.92592068 
max(|Fr_perp|)   :   0.00000000    0.01047632    0.01801396    0.02301379    0.02508993    0.02446951    0.02237243    0.02515596    0.02086175    0.00000000 
Fr_paral         :   0.00000000   -0.01129116   -0.01182909   -0.00664835    0.00158659    0.01063755    0.01759532    0.02021947    0.01558610    0.00000000 
max(|Fsp_paral|) :   0.00000000    0.00663234    0.00546129    0.00162257    0.00003010    0.00386290    0.00889510    0.00632284    0.00000898    0.00000000 
max(|Fsp_perp|)  :   0.00000000    0.00000000    0.00000000    0.00000000    0.00000000    0.00000000    0.00000000    0.00000000    0.00000000    0.00000000 
max(|FNEB|)      :   0.00000000    0.01054424    0.01825007    0.02310410    0.02520523    0.02425643    0.02032234    0.02053131    0.02089842    0.00000000 
max(|Force|)     :   0.00384883    0.01194674    0.01789938    0.02292725    0.02528812    0.02508106    0.02892872    0.03227340    0.02596796    0.00361153 
ksp              :   0.03031680    0.06519221    0.09228780    0.10000000    0.10000000    0.08152927    0.03978951    0.01000000    0.01000000 
max(|step|)      :   0.00000000    0.03459407    0.05987575    0.07580108    0.08269458    0.07958171    0.06667457    0.06736016    0.06856457    0.00000000 
angle (deg.)     :    10.2578  6.0271  5.0018  5.3645  4.8780  5.5356  7.4951  12.9223 
>
iteration       : 1
climbing        : no
zoom on         : no
nim             : 10
barrier         :   0.01285381 (image:  4) 
distance        :   0.00000000    0.51055544    0.95526573    1.38313411    1.82911447    2.25896814    2.68185047    3.15811526    3.66031689    4.12654059 
energy          : -3112.90970118  -3112.90708929  -3112.90196869  -3112.89787137  -3112.89684737  -3112.90024867  -3112.90718079  -3112.91658738  -3112.92406877  -3112.92592068 
max(|Fr_perp|)   :   0.00000000    0.00930174    0.01677719    0.02205081    0.02466872    0.02629992    0.02213321    0.01944859    0.01240760    0.00000000 
Fr_paral         :   0.00000000   -0.01070655   -0.01261270   -0.00759098    0.00301279    0.01349981    0.02048220    0.02037795    0.01051167    0.00000000 
max(|Fsp_paral|) :   0.00000000    0.00588014    0.00469732    0.00207838    0.00069127    0.00469883    0.00854708    0.00374570    0.00016677    0.00000000 
max(|Fsp_perp|)  :   0.00000000    0.00000000    0.00000000    0.00000000    0.00000000    0.00000000    0.00000000    0.00000000    0.00000000    0.00000000 
max(|FNEB|)      :   0.00000000    0.01089585    0.01620889    0.02197056    0.02464611    0.02515896    0.02188942    0.01808181    0.01236623    0.00000000 
max(|Force|)     :   0.00384883    0.01163930    0.01749463    0.02242012    0.02526949    0.02907191    0.02617678    0.02277323    0.01386127    0.00361153 
ksp              :   0.02828801    0.06414145    0.09283013    0.10000000    0.10000000    0.07618471    0.02764732    0.01000000    0.01000000 
max(|step|)      :   0.00000000    0.03247545    0.03179384    0.02812397    0.03290123    0.04095773    0.05546051    0.05925533    0.04795963    0.00792461 
angle (deg.)     :    14.4412  8.0259  5.6425  6.2431  5.5959  7.5430  10.7577  18.4734 
>
iteration       : 2
climbing        : no
zoom on         : no
nim             : 10
barrier         :   0.01103639 (image:  4) 
distance        :   0.00000000    0.57254070    1.01116110    1.41721489    1.85014120    2.25531743    2.65041243    3.15839986    3.70564855    4.19734129 
energy          : -3112.90970118  -3112.90736856  -3112.90278447  -3112.89924420  -3112.89866479  -3112.90241798  -3112.90919094  -3112.91873038  -3112.92476432  -3112.92592068 
max(|Fr_perp|)   :   0.00000000    0.00991807    0.01566110    0.01894367    0.02007259    0.01929461    0.01653279    0.01691686    0.00937325    0.00000000 
Fr_paral         :   0.00000000   -0.00947182   -0.01145548   -0.00641607    0.00390669    0.01423066    0.02057535    0.01761096    0.00534490    0.00000000 
max(|Fsp_paral|) :   0.00000000    0.00509664    0.00405991    0.00211264    0.00128203    0.00632100    0.00915972    0.00078752    0.00026298    0.00000000 
max(|Fsp_perp|)  :   0.00000000    0.00000000    0.00000000    0.00000000    0.00000000    0.00000000    0.00000000    0.00000000    0.00000000    0.00000000 
max(|FNEB|)      :   0.00000000    0.00907416    0.01511491    0.01887321    0.02023279    0.01971038    0.01690444    0.01660722    0.00930815    0.00000000 
max(|Force|)     :   0.00384883    0.01076941    0.01638393    0.01926861    0.01988179    0.01878122    0.02098489    0.01993460    0.00990463    0.00361153 
ksp              :   0.02902211    0.06640470    0.09527496    0.10000000    0.10000000    0.06939335    0.01416090    0.01000000    0.01000000 
max(|step|)      :   0.00000000    0.05232720    0.05225968    0.04523603    0.05483991    0.06789020    0.09952629    0.10000000    0.06126517    0.01985800 
angle (deg.)     :    19.3046  12.3578  7.0115  7.6936  6.5056  13.1987  17.4881  20.6679 
>
iteration       : 3
climbing        : yes
zoom on         : no
nim             : 10
barrier         :   0.00955857 (image:  4) 
distance        :   0.00000000    0.67919968    1.10692687    1.48059295    1.88820813    2.24687273    2.59844148    3.18931739    3.79690250    4.33192433 
energy          : -3112.90970118  -3112.90768984  -3112.90364624  -3112.90039282  -3112.90014261  -3112.90423157  -3112.91101022  -3112.92106180  -3112.92474068  -3112.92592068 
max(|Fr_perp|)   :   0.00000000    0.00639658    0.00731452    0.00900812    0.01214078    0.01124645    0.01191883    0.00927038    0.01798988    0.00000000 
Fr_paral         :   0.00000000   -0.00794722   -0.01090756   -0.00592435    0.00490724    0.01627373    0.02169715    0.01134177    0.00066332    0.00000000 
max(|Fsp_paral|) :   0.00000000    0.00359076    0.00378490    0.00224324    0.00257821    0.00788097    0.00801175    0.00007536    0.00035672    0.00000000 
max(|Fsp_perp|)  :   0.00000000    0.00000000    0.00000000    0.00000000    0.00000000    0.00000000    0.00000000    0.00000000    0.00000000    0.00000000 
max(|FNEB|)      :   0.00000000    0.00525599    0.00650807    0.00935063    0.01103890    0.01153925    0.01231644    0.00932497    0.01825636    0.00000000 
max(|Force|)     :   0.00384883    0.00880838    0.01105259    0.00943385    0.01351420    0.01558086    0.01792290    0.01053527    0.01796805    0.00361153 
ksp              :   0.02893992    0.06699295    0.09762176    0.10000000    0.10000000    0.06151364    0.01000000    0.01000000    0.01000000 
max(|step|)      :   0.00000000    0.01639621    0.02030208    0.02916951    0.03443612    0.03599696    0.03842145    0.02908948    0.05695117    0.00000000 
angle (deg.)     :    19.8051  13.5815  7.9764  7.7066  6.8538  16.6021  21.7648  12.1280 
>
iteration       : 4
climbing        : yes
zoom on         : no
nim             : 10
barrier         :   0.00943488 (image:  4) 
distance        :   0.00000000    0.71134783    1.13792576    1.50110712    1.88067107    2.20589155    2.55263746    3.20031505    3.81034032    4.33575756 
energy          : -3112.90970118  -3112.90789667  -3112.90390914  -3112.90057133  -3112.90026630  -3112.90411988  -3112.91120006  -3112.92201531  -3112.92540236  -3112.92592068 
max(|Fr_perp|)   :   0.00000000    0.00519559    0.00598442    0.01390843    0.01873093    0.01586468    0.00945732    0.00658103    0.00480885    0.00000000 
Fr_paral         :   0.00000000   -0.00805526   -0.01150020   -0.00609706    0.00471866    0.01674054    0.02303654    0.01153051    0.00287521    0.00000000 
max(|Fsp_paral|) :   0.00000000    0.00343919    0.00350685    0.00142938    0.00289488    0.00595835    0.00828604    0.00017691    0.00042689    0.00000000 
max(|Fsp_perp|)  :   0.00000000    0.00000000    0.00000000    0.00000000    0.00000000    0.00000000    0.00000000    0.00000000    0.00000000    0.00000000 
max(|FNEB|)      :   0.00000000    0.00518544    0.00615557    0.01329175    0.02005280    0.01851021    0.01130273    0.00654499    0.00484582    0.00000000 
max(|Force|)     :   0.00384883    0.00758806    0.00972848    0.01562616    0.01740906    0.02021313    0.02033311    0.00860895    0.00469373    0.00361153 
ksp              :   0.02721336    0.06525067    0.09709026    0.10000000    0.10000000    0.06324041    0.01000000    0.01000000    0.01000000 
max(|step|)      :   0.00000000    0.01588191    0.01785006    0.01765134    0.02481573    0.03356672    0.03541215    0.02239479    0.02403151    0.00224331 
angle (deg.)     :    21.1073  15.0057  8.6804  6.7637  6.5737  19.6339  24.6398  10.6670 
>
iteration       : 5
climbing        : yes
zoom on         : no
nim             : 10
barrier         :   0.00872233 (image:  3) 
distance        :   0.00000000    0.74419140    1.17105538    1.52226460    1.87759169    2.17444830    2.51143642    3.21595926    3.83415724    4.35939102 
energy          : -3112.90970118  -3112.90792118  -3112.90399468  -3112.90097885  -3112.90100755  -3112.90444781  -3112.91109190  -3112.92234267  -3112.92524139  -3112.92592068 
max(|Fr_perp|)   :   0.00000000    0.00457336    0.00597954    0.00760468    0.00833573    0.00845304    0.00783647    0.00687400    0.01104799    0.00000000 
Fr_paral         :   0.00000000   -0.00808876   -0.01147461   -0.00571512    0.00610571    0.01677325    0.02306690    0.01076797    0.00280854    0.00000000 
max(|Fsp_paral|) :   0.00000000    0.00337401    0.00281851    0.00022856    0.00329726    0.00452442    0.00786594    0.00041081    0.00047416    0.00000000 
max(|Fsp_perp|)  :   0.00000000    0.00000000    0.00000000    0.00000000    0.00000000    0.00000000    0.00000000    0.00000000    0.00000000    0.00000000 
max(|FNEB|)      :   0.00000000    0.00502250    0.00627897    0.00790890    0.00798006    0.00882064    0.01087130    0.00658978    0.01094433    0.00000000 
max(|Force|)     :   0.00384883    0.00743491    0.00878249    0.00730045    0.00866036    0.01499771    0.02027134    0.01066790    0.01134110    0.00361153 
ksp              :   0.02836661    0.06888167    0.10000000    0.10000000    0.09970388    0.06420606    0.01000000    0.01000000    0.01000000 
max(|step|)      :   0.00000000    0.04553718    0.04814986    0.05063266    0.07168599    0.08984161    0.10000000    0.05151121    0.02559765    0.00373428 
angle (deg.)     :    25.3636  19.9660  13.4038  5.1712  8.7357  28.5066  30.3715  14.7450 
>
iteration       : 6
climbing        : yes
zoom on         : no
nim             : 10
barrier         :   0.00859195 (image:  3) 
distance        :   0.00000000    0.84237663    1.26741984    1.60581021    1.88436451    2.12722944    2.43515567    3.30280519    3.95668992    4.48716087 
energy          : -3112.90970118  -3112.90782130  -3112.90399904  -3112.90110923  -3112.90121691  -3112.90403569  -3112.91022705  -3112.92267196  -3112.92492786  -3112.92592068 
max(|Fr_perp|)   :   0.00000000    0.00515397    0.00546463    0.00780481    0.01033261    0.01093758    0.00984611    0.00678158    0.01616797    0.00000000 
Fr_paral         :   0.00000000   -0.00789590   -0.01195130   -0.00528428    0.00692358    0.01700329    0.02406857    0.00784867    0.00184009    0.00000000 
max(|Fsp_paral|) :   0.00000000    0.00186902    0.00225552    0.00370228    0.00236492    0.00160865    0.00734364    0.00103765    0.00063367    0.00000000 
max(|Fsp_perp|)  :   0.00000000    0.00000000    0.00000000    0.00000000    0.00000000    0.00000000    0.00000000    0.00000000    0.00000000    0.00000000 
max(|FNEB|)      :   0.00000000    0.00468433    0.00518738    0.00828736    0.01028216    0.01098526    0.01002573    0.00695762    0.01618869    0.00000000 
max(|Force|)     :   0.00384883    0.00808010    0.01192972    0.00771091    0.01095769    0.01471506    0.01706112    0.00907666    0.01635505    0.00361153 
ksp              :   0.02969986    0.06972675    0.10000000    0.10000000    0.09889057    0.06937964    0.01000000    0.01000000    0.01000000 
max(|step|)      :   0.00000000    0.01092071    0.01209348    0.01932057    0.02397111    0.02561026    0.02337327    0.01622049    0.03774116    0.00000000 
angle (deg.)     :    26.6566  21.1287  12.7861  5.6814  7.9096  30.5489  28.0125  12.5195 
>
iteration       : 7
climbing        : yes
zoom on         : no
nim             : 10
barrier         :   0.00847170 (image:  3) 
distance        :   0.00000000    0.85920931    1.28903444    1.63290016    1.89054609    2.13781035    2.42665409    3.33057647    3.99148201    4.52242830 
energy          : -3112.90970118  -3112.90794956  -3112.90412878  -3112.90122948  -3112.90134796  -3112.90417315  -3112.91003549  -3112.92308723  -3112.92560601  -3112.92592068 
max(|Fr_perp|)   :   0.00000000    0.00238003    0.00539194    0.00949689    0.01218887    0.01170512    0.00717444    0.00291106    0.00466287    0.00000000 
Fr_paral         :   0.00000000   -0.00737850   -0.01149300   -0.00432770    0.00595876    0.01645021    0.02361458    0.00690607    0.00228771    0.00000000 
max(|Fsp_paral|) :   0.00000000    0.00208127    0.00251424    0.00535452    0.00084280    0.00285578    0.00654823    0.00117490    0.00066629    0.00000000 
max(|Fsp_perp|)  :   0.00000000    0.00000000    0.00000000    0.00000000    0.00000000    0.00000000    0.00000000    0.00000000    0.00000000    0.00000000 
max(|FNEB|)      :   0.00000000    0.00332680    0.00401151    0.00805737    0.01271092    0.01306786    0.00999551    0.00306562    0.00453987    0.00000000 
max(|Force|)     :   0.00384883    0.00494456    0.00889363    0.01093642    0.01068069    0.01754390    0.02112615    0.00444894    0.00486525    0.00361153 
ksp              :   0.02860848    0.06919895    0.10000000    0.10000000    0.09874131    0.06872761    0.01000000    0.01000000    0.01000000 
max(|step|)      :   0.00000000    0.00961692    0.01074371    0.01041779    0.01101133    0.01357160    0.02188106    0.00891210    0.02363873    0.00066973 
angle (deg.)     :    27.8533  22.2576  12.3919  5.1153  6.7785  33.0498  26.5305  13.4460 
>
iteration       : 8
climbing        : yes
zoom on         : no
nim             : 10
barrier         :   0.00835901 (image:  3) 
distance        :   0.00000000    0.87744539    1.31101815    1.65723029    1.89735230    2.14133472    2.41308661    3.35080028    4.01889534    4.55433170 
energy          : -3112.90970118  -3112.90795080  -3112.90413219  -3112.90134217  -3112.90154278  -3112.90429793  -3112.90974255  -3112.92316449  -3112.92564271  -3112.92592068 
max(|Fr_perp|)   :   0.00000000    0.00230283    0.00278221    0.00317993    0.00369452    0.00372538    0.00400788    0.00300028    0.00311808    0.00000000 
Fr_paral         :   0.00000000   -0.00705653   -0.01112332   -0.00360243    0.00605943    0.01622454    0.02316933    0.00638491    0.00196039    0.00000000 
max(|Fsp_paral|) :   0.00000000    0.00202000    0.00240917    0.00673187    0.00009030    0.00342098    0.00563031    0.00130014    0.00067784    0.00000000 
max(|Fsp_perp|)  :   0.00000000    0.00000000    0.00000000    0.00000000    0.00000000    0.00000000    0.00000000    0.00000000    0.00000000    0.00000000 
max(|FNEB|)      :   0.00000000    0.00310785    0.00339125    0.00391225    0.00363825    0.00495326    0.00664773    0.00301144    0.00327552    0.00000000 
max(|Force|)     :   0.00384883    0.00365317    0.00607804    0.00388530    0.00602042    0.01257357    0.01701553    0.00335762    0.00290018    0.00361153 
ksp              :   0.02884605    0.06996036    0.10000000    0.10000000    0.09784007    0.06817581    0.01000000    0.01000000    0.01000000 
max(|step|)      :   0.00000000    0.01548243    0.01786571    0.01621713    0.01652367    0.02339969    0.03447371    0.01428748    0.01187587    0.00523038 
angle (deg.)     :    29.6086  23.9888  12.1454  4.8668  5.3410  37.4637  25.9112  14.6384 
>
iteration       : 9
climbing        : yes
zoom on         : no
nim             : 10
barrier         :   0.00836809 (image:  3) 
distance        :   0.00000000    0.90946897    1.34718359    1.69447196    1.91009537    2.13835497    2.38715713    3.37700236    4.05715725    4.59961216 
energy          : -3112.90970118  -3112.90789476  -3112.90403055  -3112.90133309  -3112.90157851  -3112.90409455  -3112.90900945  -3112.92316181  -3112.92555940  -3112.92592068 
max(|Fr_perp|)   :   0.00000000    0.00203398    0.00214629    0.00233971    0.00239467    0.00247006    0.00341931    0.00282850    0.00686730    0.00000000 
Fr_paral         :   0.00000000   -0.00686804   -0.01099865   -0.00294063    0.00613969    0.01584747    0.02293543    0.00645731    0.00148762    0.00000000 
max(|Fsp_paral|) :   0.00000000    0.00173321    0.00213230    0.00854372    0.00043413    0.00311528    0.00014515    0.00502535    0.00070033    0.00000000 
max(|Fsp_perp|)  :   0.00000000    0.00000000    0.00000000    0.00000000    0.00000000    0.00000000    0.00000000    0.00000000    0.00000000    0.00000000 
max(|FNEB|)      :   0.00000000    0.00273815    0.00313871    0.00330682    0.00245366    0.00425194    0.00336292    0.00571978    0.00705066    0.00000000 
max(|Force|)     :   0.00384883    0.00356784    0.00768227    0.00325770    0.00434348    0.00920025    0.01347530    0.00337758    0.00668121    0.00361153 
ksp              :   0.02942831    0.07098841    0.10000000    0.10000000    0.09736044    0.07030008    0.01743967    0.01000000    0.01000000 
max(|step|)      :   0.00000000    0.02733687    0.03110324    0.02767772    0.02740720    0.04133610    0.04996512    0.02842819    0.01031617    0.00329823 
angle (deg.)     :    32.6513  26.8622  13.0106  5.1997  5.4331  45.5903  25.3460  15.5653 
>
iteration       : 10
climbing        : yes
zoom on         : no
nim             : 10
barrier         :   0.00843166 (image:  3) 
distance        :   0.00000000    0.96515078    1.40962579    1.75895748    1.93792975    2.13357941    2.37581451    3.39850643    4.12776908    4.68004456 
energy          : -3112.90970118  -3112.90778124  -3112.90381205  -3112.90126953  -3112.90154448  -3112.90359800  -3112.90829864  -3112.92291880  -3112.92558863  -3112.92592068 
max(|Fr_perp|)   :   0.00000000    0.00208381    0.00269615    0.00576377    0.00861960    0.00751241    0.00408514    0.00379218    0.00618518    0.00000000 
Fr_paral         :   0.00000000   -0.00676962   -0.01079094   -0.00181855    0.00592824    0.01478572    0.02259865    0.00777136    0.00129578    0.00000000 
max(|Fsp_paral|) :   0.00000000    0.00118396    0.00156315    0.01150376    0.00074940    0.00053672    0.00478655    0.00874807    0.00089875    0.00000000 
max(|Fsp_perp|)  :   0.00000000    0.00000000    0.00000000    0.00000000    0.00000000    0.00000000    0.00000000    0.00000000    0.00000000    0.00000000 
max(|FNEB|)      :   0.00000000    0.00256118    0.00275476    0.00635484    0.00891270    0.00725041    0.00455377    0.00999037    0.00643690    0.00000000 
max(|Force|)     :   0.00384883    0.00417138    0.00724719    0.00517270    0.01055791    0.01252892    0.01269091    0.00435069    0.00600882    0.00361153 
ksp              :   0.03049353    0.07286090    0.10000000    0.10000000    0.09706516    0.07514569    0.02497076    0.01000000    0.01000000 
max(|step|)      :   0.00000000    0.06019783    0.06680963    0.05924478    0.05866044    0.08723546    0.10000000    0.08550589    0.02253369    0.00701444 
angle (deg.)     :    39.7443  32.5259  25.3944  11.6853  8.7466  61.5131  25.3431  17.2842 
>
iteration       : 11
climbing        : yes
zoom on         : no
nim             : 10
barrier         :   0.00856577 (image:  3) 
distance        :   0.00000000    1.08935230    1.55209603    1.91386719    2.03000744    2.16824883    2.42932471    3.45094935    4.33416123    4.91202982 
energy          : -3112.90970118  -3112.90746123  -3112.90316150  -3112.90113541  -3112.90146553  -3112.90272566  -3112.90709991  -3112.92177872  -3112.92562944  -3112.92592068 
max(|Fr_perp|)   :   0.00000000    0.00287114    0.00824464    0.00841415    0.00702671    0.00784511    0.01397876    0.00896790    0.00400934    0.00000000 
Fr_paral         :   0.00000000   -0.00666289   -0.01008529    0.00127491    0.00555379    0.01225913    0.02009164    0.00984686    0.00142978    0.00000000 
max(|Fsp_paral|) :   0.00000000    0.00004565    0.00016203    0.01666245    0.00116787    0.00601967    0.01127913    0.01400445    0.00155932    0.00000000 
max(|Fsp_perp|)  :   0.00000000    0.00000000    0.00000000    0.00000000    0.00000000    0.00000000    0.00000000    0.00000000    0.00000000    0.00000000 
max(|FNEB|)      :   0.00000000    0.00291901    0.00826919    0.00809971    0.00767268    0.01092048    0.01943469    0.01643478    0.00406183    0.00000000 
max(|Force|)     :   0.00384883    0.00394827    0.00994195    0.00899930    0.00906385    0.01228725    0.02052599    0.00927512    0.00404803    0.00361153 
ksp              :   0.03353445    0.07872032    0.10000000    0.10000000    0.09653835    0.08332160    0.03749749    0.01000000    0.01000000 
max(|step|)      :   0.00000000    0.00693978    0.01965953    0.01925661    0.01824137    0.02596284    0.04620489    0.03907277    0.00965678    0.00000000 
angle (deg.)     :    40.2820  31.9671  22.6453  11.1950  8.1129  60.7615  23.9917  16.7466 
>
iteration       : 12
climbing        : yes
zoom on         : no
nim             : 10
barrier         :   0.00852896 (image:  3) 
distance        :   0.00000000    1.08930464    1.54997728    1.90963238    2.03396547    2.18660282    2.46992115    3.38966191    4.33468710    4.91770015 
energy          : -3112.90970118  -3112.90750516  -3112.90316370  -3112.90117222  -3112.90158340  -3112.90306814  -3112.90796132  -3112.92146046  -3112.92566961  -3112.92592068 
max(|Fr_perp|)   :   0.00000000    0.00229429    0.00846761    0.00821967    0.00566107    0.00848351    0.01710943    0.00715159    0.00198559    0.00000000 
Fr_paral         :   0.00000000   -0.00681224   -0.00989804    0.00141229    0.00589835    0.01284503    0.02007281    0.01038710    0.00198781    0.00000000 
max(|Fsp_paral|) :   0.00000000    0.00010549    0.00027034    0.01601085    0.00148155    0.00561630    0.00224930    0.00796037    0.00186496    0.00000000 
max(|Fsp_perp|)  :   0.00000000    0.00000000    0.00000000    0.00000000    0.00000000    0.00000000    0.00000000    0.00000000    0.00000000    0.00000000 
max(|FNEB|)      :   0.00000000    0.00226950    0.00863789    0.00868759    0.00541489    0.00940343    0.01587717    0.01037368    0.00190304    0.00000000 
max(|Force|)     :   0.00384883    0.00338322    0.01177284    0.00775174    0.00796900    0.01269917    0.02134620    0.00964764    0.00206315    0.00361153 
ksp              :   0.03317305    0.07898532    0.10000000    0.10000000    0.09566114    0.07999379    0.02835954    0.01000000    0.01000000 
max(|step|)      :   0.00000000    0.00273695    0.00571146    0.00672633    0.00537912    0.01192717    0.01575675    0.02425727    0.00436662    0.00220494 
angle (deg.)     :    40.7352  31.4694  20.6912  7.9881  7.2463  59.2998  24.1914  16.6649 
>
iteration       : 13
climbing        : yes
zoom on         : no
nim             : 10
barrier         :   0.00842974 (image:  3) 
distance        :   0.00000000    1.09027084    1.54819577    1.90549184    2.03689236    2.20024044    2.48624494    3.34368333    4.32715255    4.91609475 
energy          : -3112.90970118  -3112.90752021  -3112.90328719  -3112.90127144  -3112.90170513  -3112.90340376  -3112.90884410  -3112.92127302  -3112.92567238  -3112.92592068 
max(|Fr_perp|)   :   0.00000000    0.00141805    0.00347986    0.00340153    0.00392088    0.00415022    0.00737597    0.00561576    0.00146214    0.00000000 
Fr_paral         :   0.00000000   -0.00684784   -0.01009707    0.00107736    0.00644951    0.01391077    0.02220696    0.01044913    0.00214425    0.00000000 
max(|Fsp_paral|) :   0.00000000    0.00015053    0.00013344    0.01524258    0.00165261    0.00452289    0.00377004    0.00314493    0.00204148    0.00000000 
max(|Fsp_perp|)  :   0.00000000    0.00000000    0.00000000    0.00000000    0.00000000    0.00000000    0.00000000    0.00000000    0.00000000    0.00000000 
max(|FNEB|)      :   0.00000000    0.00144997    0.00357922    0.00377130    0.00400350    0.00620401    0.00929117    0.00535931    0.00216514    0.00000000 
max(|Force|)     :   0.00384883    0.00331668    0.00686540    0.00324340    0.00675634    0.01130427    0.01720329    0.00868138    0.00145839    0.00361153 
ksp              :   0.03328513    0.07847892    0.10000000    0.10000000    0.09536972    0.07723430    0.01915056    0.01000000    0.01000000 
max(|step|)      :   0.00000000    0.00455211    0.00636336    0.00798240    0.00989252    0.01873490    0.01279617    0.02895025    0.00717609    0.00064612 
angle (deg.)     :    41.7298  30.5989  17.9739  5.5565  6.6543  54.6137  27.6894  16.4631 
>
