NEB log file generated by ORCA
All quantities are given in atomic units. Unless stated otherwise. 
iteration       : 0
climbing        : no
zoom on         : no
nim             : 10
barrier         :   0.04337969 (image:  4) 
distance        :   0.00000000    0.77590405    1.55431834    2.33589642    3.11946338    3.90291097    4.68651595    5.46811813    6.24653324    7.02243413 
energy          : -3191.54198749  -3191.53438086  -3191.52073454  -3191.50675714  -3191.49860780  -3191.50193471  -3191.51479020  -3191.53117593  -3191.54657788  -3191.55491733 
max(|Fr_perp|)   :   0.00000000    0.01370657    0.01902988    0.02363288    0.02508473    0.02539625    0.02303365    0.01991243    0.01880243    0.00000000 
Fr_paral         :   0.00000000   -0.01510671   -0.01896890   -0.01563459   -0.00353620    0.01131407    0.02004510    0.02162843    0.01712099    0.00000000 
max(|Fsp_paral|) :   0.00000000    0.00786286    0.00800844    0.00459628    0.00000224    0.00191499    0.00719132    0.00935696    0.00618566    0.00000000 
max(|Fsp_perp|)  :   0.00000000    0.00000000    0.00000000    0.00000000    0.00000000    0.00000000    0.00000000    0.00000000    0.00000000    0.00000000 
max(|FNEB|)      :   0.00000000    0.01169576    0.01872655    0.02351066    0.02520945    0.02527782    0.02231976    0.01911394    0.01494717    0.00000000 
max(|Force|)     :   0.00643539    0.01689368    0.01964884    0.02403694    0.02525352    0.02600426    0.02409194    0.02436470    0.02255545    0.00535678 
ksp              :   0.02578148    0.05409457    0.08309322    0.10000000    0.10000000    0.09310275    0.06643727    0.03244582    0.01000000 
max(|step|)      :   0.00000000    0.02516485    0.04029245    0.05058604    0.05424120    0.05438831    0.04802366    0.04112596    0.03216066    0.00000000 
angle (deg.)     :    7.2101  6.7620  7.0406  6.8788  6.7923  6.9313  6.8816  7.8277 
>
iteration       : 1
climbing        : yes
zoom on         : no
nim             : 10
barrier         :   0.04077366 (image:  4) 
distance        :   0.00000000    0.82507954    1.60513768    2.36593919    3.12041431    3.89273415    4.64229916    5.41192745    6.21062778    7.02695911 
energy          : -3191.54198749  -3191.53475407  -3191.52160639  -3191.50854395  -3191.50121383  -3191.50467725  -3191.51674068  -3191.53253591  -3191.54766962  -3191.55491733 
max(|Fr_perp|)   :   0.00000000    0.01327370    0.01284208    0.01470329    0.01560733    0.01497485    0.01377101    0.01893003    0.01796933    0.00000000 
Fr_paral         :   0.00000000   -0.01503189   -0.01917175   -0.01600314   -0.00364769    0.01276827    0.02069140    0.02209059    0.01645643    0.00000000 
max(|Fsp_paral|) :   0.00000000    0.00768484    0.00735292    0.00412010    0.00064806    0.00293805    0.00641770    0.00915279    0.00589736    0.00000000 
max(|Fsp_perp|)  :   0.00000000    0.00000000    0.00000000    0.00000000    0.00000000    0.00000000    0.00000000    0.00000000    0.00000000    0.00000000 
max(|FNEB|)      :   0.00000000    0.01274724    0.01563524    0.01500098    0.01575011    0.01506491    0.01542459    0.01717446    0.01439592    0.00000000 
max(|Force|)     :   0.00643539    0.01645533    0.01733334    0.01810679    0.01570019    0.01534622    0.01933301    0.02396114    0.02152294    0.00535678 
ksp              :   0.02596629    0.05499004    0.08382380    0.10000000    0.10000000    0.09236006    0.06574071    0.03087788    0.01000000 
max(|step|)      :   0.00000000    0.02642680    0.03241404    0.03109912    0.03265217    0.03123166    0.03197733    0.03560505    0.02984475    0.00000000 
angle (deg.)     :    8.7391  7.0308  7.4099  7.1911  7.0233  7.2311  7.4236  9.8214 
>
iteration       : 2
climbing        : yes
zoom on         : no
nim             : 10
barrier         :   0.03945407 (image:  4) 
distance        :   0.00000000    0.87384075    1.65605675    2.40161430    3.13948455    3.89398592    4.62698343    5.38584077    6.20835674    7.06511873 
energy          : -3191.54198749  -3191.53498151  -3191.52202538  -3191.50944163  -3191.50253343  -3191.50607412  -3191.51783221  -3191.53337053  -3191.54847030  -3191.55491733 
max(|Fr_perp|)   :   0.00000000    0.01296374    0.01649207    0.02076724    0.02127911    0.02049755    0.01861264    0.01878345    0.01713611    0.00000000 
Fr_paral         :   0.00000000   -0.01452977   -0.01848836   -0.01468296   -0.00288822    0.01167609    0.01970803    0.02158809    0.01529178    0.00000000 
max(|Fsp_paral|) :   0.00000000    0.00746748    0.00685507    0.00402021    0.00062781    0.00308454    0.00630850    0.00885629    0.00571054    0.00000000 
max(|Fsp_perp|)  :   0.00000000    0.00000000    0.00000000    0.00000000    0.00000000    0.00000000    0.00000000    0.00000000    0.00000000    0.00000000 
max(|FNEB|)      :   0.00000000    0.01094889    0.01608181    0.02060038    0.02124838    0.02056383    0.01863359    0.01593672    0.01374238    0.00000000 
max(|Force|)     :   0.00643539    0.01608040    0.01691393    0.02099035    0.02130984    0.02040031    0.01858136    0.02405808    0.02040120    0.00535678 
ksp              :   0.02598158    0.05553625    0.08424146    0.10000000    0.10000000    0.09192321    0.06510143    0.02965644    0.01000000 
max(|step|)      :   0.00000000    0.02183600    0.02430111    0.01990644    0.02036404    0.02243611    0.02845937    0.03167483    0.02750221    0.00129803 
angle (deg.)     :    10.3068  7.3467  7.6286  7.3783  7.1627  7.2869  8.0861  11.7085 
>
iteration       : 3
climbing        : yes
zoom on         : no
nim             : 10
barrier         :   0.03846963 (image:  4) 
distance        :   0.00000000    0.91942156    1.70190990    2.43215417    3.15481288    3.89064733    4.60654738    5.35370188    6.19765151    7.09276553 
energy          : -3191.54198749  -3191.53510007  -3191.52231547  -3191.51017213  -3191.50351787  -3191.50713966  -3191.51872103  -3191.53399067  -3191.54906056  -3191.55491733 
max(|Fr_perp|)   :   0.00000000    0.01244435    0.01356734    0.01658319    0.01715051    0.01656573    0.01509365    0.01791572    0.01585744    0.00000000 
Fr_paral         :   0.00000000   -0.01438122   -0.01840459   -0.01459746   -0.00267123    0.01189175    0.01988149    0.02164488    0.01450040    0.00000000 
max(|Fsp_paral|) :   0.00000000    0.00719984    0.00633205    0.00398007    0.00050937    0.00315614    0.00619698    0.00849573    0.00557564    0.00000000 
max(|Fsp_perp|)  :   0.00000000    0.00000000    0.00000000    0.00000000    0.00000000    0.00000000    0.00000000    0.00000000    0.00000000    0.00000000 
max(|FNEB|)      :   0.00000000    0.01067809    0.01324472    0.01642495    0.01712132    0.01663617    0.01513375    0.01531878    0.01261549    0.00000000 
max(|Force|)     :   0.00643539    0.01557551    0.01599524    0.01680070    0.01717971    0.01646138    0.01719242    0.02355305    0.01892277    0.00535678 
ksp              :   0.02611318    0.05602286    0.08443229    0.10000000    0.10000000    0.09152678    0.06443207    0.02870863    0.01000000 
max(|step|)      :   0.00000000    0.06952057    0.07554658    0.06058571    0.05578797    0.06255660    0.08610255    0.10000000    0.08082482    0.00617527 
angle (deg.)     :    15.1907  9.1922  8.6595  8.0289  7.7430  7.7283  11.2857  16.5069 
>
iteration       : 4
climbing        : yes
zoom on         : no
nim             : 10
barrier         :   0.03703361 (image:  4) 
distance        :   0.00000000    1.06547849    1.84347817    2.53511746    3.20912689    3.88434818    4.54903247    5.26316632    6.17527001    7.19628094 
energy          : -3191.54198749  -3191.53534319  -3191.52266868  -3191.51095489  -3191.50495388  -3191.50868152  -3191.52000272  -3191.53528080  -3191.55034328  -3191.55491733 
max(|Fr_perp|)   :   0.00000000    0.01058476    0.00935376    0.01635430    0.01976251    0.01887428    0.01349423    0.01488661    0.01068655    0.00000000 
Fr_paral         :   0.00000000   -0.01431161   -0.01915400   -0.01460925   -0.00208667    0.01250476    0.02112474    0.02266339    0.01218273    0.00000000 
max(|Fsp_paral|) :   0.00000000    0.00613147    0.00522244    0.00336783    0.00004911    0.00299397    0.00575473    0.00750532    0.00520047    0.00000000 
max(|Fsp_perp|)  :   0.00000000    0.00000000    0.00000000    0.00000000    0.00000000    0.00000000    0.00000000    0.00000000    0.00000000    0.00000000 
max(|FNEB|)      :   0.00000000    0.00946337    0.00992576    0.01632665    0.01995095    0.01910482    0.01338907    0.01327384    0.00811037    0.00000000 
max(|Force|)     :   0.00643539    0.01391891    0.01526249    0.01687078    0.01999832    0.01903231    0.01748973    0.02190346    0.01317643    0.00535678 
ksp              :   0.02614329    0.05694086    0.08541593    0.10000000    0.10000000    0.09094412    0.06343175    0.02629900    0.01000000 
max(|step|)      :   0.00000000    0.02076059    0.02177498    0.03581716    0.04376809    0.04191187    0.02937274    0.02911994    0.01779241    0.00000000 
angle (deg.)     :    16.8244  9.6640  8.7005  8.2958  7.8464  7.7199  12.5790  17.3417 
>
iteration       : 5
climbing        : yes
zoom on         : no
nim             : 10
barrier         :   0.03688247 (image:  4) 
distance        :   0.00000000    1.10813644    1.88627242    2.56437858    3.22491513    3.88066037    4.52846190    5.23135273    6.16668146    7.22488978 
energy          : -3191.54198749  -3191.53537265  -3191.52260323  -3191.51096020  -3191.50510502  -3191.50881412  -3191.52005985  -3191.53537098  -3191.55049139  -3191.55491733 
max(|Fr_perp|)   :   0.00000000    0.01011502    0.00862022    0.01278392    0.01615938    0.01550531    0.00994025    0.01373715    0.00945834    0.00000000 
Fr_paral         :   0.00000000   -0.01435188   -0.01964853   -0.01506761   -0.00206700    0.01311234    0.02187374    0.02314616    0.01164797    0.00000000 
max(|Fsp_paral|) :   0.00000000    0.00584644    0.00478026    0.00324811    0.00020155    0.00283638    0.00554259    0.00706779    0.00527433    0.00000000 
max(|Fsp_perp|)  :   0.00000000    0.00000000    0.00000000    0.00000000    0.00000000    0.00000000    0.00000000    0.00000000    0.00000000    0.00000000 
max(|FNEB|)      :   0.00000000    0.00910681    0.00971522    0.01288080    0.01617749    0.01546092    0.01018417    0.01287383    0.00797974    0.00000000 
max(|Force|)     :   0.00643539    0.01354286    0.01499697    0.01260139    0.01614128    0.01559161    0.01695442    0.02119729    0.01176304    0.00535678 
ksp              :   0.02614144    0.05730117    0.08571229    0.10000000    0.10000000    0.09094913    0.06350747    0.02614550    0.01000000 
max(|step|)      :   0.00000000    0.02185130    0.02314229    0.01667254    0.01076414    0.01550228    0.02464766    0.03074622    0.01888036    0.00016524 
angle (deg.)     :    18.3432  10.3483  8.8691  8.5523  7.9289  7.9072  14.0041  18.0425 
>
iteration       : 6
climbing        : yes
zoom on         : no
nim             : 10
barrier         :   0.03669953 (image:  4) 
distance        :   0.00000000    1.15342922    1.93190896    2.59737133    3.24479772    3.88086833    4.51225189    5.20430121    6.16406765    7.26240697 
energy          : -3191.54198749  -3191.53537925  -3191.52247559  -3191.51096797  -3191.50528797  -3191.50897666  -3191.52006790  -3191.53537480  -3191.55059009  -3191.55491733 
max(|Fr_perp|)   :   0.00000000    0.00946896    0.00800274    0.01351654    0.01691493    0.01628685    0.01109714    0.01269109    0.00808846    0.00000000 
Fr_paral         :   0.00000000   -0.01443057   -0.01995029   -0.01504165   -0.00187232    0.01317810    0.02218395    0.02351147    0.01112254    0.00000000 
max(|Fsp_paral|) :   0.00000000    0.00556538    0.00443084    0.00311986    0.00048691    0.00268268    0.00528122    0.00676086    0.00542882    0.00000000 
max(|Fsp_perp|)  :   0.00000000    0.00000000    0.00000000    0.00000000    0.00000000    0.00000000    0.00000000    0.00000000    0.00000000    0.00000000 
max(|FNEB|)      :   0.00000000    0.00866897    0.00895232    0.01360433    0.01693162    0.01624220    0.01104925    0.01206972    0.00785401    0.00000000 
max(|Force|)     :   0.00643539    0.01301441    0.01482045    0.01334137    0.01689824    0.01638000    0.01670520    0.02059815    0.01022241    0.00535678 
ksp              :   0.02620571    0.05784997    0.08607065    0.10000000    0.10000000    0.09095405    0.06375446    0.02621661    0.01000000 
max(|step|)      :   0.00000000    0.07341101    0.07179251    0.04822025    0.02865749    0.04120699    0.07497602    0.10000000    0.06895859    0.00342952 
angle (deg.)     :    23.2159  13.9839  9.4953  9.6528  8.1064  8.8867  20.7598  19.0658 
>
iteration       : 7
climbing        : yes
zoom on         : no
nim             : 10
barrier         :   0.03708946 (image:  4) 
distance        :   0.00000000    1.30985760    2.08204682    2.71605614    3.31812532    3.89254154    4.47041230    5.12816948    6.15642145    7.40524742 
energy          : -3191.54198749  -3191.53504044  -3191.52203756  -3191.51037453  -3191.50489803  -3191.50840616  -3191.51965656  -3191.53480514  -3191.55036927  -3191.55491733 
max(|Fr_perp|)   :   0.00000000    0.01054098    0.00781237    0.01820923    0.01862819    0.01808500    0.01157532    0.01206414    0.00528705    0.00000000 
Fr_paral         :   0.00000000   -0.01429876   -0.02013754   -0.01562250   -0.00167542    0.01348961    0.02407279    0.02282075    0.01015107    0.00000000 
max(|Fsp_paral|) :   0.00000000    0.00373136    0.00393807    0.00233587    0.00126527    0.00211194    0.00458756    0.00542495    0.00609056    0.00000000 
max(|Fsp_perp|)  :   0.00000000    0.00000000    0.00000000    0.00000000    0.00000000    0.00000000    0.00000000    0.00000000    0.00000000    0.00000000 
max(|FNEB|)      :   0.00000000    0.01067272    0.00796928    0.01846784    0.01883399    0.01821685    0.01154002    0.01228063    0.00756748    0.00000000 
max(|Force|)     :   0.00643539    0.01146885    0.01467930    0.01815977    0.01879336    0.01840261    0.01671508    0.01949736    0.00698527    0.00535678 
ksp              :   0.02685558    0.05838357    0.08669748    0.10000000    0.10000000    0.09149431    0.06416984    0.02743249    0.01000000 
max(|step|)      :   0.00000000    0.01494862    0.01116207    0.02586676    0.02637960    0.02551522    0.01616340    0.01720072    0.01059930    0.00000000 
angle (deg.)     :    23.8376  13.6399  9.2132  9.6323  7.9093  8.6541  20.7239  19.1755 
>
iteration       : 8
climbing        : yes
zoom on         : no
nim             : 10
barrier         :   0.03598960 (image:  4) 
distance        :   0.00000000    1.32802286    2.10248392    2.73170287    3.32930432    3.89534855    4.46465745    5.12228195    6.15175798    7.42532300 
energy          : -3191.54198749  -3191.53519550  -3191.52200486  -3191.51098228  -3191.50599790  -3191.50952419  -3191.51989690  -3191.53502966  -3191.55032284  -3191.55491733 
max(|Fr_perp|)   :   0.00000000    0.00695173    0.00591795    0.00605608    0.00726412    0.00664508    0.00610720    0.00917413    0.00487842    0.00000000 
Fr_paral         :   0.00000000   -0.01459605   -0.02063309   -0.01466549   -0.00115571    0.01313234    0.02307188    0.02428764    0.01004352    0.00000000 
max(|Fsp_paral|) :   0.00000000    0.00399490    0.00350872    0.00211047    0.00145628    0.00219030    0.00393605    0.00576257    0.00600206    0.00000000 
max(|Fsp_perp|)  :   0.00000000    0.00000000    0.00000000    0.00000000    0.00000000    0.00000000    0.00000000    0.00000000    0.00000000    0.00000000 
max(|FNEB|)      :   0.00000000    0.00633059    0.00621965    0.00598158    0.00724941    0.00667630    0.00629024    0.00879351    0.00746191    0.00000000 
max(|Force|)     :   0.00643539    0.01094626    0.01430317    0.00755192    0.00727882    0.00757927    0.01619124    0.01869660    0.00651778    0.00535678 
ksp              :   0.02698488    0.05997102    0.08753543    0.10000000    0.10000000    0.09118172    0.06524245    0.02739962    0.01000000 
max(|step|)      :   0.00000000    0.00843901    0.00844873    0.00569290    0.00399094    0.00538588    0.00897980    0.01175385    0.01012151    0.00015255 
angle (deg.)     :    24.4763  13.9590  9.1337  9.7756  7.8150  8.6913  21.4434  19.2920 
>
iteration       : 9
climbing        : yes
zoom on         : no
nim             : 10
barrier         :   0.03594036 (image:  4) 
distance        :   0.00000000    1.34687542    2.12185466    2.74658984    3.33955283    3.89767433    4.46098385    5.11448115    6.14810110    7.44532087 
energy          : -3191.54198749  -3191.53517433  -3191.52192650  -3191.51094856  -3191.50604714  -3191.50954231  -3191.51979926  -3191.53496249  -3191.55023660  -3191.55491733 
max(|Fr_perp|)   :   0.00000000    0.00663115    0.00559152    0.00489417    0.00496220    0.00480615    0.00568315    0.00870776    0.00459878    0.00000000 
Fr_paral         :   0.00000000   -0.01456562   -0.02080734   -0.01461650   -0.00107057    0.01312186    0.02311489    0.02449946    0.00999634    0.00000000 
max(|Fsp_paral|) :   0.00000000    0.00385146    0.00335920    0.00203669    0.00161562    0.00206682    0.00380321    0.00570510    0.00603189    0.00000000 
max(|Fsp_perp|)  :   0.00000000    0.00000000    0.00000000    0.00000000    0.00000000    0.00000000    0.00000000    0.00000000    0.00000000    0.00000000 
max(|FNEB|)      :   0.00000000    0.00608178    0.00585988    0.00482593    0.00494976    0.00484903    0.00562272    0.00843865    0.00739410    0.00000000 
max(|Force|)     :   0.00643539    0.01066455    0.01419501    0.00778880    0.00497463    0.00739661    0.01595835    0.01846448    0.00620615    0.00535678 
ksp              :   0.02706116    0.06023572    0.08772612    0.10000000    0.10000000    0.09124756    0.06556262    0.02759166    0.01000000 
max(|step|)      :   0.00000000    0.07141927    0.07060210    0.04532568    0.02131990    0.04113384    0.07261623    0.10000000    0.08811458    0.00407062 
angle (deg.)     :    29.7437  17.6661  9.1112  11.2988  7.6497  9.4251  28.3293  20.5055 
>
iteration       : 10
climbing        : yes
zoom on         : no
nim             : 10
barrier         :   0.03585090 (image:  4) 
distance        :   0.00000000    1.50974903    2.28908159    2.88041907    3.43673357    3.93184900    4.44872213    5.06667920    6.13423741    7.63917266 
energy          : -3191.54198749  -3191.53481636  -3191.52107915  -3191.51047521  -3191.50613659  -3191.50934917  -3191.51886288  -3191.53388191  -3191.54934088  -3191.55491733 
max(|Fr_perp|)   :   0.00000000    0.00399245    0.00322737    0.00519197    0.00691651    0.00705667    0.00597090    0.00504789    0.00365183    0.00000000 
Fr_paral         :   0.00000000   -0.01424895   -0.02162731   -0.01433181   -0.00044958    0.01297435    0.02360883    0.02545240    0.00969718    0.00000000 
max(|Fsp_paral|) :   0.00000000    0.00239352    0.00189754    0.00140452    0.00297783    0.00097593    0.00278393    0.00437435    0.00670292    0.00000000 
max(|Fsp_perp|)  :   0.00000000    0.00000000    0.00000000    0.00000000    0.00000000    0.00000000    0.00000000    0.00000000    0.00000000    0.00000000 
max(|FNEB|)      :   0.00000000    0.00362314    0.00315897    0.00523600    0.00703118    0.00720103    0.00609017    0.00569543    0.00717254    0.00000000 
max(|Force|)     :   0.00643539    0.00832714    0.01349906    0.00799368    0.00704166    0.00759593    0.01463661    0.01657484    0.00528452    0.00535678 
ksp              :   0.02799937    0.06248141    0.08910281    0.10000000    0.10000000    0.09193532    0.06804778    0.03034127    0.01000000 
max(|step|)      :   0.00000000    0.01426957    0.01244147    0.02062173    0.02769198    0.02836091    0.02398584    0.02243120    0.02824872    0.00000000 
angle (deg.)     :    30.9660  18.8081  8.8941  11.4399  7.4822  9.1320  30.0685  20.9525 
>
iteration       : 11
climbing        : yes
zoom on         : no
nim             : 10
barrier         :   0.03598347 (image:  4) 
distance        :   0.00000000    1.54553333    2.32228527    2.90968079    3.45584526    3.94094743    4.44407029    5.04947444    6.10198953    7.67854459 
energy          : -3191.54198749  -3191.53470361  -3191.52090637  -3191.51026973  -3191.50600402  -3191.50916110  -3191.51849300  -3191.53342700  -3191.54888037  -3191.55491733 
max(|Fr_perp|)   :   0.00000000    0.00371907    0.00383332    0.00737521    0.01044655    0.01060052    0.00801872    0.00476941    0.00343328    0.00000000 
Fr_paral         :   0.00000000   -0.01432930   -0.02199277   -0.01454066   -0.00041742    0.01314514    0.02396865    0.02596798    0.01028554    0.00000000 
max(|Fsp_paral|) :   0.00000000    0.00189581    0.00183517    0.00104329    0.00303130    0.00108559    0.00245422    0.00401323    0.00662941    0.00000000 
max(|Fsp_perp|)  :   0.00000000    0.00000000    0.00000000    0.00000000    0.00000000    0.00000000    0.00000000    0.00000000    0.00000000    0.00000000 
max(|FNEB|)      :   0.00000000    0.00357751    0.00382309    0.00737936    0.01044867    0.01057948    0.00795771    0.00554982    0.00748924    0.00000000 
max(|Force|)     :   0.00643539    0.00815582    0.01389603    0.00748714    0.01044443    0.01070789    0.01547562    0.01693145    0.00521559    0.00535678 
ksp              :   0.02821806    0.06272701    0.08933084    0.10000000    0.10000000    0.09210367    0.06876320    0.03141106    0.01000000 
max(|step|)      :   0.00000000    0.01430825    0.01261770    0.00708143    0.00567550    0.00814547    0.01398012    0.02317528    0.03044976    0.00250501 
angle (deg.)     :    32.2516  19.7342  8.7371  11.7032  7.4400  8.7899  31.6518  21.5000 
>
iteration       : 12
climbing        : yes
zoom on         : no
nim             : 10
barrier         :   0.03595156 (image:  4) 
distance        :   0.00000000    1.58180841    2.35808825    2.94152525    3.47879690    3.95351542    4.44449585    5.03831454    6.07418590    7.72730204 
energy          : -3191.54198749  -3191.53460559  -3191.52072977  -3191.51014653  -3191.50603594  -3191.50913816  -3191.51820930  -3191.53298722  -3191.54839376  -3191.55491733 
max(|Fr_perp|)   :   0.00000000    0.00315944    0.00374180    0.00694991    0.00949637    0.00958452    0.00777713    0.00433772    0.00327186    0.00000000 
Fr_paral         :   0.00000000   -0.01422893   -0.02212833   -0.01437995   -0.00028957    0.01306876    0.02389601    0.02625214    0.01060501    0.00000000 
max(|Fsp_paral|) :   0.00000000    0.00148493    0.00164123    0.00068265    0.00313647    0.00110333    0.00212675    0.00365968    0.00653570    0.00000000 
max(|Fsp_perp|)  :   0.00000000    0.00000000    0.00000000    0.00000000    0.00000000    0.00000000    0.00000000    0.00000000    0.00000000    0.00000000 
max(|FNEB|)      :   0.00000000    0.00305639    0.00373491    0.00695465    0.00949793    0.00956391    0.00773773    0.00477162    0.00729682    0.00000000 
max(|Force|)     :   0.00643539    0.00763926    0.01381515    0.00738066    0.00949482    0.00968709    0.01528368    0.01672212    0.00516532    0.00535678 
ksp              :   0.02847961    0.06321591    0.08970967    0.10000000    0.10000000    0.09223400    0.06952558    0.03253099    0.01000000 
max(|step|)      :   0.00000000    0.04249523    0.03937220    0.02113922    0.01861499    0.02631764    0.04324224    0.07253901    0.10000000    0.00702873 
angle (deg.)     :    36.4087  22.7401  8.6289  12.5082  7.4679  8.3706  36.7517  23.9190 
>
iteration       : 13
climbing        : yes
zoom on         : no
nim             : 10
barrier         :   0.03586706 (image:  4) 
distance        :   0.00000000    1.69280867    2.47352028    3.04255965    3.55775000    3.99939324    4.45875979    5.01821634    5.98842067    7.89991150 
energy          : -3191.54198749  -3191.53424755  -3191.52010809  -3191.50985784  -3191.50612043  -3191.50898930  -3191.51740263  -3191.53128529  -3191.54664305  -3191.55491733 
max(|Fr_perp|)   :   0.00000000    0.00418991    0.00505048    0.00693396    0.01110100    0.01129872    0.00650412    0.01009633    0.00315448    0.00000000 
Fr_paral         :   0.00000000   -0.01363414   -0.02222740   -0.01390067    0.00004595    0.01265044    0.02358881    0.02610160    0.01146788    0.00000000 
max(|Fsp_paral|) :   0.00000000    0.00031161    0.00048450    0.00002151    0.00379369    0.00079389    0.00141985    0.00227212    0.00614343    0.00000000 
max(|Fsp_perp|)  :   0.00000000    0.00000000    0.00000000    0.00000000    0.00000000    0.00000000    0.00000000    0.00000000    0.00000000    0.00000000 
max(|FNEB|)      :   0.00000000    0.00428370    0.00510696    0.00704063    0.01127189    0.01146110    0.00656217    0.01039341    0.00700068    0.00000000 
max(|Force|)     :   0.00643539    0.00593112    0.01338706    0.00706141    0.01127206    0.01154060    0.01445035    0.01611772    0.00505270    0.00535678 
ksp              :   0.02942148    0.06489460    0.09061374    0.10000000    0.10000000    0.09280309    0.07168244    0.03687175    0.01000000 
max(|step|)      :   0.00000000    0.00664488    0.00792192    0.01092143    0.01748496    0.01777847    0.01017924    0.01612227    0.01085947    0.00000000 
angle (deg.)     :    36.7863  22.8045  8.4684  12.5874  7.4515  7.3347  36.7589  24.1926 
>
iteration       : 14
climbing        : yes
zoom on         : no
nim             : 10
barrier         :   0.03563746 (image:  4) 
distance        :   0.00000000    1.69783400    2.48031758    3.04827957    3.56350834    4.00288562    4.46051032    5.01904567    5.97359521    7.91296323 
energy          : -3191.54198749  -3191.53429737  -3191.52014706  -3191.50996864  -3191.50635003  -3191.50920870  -3191.51743738  -3191.53141406  -3191.54645046  -3191.55491733 
max(|Fr_perp|)   :   0.00000000    0.00171336    0.00194788    0.00131606    0.00251165    0.00249709    0.00144149    0.00481901    0.00286842    0.00000000 
Fr_paral         :   0.00000000   -0.01344204   -0.02213811   -0.01363636    0.00016584    0.01253995    0.02326267    0.02649160    0.01151068    0.00000000 
max(|Fsp_paral|) :   0.00000000    0.00037464    0.00033724    0.00004199    0.00388950    0.00075880    0.00125986    0.00272560    0.00579446    0.00000000 
max(|Fsp_perp|)  :   0.00000000    0.00000000    0.00000000    0.00000000    0.00000000    0.00000000    0.00000000    0.00000000    0.00000000    0.00000000 
max(|FNEB|)      :   0.00000000    0.00169944    0.00195307    0.00131591    0.00251422    0.00251513    0.00162125    0.00484792    0.00650683    0.00000000 
max(|Force|)     :   0.00643539    0.00601976    0.01318261    0.00712630    0.00250909    0.00667470    0.01393496    0.01577213    0.00561472    0.00535678 
ksp              :   0.02942088    0.06515655    0.09086146    0.10000000    0.10000000    0.09278064    0.07199965    0.03670249    0.01000000 
max(|step|)      :   0.00000000    0.00209187    0.00145874    0.00153845    0.00282352    0.00279314    0.00258503    0.00442679    0.01026805    0.00018514 
angle (deg.)     :    37.1077  22.9664  8.4594  12.5800  7.3700  7.0405  36.7281  24.6379 
>
iteration       : 15
climbing        : yes
zoom on         : no
nim             : 10
barrier         :   0.03563054 (image:  4) 
distance        :   0.00000000    1.70255560    2.48604760    3.05286327    3.56791439    4.00514438    4.46133820    5.01681011    5.95801450    7.92364428 
energy          : -3191.54198749  -3191.53430794  -3191.52013968  -3191.50997199  -3191.50635695  -3191.50919220  -3191.51737086  -3191.53131755  -3191.54625617  -3191.55491733 
max(|Fr_perp|)   :   0.00000000    0.00126306    0.00112669    0.00188329    0.00285062    0.00293891    0.00178330    0.00258566    0.00284783    0.00000000 
Fr_paral         :   0.00000000   -0.01336288   -0.02215959   -0.01363532    0.00017263    0.01250154    0.02320902    0.02669844    0.01163213    0.00000000 
max(|Fsp_paral|) :   0.00000000    0.00037036    0.00023576    0.00000035    0.00399170    0.00070317    0.00126852    0.00280866    0.00558115    0.00000000 
max(|Fsp_perp|)  :   0.00000000    0.00000000    0.00000000    0.00000000    0.00000000    0.00000000    0.00000000    0.00000000    0.00000000    0.00000000 
max(|FNEB|)      :   0.00000000    0.00127867    0.00113672    0.00188171    0.00285218    0.00295135    0.00177591    0.00280994    0.00632474    0.00000000 
max(|Force|)     :   0.00643539    0.00601019    0.01314300    0.00721971    0.00284906    0.00672440    0.01377195    0.01577231    0.00566423    0.00535678 
ksp              :   0.02939796    0.06518590    0.09086868    0.10000000    0.10000000    0.09283839    0.07217973    0.03695146    0.01000000 
max(|step|)      :   0.00000000    0.02081478    0.01402930    0.01488170    0.01820629    0.02235478    0.02655057    0.04343730    0.10000000    0.00497051 
angle (deg.)     :    40.1807  24.8038  8.4456  12.6758  7.1080  5.3020  36.3779  30.0473 
>
iteration       : 16
climbing        : yes
zoom on         : no
nim             : 10
barrier         :   0.03572090 (image:  4) 
distance        :   0.00000000    1.74885935    2.54135555    3.09995677    3.61292879    4.03016700    4.47184985    4.99697348    5.81681038    8.03777057 
energy          : -3191.54198749  -3191.53435052  -3191.52004094  -3191.50993974  -3191.50626659  -3191.50888062  -3191.51665872  -3191.52986655  -3191.54428436  -3191.55491733 
max(|Fr_perp|)   :   0.00000000    0.00191914    0.00254593    0.00531468    0.00720994    0.00735695    0.00682091    0.00601565    0.00294083    0.00000000 
Fr_paral         :   0.00000000   -0.01255782   -0.02226036   -0.01376964    0.00011682    0.01208671    0.02277561    0.02710496    0.01269433    0.00000000 
max(|Fsp_paral|) :   0.00000000    0.00021979    0.00059113    0.00030905    0.00494155    0.00024144    0.00140950    0.00304192    0.00388780    0.00000000 
max(|Fsp_perp|)  :   0.00000000    0.00000000    0.00000000    0.00000000    0.00000000    0.00000000    0.00000000    0.00000000    0.00000000    0.00000000 
max(|FNEB|)      :   0.00000000    0.00195382    0.00261274    0.00541091    0.00734746    0.00750443    0.00695032    0.00624557    0.00467891    0.00000000 
max(|Force|)     :   0.00643539    0.00541446    0.01291063    0.00744778    0.00734515    0.00743750    0.01279548    0.01578670    0.00628651    0.00535678 
ksp              :   0.02923908    0.06528941    0.09073716    0.10000000    0.10000000    0.09341508    0.07381071    0.04053433    0.01000000 
max(|step|)      :   0.00000000    0.00342992    0.00458664    0.00949880    0.01289839    0.01317396    0.01220121    0.01096404    0.00821378    0.00000000 
angle (deg.)     :    40.3069  25.0304  8.2695  12.6827  7.1148  4.3663  36.0363  30.6064 
>
iteration       : 17
climbing        : yes
zoom on         : no
nim             : 10
barrier         :   0.03556733 (image:  4) 
distance        :   0.00000000    1.75163860    2.54217143    3.10348798    3.61498354    4.03134307    4.46908301    4.98922461    5.80093183    8.04266690 
energy          : -3191.54198749  -3191.53435795  -3191.52010212  -3191.50999584  -3191.50642017  -3191.50902976  -3191.51666607  -3191.52968930  -3191.54412309  -3191.55491733 
max(|Fr_perp|)   :   0.00000000    0.00089584    0.00127830    0.00097545    0.00205190    0.00203011    0.00117242    0.00366251    0.00237936    0.00000000 
Fr_paral         :   0.00000000   -0.01253903   -0.02223859   -0.01367151    0.00021166    0.01210471    0.02268953    0.02715831    0.01297048    0.00000000 
max(|Fsp_paral|) :   0.00000000    0.00012794    0.00035638    0.00004961    0.00493543    0.00038958    0.00132692    0.00285068    0.00387601    0.00000000 
max(|Fsp_perp|)  :   0.00000000    0.00000000    0.00000000    0.00000000    0.00000000    0.00000000    0.00000000    0.00000000    0.00000000    0.00000000 
max(|FNEB|)      :   0.00000000    0.00092387    0.00130820    0.00097238    0.00205469    0.00204201    0.00133814    0.00366273    0.00462772    0.00000000 
max(|Force|)     :   0.00643539    0.00502796    0.01304562    0.00688275    0.00204910    0.00672709    0.01327869    0.01592565    0.00606790    0.00535678 
ksp              :   0.02930588    0.06537902    0.09095207    0.10000000    0.10000000    0.09339665    0.07407363    0.04111951    0.01000000 
max(|step|)      :   0.00000000    0.00162397    0.00130394    0.00161229    0.00233997    0.00228951    0.00253165    0.00365713    0.00830174    0.00033450 
angle (deg.)     :    40.4722  25.1714  8.2293  12.6633  7.0407  4.1635  35.5546  31.2968 
>
