NEB log file generated by ORCA
All quantities are given in atomic units. Unless stated otherwise. 
iteration       : 0
climbing        : no
zoom on         : no
nim             : 10
barrier         :   0.02310289 (image:  4) 
distance        :   0.00000000    0.45227811    0.90639543    1.36246818    1.81922469    2.27536388    2.73212719    3.18818467    3.64226343    4.09449713 
energy          : -3113.00547633  -3112.99931414  -3112.99085251  -3112.98438341  -3112.98237344  -3112.98603746  -3112.99450631  -3113.00537926  -3113.01564938  -3113.02142930 
max(|Fr_perp|)   :   0.00000000    0.01380178    0.01502620    0.01924257    0.02123894    0.02125557    0.02523330    0.02852001    0.02392851    0.00000000 
Fr_paral         :   0.00000000   -0.01826126   -0.01806155   -0.01024953    0.00162346    0.01407763    0.02274689    0.02506468    0.01961606    0.00000000 
max(|Fsp_paral|) :   0.00000000    0.00627135    0.00508327    0.00164659    0.00002924    0.00297472    0.00703413    0.00898078    0.00009974    0.00000000 
max(|Fsp_perp|)  :   0.00000000    0.00000000    0.00000000    0.00000000    0.00000000    0.00000000    0.00000000    0.00000000    0.00000000    0.00000000 
max(|FNEB|)      :   0.00000000    0.01318557    0.01522635    0.01930645    0.02132384    0.02110159    0.01995519    0.02188899    0.02390244    0.00000000 
max(|Force|)     :   0.01017715    0.01956240    0.01913618    0.01901123    0.02140915    0.02408029    0.03367981    0.03732530    0.03034532    0.00730277 
ksp              :   0.03401732    0.06697496    0.09216839    0.10000000    0.10000000    0.08574500    0.05277707    0.01043806    0.01000000 
max(|step|)      :   0.00000000    0.05512963    0.06366227    0.08072141    0.08915622    0.08822700    0.08343380    0.09151915    0.09993749    0.00000000 
angle (deg.)     :    15.6316  7.6583  5.0044  5.4705  5.3120  6.6800  8.6707  17.1462 
>
iteration       : 1
climbing        : no
zoom on         : no
nim             : 10
barrier         :   0.02273937 (image:  4) 
distance        :   0.00000000    0.53047812    0.97285344    1.39903564    1.84484872    2.27877693    2.70321542    3.14503813    3.68339161    4.16399718 
energy          : -3113.00547633  -3113.00066677  -3112.99215954  -3112.98486159  -3112.98273696  -3112.98775386  -3112.99783595  -3113.00936813  -3113.01883997  -3113.02142930 
max(|Fr_perp|)   :   0.00000000    0.01381154    0.02212694    0.02801786    0.03129164    0.03306581    0.03053637    0.02282232    0.01215727    0.00000000 
Fr_paral         :   0.00000000   -0.01730161   -0.02132713   -0.01297047    0.00355873    0.01967430    0.02846141    0.02537875    0.01138450    0.00000000 
max(|Fsp_paral|) :   0.00000000    0.00506486    0.00483004    0.00252735    0.00054614    0.00438357    0.00706055    0.00567845    0.00027050    0.00000000 
max(|Fsp_perp|)  :   0.00000000    0.00000000    0.00000000    0.00000000    0.00000000    0.00000000    0.00000000    0.00000000    0.00000000    0.00000000 
max(|FNEB|)      :   0.00000000    0.01322428    0.02150707    0.02789053    0.03136921    0.03342962    0.03099400    0.02302285    0.01208843    0.00000000 
max(|Force|)     :   0.01017715    0.01669905    0.02339901    0.02869121    0.03111452    0.03219198    0.02961645    0.02684851    0.01368339    0.00730277 
ksp              :   0.02903571    0.06270642    0.09159091    0.10000000    0.10000000    0.08014365    0.04023979    0.01000000    0.01000000 
max(|step|)      :   0.00000000    0.04810148    0.04587810    0.03525221    0.03574428    0.05287432    0.07568096    0.08130140    0.06770246    0.00690301 
angle (deg.)     :    22.8554  11.8959  5.9963  6.8618  6.9672  10.3616  13.3349  23.5456 
>
iteration       : 2
climbing        : yes
zoom on         : no
nim             : 10
barrier         :   0.02060982 (image:  4) 
distance        :   0.00000000    0.61294930    1.05182129    1.45816028    1.89441088    2.31099717    2.71280458    3.15818384    3.77175290    4.29643269 
energy          : -3113.00547633  -3113.00147935  -3112.99379499  -3112.98670842  -3112.98486651  -3112.99086091  -3113.00141332  -3113.01223314  -3113.01920462  -3113.02142930 
max(|Fr_perp|)   :   0.00000000    0.01161229    0.01620875    0.01878685    0.01974840    0.01886539    0.01766306    0.01741377    0.01792937    0.00000000 
Fr_paral         :   0.00000000   -0.01448323   -0.02101935   -0.01297742    0.00499540    0.02236716    0.02952953    0.02057701    0.00346576    0.00000000 
max(|Fsp_paral|) :   0.00000000    0.00389700    0.00501479    0.00323142    0.00102829    0.00646083    0.00851676    0.00283814    0.00042973    0.00000000 
max(|Fsp_perp|)  :   0.00000000    0.00000000    0.00000000    0.00000000    0.00000000    0.00000000    0.00000000    0.00000000    0.00000000    0.00000000 
max(|FNEB|)      :   0.00000000    0.01100476    0.01568793    0.01876151    0.02001758    0.01938790    0.01801762    0.01616979    0.01824955    0.00000000 
max(|Force|)     :   0.01017715    0.01410554    0.01843246    0.01960432    0.01965365    0.02018589    0.02589906    0.02156509    0.01713740    0.00730277 
ksp              :   0.02746911    0.06101809    0.09195326    0.10000000    0.10000000    0.07384040    0.02778453    0.01000000    0.01000000 
max(|step|)      :   0.00000000    0.03069905    0.04376331    0.05233741    0.05584137    0.05408480    0.05026227    0.04510751    0.05090925    0.00000000 
angle (deg.)     :    23.6916  14.4704  7.2824  7.6927  7.4236  13.4667  18.7937  14.8018 
>
iteration       : 3
climbing        : yes
zoom on         : no
nim             : 10
barrier         :   0.02004338 (image:  4) 
distance        :   0.00000000    0.65174056    1.09846552    1.49421036    1.90819947    2.29607928    2.68437364    3.16994360    3.81164341    4.33027247 
energy          : -3113.00547633  -3113.00205429  -3112.99434128  -3112.98711262  -3112.98543295  -3112.99146737  -3113.00224139  -3113.01388646  -3113.01999935  -3113.02142930 
max(|Fr_perp|)   :   0.00000000    0.00943235    0.01531907    0.01967399    0.02131587    0.02069264    0.01819169    0.01521161    0.00965367    0.00000000 
Fr_paral         :   0.00000000   -0.01411586   -0.02209264   -0.01331436    0.00562496    0.02393702    0.03101979    0.01937428    0.00501733    0.00000000 
max(|Fsp_paral|) :   0.00000000    0.00407610    0.00469967    0.00257578    0.00140715    0.00574237    0.00816967    0.00253941    0.00061823    0.00000000 
max(|Fsp_perp|)  :   0.00000000    0.00000000    0.00000000    0.00000000    0.00000000    0.00000000    0.00000000    0.00000000    0.00000000    0.00000000 
max(|FNEB|)      :   0.00000000    0.00982929    0.01571446    0.01973956    0.02105576    0.02029589    0.01747478    0.01501806    0.00961804    0.00000000 
max(|Force|)     :   0.01017715    0.01229369    0.01683950    0.01905341    0.02157597    0.02181406    0.02841689    0.01843876    0.00979176    0.00730277 
ksp              :   0.02536585    0.05999928    0.09245785    0.10000000    0.10000000    0.07290389    0.02452569    0.01000000    0.01000000 
max(|step|)      :   0.00000000    0.01592545    0.01822384    0.01335607    0.01641437    0.02180616    0.03262659    0.02695408    0.00990366    0.00197276 
angle (deg.)     :    25.2757  16.2992  7.8721  7.8017  7.6738  15.7243  21.3379  12.4642 
>
iteration       : 4
climbing        : yes
zoom on         : no
nim             : 10
barrier         :   0.01942680 (image:  4) 
distance        :   0.00000000    0.68188714    1.13366624    1.52064836    1.91583068    2.28923794    2.66726974    3.18266149    3.84539242    4.36570762 
energy          : -3113.00547633  -3113.00231918  -3112.99473127  -3112.98758682  -3112.98604953  -3112.99206869  -3113.00284951  -3113.01479252  -3113.02018067  -3113.02142930 
max(|Fr_perp|)   :   0.00000000    0.00738033    0.00877079    0.01040767    0.01087274    0.01072757    0.01214625    0.01022051    0.00694277    0.00000000 
Fr_paral         :   0.00000000   -0.01360853   -0.02263836   -0.01377875    0.00626869    0.02518838    0.03205941    0.01787621    0.00476468    0.00000000 
max(|Fsp_paral|) :   0.00000000    0.00404158    0.00442525    0.00198318    0.00121296    0.00567588    0.00814589    0.00222234    0.00072435    0.00000000 
max(|Fsp_perp|)  :   0.00000000    0.00000000    0.00000000    0.00000000    0.00000000    0.00000000    0.00000000    0.00000000    0.00000000    0.00000000 
max(|FNEB|)      :   0.00000000    0.00823963    0.00957712    0.01043990    0.01056223    0.01064058    0.01396189    0.00923810    0.00672186    0.00000000 
max(|Force|)     :   0.01017715    0.01207199    0.01750090    0.01249343    0.01118324    0.01823408    0.02505014    0.01527588    0.00765867    0.00730277 
ksp              :   0.02462636    0.05977942    0.09287809    0.10000000    0.10000000    0.07211459    0.02216945    0.01000000    0.01000000 
max(|step|)      :   0.00000000    0.04916613    0.05464122    0.03845110    0.05385380    0.06798584    0.10000000    0.07721908    0.02278927    0.00293595 
angle (deg.)     :    30.1856  22.8113  11.2826  8.7298  9.5279  23.8446  27.8785  10.4365 
>
iteration       : 5
climbing        : yes
zoom on         : no
nim             : 10
barrier         :   0.01894875 (image:  4) 
distance        :   0.00000000    0.78092907    1.24959530    1.61375038    1.95903262    2.29901125    2.65174457    3.26563115    4.00030626    4.53086514 
energy          : -3113.00547633  -3113.00262932  -3112.99505229  -3112.98791874  -3112.98652758  -3112.99238214  -3113.00321167  -3113.01595852  -3113.02029383  -3113.02142930 
max(|Fr_perp|)   :   0.00000000    0.00799978    0.00871265    0.00947421    0.01028426    0.01090158    0.01148264    0.01042766    0.00941725    0.00000000 
Fr_paral         :   0.00000000   -0.01230651   -0.02408785   -0.01478013    0.00697831    0.02753679    0.03428135    0.01215346    0.00416168    0.00000000 
max(|Fsp_paral|) :   0.00000000    0.00372205    0.00327802    0.00031208    0.00031711    0.00515787    0.00716622    0.00251013    0.00105756    0.00000000 
max(|Fsp_perp|)  :   0.00000000    0.00000000    0.00000000    0.00000000    0.00000000    0.00000000    0.00000000    0.00000000    0.00000000    0.00000000 
max(|FNEB|)      :   0.00000000    0.00724650    0.00892161    0.00951812    0.01034241    0.01100164    0.01159380    0.01060824    0.00929094    0.00000000 
max(|Force|)     :   0.01017715    0.01237293    0.02133425    0.01402991    0.01045099    0.01674906    0.02271789    0.01050515    0.00982734    0.00730277 
ksp              :   0.02352822    0.05951414    0.09339372    0.10000000    0.10000000    0.07219381    0.02077291    0.01000000    0.01000000 
max(|step|)      :   0.00000000    0.01549896    0.01908170    0.02035753    0.02212054    0.02353053    0.02479704    0.02268910    0.01987163    0.00000000 
angle (deg.)     :    31.6767  24.4111  10.9958  8.3231  8.8816  27.0203  26.6002  11.7383 
>
iteration       : 6
climbing        : yes
zoom on         : no
nim             : 10
barrier         :   0.01878159 (image:  4) 
distance        :   0.00000000    0.80954269    1.28031970    1.63617806    1.96578428    2.30296413    2.65191975    3.29449281    4.04201366    4.57873242 
energy          : -3113.00547633  -3113.00270200  -3112.99514825  -3112.98813513  -3112.98669474  -3112.99231013  -3113.00308671  -3113.01617089  -3113.02055332  -3113.02142930 
max(|Fr_perp|)   :   0.00000000    0.00426887    0.00695576    0.00691426    0.00805891    0.00719031    0.00709322    0.00596858    0.00501551    0.00000000 
Fr_paral         :   0.00000000   -0.01175490   -0.02362543   -0.01420650    0.00594620    0.02654304    0.03405257    0.01131180    0.00406833    0.00000000 
max(|Fsp_paral|) :   0.00000000    0.00355267    0.00281996    0.00010524    0.00047223    0.00510113    0.00679735    0.00293511    0.00109148    0.00000000 
max(|Fsp_perp|)  :   0.00000000    0.00000000    0.00000000    0.00000000    0.00000000    0.00000000    0.00000000    0.00000000    0.00000000    0.00000000 
max(|FNEB|)      :   0.00000000    0.00584905    0.00545117    0.00678323    0.00795983    0.00871351    0.00984738    0.00582793    0.00502439    0.00000000 
max(|Force|)     :   0.01017715    0.00688738    0.01405636    0.01115183    0.00836049    0.02117754    0.02683973    0.00752047    0.00500813    0.00730277 
ksp              :   0.02329435    0.05949140    0.09309775    0.10000000    0.10000000    0.07309146    0.02145088    0.01000000    0.01000000 
max(|step|)      :   0.00000000    0.01299582    0.01225987    0.00992088    0.01801216    0.02030889    0.02310787    0.01158931    0.01118278    0.00157619 
angle (deg.)     :    32.9928  25.9525  10.6418  7.7450  8.3063  29.9734  25.9569  13.2790 
>
iteration       : 7
climbing        : yes
zoom on         : no
nim             : 10
barrier         :   0.01869284 (image:  4) 
distance        :   0.00000000    0.83785797    1.30882665    1.65532322    1.97104723    2.30357261    2.64804365    3.31603677    4.07709578    4.62091344 
energy          : -3113.00547633  -3113.00268261  -3112.99516898  -3112.98828936  -3112.98678348  -3112.99213625  -3113.00282906  -3113.01625921  -3113.02059302  -3113.02142930 
max(|Fr_perp|)   :   0.00000000    0.00459813    0.00515348    0.00522211    0.00555465    0.00603178    0.00660903    0.00579401    0.00501162    0.00000000 
Fr_paral         :   0.00000000   -0.01146226   -0.02352619   -0.01419743    0.00526501    0.02600204    0.03426881    0.01109637    0.00377006    0.00000000 
max(|Fsp_paral|) :   0.00000000    0.00325342    0.00228820    0.00035746    0.00106503    0.00486916    0.00616000    0.00352808    0.00112255    0.00000000 
max(|Fsp_perp|)  :   0.00000000    0.00000000    0.00000000    0.00000000    0.00000000    0.00000000    0.00000000    0.00000000    0.00000000    0.00000000 
max(|FNEB|)      :   0.00000000    0.00538914    0.00506813    0.00529404    0.00696489    0.00800810    0.00904467    0.00576189    0.00501537    0.00000000 
max(|Force|)     :   0.01017715    0.00652767    0.01358048    0.01001796    0.00557607    0.01857679    0.02401910    0.00596113    0.00501382    0.00730277 
ksp              :   0.02345085    0.05962653    0.09274968    0.10000000    0.10000000    0.07422815    0.02274571    0.01000000    0.01000000 
max(|step|)      :   0.00000000    0.05763579    0.05488055    0.04527461    0.07812851    0.08888389    0.10000000    0.05603240    0.02792159    0.00280249 
angle (deg.)     :    38.7057  33.5125  9.7213  6.3012  7.0312  42.3194  26.0296  18.2732 
>
iteration       : 8
climbing        : yes
zoom on         : no
nim             : 10
barrier         :   0.01856228 (image:  4) 
distance        :   0.00000000    0.96468887    1.43444428    1.74511609    2.00704903    2.31974141    2.65216951    3.42279414    4.25495571    4.83213346 
energy          : -3113.00547633  -3113.00246348  -3112.99501933  -3112.98868599  -3112.98691404  -3112.99097979  -3113.00114970  -3113.01628796  -3113.02049140  -3113.02142930 
max(|Fr_perp|)   :   0.00000000    0.00351700    0.00353130    0.00429956    0.00492993    0.00515536    0.00496507    0.00470064    0.01030883    0.00000000 
Fr_paral         :   0.00000000   -0.01066777   -0.02319067   -0.01459192    0.00214467    0.02322432    0.03469922    0.01089750    0.00245058    0.00000000 
max(|Fsp_paral|) :   0.00000000    0.00178412    0.00007143    0.00145891    0.00337734    0.00306408    0.00179783    0.00728419    0.00130729    0.00000000 
max(|Fsp_perp|)  :   0.00000000    0.00000000    0.00000000    0.00000000    0.00000000    0.00000000    0.00000000    0.00000000    0.00000000    0.00000000 
max(|FNEB|)      :   0.00000000    0.00351854    0.00353427    0.00441894    0.00510287    0.00533932    0.00493324    0.00940588    0.01079158    0.00000000 
max(|Force|)     :   0.01017715    0.00631750    0.01299079    0.00882011    0.00486246    0.01458293    0.02054024    0.00539109    0.01009723    0.00730277 
ksp              :   0.02461248    0.06070764    0.09141407    0.10000000    0.10000000    0.08027691    0.03097853    0.01000000    0.01000000 
max(|step|)      :   0.00000000    0.01421609    0.01427964    0.01785400    0.02061733    0.02157267    0.01993196    0.03800293    0.04360163    0.00000000 
angle (deg.)     :    40.2153  33.9086  8.8909  6.0128  6.3378  42.1270  28.3656  16.3518 
>
iteration       : 9
climbing        : yes
zoom on         : no
nim             : 10
barrier         :   0.01851448 (image:  4) 
distance        :   0.00000000    0.99207171    1.44713846    1.74765847    2.00890339    2.30992174    2.64725422    3.37357562    4.26363057    4.84567785 
energy          : -3113.00547633  -3113.00245190  -3112.99516113  -3112.98890283  -3112.98696184  -3112.99064936  -3113.00096776  -3113.01584237  -3113.02068255  -3113.02142930 
max(|Fr_perp|)   :   0.00000000    0.00381184    0.00450679    0.00556688    0.00590762    0.00461162    0.00453229    0.00708670    0.00682085    0.00000000 
Fr_paral         :   0.00000000   -0.01141986   -0.02390707   -0.01565918    0.00168250    0.02293414    0.03572653    0.01270870    0.00363622    0.00000000 
max(|Fsp_paral|) :   0.00000000    0.00108235    0.00009183    0.00071832    0.00262183    0.00159245    0.00285733    0.00689972    0.00158178    0.00000000 
max(|Fsp_perp|)  :   0.00000000    0.00000000    0.00000000    0.00000000    0.00000000    0.00000000    0.00000000    0.00000000    0.00000000    0.00000000 
max(|FNEB|)      :   0.00000000    0.00405737    0.00452100    0.00543201    0.00581274    0.00449593    0.00520607    0.00883775    0.00648266    0.00000000 
max(|Force|)     :   0.01017715    0.00802224    0.01580489    0.01179355    0.00600250    0.01356272    0.02382899    0.01137383    0.00721383    0.00730277 
ksp              :   0.02470192    0.06014276    0.09056476    0.10000000    0.10000000    0.08207475    0.03191640    0.01000000    0.01000000 
max(|step|)      :   0.00000000    0.01313340    0.01093955    0.01396624    0.01496362    0.01763219    0.01952452    0.03576653    0.01209662    0.00217839 
angle (deg.)     :    42.6332  33.9103  7.8901  5.7843  5.7317  40.9806  30.5252  17.5902 
>
iteration       : 10
climbing        : yes
zoom on         : no
nim             : 10
barrier         :   0.01844922 (image:  4) 
distance        :   0.00000000    1.01734817    1.46354534    1.75830578    2.01817782    2.31244122    2.64873435    3.33885514    4.28450748    4.87871936 
energy          : -3113.00547633  -3113.00246740  -3112.99527844  -3112.98908545  -3112.98702710  -3112.99042409  -3113.00057786  -3113.01545040  -3113.02063436  -3113.02142930 
max(|Fr_perp|)   :   0.00000000    0.00408534    0.00350166    0.00322145    0.00392971    0.00435595    0.00402850    0.00537991    0.00842880    0.00000000 
Fr_paral         :   0.00000000   -0.01144825   -0.02388277   -0.01611147    0.00115783    0.02224217    0.03571628    0.01380269    0.00396870    0.00000000 
max(|Fsp_paral|) :   0.00000000    0.00061485    0.00008553    0.00034560    0.00225305    0.00089861    0.00302235    0.00688309    0.00180303    0.00000000 
max(|Fsp_perp|)  :   0.00000000    0.00000000    0.00000000    0.00000000    0.00000000    0.00000000    0.00000000    0.00000000    0.00000000    0.00000000 
max(|FNEB|)      :   0.00000000    0.00349648    0.00346833    0.00317161    0.00390588    0.00442380    0.00477671    0.00875623    0.00806652    0.00000000 
max(|Force|)     :   0.01017715    0.00839362    0.01708783    0.01185821    0.00395354    0.01529349    0.02344888    0.01032389    0.00883329    0.00730277 
ksp              :   0.02467832    0.05974790    0.08995887    0.10000000    0.10000000    0.08342864    0.03389598    0.01000000    0.01000000 
max(|step|)      :   0.00000000    0.03516495    0.03083562    0.03939267    0.04292264    0.05169646    0.05974654    0.10000000    0.04380539    0.01513653 
angle (deg.)     :    50.3334  33.6589  6.8876  5.8323  5.5121  36.0365  38.5151  21.7819 
>
iteration       : 11
climbing        : yes
zoom on         : no
nim             : 10
barrier         :   0.01844084 (image:  4) 
distance        :   0.00000000    1.08859825    1.51800136    1.80024714    2.05606404    2.33395453    2.66344466    3.25964293    4.36744886    5.00280074 
energy          : -3113.00547633  -3113.00241774  -3112.99546663  -3112.98942521  -3112.98703548  -3112.98970583  -3112.99925632  -3113.01410229  -3113.02047015  -3113.02142930 
max(|Fr_perp|)   :   0.00000000    0.00572544    0.00407434    0.00384052    0.00472754    0.00528142    0.00423574    0.00606241    0.00952427    0.00000000 
Fr_paral         :   0.00000000   -0.01096084   -0.02344851   -0.01722212   -0.00041184    0.02016379    0.03539110    0.01637369    0.00464180    0.00000000 
max(|Fsp_paral|) :   0.00000000    0.00087906    0.00020418    0.00042248    0.00144880    0.00055922    0.00303741    0.00672099    0.00241439    0.00000000 
max(|Fsp_perp|)  :   0.00000000    0.00000000    0.00000000    0.00000000    0.00000000    0.00000000    0.00000000    0.00000000    0.00000000    0.00000000 
max(|FNEB|)      :   0.00000000    0.00588372    0.00419909    0.00389398    0.00476345    0.00519197    0.00463771    0.00867962    0.00912633    0.00000000 
max(|Force|)     :   0.01017715    0.00650801    0.01564796    0.01143486    0.00482810    0.01514599    0.02544513    0.01057648    0.01007555    0.00730277 
ksp              :   0.02494081    0.05885646    0.08833420    0.10000000    0.10000000    0.08697226    0.04034341    0.01000000    0.01000000 
max(|step|)      :   0.00000000    0.01813250    0.01294078    0.01200051    0.01468004    0.01600065    0.01429254    0.02674892    0.02812559    0.00000000 
angle (deg.)     :    52.3785  32.5882  7.1424  5.9744  5.8950  33.5356  39.8244  24.3447 
>
iteration       : 12
climbing        : yes
zoom on         : no
nim             : 10
barrier         :   0.01836609 (image:  4) 
distance        :   0.00000000    1.09387945    1.53030389    1.81745417    2.07302924    2.35286575    2.66710747    3.24019296    4.38310153    5.03994110 
energy          : -3113.00547633  -3113.00255837  -3112.99557932  -3112.98947157  -3112.98711024  -3112.98986125  -3112.99893765  -3113.01369821  -3113.02080769  -3113.02142930 
max(|Fr_perp|)   :   0.00000000    0.00590771    0.00402333    0.00409456    0.00492651    0.00428164    0.00177963    0.00748223    0.00477927    0.00000000 
Fr_paral         :   0.00000000   -0.01004782   -0.02293004   -0.01689203   -0.00030770    0.02022164    0.03495055    0.01667418    0.00350201    0.00000000 
max(|Fsp_paral|) :   0.00000000    0.00050210    0.00008410    0.00010959    0.00161857    0.00053251    0.00203505    0.00646383    0.00246605    0.00000000 
max(|Fsp_perp|)  :   0.00000000    0.00000000    0.00000000    0.00000000    0.00000000    0.00000000    0.00000000    0.00000000    0.00000000    0.00000000 
max(|FNEB|)      :   0.00000000    0.00585574    0.00398252    0.00405203    0.00494422    0.00437018    0.00226804    0.00808334    0.00459675    0.00000000 
max(|Force|)     :   0.01017715    0.00608710    0.01308134    0.01145793    0.00490879    0.01225083    0.02277057    0.01248231    0.00490561    0.00730277 
ksp              :   0.02429896    0.05849864    0.08842870    0.10000000    0.10000000    0.08651914    0.04204170    0.01000000    0.01000000 
max(|step|)      :   0.00000000    0.00747637    0.00758240    0.00559007    0.00663245    0.00763469    0.00883592    0.02583215    0.01337761    0.00246370 
angle (deg.)     :    54.0791  31.8068  6.8191  5.7981  5.4969  31.1535  41.7143  26.1309 
>
