NEB log file generated by ORCA
All quantities are given in atomic units. Unless stated otherwise. 
iteration       : 0
climbing        : no
zoom on         : no
nim             : 10
barrier         :   0.04115188 (image:  4) 
distance        :   0.00000000    0.66553211    1.33237684    2.00065422    2.66962856    3.33844742    4.00739560    4.67548453    5.34209343    6.00746133 
energy          : -3152.27326587  -3152.26556617  -3152.25225567  -3152.23920229  -3152.23211399  -3152.23504523  -3152.24717766  -3152.26361802  -3152.27947593  -3152.28816358 
max(|Fr_perp|)   :   0.00000000    0.01650355    0.01806584    0.01515705    0.01715281    0.01800678    0.01683625    0.02442180    0.02283106    0.00000000 
Fr_paral         :   0.00000000   -0.01756849   -0.02146646   -0.01667307   -0.00352845    0.01206718    0.02304419    0.02587769    0.02064094    0.00000000 
max(|Fsp_paral|) :   0.00000000    0.00739107    0.00716000    0.00376212    0.00000355    0.00155280    0.00619773    0.00824333    0.00490308    0.00000000 
max(|Fsp_perp|)  :   0.00000000    0.00000000    0.00000000    0.00000000    0.00000000    0.00000000    0.00000000    0.00000000    0.00000000    0.00000000 
max(|FNEB|)      :   0.00000000    0.01332046    0.01434841    0.01540359    0.01725441    0.01800902    0.01642236    0.01927146    0.01974019    0.00000000 
max(|Force|)     :   0.00581425    0.02278750    0.02540445    0.01770314    0.01717487    0.01838332    0.02159329    0.02969601    0.02732975    0.00506624 
ksp              :   0.02684501    0.05595271    0.08449842    0.10000000    0.10000000    0.09359446    0.06706667    0.03111744    0.01000000 
max(|step|)      :   0.00000000    0.04729386    0.05094354    0.05468994    0.06126120    0.06394043    0.05830703    0.06842267    0.07008689    0.00000000 
angle (deg.)     :    9.5567  6.3857  6.3861  5.8151  5.4846  6.1012  6.3336  10.7127 
>
iteration       : 1
climbing        : no
zoom on         : no
nim             : 10
barrier         :   0.04078375 (image:  4) 
distance        :   0.00000000    0.74047073    1.40713292    2.04534272    2.67860461    3.33429851    3.95647598    4.60380852    5.30668709    6.03166862 
energy          : -3152.27326587  -3152.26636227  -3152.25263365  -3152.23941167  -3152.23248212  -3152.23569788  -3152.24787751  -3152.26504715  -3152.28165008  -3152.28816358 
max(|Fr_perp|)   :   0.00000000    0.01644981    0.01678694    0.01738957    0.01981995    0.02213607    0.02148390    0.02256959    0.02045013    0.00000000 
Fr_paral         :   0.00000000   -0.01788568   -0.02338881   -0.01786370   -0.00381794    0.01374907    0.02511235    0.02824746    0.01900836    0.00000000 
max(|Fsp_paral|) :   0.00000000    0.00711935    0.00633971    0.00361978    0.00090037    0.00314957    0.00573643    0.00771114    0.00429454    0.00000000 
max(|Fsp_perp|)  :   0.00000000    0.00000000    0.00000000    0.00000000    0.00000000    0.00000000    0.00000000    0.00000000    0.00000000    0.00000000 
max(|FNEB|)      :   0.00000000    0.01339095    0.01665338    0.01732080    0.01975344    0.02235290    0.02180740    0.01681843    0.01782256    0.00000000 
max(|Force|)     :   0.00581425    0.02270266    0.02548792    0.01852024    0.01992465    0.02176114    0.02248169    0.02949187    0.02441696    0.00506624 
ksp              :   0.02523459    0.05553039    0.08470813    0.10000000    0.10000000    0.09290359    0.06602604    0.02813676    0.01000000 
max(|step|)      :   0.00000000    0.04860924    0.05341752    0.04100657    0.02886151    0.03094839    0.04664154    0.06660865    0.06904568    0.00138530 
angle (deg.)     :    14.4712  7.8295  7.0308  6.4819  6.0052  6.7001  8.6034  16.3914 
>
iteration       : 2
climbing        : no
zoom on         : no
nim             : 10
barrier         :   0.03962110 (image:  4) 
distance        :   0.00000000    0.82455985    1.49242008    2.10352815    2.70832161    3.34549414    3.93185961    4.55778718    5.30204670    6.09920794 
energy          : -3152.27326587  -3152.26699890  -3152.25351274  -3152.24053452  -3152.23364477  -3152.23723021  -3152.24959656  -3152.26674349  -3152.28305136  -3152.28816358 
max(|Fr_perp|)   :   0.00000000    0.01550628    0.01556386    0.01528866    0.01802782    0.01887090    0.01722407    0.02022926    0.01546316    0.00000000 
Fr_paral         :   0.00000000   -0.01706014   -0.02407942   -0.01851386   -0.00368498    0.01485085    0.02676871    0.02893166    0.01568419    0.00000000 
max(|Fsp_paral|) :   0.00000000    0.00661895    0.00599487    0.00379315    0.00141515    0.00435908    0.00571576    0.00753672    0.00361462    0.00000000 
max(|Fsp_perp|)  :   0.00000000    0.00000000    0.00000000    0.00000000    0.00000000    0.00000000    0.00000000    0.00000000    0.00000000    0.00000000 
max(|FNEB|)      :   0.00000000    0.01271502    0.01391255    0.01504340    0.01793667    0.01912112    0.01734657    0.01443148    0.01334338    0.00000000 
max(|Force|)     :   0.00581425    0.02138197    0.02525091    0.01892875    0.01812585    0.01850072    0.02354410    0.02849989    0.01861689    0.00506624 
ksp              :   0.02423552    0.05486956    0.08434981    0.10000000    0.10000000    0.09185561    0.06376523    0.02481571    0.01000000 
max(|step|)      :   0.00000000    0.07941391    0.09036182    0.07448793    0.05472540    0.04265326    0.07302989    0.10000000    0.09867981    0.01993602 
angle (deg.)     :    20.3805  11.6250  8.5127  8.1176  7.2658  8.6713  14.3195  21.2198 
>
iteration       : 3
climbing        : yes
zoom on         : no
nim             : 10
barrier         :   0.03806864 (image:  4) 
distance        :   0.00000000    0.96570624    1.63740835    2.21325213    2.77861367    3.37337650    3.91675153    4.51215469    5.33383974    6.24878503 
energy          : -3152.27326587  -3152.26776903  -3152.25448466  -3152.24166190  -3152.23519723  -3152.23902446  -3152.25140771  -3152.26871023  -3152.28407320  -3152.28816358 
max(|Fr_perp|)   :   0.00000000    0.01258627    0.01274100    0.01387927    0.01460889    0.01655054    0.01658229    0.01466207    0.00960160    0.00000000 
Fr_paral         :   0.00000000   -0.01553590   -0.02521585   -0.01891264   -0.00319692    0.01581680    0.02888224    0.02947113    0.00998893    0.00000000 
max(|Fsp_paral|) :   0.00000000    0.00589440    0.00548670    0.00360833    0.00140393    0.00486515    0.00569593    0.00746587    0.00277988    0.00000000 
max(|Fsp_perp|)  :   0.00000000    0.00000000    0.00000000    0.00000000    0.00000000    0.00000000    0.00000000    0.00000000    0.00000000    0.00000000 
max(|FNEB|)      :   0.00000000    0.01159700    0.01335428    0.01381300    0.01464290    0.01698090    0.01697062    0.01412041    0.01147011    0.00000000 
max(|Force|)     :   0.00581425    0.01785284    0.02404810    0.01877172    0.01482106    0.01625661    0.02334116    0.02485682    0.01054918    0.00506624 
ksp              :   0.02299746    0.05440585    0.08472269    0.10000000    0.10000000    0.09095760    0.06169290    0.02078296    0.01000000 
max(|step|)      :   0.00000000    0.02339954    0.02694524    0.02787081    0.02954532    0.03426275    0.03424201    0.02849107    0.02314350    0.00000000 
angle (deg.)     :    20.8887  12.7145  8.3235  8.3414  7.1837  8.8085  16.7575  19.3541 
>
iteration       : 4
climbing        : yes
zoom on         : no
nim             : 10
barrier         :   0.03735997 (image:  4) 
distance        :   0.00000000    1.00153776    1.67540498    2.24281549    2.79907218    3.36867619    3.90662342    4.49068143    5.34549097    6.27647200 
energy          : -3152.27326587  -3152.26800705  -3152.25489112  -3152.24222809  -3152.23590590  -3152.23966112  -3152.25205137  -3152.26912169  -3152.28444344  -3152.28816358 
max(|Fr_perp|)   :   0.00000000    0.01116441    0.01201706    0.01047350    0.01063165    0.01281378    0.01330151    0.01328748    0.00527329    0.00000000 
Fr_paral         :   0.00000000   -0.01521436   -0.02520798   -0.01876709   -0.00287001    0.01562505    0.02927646    0.02957443    0.01023449    0.00000000 
max(|Fsp_paral|) :   0.00000000    0.00577220    0.00525639    0.00352977    0.00064468    0.00392973    0.00599095    0.00716944    0.00277597    0.00000000 
max(|Fsp_perp|)  :   0.00000000    0.00000000    0.00000000    0.00000000    0.00000000    0.00000000    0.00000000    0.00000000    0.00000000    0.00000000 
max(|FNEB|)      :   0.00000000    0.01136775    0.01304772    0.01109299    0.01069707    0.01264603    0.01306118    0.01380487    0.00689292    0.00000000 
max(|Force|)     :   0.00581425    0.01633178    0.02350696    0.01842245    0.01056623    0.01313879    0.02256670    0.02375310    0.00824605    0.00506624 
ksp              :   0.02266846    0.05426469    0.08476988    0.10000000    0.10000000    0.09095369    0.06110563    0.01998332    0.01000000 
max(|step|)      :   0.00000000    0.02318738    0.02695072    0.02304271    0.01754918    0.01733690    0.02088670    0.02652969    0.01352185    0.00190261 
angle (deg.)     :    21.6911  13.9062  8.1140  8.6861  7.0972  8.9073  19.0894  18.4073 
>
iteration       : 5
climbing        : yes
zoom on         : no
nim             : 10
barrier         :   0.03694911 (image:  4) 
distance        :   0.00000000    1.03733911    1.71302002    2.27233712    2.81924583    3.36598570    3.89496624    4.46980365    5.35755064    6.30620575 
energy          : -3152.27326587  -3152.26810184  -3152.25508412  -3152.24255703  -3152.23631676  -3152.24000914  -3152.25229617  -3152.26919425  -3152.28454859  -3152.28816358 
max(|Fr_perp|)   :   0.00000000    0.01018804    0.01129967    0.00953198    0.00996245    0.01155426    0.01198990    0.01194809    0.00570933    0.00000000 
Fr_paral         :   0.00000000   -0.01504908   -0.02544410   -0.01907424   -0.00275019    0.01588200    0.02974109    0.02984315    0.01019157    0.00000000 
max(|Fsp_paral|) :   0.00000000    0.00557631    0.00497485    0.00342341    0.00000821    0.00322141    0.00596850    0.00689300    0.00296344    0.00000000 
max(|Fsp_perp|)  :   0.00000000    0.00000000    0.00000000    0.00000000    0.00000000    0.00000000    0.00000000    0.00000000    0.00000000    0.00000000 
max(|FNEB|)      :   0.00000000    0.01116405    0.01283141    0.01108358    0.01002771    0.01140639    0.01173877    0.01334183    0.00705393    0.00000000 
max(|Force|)     :   0.00581425    0.01529087    0.02307509    0.01818702    0.00989719    0.01197264    0.02172825    0.02275053    0.00799038    0.00506624 
ksp              :   0.02257846    0.05428680    0.08480005    0.10000000    0.10000000    0.09100617    0.06107763    0.01991759    0.01000000 
max(|step|)      :   0.00000000    0.07707077    0.08919809    0.07520682    0.05413743    0.06081696    0.07963882    0.10000000    0.05697402    0.00974733 
angle (deg.)     :    24.6208  18.2777  7.9945  10.0465  6.9886  9.8003  26.3442  17.3206 
>
iteration       : 6
climbing        : yes
zoom on         : no
nim             : 10
barrier         :   0.03578967 (image:  4) 
distance        :   0.00000000    1.15947668    1.84242580    2.38034593    2.89841859    3.37773478    3.87334993    4.42507811    5.42201931    6.43752210 
energy          : -3152.27326587  -3152.26826816  -3152.25562923  -3152.24333459  -3152.23747620  -3152.24091400  -3152.25265876  -3152.26937972  -3152.28465319  -3152.28816358 
max(|Fr_perp|)   :   0.00000000    0.00757823    0.00910915    0.00983359    0.00995426    0.01100856    0.01091877    0.00900420    0.00896160    0.00000000 
Fr_paral         :   0.00000000   -0.01411236   -0.02610945   -0.01945215   -0.00214135    0.01609952    0.03075627    0.03068590    0.00938991    0.00000000 
max(|Fsp_paral|) :   0.00000000    0.00474242    0.00422667    0.00294044    0.00196082    0.00136594    0.00536840    0.00618530    0.00354616    0.00000000 
max(|Fsp_perp|)  :   0.00000000    0.00000000    0.00000000    0.00000000    0.00000000    0.00000000    0.00000000    0.00000000    0.00000000    0.00000000 
max(|FNEB|)      :   0.00000000    0.01011279    0.01216081    0.01043752    0.01011592    0.01106147    0.01077782    0.01169585    0.00733739    0.00000000 
max(|Force|)     :   0.00581425    0.01195968    0.02171989    0.01752846    0.01000529    0.01154078    0.01968121    0.02032305    0.01088901    0.00506624 
ksp              :   0.02256862    0.05435116    0.08526925    0.10000000    0.10000000    0.09135821    0.06182173    0.01977574    0.01000000 
max(|step|)      :   0.00000000    0.03387708    0.04073780    0.03496489    0.03388756    0.03705508    0.03610487    0.03918021    0.02457969    0.00000000 
angle (deg.)     :    26.0531  19.8270  7.9752  10.3965  6.9495  9.9747  28.5852  18.4930 
>
iteration       : 7
climbing        : yes
zoom on         : no
nim             : 10
barrier         :   0.03554821 (image:  4) 
distance        :   0.00000000    1.20843774    1.89765934    2.42858519    2.93308467    3.39630134    3.86328410    4.41198215    5.44797219    6.50210739 
energy          : -3152.27326587  -3152.26835018  -3152.25568754  -3152.24328462  -3152.23771766  -3152.24109203  -3152.25223369  -3152.26930644  -3152.28477063  -3152.28816358 
max(|Fr_perp|)   :   0.00000000    0.00714034    0.00923599    0.01285106    0.01291140    0.01508336    0.01480269    0.00852011    0.00506489    0.00000000 
Fr_paral         :   0.00000000   -0.01361061   -0.02661067   -0.01943456   -0.00185865    0.01615543    0.03087836    0.03117114    0.00862148    0.00000000 
max(|Fsp_paral|) :   0.00000000    0.00457541    0.00393303    0.00243455    0.00215283    0.00191593    0.00400592    0.00623546    0.00385257    0.00000000 
max(|Fsp_perp|)  :   0.00000000    0.00000000    0.00000000    0.00000000    0.00000000    0.00000000    0.00000000    0.00000000    0.00000000    0.00000000 
max(|FNEB|)      :   0.00000000    0.00982707    0.01197226    0.01277474    0.01285396    0.01520270    0.01497743    0.01086532    0.00734631    0.00000000 
max(|Force|)     :   0.00581425    0.01155671    0.02190913    0.01796642    0.01296885    0.01454541    0.02018614    0.02026010    0.00619575    0.00506624 
ksp              :   0.02244542    0.05450434    0.08590571    0.10000000    0.10000000    0.09145686    0.06324871    0.02002438    0.01000000 
max(|step|)      :   0.00000000    0.03310210    0.03961893    0.03280400    0.02341985    0.02700172    0.03520772    0.04313624    0.03091287    0.00669013 
angle (deg.)     :    27.1701  21.3973  7.8066  10.5722  6.6633  10.1069  30.7642  19.3448 
>
iteration       : 8
climbing        : yes
zoom on         : no
nim             : 10
barrier         :   0.03494573 (image:  4) 
distance        :   0.00000000    1.25679563    1.95283708    2.47651519    2.96942052    3.41651571    3.86076904    4.40294789    5.47701468    6.57041363 
energy          : -3152.27326587  -3152.26837553  -3152.25588669  -3152.24377037  -3152.23832014  -3152.24169777  -3152.25231147  -3152.26915786  -3152.28473150  -3152.28816358 
max(|Fr_perp|)   :   0.00000000    0.00669153    0.00906749    0.01079745    0.01136518    0.01285830    0.01251340    0.00805635    0.00632789    0.00000000 
Fr_paral         :   0.00000000   -0.01296162   -0.02635019   -0.01946884   -0.00163602    0.01630934    0.03074658    0.03116866    0.00784640    0.00000000 
max(|Fsp_paral|) :   0.00000000    0.00431031    0.00340781    0.00221722    0.00246333    0.00226897    0.00303602    0.00577168    0.00431919    0.00000000 
max(|Fsp_perp|)  :   0.00000000    0.00000000    0.00000000    0.00000000    0.00000000    0.00000000    0.00000000    0.00000000    0.00000000    0.00000000 
max(|FNEB|)      :   0.00000000    0.00935580    0.01135953    0.01073955    0.01131553    0.01298922    0.01263773    0.00995456    0.00743579    0.00000000 
max(|Force|)     :   0.00581425    0.01077996    0.02173197    0.01795117    0.01141483    0.01233653    0.02034715    0.02024748    0.00673130    0.00506624 
ksp              :   0.02259469    0.05475871    0.08596337    0.10000000    0.10000000    0.09130117    0.06396644    0.02057985    0.01000000 
max(|step|)      :   0.00000000    0.08055098    0.09671592    0.08093858    0.05878919    0.06698232    0.08292204    0.10000000    0.07307283    0.01200508 
angle (deg.)     :    29.4469  25.5590  7.9300  11.3675  6.4088  11.0617  36.5904  20.5269 
>
iteration       : 9
climbing        : yes
zoom on         : no
nim             : 10
barrier         :   0.03355695 (image:  4) 
distance        :   0.00000000    1.37364954    2.08519012    2.59607335    3.06276430    3.46898543    3.87098945    4.39529807    5.55369741    6.74681565 
energy          : -3152.27326587  -3152.26843202  -3152.25645679  -3152.24462523  -3152.23970892  -3152.24292308  -3152.25247423  -3152.26895741  -3152.28460839  -3152.28816358 
max(|Fr_perp|)   :   0.00000000    0.00536351    0.00870673    0.00968070    0.00929471    0.01059755    0.01042913    0.00750611    0.00786432    0.00000000 
Fr_paral         :   0.00000000   -0.01141598   -0.02608640   -0.01905818   -0.00093320    0.01617387    0.03045258    0.03126965    0.00675527    0.00000000 
max(|Fsp_paral|) :   0.00000000    0.00348923    0.00259397    0.00126200    0.00342431    0.00223404    0.00123845    0.00461276    0.00532553    0.00000000 
max(|Fsp_perp|)  :   0.00000000    0.00000000    0.00000000    0.00000000    0.00000000    0.00000000    0.00000000    0.00000000    0.00000000    0.00000000 
max(|FNEB|)      :   0.00000000    0.00803207    0.01030853    0.00984020    0.00940379    0.01087820    0.01061434    0.00911083    0.01075406    0.00000000 
max(|Force|)     :   0.00581425    0.00869368    0.02095692    0.01763763    0.00945871    0.01104262    0.02003278    0.01975290    0.00645243    0.00506624 
ksp              :   0.02296497    0.05508168    0.08682174    0.10000000    0.10000000    0.09138229    0.06577227    0.02155543    0.01000000 
max(|step|)      :   0.00000000    0.01729777    0.02220032    0.02119172    0.02025188    0.02342714    0.02285889    0.01962097    0.02315979    0.00000000 
angle (deg.)     :    29.4922  26.5035  8.1050  11.2840  6.2896  10.6065  37.9139  19.9980 
>
iteration       : 10
climbing        : yes
zoom on         : no
nim             : 10
barrier         :   0.03314542 (image:  4) 
distance        :   0.00000000    1.39449085    2.10959089    2.61538295    3.07806845    3.47347257    3.87745836    4.38895287    5.55222908    6.77249103 
energy          : -3152.27326587  -3152.26852917  -3152.25666664  -3152.24493919  -3152.24012045  -3152.24322787  -3152.25279151  -3152.26893158  -3152.28470589  -3152.28816358 
max(|Fr_perp|)   :   0.00000000    0.00491962    0.00860654    0.00984889    0.00906800    0.01037176    0.00995336    0.00680126    0.00436054    0.00000000 
Fr_paral         :   0.00000000   -0.01144133   -0.02601300   -0.01875230   -0.00081160    0.01585304    0.03043896    0.03156532    0.00755075    0.00000000 
max(|Fsp_paral|) :   0.00000000    0.00345473    0.00230654    0.00126534    0.00381334    0.00146887    0.00187524    0.00402525    0.00546765    0.00000000 
max(|Fsp_perp|)  :   0.00000000    0.00000000    0.00000000    0.00000000    0.00000000    0.00000000    0.00000000    0.00000000    0.00000000    0.00000000 
max(|FNEB|)      :   0.00000000    0.00805560    0.01000353    0.00983527    0.00908931    0.01031161    0.00988489    0.00879192    0.00795101    0.00000000 
max(|Force|)     :   0.00581425    0.00816496    0.02032093    0.01702050    0.00904669    0.01077500    0.01937214    0.01903429    0.00598352    0.00506624 
ksp              :   0.02286159    0.05507201    0.08691565    0.10000000    0.10000000    0.09156240    0.06559418    0.02176892    0.01000000 
max(|step|)      :   0.00000000    0.01796025    0.02248910    0.01843780    0.01549727    0.01718529    0.01705420    0.02027185    0.01860615    0.00130472 
angle (deg.)     :    29.7612  27.4595  7.6600  11.3579  6.2231  9.8386  39.2229  19.9649 
>
iteration       : 11
climbing        : yes
zoom on         : no
nim             : 10
barrier         :   0.03279438 (image:  4) 
distance        :   0.00000000    1.41628690    2.13454052    2.63511626    3.09329093    3.47909150    3.88175037    4.38280647    5.54961775    6.79979192 
energy          : -3152.27326587  -3152.26856225  -3152.25680166  -3152.24525747  -3152.24047149  -3152.24349052  -3152.25296897  -3152.26881421  -3152.28462772  -3152.28816358 
max(|Fr_perp|)   :   0.00000000    0.00467425    0.00851407    0.00888082    0.00857297    0.00966364    0.00947757    0.00660656    0.00439197    0.00000000 
Fr_paral         :   0.00000000   -0.01142787   -0.02597462   -0.01894025   -0.00078769    0.01581152    0.03045371    0.03188749    0.00803501    0.00000000 
max(|Fsp_paral|) :   0.00000000    0.00333686    0.00194167    0.00127666    0.00408607    0.00094587    0.00218404    0.00347199    0.00570133    0.00000000 
max(|Fsp_perp|)  :   0.00000000    0.00000000    0.00000000    0.00000000    0.00000000    0.00000000    0.00000000    0.00000000    0.00000000    0.00000000 
max(|FNEB|)      :   0.00000000    0.00798875    0.00966788    0.00886351    0.00859369    0.00962531    0.00939470    0.00848410    0.00815181    0.00000000 
max(|Force|)     :   0.00581425    0.00782268    0.01995353    0.01683553    0.00855225    0.01055274    0.01893834    0.01869300    0.00608256    0.00506624 
ksp              :   0.02290850    0.05518394    0.08686548    0.10000000    0.10000000    0.09171465    0.06570226    0.02221701    0.01000000 
max(|step|)      :   0.00000000    0.07805825    0.09433168    0.07713216    0.06442848    0.07795257    0.08122832    0.09322656    0.10000000    0.02475317 
angle (deg.)     :    31.4464  31.6078  7.0356  11.5737  6.1397  7.0214  44.8357  21.2229 
>
iteration       : 12
climbing        : yes
zoom on         : no
nim             : 10
barrier         :   0.03140118 (image:  4) 
distance        :   0.00000000    1.51391772    2.24625213    2.73100099    3.16990172    3.51861185    3.90936453    4.37661076    5.55389189    6.94290078 
energy          : -3152.27326587  -3152.26862590  -3152.25744179  -3152.24631490  -3152.24186469  -3152.24453184  -3152.25346335  -3152.26837684  -3152.28396438  -3152.28816358 
max(|Fr_perp|)   :   0.00000000    0.00733627    0.00793252    0.00870100    0.00844001    0.00882098    0.00872128    0.00621281    0.01333149    0.00000000 
Fr_paral         :   0.00000000   -0.01092516   -0.02579726   -0.01886951   -0.00050249    0.01527082    0.03006078    0.03266471    0.00896051    0.00000000 
max(|Fsp_paral|) :   0.00000000    0.00250690    0.00092239    0.00087392    0.00507858    0.00068712    0.00267470    0.00153983    0.00658960    0.00000000 
max(|Fsp_perp|)  :   0.00000000    0.00000000    0.00000000    0.00000000    0.00000000    0.00000000    0.00000000    0.00000000    0.00000000    0.00000000 
max(|FNEB|)      :   0.00000000    0.00715389    0.00841918    0.00875575    0.00855281    0.00896747    0.00871846    0.00730489    0.01067261    0.00000000 
max(|Force|)     :   0.00581425    0.01047768    0.01855513    0.01597317    0.00852391    0.00993004    0.01838639    0.02090543    0.01511575    0.00506624 
ksp              :   0.02330256    0.05535730    0.08724684    0.10000000    0.10000000    0.09235888    0.06675657    0.02402053    0.01000000 
max(|step|)      :   0.00000000    0.02352155    0.02768174    0.02878836    0.02812108    0.02948448    0.02866574    0.02401801    0.03509088    0.00000000 
angle (deg.)     :    32.4955  32.1082  6.8794  11.4627  6.0566  6.9396  44.7234  23.0523 
>
iteration       : 13
climbing        : yes
zoom on         : no
nim             : 10
barrier         :   0.03103224 (image:  4) 
distance        :   0.00000000    1.54055842    2.27614882    2.76259651    3.19581011    3.54548919    3.91492536    4.39200805    5.55282217    6.99762026 
energy          : -3152.27326587  -3152.26879338  -3152.25778587  -3152.24654956  -3152.24223363  -3152.24494327  -3152.25338804  -3152.26862490  -3152.28419918  -3152.28816358 
max(|Fr_perp|)   :   0.00000000    0.00477174    0.00762403    0.00889861    0.00850361    0.00960525    0.00923957    0.00606084    0.00427702    0.00000000 
Fr_paral         :   0.00000000   -0.01026004   -0.02547920   -0.01871674   -0.00041261    0.01540761    0.02971943    0.03204050    0.00816489    0.00000000 
max(|Fsp_paral|) :   0.00000000    0.00238917    0.00116960    0.00042847    0.00481721    0.00054243    0.00099676    0.00269810    0.00596623    0.00000000 
max(|Fsp_perp|)  :   0.00000000    0.00000000    0.00000000    0.00000000    0.00000000    0.00000000    0.00000000    0.00000000    0.00000000    0.00000000 
max(|FNEB|)      :   0.00000000    0.00676245    0.00820781    0.00897623    0.00849132    0.00963061    0.00925507    0.00766184    0.00792344    0.00000000 
max(|Force|)     :   0.00581425    0.00620978    0.01882950    0.01657261    0.00851591    0.01004342    0.01846518    0.01847538    0.00560172    0.00506624 
ksp              :   0.02297114    0.05489525    0.08748289    0.10000000    0.10000000    0.09214148    0.06764988    0.02345977    0.01000000 
max(|step|)      :   0.00000000    0.02259582    0.02634235    0.02334798    0.02042261    0.02168102    0.02593067    0.02581019    0.03079742    0.00397954 
angle (deg.)     :    33.2578  32.5857  6.8853  11.2394  5.8158  6.9794  44.5507  24.5180 
>
iteration       : 14
climbing        : yes
zoom on         : no
nim             : 10
barrier         :   0.03053200 (image:  4) 
distance        :   0.00000000    1.56614030    2.30586068    2.79174144    3.22076975    3.56846243    3.92488776    4.40311911    5.55204998    7.04857777 
energy          : -3152.27326587  -3152.26886565  -3152.25808542  -3152.24702816  -3152.24273387  -3152.24546492  -3152.25355169  -3152.26866488  -3152.28404843  -3152.28816358 
max(|Fr_perp|)   :   0.00000000    0.00512622    0.00735955    0.00690588    0.00648043    0.00632901    0.00594701    0.00586523    0.00536337    0.00000000 
Fr_paral         :   0.00000000   -0.00960628   -0.02499862   -0.01866714   -0.00041178    0.01550927    0.02928410    0.03178781    0.00720725    0.00000000 
max(|Fsp_paral|) :   0.00000000    0.00217581    0.00104324    0.00026514    0.00478113    0.00119150    0.00011471    0.00296595    0.00575545    0.00000000 
max(|Fsp_perp|)  :   0.00000000    0.00000000    0.00000000    0.00000000    0.00000000    0.00000000    0.00000000    0.00000000    0.00000000    0.00000000 
max(|FNEB|)      :   0.00000000    0.00627749    0.00787095    0.00710379    0.00657163    0.00713542    0.00616943    0.00761922    0.00816458    0.00000000 
max(|Force|)     :   0.00581425    0.00579387    0.01867545    0.01653276    0.00656244    0.01024984    0.01870488    0.01870091    0.00542515    0.00506624 
ksp              :   0.02297065    0.05474782    0.08734162    0.10000000    0.10000000    0.09194962    0.06811204    0.02356247    0.01000000 
max(|step|)      :   0.00000000    0.07627646    0.09000044    0.08068002    0.06901153    0.07448428    0.08457594    0.08737561    0.10000000    0.00960195 
angle (deg.)     :    35.4868  34.6040  7.5750  10.8349  5.5885  7.7577  44.5317  28.6243 
>
iteration       : 15
climbing        : yes
zoom on         : no
nim             : 10
barrier         :   0.02910603 (image:  4) 
distance        :   0.00000000    1.65138096    2.40662336    2.89099151    3.30730352    3.64325246    3.96801789    4.44046616    5.55469347    7.22097735 
energy          : -3152.27326587  -3152.26900932  -3152.25902399  -3152.24818881  -3152.24415984  -3152.24681902  -3152.25396254  -3152.26863620  -3152.28315834  -3152.28816358 
max(|Fr_perp|)   :   0.00000000    0.00566491    0.00662109    0.00661862    0.00619734    0.00578087    0.00635220    0.00595572    0.01626289    0.00000000 
Fr_paral         :   0.00000000   -0.00766221   -0.02383538   -0.01826051   -0.00022177    0.01538687    0.02807244    0.03105653    0.00457379    0.00000000 
max(|Fsp_paral|) :   0.00000000    0.00124811    0.00086476    0.00045398    0.00492487    0.00235110    0.00185737    0.00319187    0.00527889    0.00000000 
max(|Fsp_perp|)  :   0.00000000    0.00000000    0.00000000    0.00000000    0.00000000    0.00000000    0.00000000    0.00000000    0.00000000    0.00000000 
max(|FNEB|)      :   0.00000000    0.00650750    0.00701427    0.00674211    0.00624126    0.00723072    0.00655247    0.00695481    0.01916816    0.00000000 
max(|Force|)     :   0.00581425    0.00504506    0.01770530    0.01621861    0.00615279    0.01055499    0.01897827    0.01895775    0.01518178    0.00506624 
ksp              :   0.02316989    0.05404173    0.08754384    0.10000000    0.10000000    0.09177506    0.06970030    0.02431612    0.01000000 
max(|step|)      :   0.00000000    0.02725063    0.02937277    0.02823309    0.02613571    0.03027916    0.02743894    0.02912377    0.08026803    0.00000000 
angle (deg.)     :    35.1560  35.9624  7.6824  11.0383  5.6867  6.5944  46.0831  27.2538 
>
iteration       : 16
climbing        : yes
zoom on         : no
nim             : 10
barrier         :   0.02869850 (image:  4) 
distance        :   0.00000000    1.66466671    2.42972487    2.90541476    3.32279091    3.63953665    3.99057526    4.42453762    5.53323519    7.23128149 
energy          : -3152.27326587  -3152.26927733  -3152.25932448  -3152.24860472  -3152.24456737  -3152.24698151  -3152.25474056  -3152.26837565  -3152.28361756  -3152.28816358 
max(|Fr_perp|)   :   0.00000000    0.00451267    0.00677393    0.00719168    0.00777842    0.00800384    0.00734082    0.00536953    0.00805482    0.00000000 
Fr_paral         :   0.00000000   -0.00855903   -0.02426353   -0.01874040   -0.00017316    0.01504143    0.02912328    0.03211274    0.00870240    0.00000000 
max(|Fsp_paral|) :   0.00000000    0.00179323    0.00024369    0.00011026    0.00596791    0.00046436    0.00168133    0.00080340    0.00579582    0.00000000 
max(|Fsp_perp|)  :   0.00000000    0.00000000    0.00000000    0.00000000    0.00000000    0.00000000    0.00000000    0.00000000    0.00000000    0.00000000 
max(|FNEB|)      :   0.00000000    0.00562753    0.00689393    0.00718134    0.00777958    0.00800750    0.00734321    0.00590564    0.00718930    0.00000000 
max(|Force|)     :   0.00581425    0.00697411    0.01713655    0.01533712    0.00777726    0.00923756    0.01752360    0.01900588    0.00998977    0.00506624 
ksp              :   0.02250828    0.05372094    0.08733868    0.10000000    0.10000000    0.09242913    0.06809635    0.02533600    0.01000000 
max(|step|)      :   0.00000000    0.02026729    0.02712143    0.02531627    0.02456637    0.02743225    0.02471346    0.02801320    0.03294135    0.00772214 
angle (deg.)     :    35.3894  36.9272  8.0078  10.9779  5.7615  6.1848  46.6901  27.8173 
>
iteration       : 17
climbing        : yes
zoom on         : no
nim             : 10
barrier         :   0.02815441 (image:  4) 
distance        :   0.00000000    1.68256233    2.45469136    2.92749149    3.34451729    3.65263671    4.00842674    4.42810591    5.52555739    7.26810132 
energy          : -3152.27326587  -3152.26936411  -3152.25970609  -3152.24913092  -3152.24511146  -3152.24743418  -3152.25520505  -3152.26831617  -3152.28320129  -3152.28816358 
max(|Fr_perp|)   :   0.00000000    0.00557305    0.00657274    0.00630665    0.00605459    0.00570904    0.00550489    0.00536144    0.01424926    0.00000000 
Fr_paral         :   0.00000000   -0.00850293   -0.02385613   -0.01868927   -0.00012142    0.01478234    0.02896665    0.03210908    0.00931423    0.00000000 
max(|Fsp_paral|) :   0.00000000    0.00167874    0.00000829    0.00028626    0.00643124    0.00127013    0.00260118    0.00004892    0.00581244    0.00000000 
max(|Fsp_perp|)  :   0.00000000    0.00000000    0.00000000    0.00000000    0.00000000    0.00000000    0.00000000    0.00000000    0.00000000    0.00000000 
max(|FNEB|)      :   0.00000000    0.00553638    0.00659117    0.00650501    0.00607733    0.00605664    0.00735425    0.00542450    0.01194962    0.00000000 
max(|Force|)     :   0.00581425    0.00791762    0.01584810    0.01489066    0.00603185    0.00916707    0.01781826    0.02029763    0.01622008    0.00506624 
ksp              :   0.02247259    0.05334596    0.08715118    0.10000000    0.10000000    0.09257506    0.06773427    0.02582248    0.01000000 
max(|step|)      :   0.00000000    0.05192646    0.06606327    0.06295747    0.06553708    0.07166108    0.07139332    0.07610456    0.10000000    0.03588293 
angle (deg.)     :    36.3019  39.0490  8.7083  10.8696  6.1069  5.7608  47.8235  30.0286 
>
iteration       : 18
climbing        : yes
zoom on         : no
nim             : 10
barrier         :   0.02711368 (image:  4) 
distance        :   0.00000000    1.73209042    2.52307243    2.99219033    3.40702802    3.69965581    4.05428537    4.45232202    5.52009820    7.38317117 
energy          : -3152.27326587  -3152.26947181  -3152.26048822  -3152.25010733  -3152.24615219  -3152.24830509  -3152.25583687  -3152.26816371  -3152.28224017  -3152.28816358 
max(|Fr_perp|)   :   0.00000000    0.00704583    0.00612990    0.00584713    0.00563463    0.00540289    0.00525471    0.00529743    0.02119634    0.00000000 
Fr_paral         :   0.00000000   -0.00797569   -0.02299413   -0.01873870   -0.00002404    0.01436043    0.02851771    0.03194209    0.00979169    0.00000000 
max(|Fsp_paral|) :   0.00000000    0.00116175    0.00039286    0.00041541    0.00714554    0.00214549    0.00337436    0.00101084    0.00566008    0.00000000 
max(|Fsp_perp|)  :   0.00000000    0.00000000    0.00000000    0.00000000    0.00000000    0.00000000    0.00000000    0.00000000    0.00000000    0.00000000 
max(|FNEB|)      :   0.00000000    0.00648562    0.00598774    0.00606977    0.00563915    0.00595000    0.00760262    0.00488083    0.01926030    0.00000000 
max(|Force|)     :   0.00581425    0.00913402    0.01446490    0.01402993    0.00563101    0.01009886    0.01955738    0.02183945    0.02330542    0.00506624 
ksp              :   0.02260585    0.05242121    0.08687269    0.10000000    0.10000000    0.09285910    0.06785045    0.02695349    0.01000000 
max(|step|)      :   0.00000000    0.02727885    0.02518473    0.02552977    0.02371854    0.02502600    0.03197700    0.02052902    0.08100980    0.00000000 
angle (deg.)     :    36.9875  38.6961  8.9258  10.4435  5.4108  6.5582  45.5665  32.1511 
>
iteration       : 19
climbing        : yes
zoom on         : no
nim             : 10
barrier         :   0.02679543 (image:  4) 
distance        :   0.00000000    1.75390087    2.55163557    3.03072750    3.44093138    3.74784571    4.06235029    4.49521661    5.54281666    7.46658098 
energy          : -3152.27326587  -3152.26985181  -3152.26097070  -3152.25036463  -3152.24647044  -3152.24883249  -3152.25560945  -3152.26898374  -3152.28335247  -3152.28816358 
max(|Fr_perp|)   :   0.00000000    0.00355091    0.00594498    0.00585641    0.00637341    0.00712516    0.00538936    0.00473117    0.00701844    0.00000000 
Fr_paral         :   0.00000000   -0.00668743   -0.02245859   -0.01874045   -0.00003657    0.01511556    0.02812903    0.03117899    0.00712339    0.00000000 
max(|Fsp_paral|) :   0.00000000    0.00165562    0.00039770    0.00036676    0.00623698    0.00106105    0.00062267    0.00254614    0.00353050    0.00000000 
max(|Fsp_perp|)  :   0.00000000    0.00000000    0.00000000    0.00000000    0.00000000    0.00000000    0.00000000    0.00000000    0.00000000    0.00000000 
max(|FNEB|)      :   0.00000000    0.00473029    0.00609866    0.00576077    0.00637339    0.00713333    0.00533004    0.00643254    0.00680168    0.00000000 
max(|Force|)     :   0.00581425    0.00394972    0.01537928    0.01431836    0.00637343    0.00911993    0.01682413    0.01748496    0.00725391    0.00506624 
ksp              :   0.02146710    0.05129680    0.08692026    0.10000000    0.10000000    0.09206638    0.06930407    0.02438274    0.01000000 
max(|step|)      :   0.00000000    0.02072412    0.02626311    0.02559747    0.02399005    0.02289835    0.02418090    0.02256127    0.02269734    0.00537324 
angle (deg.)     :    37.2819  38.9425  9.4337  9.9680  5.2151  7.2328  44.4224  33.6796 
>
iteration       : 20
climbing        : yes
zoom on         : no
nim             : 10
barrier         :   0.02638431 (image:  4) 
distance        :   0.00000000    1.77265143    2.57574723    3.05801024    3.46732290    3.77615775    4.07964062    4.51582778    5.55901545    7.52521720 
energy          : -3152.27326587  -3152.26987597  -3152.26131848  -3152.25077174  -3152.24688156  -3152.24930656  -3152.25577820  -3152.26905779  -3152.28302876  -3152.28816358 
max(|Fr_perp|)   :   0.00000000    0.00373334    0.00559046    0.00547856    0.00536889    0.00504678    0.00481982    0.00435936    0.01229350    0.00000000 
Fr_paral         :   0.00000000   -0.00595643   -0.02155286   -0.01845462   -0.00002933    0.01521011    0.02749480    0.03047623    0.00517672    0.00000000 
max(|Fsp_paral|) :   0.00000000    0.00128992    0.00058592    0.00054021    0.00622306    0.00191383    0.00155019    0.00282941    0.00324380    0.00000000 
max(|Fsp_perp|)  :   0.00000000    0.00000000    0.00000000    0.00000000    0.00000000    0.00000000    0.00000000    0.00000000    0.00000000    0.00000000 
max(|FNEB|)      :   0.00000000    0.00444893    0.00583664    0.00545455    0.00537348    0.00586484    0.00524294    0.00616761    0.01393602    0.00000000 
max(|Force|)     :   0.00581425    0.00410715    0.01415517    0.01421417    0.00536429    0.00939721    0.01728602    0.01703303    0.01080485    0.00506624 
ksp              :   0.02156336    0.05075397    0.08673013    0.10000000    0.10000000    0.09172803    0.06965253    0.02435424    0.01000000 
max(|step|)      :   0.00000000    0.02245371    0.02897262    0.02731737    0.02514728    0.02634375    0.02691234    0.02949130    0.03038853    0.00307176 
angle (deg.)     :    37.3715  39.4689  9.9407  9.6975  5.2437  7.6714  43.9192  34.6685 
>
iteration       : 21
climbing        : yes
zoom on         : no
nim             : 10
barrier         :   0.02605404 (image:  4) 
distance        :   0.00000000    1.79192357    2.60166824    3.08413160    3.49341686    3.79886000    4.10101900    4.52902976    5.57098138    7.57759089 
energy          : -3152.27326587  -3152.26996675  -3152.26161832  -3152.25111188  -3152.24721183  -3152.24958676  -3152.25599889  -3152.26899441  -3152.28303562  -3152.28816358 
max(|Fr_perp|)   :   0.00000000    0.00487718    0.00537531    0.00526613    0.00518984    0.00565897    0.00503861    0.00431630    0.01321339    0.00000000 
Fr_paral         :   0.00000000   -0.00571920   -0.02106937   -0.01845427   -0.00003083    0.01504151    0.02736292    0.03031239    0.00506684    0.00000000 
max(|Fsp_paral|) :   0.00000000    0.00119561    0.00058547    0.00049889    0.00651226    0.00178866    0.00127699    0.00227771    0.00328159    0.00000000 
max(|Fsp_perp|)  :   0.00000000    0.00000000    0.00000000    0.00000000    0.00000000    0.00000000    0.00000000    0.00000000    0.00000000    0.00000000 
max(|FNEB|)      :   0.00000000    0.00552887    0.00561721    0.00525277    0.00519446    0.00558952    0.00512655    0.00561611    0.01486794    0.00000000 
max(|Force|)     :   0.00581425    0.00397179    0.01373452    0.01410730    0.00518522    0.00949674    0.01748931    0.01719037    0.01174170    0.00506624 
ksp              :   0.02139635    0.05023480    0.08652782    0.10000000    0.10000000    0.09179614    0.06964633    0.02475515    0.01000000 
max(|step|)      :   0.00000000    0.06330739    0.08038208    0.07514183    0.07310977    0.07875554    0.08108829    0.08844104    0.10000000    0.02636245 
angle (deg.)     :    37.6154  41.0193  11.6169  8.9495  5.5755  9.1662  42.9635  37.4078 
>
iteration       : 22
climbing        : yes
zoom on         : no
nim             : 10
barrier         :   0.02517076 (image:  4) 
distance        :   0.00000000    1.84943070    2.67948440    3.16230450    3.57220603    3.86834733    4.16659056    4.57318525    5.61137173    7.73641330 
energy          : -3152.27326587  -3152.27024252  -3152.26241932  -3152.25201859  -3152.24809511  -3152.25033581  -3152.25659689  -3152.26886417  -3152.28314994  -3152.28816358 
max(|Fr_perp|)   :   0.00000000    0.00595128    0.00661547    0.00658651    0.00746535    0.00815556    0.00675481    0.00531405    0.01266349    0.00000000 
Fr_paral         :   0.00000000   -0.00521734   -0.01983621   -0.01832251   -0.00002145    0.01459886    0.02707095    0.02998325    0.00516794    0.00000000 
max(|Fsp_paral|) :   0.00000000    0.00103920    0.00054482    0.00032418    0.00732542    0.00142074    0.00054110    0.00089143    0.00326242    0.00000000 
max(|Fsp_perp|)  :   0.00000000    0.00000000    0.00000000    0.00000000    0.00000000    0.00000000    0.00000000    0.00000000    0.00000000    0.00000000 
max(|FNEB|)      :   0.00000000    0.00654039    0.00657568    0.00667965    0.00758100    0.00828007    0.00686805    0.00524876    0.01436561    0.00000000 
max(|Force|)     :   0.00581425    0.00461043    0.01222587    0.01335361    0.00758116    0.00938805    0.01741184    0.01715547    0.01126161    0.00506624 
ksp              :   0.02081528    0.04878800    0.08597990    0.10000000    0.10000000    0.09199206    0.06961260    0.02574319    0.01000000 
max(|step|)      :   0.00000000    0.01158164    0.01164414    0.01182825    0.01342435    0.01466225    0.01216185    0.00929444    0.02543845    0.00000000 
angle (deg.)     :    37.4783  41.2940  11.2630  8.9648  5.3831  8.0502  43.9657  37.1147 
>
iteration       : 23
climbing        : yes
zoom on         : no
nim             : 10
barrier         :   0.02496504 (image:  4) 
distance        :   0.00000000    1.85329086    2.68535949    3.16461909    3.57456159    3.86633869    4.16831591    4.56939504    5.60508912    7.73761466 
energy          : -3152.27326587  -3152.27037133  -3152.26257620  -3152.25225616  -3152.24830083  -3152.25051005  -3152.25687164  -3152.26899556  -3152.28346536  -3152.28816358 
max(|Fr_perp|)   :   0.00000000    0.00300561    0.00484401    0.00590938    0.00466480    0.00446849    0.00442472    0.00366482    0.00439643    0.00000000 
Fr_paral         :   0.00000000   -0.00551894   -0.02025924   -0.01894590   -0.00003586    0.01494379    0.02761577    0.03034774    0.00681977    0.00000000 
max(|Fsp_paral|) :   0.00000000    0.00130880    0.00038072    0.00006008    0.00745074    0.00088685    0.00004803    0.00080850    0.00298712    0.00000000 
max(|Fsp_perp|)  :   0.00000000    0.00000000    0.00000000    0.00000000    0.00000000    0.00000000    0.00000000    0.00000000    0.00000000    0.00000000 
max(|FNEB|)      :   0.00000000    0.00389528    0.00499702    0.00581300    0.00466941    0.00451744    0.00439859    0.00422343    0.00556029    0.00000000 
max(|Force|)     :   0.00581425    0.00350867    0.01222135    0.01315336    0.00466020    0.00901613    0.01671886    0.01665930    0.00468396    0.00506624 
ksp              :   0.02043493    0.04853670    0.08574088    0.10000000    0.10000000    0.09203570    0.06910188    0.02539465    0.01000000 
max(|step|)      :   0.00000000    0.00656973    0.00855264    0.00804536    0.00783537    0.00802582    0.00727723    0.00794960    0.01467299    0.00174696 
angle (deg.)     :    37.4062  41.5303  11.2026  8.7873  5.2603  7.5376  44.5606  37.0999 
>
iteration       : 24
climbing        : yes
zoom on         : no
nim             : 10
barrier         :   0.02483809 (image:  4) 
distance        :   0.00000000    1.85839246    2.69233368    3.17022793    3.58014428    3.86873668    4.17321518    4.57117755    5.60535416    7.74743351 
energy          : -3152.27326587  -3152.27042637  -3152.26266988  -3152.25239961  -3152.24842778  -3152.25059844  -3152.25699871  -3152.26904390  -3152.28353227  -3152.28816358 
max(|Fr_perp|)   :   0.00000000    0.00265837    0.00480568    0.00465622    0.00460391    0.00430883    0.00427841    0.00367913    0.00385054    0.00000000 
Fr_paral         :   0.00000000   -0.00564638   -0.02026214   -0.01898728   -0.00005065    0.01486238    0.02767930    0.03053810    0.00750906    0.00000000 
max(|Fsp_paral|) :   0.00000000    0.00138312    0.00029830    0.00004883    0.00758668    0.00051071    0.00037952    0.00073351    0.00286103    0.00000000 
max(|Fsp_perp|)  :   0.00000000    0.00000000    0.00000000    0.00000000    0.00000000    0.00000000    0.00000000    0.00000000    0.00000000    0.00000000 
max(|FNEB|)      :   0.00000000    0.00404244    0.00492683    0.00474355    0.00461029    0.00420884    0.00418101    0.00418373    0.00466288    0.00000000 
max(|Force|)     :   0.00581425    0.00344731    0.01226155    0.01282243    0.00459752    0.00865851    0.01624640    0.01681076    0.00446106    0.00506624 
ksp              :   0.02028882    0.04839423    0.08560823    0.10000000    0.10000000    0.09213470    0.06894353    0.02529819    0.01000000 
max(|step|)      :   0.00000000    0.04615696    0.05516624    0.05044763    0.05473145    0.05759986    0.05313706    0.06062832    0.08199132    0.03272785 
angle (deg.)     :    37.2964  42.7954  10.9015  7.8761  5.3327  6.2349  47.4610  38.1786 
>
iteration       : 25
climbing        : yes
zoom on         : no
nim             : 10
barrier         :   0.02429117 (image:  4) 
distance        :   0.00000000    1.89905845    2.74469521    3.21835323    3.62651520    3.89943324    4.21039710    4.59647029    5.62513910    7.84131835 
energy          : -3152.27326587  -3152.27050047  -3152.26306477  -3152.25294268  -3152.24897470  -3152.25091551  -3152.25729124  -3152.26898537  -3152.28317209  -3152.28816358 
max(|Fr_perp|)   :   0.00000000    0.00517269    0.00447570    0.00431229    0.00419569    0.00403283    0.00371585    0.00462390    0.01312895    0.00000000 
Fr_paral         :   0.00000000   -0.00577500   -0.02006288   -0.01918607   -0.00007223    0.01425608    0.02760385    0.03076006    0.00900191    0.00000000 
max(|Fsp_paral|) :   0.00000000    0.00103306    0.00000840    0.00024687    0.00810579    0.00093966    0.00128151    0.00006538    0.00274248    0.00000000 
max(|Fsp_perp|)  :   0.00000000    0.00000000    0.00000000    0.00000000    0.00000000    0.00000000    0.00000000    0.00000000    0.00000000    0.00000000 
max(|FNEB|)      :   0.00000000    0.00471587    0.00447989    0.00442644    0.00420362    0.00422136    0.00432724    0.00461732    0.01207315    0.00000000 
max(|Force|)     :   0.00581425    0.00653276    0.01190664    0.01353146    0.00418777    0.00968103    0.01904692    0.02089095    0.01528658    0.00506624 
ksp              :   0.02024595    0.04779560    0.08529845    0.10000000    0.10000000    0.09280922    0.06918680    0.02585947    0.01000000 
max(|step|)      :   0.00000000    0.05921239    0.07124414    0.06529508    0.06729296    0.06935826    0.06826150    0.07283816    0.10000000    0.03471072 
angle (deg.)     :    37.4866  43.9439  12.0836  7.1749  6.3681  7.7653  49.4891  40.2441 
>
iteration       : 26
climbing        : yes
zoom on         : no
nim             : 10
barrier         :   0.02387306 (image:  4) 
distance        :   0.00000000    1.95432932    2.81866542    3.29280948    3.69949089    3.96175749    4.27065865    4.65392528    5.67570721    7.99519775 
energy          : -3152.27326587  -3152.27063600  -3152.26351632  -3152.25333508  -3152.24939281  -3152.25116352  -3152.25736806  -3152.26892986  -3152.28294178  -3152.28816358 
max(|Fr_perp|)   :   0.00000000    0.00780395    0.00407485    0.01358664    0.01094709    0.00926629    0.00694483    0.00740873    0.01787468    0.00000000 
Fr_paral         :   0.00000000   -0.00536731   -0.01967407   -0.01871403   -0.00007494    0.01346744    0.02713235    0.03056371    0.00902340    0.00000000 
max(|Fsp_paral|) :   0.00000000    0.00077735    0.00002173    0.00017468    0.00845520    0.00149640    0.00118926    0.00008366    0.00236498    0.00000000 
max(|Fsp_perp|)  :   0.00000000    0.00000000    0.00000000    0.00000000    0.00000000    0.00000000    0.00000000    0.00000000    0.00000000    0.00000000 
max(|FNEB|)      :   0.00000000    0.00753344    0.00407257    0.01383784    0.01114482    0.00910486    0.00733526    0.00750308    0.01711440    0.00000000 
max(|Force|)     :   0.00581425    0.00904136    0.01221866    0.01709028    0.01116716    0.01317073    0.02285861    0.02296252    0.02007242    0.00506624 
ksp              :   0.01992488    0.04675553    0.08515011    0.10000000    0.10000000    0.09332735    0.06993448    0.02637048    0.01000000 
max(|step|)      :   0.00000000    0.01432640    0.00774483    0.02631551    0.02119419    0.01731478    0.01394952    0.01426866    0.03254658    0.00000000 
angle (deg.)     :    37.6079  43.6606  11.2331  6.8223  5.4528  5.6528  48.0029  40.6970 
>
iteration       : 27
climbing        : yes
zoom on         : no
nim             : 10
barrier         :   0.02368918 (image:  4) 
distance        :   0.00000000    1.96078919    2.82886564    3.30384630    3.70982751    3.97682120    4.27645060    4.66502781    5.68521941    8.01926400 
energy          : -3152.27326587  -3152.27089085  -3152.26373055  -3152.25355937  -3152.24957669  -3152.25143842  -3152.25757682  -3152.26932616  -3152.28362041  -3152.28816358 
max(|Fr_perp|)   :   0.00000000    0.00307651    0.00396078    0.01027811    0.00971964    0.00896081    0.00599444    0.00705161    0.00793579    0.00000000 
Fr_paral         :   0.00000000   -0.00506365   -0.01925438   -0.01949079   -0.00010084    0.01429395    0.02754678    0.02987312    0.00841909    0.00000000 
max(|Fsp_paral|) :   0.00000000    0.00149226    0.00009967    0.00017219    0.00831178    0.00068069    0.00047922    0.00093126    0.00134134    0.00000000 
max(|Fsp_perp|)  :   0.00000000    0.00000000    0.00000000    0.00000000    0.00000000    0.00000000    0.00000000    0.00000000    0.00000000    0.00000000 
max(|FNEB|)      :   0.00000000    0.00386017    0.00399539    0.01027629    0.00973668    0.00911550    0.00588406    0.00728113    0.00739886    0.00000000 
max(|Force|)     :   0.00581425    0.00425632    0.01142638    0.01712952    0.00970260    0.01118743    0.01814827    0.02043692    0.01008979    0.00506624 
ksp              :   0.01902316    0.04622660    0.08486900    0.10000000    0.10000000    0.09292691    0.06960590    0.02496775    0.01000000 
max(|step|)      :   0.00000000    0.00802145    0.00830302    0.00798958    0.00757293    0.00787884    0.00629896    0.00693467    0.02024563    0.00208430 
angle (deg.)     :    37.6681  43.5158  11.6620  6.6263  5.1269  5.6143  46.6514  41.2387 
>
iteration       : 28
climbing        : yes
zoom on         : no
nim             : 10
barrier         :   0.02352714 (image:  4) 
distance        :   0.00000000    1.96819128    2.83798293    3.31496390    3.72102540    3.99142434    4.28593792    4.67661075    5.69748615    8.04393515 
energy          : -3152.27326587  -3152.27096926  -3152.26383579  -3152.25375755  -3152.24973873  -3152.25164123  -3152.25767639  -3152.26949204  -3152.28381463  -3152.28816358 
max(|Fr_perp|)   :   0.00000000    0.00244755    0.00386381    0.00510894    0.00453363    0.00423601    0.00363970    0.00286621    0.00367804    0.00000000 
Fr_paral         :   0.00000000   -0.00478007   -0.01899304   -0.01925491   -0.00018965    0.01435369    0.02735913    0.03020699    0.00755286    0.00000000 
max(|Fsp_paral|) :   0.00000000    0.00163673    0.00015597    0.00014684    0.00830300    0.00016408    0.00006335    0.00132697    0.00093084    0.00000000 
max(|Fsp_perp|)  :   0.00000000    0.00000000    0.00000000    0.00000000    0.00000000    0.00000000    0.00000000    0.00000000    0.00000000    0.00000000 
max(|FNEB|)      :   0.00000000    0.00386211    0.00391620    0.00509955    0.00456591    0.00425352    0.00362647    0.00312020    0.00385879    0.00000000 
max(|Force|)     :   0.00581425    0.00299474    0.01075308    0.01405337    0.00450134    0.00870968    0.01717766    0.01852150    0.00408484    0.00506624 
ksp              :   0.01878539    0.04607355    0.08462655    0.10000000    0.10000000    0.09272222    0.06963550    0.02443630    0.01000000 
max(|step|)      :   0.00000000    0.02000830    0.02141918    0.01993960    0.01804748    0.01759860    0.01503612    0.01496271    0.01944397    0.00233536 
angle (deg.)     :    37.6243  43.6678  12.5164  6.3310  4.6636  7.0066  44.7702  42.4901 
>
iteration       : 29
climbing        : yes
zoom on         : no
nim             : 10
barrier         :   0.02338041 (image:  4) 
distance        :   0.00000000    1.98714732    2.85827558    3.33869353    3.74491197    4.01858420    4.30768353    4.69409603    5.72363808    8.09471302 
energy          : -3152.27326587  -3152.27101097  -3152.26397516  -3152.25391854  -3152.24988546  -3152.25184146  -3152.25777328  -3152.26937226  -3152.28387148  -3152.28816358 
max(|Fr_perp|)   :   0.00000000    0.00240190    0.00365739    0.00347826    0.00325515    0.00319431    0.00288044    0.00252828    0.00509571    0.00000000 
Fr_paral         :   0.00000000   -0.00440448   -0.01845245   -0.01888091   -0.00020180    0.01441066    0.02698832    0.02998836    0.00619571    0.00000000 
max(|Fsp_paral|) :   0.00000000    0.00145001    0.00037822    0.00002396    0.00836592    0.00040294    0.00010979    0.00068440    0.00126422    0.00000000 
max(|Fsp_perp|)  :   0.00000000    0.00000000    0.00000000    0.00000000    0.00000000    0.00000000    0.00000000    0.00000000    0.00000000    0.00000000 
max(|FNEB|)      :   0.00000000    0.00350562    0.00377853    0.00353489    0.00327132    0.00317305    0.00289818    0.00263561    0.00566169    0.00000000 
max(|Force|)     :   0.00581425    0.00300262    0.00950670    0.01089647    0.00323899    0.00873147    0.01616192    0.01707729    0.00412120    0.00506624 
ksp              :   0.01867996    0.04576344    0.08447514    0.10000000    0.10000000    0.09247060    0.06963681    0.02498796    0.01000000 
max(|step|)      :   0.00000000    0.02847522    0.03026604    0.02765229    0.02505014    0.02389384    0.02163124    0.02209919    0.03164160    0.00287557 
angle (deg.)     :    37.5184  44.0523  13.6141  6.4967  5.2663  8.5899  43.3862  43.8504 
>
iteration       : 30
climbing        : yes
zoom on         : no
nim             : 10
barrier         :   0.02325700 (image:  4) 
distance        :   0.00000000    2.01389407    2.88685539    3.36917948    3.77603258    4.05120956    4.33656036    4.71713373    5.75507238    8.15943806 
energy          : -3152.27326587  -3152.27106652  -3152.26411896  -3152.25405994  -3152.25000887  -3152.25199596  -3152.25785818  -3152.26918354  -3152.28393768  -3152.28816358 
max(|Fr_perp|)   :   0.00000000    0.00296465    0.00348205    0.00438501    0.00483312    0.00430435    0.00303461    0.00715546    0.00780429    0.00000000 
Fr_paral         :   0.00000000   -0.00417099   -0.01819489   -0.01864283   -0.00017250    0.01439502    0.02682088    0.02983927    0.00543826    0.00000000 
max(|Fsp_paral|) :   0.00000000    0.00124149    0.00053555    0.00000896    0.00848505    0.00076790    0.00010011    0.00016020    0.00171791    0.00000000 
max(|Fsp_perp|)  :   0.00000000    0.00000000    0.00000000    0.00000000    0.00000000    0.00000000    0.00000000    0.00000000    0.00000000    0.00000000 
max(|FNEB|)      :   0.00000000    0.00353024    0.00364899    0.00433337    0.00482263    0.00431969    0.00304861    0.00717466    0.00857982    0.00000000 
max(|Force|)     :   0.00581425    0.00301984    0.00957298    0.01076027    0.00484360    0.00867932    0.01543596    0.01579863    0.00624317    0.00506624 
ksp              :   0.01851103    0.04539674    0.08432318    0.10000000    0.10000000    0.09231038    0.06962471    0.02579780    0.01000000 
max(|step|)      :   0.00000000    0.07828286    0.08183384    0.07297545    0.06530179    0.06056533    0.06334600    0.06368778    0.10000000    0.02449413 
angle (deg.)     :    37.4114  45.3399  15.7195  6.7010  6.0493  13.3842  41.1820  47.1374 
>
iteration       : 31
climbing        : yes
zoom on         : no
nim             : 10
barrier         :   0.02300864 (image:  4) 
distance        :   0.00000000    2.09009443    2.96988173    3.45492436    3.86378824    4.14073100    4.41967210    4.79039084    5.84539085    8.34441437 
energy          : -3152.27326587  -3152.27126033  -3152.26446906  -3152.25434900  -3152.25025723  -3152.25226138  -3152.25795883  -3152.26889733  -3152.28422794  -3152.28816358 
max(|Fr_perp|)   :   0.00000000    0.00410596    0.00300871    0.00826504    0.00861300    0.00815683    0.00720199    0.00822768    0.01009075    0.00000000 
Fr_paral         :   0.00000000   -0.00380321   -0.01758849   -0.01810155   -0.00011600    0.01418332    0.02601730    0.02914280    0.00456921    0.00000000 
max(|Fsp_paral|) :   0.00000000    0.00092901    0.00082902    0.00009433    0.00878152    0.00134117    0.00012881    0.00152733    0.00228943    0.00000000 
max(|Fsp_perp|)  :   0.00000000    0.00000000    0.00000000    0.00000000    0.00000000    0.00000000    0.00000000    0.00000000    0.00000000    0.00000000 
max(|FNEB|)      :   0.00000000    0.00455275    0.00322142    0.00835009    0.00874631    0.00833989    0.00729295    0.00859071    0.01118567    0.00000000 
max(|Force|)     :   0.00581425    0.00354830    0.00861213    0.01141170    0.00876253    0.00839467    0.01600836    0.01665670    0.00889663    0.00506624 
ksp              :   0.01784992    0.04440688    0.08400519    0.10000000    0.10000000    0.09215864    0.06988024    0.02711796    0.01000000 
max(|step|)      :   0.00000000    0.00850424    0.00601740    0.01559743    0.01633753    0.01557837    0.01362275    0.01604688    0.02089410    0.00000000 
angle (deg.)     :    37.4863  45.5010  13.9386  6.3942  4.9367  9.8932  42.8979  46.8011 
>
iteration       : 32
climbing        : yes
zoom on         : no
nim             : 10
barrier         :   0.02287674 (image:  4) 
distance        :   0.00000000    2.09408298    2.97522305    3.45445652    3.86221735    4.13460278    4.41600410    4.78912564    5.83492487    8.33929463 
energy          : -3152.27326587  -3152.27136480  -3152.26454995  -3152.25450908  -3152.25038913  -3152.25236071  -3152.25818698  -3152.26929640  -3152.28442900  -3152.28816358 
max(|Fr_perp|)   :   0.00000000    0.00224153    0.00301104    0.00930595    0.00839035    0.00719321    0.00488381    0.00674055    0.00380963    0.00000000 
Fr_paral         :   0.00000000   -0.00403139   -0.01788354   -0.01925058   -0.00012739    0.01478572    0.02696631    0.02905986    0.00596643    0.00000000 
max(|Fsp_paral|) :   0.00000000    0.00127602    0.00058639    0.00039152    0.00873788    0.00083788    0.00005877    0.00052542    0.00111147    0.00000000 
max(|Fsp_perp|)  :   0.00000000    0.00000000    0.00000000    0.00000000    0.00000000    0.00000000    0.00000000    0.00000000    0.00000000    0.00000000 
max(|FNEB|)      :   0.00000000    0.00328210    0.00316634    0.00939018    0.00841338    0.00694137    0.00486489    0.00662536    0.00426927    0.00000000 
max(|Force|)     :   0.00581425    0.00269057    0.00845678    0.01402986    0.00836731    0.00965222    0.01541896    0.01574522    0.00371549    0.00506624 
ksp              :   0.01747903    0.04428954    0.08379159    0.10000000    0.10000000    0.09224356    0.06932228    0.02561638    0.01000000 
max(|step|)      :   0.00000000    0.00545395    0.00517436    0.00659357    0.00564295    0.00674097    0.00711191    0.00701893    0.01155801    0.00158771 
angle (deg.)     :    37.5579  45.6015  13.5342  6.2983  4.5907  8.5693  43.7204  46.6995 
>
iteration       : 33
climbing        : yes
zoom on         : no
nim             : 10
barrier         :   0.02278865 (image:  4) 
distance        :   0.00000000    2.09913617    2.98075829    3.45788053    3.86501944    4.13461103    4.41846173    4.79351361    5.83417482    8.34401595 
energy          : -3152.27326587  -3152.27140614  -3152.26457838  -3152.25460324  -3152.25047722  -3152.25241121  -3152.25828466  -3152.26954093  -3152.28447989  -3152.28816358 
max(|Fr_perp|)   :   0.00000000    0.00220534    0.00301528    0.00522470    0.00455458    0.00399168    0.00334716    0.00253966    0.00313967    0.00000000 
Fr_paral         :   0.00000000   -0.00415306   -0.01818233   -0.01924112   -0.00015399    0.01465678    0.02715119    0.02971262    0.00655966    0.00000000 
max(|Fsp_paral|) :   0.00000000    0.00139616    0.00045223    0.00048512    0.00873285    0.00047530    0.00017497    0.00012974    0.00039426    0.00000000 
max(|Fsp_perp|)  :   0.00000000    0.00000000    0.00000000    0.00000000    0.00000000    0.00000000    0.00000000    0.00000000    0.00000000    0.00000000 
max(|FNEB|)      :   0.00000000    0.00346164    0.00313316    0.00533756    0.00458188    0.00383020    0.00330354    0.00257104    0.00317534    0.00000000 
max(|Force|)     :   0.00581425    0.00265242    0.00920075    0.01308931    0.00452728    0.00766768    0.01473619    0.01569846    0.00366688    0.00506624 
ksp              :   0.01734468    0.04430979    0.08370494    0.10000000    0.10000000    0.09236201    0.06916581    0.02471101    0.01000000 
max(|step|)      :   0.00000000    0.01800047    0.01551670    0.01238399    0.01290497    0.01399272    0.01424145    0.01851074    0.02536500    0.01035667 
angle (deg.)     :    37.8509  45.9971  12.7849  6.1568  4.0787  7.0933  45.2871  47.0579 
>
iteration       : 34
climbing        : yes
zoom on         : no
nim             : 10
barrier         :   0.02271469 (image:  4) 
distance        :   0.00000000    2.11806069    3.00015573    3.47504757    3.87935216    4.14333971    4.43102774    4.80741970    5.84794185    8.37453155 
energy          : -3152.27326587  -3152.27145772  -3152.26458448  -3152.25463166  -3152.25055118  -3152.25240882  -3152.25833667  -3152.26970732  -3152.28455188  -3152.28816358 
max(|Fr_perp|)   :   0.00000000    0.00211492    0.00290580    0.00234967    0.00213297    0.00216572    0.00243456    0.00211317    0.00304779    0.00000000 
Fr_paral         :   0.00000000   -0.00427257   -0.01847215   -0.01909848   -0.00014161    0.01433729    0.02723527    0.03020470    0.00701350    0.00000000 
max(|Fsp_paral|) :   0.00000000    0.00146723    0.00033795    0.00038035    0.00862672    0.00015500    0.00038480    0.00055892    0.00012153    0.00000000 
max(|Fsp_perp|)  :   0.00000000    0.00000000    0.00000000    0.00000000    0.00000000    0.00000000    0.00000000    0.00000000    0.00000000    0.00000000 
max(|FNEB|)      :   0.00000000    0.00358205    0.00298828    0.00242636    0.00213938    0.00222159    0.00252842    0.00206020    0.00304337    0.00000000 
max(|Force|)     :   0.00581425    0.00260374    0.00941831    0.01145038    0.00212656    0.00965868    0.01815675    0.01835216    0.00460918    0.00506624 
ksp              :   0.01716423    0.04439736    0.08383233    0.10000000    0.10000000    0.09263965    0.06915235    0.02409965    0.01000000 
max(|step|)      :   0.00000000    0.02361512    0.02012514    0.01534603    0.01464993    0.01552895    0.01538972    0.01967590    0.02834285    0.00892634 
angle (deg.)     :    38.2437  46.3866  12.3318  6.5754  4.8503  6.3334  46.3540  47.7287 
>
iteration       : 35
climbing        : yes
zoom on         : no
nim             : 10
barrier         :   0.02267367 (image:  4) 
distance        :   0.00000000    2.14321815    3.02525440    3.49873237    3.90002429    4.16044489    4.44899865    4.82698550    5.87214422    8.41972134 
energy          : -3152.27326587  -3152.27151382  -3152.26457725  -3152.25461978  -3152.25059220  -3152.25240068  -3152.25831359  -3152.26974937  -3152.28466929  -3152.28816358 
max(|Fr_perp|)   :   0.00000000    0.00208840    0.00275272    0.00284531    0.00318811    0.00209377    0.00239444    0.00546571    0.00348027    0.00000000 
Fr_paral         :   0.00000000   -0.00427159   -0.01875872   -0.01906423   -0.00011186    0.01413852    0.02733678    0.03051531    0.00699455    0.00000000 
max(|Fsp_paral|) :   0.00000000    0.00150542    0.00028013    0.00021270    0.00848721    0.00044386    0.00034908    0.00069112    0.00027943    0.00000000 
max(|Fsp_perp|)  :   0.00000000    0.00000000    0.00000000    0.00000000    0.00000000    0.00000000    0.00000000    0.00000000    0.00000000    0.00000000 
max(|FNEB|)      :   0.00000000    0.00359468    0.00281590    0.00282138    0.00316932    0.00263603    0.00240590    0.00535274    0.00360242    0.00000000 
max(|Force|)     :   0.00581425    0.00273685    0.01151335    0.01159953    0.00320690    0.01055222    0.01883987    0.01933500    0.00529101    0.00506624 
ksp              :   0.01695451    0.04448828    0.08401307    0.10000000    0.10000000    0.09282149    0.06935101    0.02395825    0.01000000 
max(|step|)      :   0.00000000    0.08365030    0.07087309    0.05433963    0.04858844    0.05118337    0.05066618    0.06297234    0.09330976    0.02650752 
angle (deg.)     :    39.7433  47.7907  11.3807  7.2278  6.7891  9.5296  49.0722  50.2493 
>
iteration       : 36
climbing        : yes
zoom on         : no
nim             : 10
barrier         :   0.02257225 (image:  4) 
distance        :   0.00000000    2.23304654    3.11460969    3.58523292    3.97759852    4.22997605    4.51862874    4.90473401    5.97069768    8.59155744 
energy          : -3152.27326587  -3152.27169506  -3152.26456760  -3152.25454640  -3152.25069362  -3152.25236552  -3152.25814504  -3152.26987359  -3152.28509334  -3152.28816358 
max(|Fr_perp|)   :   0.00000000    0.00232535    0.00277016    0.00750404    0.00684799    0.00541136    0.00626509    0.00867005    0.00338702    0.00000000 
Fr_paral         :   0.00000000   -0.00426003   -0.01917907   -0.01868475   -0.00004301    0.01345888    0.02689539    0.03066945    0.00659105    0.00000000 
max(|Fsp_paral|) :   0.00000000    0.00154931    0.00023176    0.00035326    0.00804206    0.00095459    0.00011754    0.00121270    0.00072596    0.00000000 
max(|Fsp_perp|)  :   0.00000000    0.00000000    0.00000000    0.00000000    0.00000000    0.00000000    0.00000000    0.00000000    0.00000000    0.00000000 
max(|FNEB|)      :   0.00000000    0.00344794    0.00277670    0.00766578    0.00684103    0.00613062    0.00654644    0.00851767    0.00369303    0.00000000 
max(|Force|)     :   0.00581425    0.00313805    0.01216845    0.01107581    0.00685495    0.01262450    0.02221734    0.02230860    0.00511354    0.00506624 
ksp              :   0.01626312    0.04468170    0.08463819    0.10000000    0.10000000    0.09333382    0.07028973    0.02352569    0.01000000 
max(|step|)      :   0.00000000    0.09244030    0.07564952    0.05789524    0.05146233    0.05399332    0.05496652    0.06309467    0.10000000    0.02769584 
angle (deg.)     :    41.5479  49.1624  10.7760  8.0491  9.4762  9.9304  50.2183  53.2331 
>
iteration       : 37
climbing        : yes
zoom on         : no
nim             : 10
barrier         :   0.02246444 (image:  4) 
distance        :   0.00000000    2.33623237    3.21400223    3.67885011    4.06668025    4.31664333    4.60574768    4.99264933    6.08386231    8.78430771 
energy          : -3152.27326587  -3152.27185395  -3152.26456576  -3152.25460044  -3152.25080143  -3152.25247932  -3152.25819783  -3152.27003316  -3152.28550620  -3152.28816358 
max(|Fr_perp|)   :   0.00000000    0.00228276    0.00303665    0.00884813    0.00990380    0.00631126    0.00847973    0.00792632    0.00367341    0.00000000 
Fr_paral         :   0.00000000   -0.00430601   -0.01949444   -0.01854444    0.00007293    0.01344213    0.02631491    0.03105842    0.00615996    0.00000000 
max(|Fsp_paral|) :   0.00000000    0.00135664    0.00001920    0.00036651    0.00783028    0.00108271    0.00015957    0.00124210    0.00123562    0.00000000 
max(|Fsp_perp|)  :   0.00000000    0.00000000    0.00000000    0.00000000    0.00000000    0.00000000    0.00000000    0.00000000    0.00000000    0.00000000 
max(|FNEB|)      :   0.00000000    0.00307807    0.00308792    0.00922429    0.01016949    0.00683599    0.00877071    0.00794524    0.00420226    0.00000000 
max(|Force|)     :   0.00581425    0.00299440    0.01245517    0.01270276    0.01014514    0.01307252    0.02073575    0.02295681    0.00526103    0.00506624 
ksp              :   0.01565793    0.04485507    0.08478010    0.10000000    0.10000000    0.09327612    0.07038665    0.02297716    0.01000000 
max(|step|)      :   0.00000000    0.00450063    0.00451503    0.01348737    0.01486940    0.00999530    0.01282417    0.01161720    0.00614437    0.00000000 
angle (deg.)     :    41.6311  49.1032  10.1340  6.7872  6.7744  9.7056  49.1633  53.5329 
>
iteration       : 38
climbing        : yes
zoom on         : no
nim             : 10
barrier         :   0.02233635 (image:  4) 
distance        :   0.00000000    2.34201464    3.21729118    3.68113471    4.06926228    4.32203198    4.60925035    4.99199253    6.08820184    8.79035369 
energy          : -3152.27326587  -3152.27188483  -3152.26463909  -3152.25473224  -3152.25092952  -3152.25265227  -3152.25845512  -3152.27017315  -3152.28557283  -3152.28816358 
max(|Fr_perp|)   :   0.00000000    0.00213172    0.00237545    0.00278282    0.00431903    0.00354719    0.00646012    0.00417829    0.00202656    0.00000000 
Fr_paral         :   0.00000000   -0.00426111   -0.01923770   -0.01893425    0.00003810    0.01399202    0.02663150    0.03049354    0.00594621    0.00000000 
max(|Fsp_paral|) :   0.00000000    0.00132189    0.00005282    0.00027692    0.00785001    0.00082271    0.00003552    0.00118161    0.00153339    0.00000000 
max(|Fsp_perp|)  :   0.00000000    0.00000000    0.00000000    0.00000000    0.00000000    0.00000000    0.00000000    0.00000000    0.00000000    0.00000000 
max(|FNEB|)      :   0.00000000    0.00301896    0.00236172    0.00278089    0.00431587    0.00370821    0.00649000    0.00437624    0.00264098    0.00000000 
max(|Force|)     :   0.00581425    0.00286683    0.00954689    0.01370686    0.00432220    0.01008229    0.02134387    0.02166653    0.00352473    0.00506624 
ksp              :   0.01556463    0.04475996    0.08467769    0.10000000    0.10000000    0.09305852    0.06967707    0.02246154    0.01000000 
max(|step|)      :   0.00000000    0.00468448    0.00224265    0.00276975    0.00356514    0.00601916    0.00822552    0.00606629    0.00451027    0.00039351 
angle (deg.)     :    41.7339  49.0206  10.4668  6.5973  5.9618  7.6997  48.2427  53.8520 
>
iteration       : 39
climbing        : yes
zoom on         : no
nim             : 10
barrier         :   0.02229308 (image:  4) 
distance        :   0.00000000    2.34774653    3.22030477    3.68405039    4.07303910    4.32852213    4.61420163    4.99274651    6.09397973    8.79737330 
energy          : -3152.27326587  -3152.27190000  -3152.26467430  -3152.25478663  -3152.25097279  -3152.25274786  -3152.25861201  -3152.27016151  -3152.28561984  -3152.28816358 
max(|Fr_perp|)   :   0.00000000    0.00196572    0.00127440    0.00203610    0.00293839    0.00241615    0.00311302    0.00349033    0.00198753    0.00000000 
Fr_paral         :   0.00000000   -0.00423688   -0.01920710   -0.01886225    0.00002239    0.01423973    0.02714343    0.03035291    0.00568261    0.00000000 
max(|Fsp_paral|) :   0.00000000    0.00124154    0.00012765    0.00020202    0.00791314    0.00056818    0.00020622    0.00078479    0.00141686    0.00000000 
max(|Fsp_perp|)  :   0.00000000    0.00000000    0.00000000    0.00000000    0.00000000    0.00000000    0.00000000    0.00000000    0.00000000    0.00000000 
max(|FNEB|)      :   0.00000000    0.00292510    0.00128138    0.00200229    0.00293455    0.00254323    0.00305797    0.00363299    0.00206665    0.00000000 
max(|Force|)     :   0.00581425    0.00287801    0.00962975    0.01301287    0.00294222    0.00960978    0.01954040    0.02022788    0.00305046    0.00506624 
ksp              :   0.01551421    0.04468527    0.08460302    0.10000000    0.10000000    0.09283381    0.06915949    0.02253268    0.01000000 
max(|step|)      :   0.00000000    0.02026489    0.00924923    0.00783330    0.00914273    0.01518696    0.01589342    0.01734421    0.01385906    0.00131748 
angle (deg.)     :    42.3277  48.8300  11.8273  6.3547  4.0072  9.1593  45.5797  55.0138 
>
