NEB log file generated by ORCA
All quantities are given in atomic units. Unless stated otherwise. 
iteration       : 0
climbing        : no
zoom on         : no
nim             : 10
barrier         :   0.04414394 (image:  4) 
distance        :   0.00000000    0.77590405    1.55431834    2.33589642    3.11946338    3.90291097    4.68651595    5.46811813    6.24653324    7.02243413 
energy          : -3191.45168184  -3191.44511428  -3191.43098957  -3191.41574647  -3191.40753790  -3191.41052902  -3191.42382014  -3191.44151588  -3191.45711072  -3191.46439672 
max(|Fr_perp|)   :   0.00000000    0.01147687    0.02019641    0.02614808    0.03011967    0.02952378    0.02550822    0.02011547    0.01693504    0.00000000 
Fr_paral         :   0.00000000   -0.01503058   -0.02071765   -0.01679904   -0.00346197    0.01083875    0.02190779    0.02301939    0.01672224    0.00000000 
max(|Fsp_paral|) :   0.00000000    0.00799467    0.00857570    0.00455193    0.00000228    0.00169178    0.00730719    0.00992555    0.00571636    0.00000000 
max(|Fsp_perp|)  :   0.00000000    0.00000000    0.00000000    0.00000000    0.00000000    0.00000000    0.00000000    0.00000000    0.00000000    0.00000000 
max(|FNEB|)      :   0.00000000    0.01130994    0.01973299    0.02628237    0.03020787    0.02960420    0.02563979    0.01995523    0.01336961    0.00000000 
max(|Force|)     :   0.00374952    0.01455767    0.02085937    0.02614286    0.03019521    0.02961434    0.02552058    0.02485267    0.02059976    0.00223385 
ksp              :   0.02338880    0.05218417    0.08326101    0.10000000    0.10000000    0.09390612    0.06681232    0.03073969    0.01000000 
max(|step|)      :   0.00000000    0.02412299    0.04208852    0.05605770    0.06443042    0.06314284    0.05468714    0.04256254    0.02851606    0.00000000 
angle (deg.)     :    7.7005  7.1254  6.9522  6.8253  6.5979  7.0720  7.0607  8.2491 
>
iteration       : 1
climbing        : yes
zoom on         : no
nim             : 10
barrier         :   0.04067683 (image:  4) 
distance        :   0.00000000    0.82656973    1.61042986    2.36847359    3.12382553    3.89740839    4.64564822    5.41338148    6.21932907    7.03352115 
energy          : -3191.45168184  -3191.44544045  -3191.43199970  -3191.41811192  -3191.41100501  -3191.41410673  -3191.42639551  -3191.44306624  -3191.45817506  -3191.46439672 
max(|Fr_perp|)   :   0.00000000    0.01130513    0.01319998    0.01431221    0.01601473    0.01544217    0.01562326    0.01964024    0.01645061    0.00000000 
Fr_paral         :   0.00000000   -0.01449794   -0.02045333   -0.01662001   -0.00346642    0.01211307    0.02227333    0.02291952    0.01551813    0.00000000 
max(|Fsp_paral|) :   0.00000000    0.00799291    0.00770323    0.00418062    0.00067070    0.00284480    0.00677338    0.00959197    0.00546758    0.00000000 
max(|Fsp_perp|)  :   0.00000000    0.00000000    0.00000000    0.00000000    0.00000000    0.00000000    0.00000000    0.00000000    0.00000000    0.00000000 
max(|FNEB|)      :   0.00000000    0.01349712    0.01733350    0.01501517    0.01615662    0.01554227    0.01746209    0.01866067    0.01322356    0.00000000 
max(|Force|)     :   0.00374952    0.01426303    0.01746782    0.01761308    0.01611280    0.01559114    0.02067683    0.02467166    0.01971271    0.00223385 
ksp              :   0.02380803    0.05354715    0.08427496    0.10000000    0.10000000    0.09314157    0.06595787    0.02907608    0.01000000 
max(|step|)      :   0.00000000    0.02829050    0.03633171    0.03147240    0.03386492    0.03257721    0.03660124    0.03911352    0.02771712    0.00000000 
angle (deg.)     :    8.7259  7.3890  7.3307  7.4194  6.9553  7.4442  7.5469  9.7904 
>
iteration       : 2
climbing        : yes
zoom on         : no
nim             : 10
barrier         :   0.03899854 (image:  4) 
distance        :   0.00000000    0.87729547    1.66439122    2.40571956    3.14487169    3.90084194    4.63116433    5.38740273    6.22329733    7.07543507 
energy          : -3191.45168184  -3191.44555146  -3191.43244455  -3191.41924704  -3191.41268330  -3191.41585592  -3191.42773091  -3191.44391253  -3191.45887007  -3191.46439672 
max(|Fr_perp|)   :   0.00000000    0.01146439    0.01657905    0.02152522    0.02337588    0.02261989    0.01944603    0.01964352    0.01584809    0.00000000 
Fr_paral         :   0.00000000   -0.01382046   -0.01944516   -0.01494205   -0.00257021    0.01086712    0.02094697    0.02203376    0.01410803    0.00000000 
max(|Fsp_paral|) :   0.00000000    0.00781934    0.00716066    0.00411193    0.00064122    0.00303785    0.00670878    0.00925114    0.00535529    0.00000000 
max(|Fsp_perp|)  :   0.00000000    0.00000000    0.00000000    0.00000000    0.00000000    0.00000000    0.00000000    0.00000000    0.00000000    0.00000000 
max(|FNEB|)      :   0.00000000    0.00982442    0.01618087    0.02136856    0.02334977    0.02268324    0.01946947    0.01457820    0.01283852    0.00000000 
max(|Force|)     :   0.00374952    0.01421269    0.01758535    0.02173913    0.02340199    0.02253114    0.02057953    0.02467877    0.01869844    0.00223385 
ksp              :   0.02414755    0.05439540    0.08485234    0.10000000    0.10000000    0.09267829    0.06527343    0.02792984    0.01000000 
max(|step|)      :   0.00000000    0.02295287    0.02422270    0.02004276    0.02066901    0.02185003    0.02743632    0.02996579    0.02641007    0.00217158 
angle (deg.)     :    9.7654  7.8349  7.5189  7.6619  6.9902  7.6535  8.2252  11.2398 
>
iteration       : 3
climbing        : yes
zoom on         : no
nim             : 10
barrier         :   0.03776028 (image:  4) 
distance        :   0.00000000    0.92526214    1.71307504    2.43731603    3.16073041    3.89801566    4.60955807    5.35298121    6.21593443    7.10445896 
energy          : -3191.45168184  -3191.44555423  -3191.43272988  -3191.42013061  -3191.41392155  -3191.41717388  -3191.42877500  -3191.44450895  -3191.45936401  -3191.46439672 
max(|Fr_perp|)   :   0.00000000    0.01122155    0.01377293    0.01725597    0.01869333    0.01815033    0.01590529    0.01881919    0.01469780    0.00000000 
Fr_paral         :   0.00000000   -0.01355304   -0.01916293   -0.01459875   -0.00226730    0.01095185    0.02092981    0.02182785    0.01317887    0.00000000 
max(|Fsp_paral|) :   0.00000000    0.00756370    0.00656963    0.00407858    0.00054209    0.00318248    0.00659983    0.00882875    0.00530042    0.00000000 
max(|Fsp_perp|)  :   0.00000000    0.00000000    0.00000000    0.00000000    0.00000000    0.00000000    0.00000000    0.00000000    0.00000000    0.00000000 
max(|FNEB|)      :   0.00000000    0.00916706    0.01348184    0.01711778    0.01867023    0.01821972    0.01596302    0.01391199    0.01186343    0.00000000 
max(|Force|)     :   0.00374952    0.01385858    0.01720340    0.01744738    0.01871643    0.01805553    0.02047874    0.02401464    0.01726355    0.00223385 
ksp              :   0.02460489    0.05517117    0.08520098    0.10000000    0.10000000    0.09224823    0.06459746    0.02709628    0.01000000 
max(|step|)      :   0.00000000    0.07026212    0.07428896    0.06143015    0.05960844    0.06420126    0.08775632    0.10000000    0.08424167    0.01171216 
angle (deg.)     :    13.1727  10.4903  8.4084  8.3572  7.1553  8.7563  11.7883  15.0019 
>
iteration       : 4
climbing        : yes
zoom on         : no
nim             : 10
barrier         :   0.03582310 (image:  4) 
distance        :   0.00000000    1.08721063    1.86814972    2.54635864    3.21429833    3.88589047    4.53857327    5.24349842    6.19327584    7.20939067 
energy          : -3191.45168184  -3191.44537541  -3191.43300745  -3191.42128179  -3191.41585873  -3191.41923383  -3191.43039430  -3191.44565407  -3191.46036302  -3191.46439672 
max(|Fr_perp|)   :   0.00000000    0.00960441    0.01075569    0.01633447    0.02200030    0.02099449    0.01358829    0.01534322    0.00931314    0.00000000 
Fr_paral         :   0.00000000   -0.01327090   -0.01943193   -0.01411031   -0.00162551    0.01139047    0.02182972    0.02221479    0.01077794    0.00000000 
max(|Fsp_paral|) :   0.00000000    0.00620256    0.00516790    0.00342563    0.00015401    0.00317696    0.00604032    0.00752293    0.00520726    0.00000000 
max(|Fsp_perp|)  :   0.00000000    0.00000000    0.00000000    0.00000000    0.00000000    0.00000000    0.00000000    0.00000000    0.00000000    0.00000000 
max(|FNEB|)      :   0.00000000    0.00790616    0.00877468    0.01627462    0.02220893    0.02123083    0.01294260    0.01184599    0.00697371    0.00000000 
max(|Force|)     :   0.00374952    0.01206846    0.01584730    0.01687715    0.02224740    0.02118639    0.02012567    0.02132493    0.01115639    0.00223385 
ksp              :   0.02583780    0.05690340    0.08637007    0.10000000    0.10000000    0.09152389    0.06348140    0.02514154    0.01000000 
max(|step|)      :   0.00000000    0.01714708    0.01903075    0.03529683    0.04816730    0.04604598    0.02807025    0.02569190    0.01512477    0.00000000 
angle (deg.)     :    14.3662  10.9970  8.3217  8.3197  6.9765  8.8507  12.9907  15.5364 
>
iteration       : 5
climbing        : yes
zoom on         : no
nim             : 10
barrier         :   0.03551851 (image:  4) 
distance        :   0.00000000    1.12670940    1.90677363    2.57229601    3.22578020    3.87801663    4.51386243    5.20887151    6.18062133    7.23107767 
energy          : -3191.45168184  -3191.44531520  -3191.43295057  -3191.42141972  -3191.41616333  -3191.41951381  -3191.43051890  -3191.44569154  -3191.46040040  -3191.46439672 
max(|Fr_perp|)   :   0.00000000    0.00925768    0.00997528    0.01122994    0.01643073    0.01575917    0.01205229    0.01411760    0.00828932    0.00000000 
Fr_paral         :   0.00000000   -0.01329586   -0.01975956   -0.01445005   -0.00159522    0.01190619    0.02241603    0.02250411    0.01041489    0.00000000 
max(|Fsp_paral|) :   0.00000000    0.00588296    0.00471458    0.00321886    0.00005336    0.00303084    0.00572670    0.00713628    0.00534311    0.00000000 
max(|Fsp_perp|)  :   0.00000000    0.00000000    0.00000000    0.00000000    0.00000000    0.00000000    0.00000000    0.00000000    0.00000000    0.00000000 
max(|FNEB|)      :   0.00000000    0.00768508    0.00874849    0.01128810    0.01644117    0.01571968    0.00942132    0.01166035    0.00674547    0.00000000 
max(|Force|)     :   0.00374952    0.01171704    0.01531331    0.01112172    0.01642029    0.01582620    0.01911452    0.02030653    0.00996199    0.00223385 
ksp              :   0.02613236    0.05746296    0.08668089    0.10000000    0.10000000    0.09151024    0.06362456    0.02517875    0.01000000 
max(|step|)      :   0.00000000    0.01803193    0.02030655    0.01571833    0.01267442    0.01454079    0.02280418    0.02705878    0.01532050    0.00061317 
angle (deg.)     :    15.3899  11.7270  8.3728  8.3719  6.9299  9.0953  14.2934  15.9365 
>
iteration       : 6
climbing        : yes
zoom on         : no
nim             : 10
barrier         :   0.03524605 (image:  4) 
distance        :   0.00000000    1.16809104    1.94753516    2.60133749    3.24079939    3.87345174    4.49317326    5.17867673    6.17313977    7.26059644 
energy          : -3191.45168184  -3191.44523523  -3191.43283435  -3191.42151387  -3191.41643579  -3191.41976477  -3191.43055353  -3191.44564240  -3191.46039294  -3191.46439672 
max(|Fr_perp|)   :   0.00000000    0.00867588    0.00932846    0.01221528    0.01748244    0.01679330    0.01115533    0.01300622    0.00712346    0.00000000 
Fr_paral         :   0.00000000   -0.01335423   -0.01991301   -0.01435576   -0.00144459    0.01196777    0.02258312    0.02271098    0.01008126    0.00000000 
max(|Fsp_paral|) :   0.00000000    0.00555356    0.00431883    0.00301407    0.00029656    0.00287820    0.00537271    0.00668317    0.00555742    0.00000000 
max(|Fsp_perp|)  :   0.00000000    0.00000000    0.00000000    0.00000000    0.00000000    0.00000000    0.00000000    0.00000000    0.00000000    0.00000000 
max(|FNEB|)      :   0.00000000    0.00733634    0.00816485    0.01226331    0.01749202    0.01675249    0.00955108    0.01104026    0.00683729    0.00000000 
max(|Force|)     :   0.00374952    0.01114496    0.01488512    0.01211108    0.01747286    0.01686736    0.01861819    0.01940917    0.00864389    0.00223385 
ksp              :   0.02646128    0.05812664    0.08703324    0.10000000    0.10000000    0.09149953    0.06395067    0.02542157    0.01000000 
max(|step|)      :   0.00000000    0.06752820    0.07280773    0.05247401    0.04712234    0.04977597    0.07968279    0.10000000    0.06443780    0.00124515 
angle (deg.)     :    19.1699  15.7101  8.7896  8.6347  7.1711  10.8241  20.6816  16.6899 
>
iteration       : 7
climbing        : yes
zoom on         : no
nim             : 10
barrier         :   0.03506515 (image:  4) 
distance        :   0.00000000    1.32324131    2.09744970    2.71615963    3.30652470    3.87031700    4.43557266    5.08640299    6.15125885    7.39471789 
energy          : -3191.45168184  -3191.44469888  -3191.43242970  -3191.42147766  -3191.41661669  -3191.41968340  -3191.43036667  -3191.44495089  -3191.45990378  -3191.46439672 
max(|Fr_perp|)   :   0.00000000    0.00754902    0.00768166    0.01474041    0.01811494    0.01737709    0.00880866    0.01036032    0.00393319    0.00000000 
Fr_paral         :   0.00000000   -0.01308025   -0.01954279   -0.01457447   -0.00134475    0.01198480    0.02365639    0.02166922    0.00932180    0.00000000 
max(|Fsp_paral|) :   0.00000000    0.00356956    0.00330890    0.00224694    0.00124511    0.00202947    0.00451468    0.00512013    0.00653684    0.00000000 
max(|Fsp_perp|)  :   0.00000000    0.00000000    0.00000000    0.00000000    0.00000000    0.00000000    0.00000000    0.00000000    0.00000000    0.00000000 
max(|FNEB|)      :   0.00000000    0.00766230    0.00555622    0.01492151    0.01831875    0.01755244    0.00946777    0.00823760    0.00702250    0.00000000 
max(|Force|)     :   0.00374952    0.00897940    0.01375018    0.01481058    0.01829451    0.01767187    0.01738641    0.01701340    0.00500064    0.00223385 
ksp              :   0.02791679    0.05938559    0.08750369    0.10000000    0.10000000    0.09213946    0.06468803    0.02727568    0.01000000 
max(|step|)      :   0.00000000    0.01124197    0.00815198    0.02189253    0.02687690    0.02575258    0.01389092    0.01208603    0.01030326    0.00000000 
angle (deg.)     :    19.5374  15.4617  8.4895  8.5601  6.9288  10.3633  20.6713  16.7024 
>
iteration       : 8
climbing        : yes
zoom on         : no
nim             : 10
barrier         :   0.03404937 (image:  4) 
distance        :   0.00000000    1.33909319    2.11436271    2.73006360    3.31526680    3.87105806    4.42683169    5.07768560    6.14101808    7.41024165 
energy          : -3191.45168184  -3191.44475852  -3191.43241484  -3191.42194350  -3191.41763246  -3191.42076640  -3191.43053993  -3191.44505533  -3191.45977535  -3191.46439672 
max(|Fr_perp|)   :   0.00000000    0.00605308    0.00703789    0.00568622    0.00697084    0.00661630    0.00830555    0.00893730    0.00367783    0.00000000 
Fr_paral         :   0.00000000   -0.01330671   -0.01994560   -0.01365866   -0.00082003    0.01190202    0.02280934    0.02271279    0.00936621    0.00000000 
max(|Fsp_paral|) :   0.00000000    0.00370116    0.00300321    0.00184311    0.00139316    0.00220261    0.00365690    0.00530890    0.00653736    0.00000000 
max(|Fsp_perp|)  :   0.00000000    0.00000000    0.00000000    0.00000000    0.00000000    0.00000000    0.00000000    0.00000000    0.00000000    0.00000000 
max(|FNEB|)      :   0.00000000    0.00493480    0.00533065    0.00534802    0.00696040    0.00665902    0.00598340    0.00757769    0.00711355    0.00000000 
max(|Force|)     :   0.00374952    0.00850963    0.01330372    0.01016181    0.00698128    0.00979350    0.01725811    0.01601473    0.00469445    0.00223385 
ksp              :   0.02829984    0.06092693    0.08860498    0.10000000    0.10000000    0.09171630    0.06588272    0.02751533    0.01000000 
max(|step|)      :   0.00000000    0.00688893    0.00761571    0.00611688    0.00638289    0.00590377    0.00877274    0.01072532    0.01009925    0.00016835 
angle (deg.)     :    19.9685  15.8026  8.3864  8.5588  6.7751  10.4880  21.2864  16.6931 
>
iteration       : 9
climbing        : yes
zoom on         : no
nim             : 10
barrier         :   0.03395876 (image:  4) 
distance        :   0.00000000    1.35550558    2.13106409    2.74306673    3.32355517    3.87155092    4.42124269    5.06839309    6.13246950    7.42687950 
energy          : -3191.45168184  -3191.44471753  -3191.43237438  -3191.42196311  -3191.41772308  -3191.42083687  -3191.43047096  -3191.44497024  -3191.45963180  -3191.46439672 
max(|Fr_perp|)   :   0.00000000    0.00576942    0.00676406    0.00544173    0.00545175    0.00528531    0.00785453    0.00855241    0.00351323    0.00000000 
Fr_paral         :   0.00000000   -0.01326141   -0.02003303   -0.01361157   -0.00075718    0.01193082    0.02280303    0.02280716    0.00941223    0.00000000 
max(|Fsp_paral|) :   0.00000000    0.00352147    0.00285792    0.00174223    0.00154765    0.00209928    0.00345435    0.00523864    0.00656600    0.00000000 
max(|Fsp_perp|)  :   0.00000000    0.00000000    0.00000000    0.00000000    0.00000000    0.00000000    0.00000000    0.00000000    0.00000000    0.00000000 
max(|FNEB|)      :   0.00000000    0.00473029    0.00509329    0.00448235    0.00544339    0.00524462    0.00528902    0.00739374    0.00710987    0.00000000 
max(|Force|)     :   0.00374952    0.00821056    0.01311629    0.00996281    0.00546011    0.00952887    0.01693881    0.01571515    0.00463843    0.00223385 
ksp              :   0.02845731    0.06117003    0.08876277    0.10000000    0.10000000    0.09174759    0.06621462    0.02778757    0.01000000 
max(|step|)      :   0.00000000    0.06329554    0.06996057    0.05662738    0.05856058    0.05315705    0.07619674    0.10000000    0.09566673    0.00182015 
angle (deg.)     :    24.0251  19.8720  8.2139  8.7605  6.6062  12.1983  27.7345  17.1762 
>
iteration       : 10
climbing        : yes
zoom on         : no
nim             : 10
barrier         :   0.03342545 (image:  4) 
distance        :   0.00000000    1.50878556    2.28866415    2.87005452    3.41072619    3.89081160    4.39041296    5.00139370    6.07087103    7.60573141 
energy          : -3191.45168184  -3191.44416606  -3191.43182618  -3191.42196996  -3191.41825639  -3191.42109126  -3191.42973619  -3191.44367555  -3191.45812027  -3191.46439672 
max(|Fr_perp|)   :   0.00000000    0.00293553    0.00431284    0.00493566    0.00679655    0.00680164    0.00525411    0.00458420    0.00295040    0.00000000 
Fr_paral         :   0.00000000   -0.01269119   -0.02014913   -0.01324002   -0.00028120    0.01187491    0.02272629    0.02275824    0.00975378    0.00000000 
max(|Fsp_paral|) :   0.00000000    0.00156098    0.00129232    0.00086574    0.00306814    0.00095232    0.00191958    0.00366463    0.00729695    0.00000000 
max(|Fsp_perp|)  :   0.00000000    0.00000000    0.00000000    0.00000000    0.00000000    0.00000000    0.00000000    0.00000000    0.00000000    0.00000000 
max(|FNEB|)      :   0.00000000    0.00252362    0.00324618    0.00501960    0.00690856    0.00694258    0.00536850    0.00479995    0.00750655    0.00000000 
max(|Force|)     :   0.00374952    0.00586525    0.01125795    0.00870691    0.00691316    0.00782328    0.01447239    0.01367284    0.00497612    0.00223385 
ksp              :   0.03023309    0.06345514    0.08999548    0.10000000    0.10000000    0.09236684    0.06908567    0.03154857    0.01000000 
max(|step|)      :   0.00000000    0.01086761    0.01397916    0.02161615    0.02975068    0.02989717    0.02311864    0.02067024    0.03232583    0.00000000 
angle (deg.)     :    24.8477  21.2740  8.0526  8.6981  6.4596  12.4547  28.9319  17.6008 
>
iteration       : 11
climbing        : yes
zoom on         : no
nim             : 10
barrier         :   0.03354163 (image:  4) 
distance        :   0.00000000    1.53313656    2.31651602    2.89441777    3.42789718    3.89775134    4.38731412    4.98454743    6.02521794    7.64139500 
energy          : -3191.45168184  -3191.44410727  -3191.43178217  -3191.42190101  -3191.41814021  -3191.42092609  -3191.42949818  -3191.44325477  -3191.45749993  -3191.46439672 
max(|Fr_perp|)   :   0.00000000    0.00241547    0.00416492    0.00699090    0.01065540    0.01061972    0.00671022    0.00442737    0.00290825    0.00000000 
Fr_paral         :   0.00000000   -0.01247859   -0.02016768   -0.01350540   -0.00036449    0.01205929    0.02294327    0.02288983    0.01023606    0.00000000 
max(|Fsp_paral|) :   0.00000000    0.00127914    0.00106401    0.00070327    0.00329148    0.00088487    0.00189074    0.00333521    0.00701206    0.00000000 
max(|Fsp_perp|)  :   0.00000000    0.00000000    0.00000000    0.00000000    0.00000000    0.00000000    0.00000000    0.00000000    0.00000000    0.00000000 
max(|FNEB|)      :   0.00000000    0.00220016    0.00328399    0.00696227    0.01065580    0.01059732    0.00662348    0.00448856    0.00721460    0.00000000 
max(|Force|)     :   0.00374952    0.00555442    0.01119971    0.00921695    0.01065500    0.01077165    0.01502222    0.01228148    0.00429378    0.00223385 
ksp              :   0.03032433    0.06339544    0.08990889    0.10000000    0.10000000    0.09252482    0.06952392    0.03261179    0.01000000 
max(|step|)      :   0.00000000    0.01085301    0.01469258    0.01464030    0.01415820    0.01404424    0.01475572    0.02145592    0.03401279    0.00210561 
angle (deg.)     :    25.6085  22.2880  7.9772  8.7431  6.3917  12.4051  29.8513  18.1585 
>
iteration       : 12
climbing        : yes
zoom on         : no
nim             : 10
barrier         :   0.03340670 (image:  4) 
distance        :   0.00000000    1.55739384    2.34483539    2.92023615    3.44726600    3.90679921    4.38627485    4.97095576    5.98138605    7.68263607 
energy          : -3191.45168184  -3191.44404537  -3191.43174575  -3191.42191667  -3191.41827513  -3191.42101369  -3191.42933421  -3191.44283234  -3191.45684206  -3191.46439672 
max(|Fr_perp|)   :   0.00000000    0.00192285    0.00374016    0.00669320    0.00975820    0.00969289    0.00715682    0.00387459    0.00287187    0.00000000 
Fr_paral         :   0.00000000   -0.01226588   -0.02017956   -0.01337623   -0.00024937    0.01199505    0.02286171    0.02293824    0.01054978    0.00000000 
max(|Fsp_paral|) :   0.00000000    0.00103155    0.00081666    0.00041438    0.00353894    0.00081997    0.00170814    0.00307671    0.00674861    0.00000000 
max(|Fsp_perp|)  :   0.00000000    0.00000000    0.00000000    0.00000000    0.00000000    0.00000000    0.00000000    0.00000000    0.00000000    0.00000000 
max(|FNEB|)      :   0.00000000    0.00189206    0.00306210    0.00667175    0.00975856    0.00967258    0.00709572    0.00393309    0.00697805    0.00000000 
max(|Force|)     :   0.00374952    0.00521701    0.01083244    0.00903120    0.00975785    0.00984157    0.01470305    0.01184217    0.00413544    0.00223385 
ksp              :   0.03057318    0.06370922    0.09018946    0.10000000    0.10000000    0.09262215    0.07020608    0.03384116    0.01000000 
max(|step|)      :   0.00000000    0.03025074    0.04240066    0.04171687    0.04048975    0.04066009    0.04306255    0.06116594    0.10000000    0.00516585 
angle (deg.)     :    27.6922  25.5227  8.0869  8.9582  6.6465  13.3242  32.6502  20.1252 
>
iteration       : 13
climbing        : yes
zoom on         : no
nim             : 10
barrier         :   0.03305473 (image:  4) 
distance        :   0.00000000    1.62572729    2.42657640    2.99571249    3.50769936    3.93912985    4.39183607    4.94279527    5.86257196    7.81445250 
energy          : -3191.45168184  -3191.44380703  -3191.43159501  -3191.42201455  -3191.41862711  -3191.42120491  -3191.42889796  -3191.44154616  -3191.45477685  -3191.46439672 
max(|Fr_perp|)   :   0.00000000    0.00143854    0.00375707    0.00585163    0.00982288    0.00986113    0.00727357    0.00383674    0.00264488    0.00000000 
Fr_paral         :   0.00000000   -0.01157995   -0.01960374   -0.01307546   -0.00003937    0.01184040    0.02193787    0.02252814    0.01130181    0.00000000 
max(|Fsp_paral|) :   0.00000000    0.00028119    0.00007108    0.00024144    0.00436082    0.00057737    0.00127552    0.00242668    0.00579932    0.00000000 
max(|Fsp_perp|)  :   0.00000000    0.00000000    0.00000000    0.00000000    0.00000000    0.00000000    0.00000000    0.00000000    0.00000000    0.00000000 
max(|FNEB|)      :   0.00000000    0.00144520    0.00384810    0.00594386    0.01000236    0.01004144    0.00743586    0.00390382    0.00611803    0.00000000 
max(|Force|)     :   0.00374952    0.00491506    0.00970399    0.00835585    0.01000367    0.00999626    0.01342472    0.01129838    0.00491139    0.00223385 
ksp              :   0.03143555    0.06468039    0.09076298    0.10000000    0.10000000    0.09298292    0.07202727    0.03758825    0.01000000 
max(|step|)      :   0.00000000    0.00252239    0.00671632    0.01037417    0.01745770    0.01752592    0.01297825    0.00681356    0.01067816    0.00000000 
angle (deg.)     :    27.7807  25.5317  8.1648  9.0286  6.6519  12.6078  32.5745  20.3925 
>
iteration       : 14
climbing        : yes
zoom on         : no
nim             : 10
barrier         :   0.03280664 (image:  4) 
distance        :   0.00000000    1.62866729    2.42994922    2.99955740    3.51222926    3.94135128    4.39191498    4.93903459    5.84499911    7.82436094 
energy          : -3191.45168184  -3191.44381370  -3191.43165019  -3191.42212603  -3191.41887520  -3191.42143686  -3191.42894903  -3191.44144189  -3191.45454862  -3191.46439672 
max(|Fr_perp|)   :   0.00000000    0.00115073    0.00231008    0.00262309    0.00364794    0.00368120    0.00317988    0.00234984    0.00208329    0.00000000 
Fr_paral         :   0.00000000   -0.01153794   -0.01966646   -0.01279861    0.00013017    0.01165804    0.02188275    0.02255895    0.01140275    0.00000000 
max(|Fsp_paral|) :   0.00000000    0.00024600    0.00008257    0.00032432    0.00451078    0.00055959    0.00120434    0.00243288    0.00568996    0.00000000 
max(|Fsp_perp|)  :   0.00000000    0.00000000    0.00000000    0.00000000    0.00000000    0.00000000    0.00000000    0.00000000    0.00000000    0.00000000 
max(|FNEB|)      :   0.00000000    0.00108866    0.00230231    0.00267065    0.00364966    0.00369227    0.00324537    0.00264159    0.00598263    0.00000000 
max(|Force|)     :   0.00374952    0.00469192    0.01035764    0.00793166    0.00364621    0.00671581    0.01290169    0.01238385    0.00474713    0.00223385 
ksp              :   0.03158504    0.06495377    0.09108183    0.10000000    0.10000000    0.09297247    0.07236397    0.03809173    0.01000000 
max(|step|)      :   0.00000000    0.00199080    0.00411206    0.00480017    0.00391152    0.00389063    0.00416947    0.00463790    0.01061231    0.00017914 
angle (deg.)     :    27.8574  25.7914  8.2260  9.0491  6.3334  12.2819  32.5500  20.7004 
>
iteration       : 15
climbing        : yes
zoom on         : no
nim             : 10
barrier         :   0.03277960 (image:  4) 
distance        :   0.00000000    1.63147382    2.43346691    3.00299905    3.51625439    3.94332832    4.39155721    4.93484153    5.82725909    7.83368280 
energy          : -3191.45168184  -3191.44381740  -3191.43168988  -3191.42214809  -3191.41890224  -3191.42144899  -3191.42890864  -3191.44131440  -3191.45431382  -3191.46439672 
max(|Fr_perp|)   :   0.00000000    0.00107845    0.00212522    0.00252971    0.00362353    0.00363147    0.00206597    0.00203510    0.00203644    0.00000000 
Fr_paral         :   0.00000000   -0.01150163   -0.01966084   -0.01281644    0.00015687    0.01164590    0.02199121    0.02265101    0.01153999    0.00000000 
max(|Fsp_paral|) :   0.00000000    0.00020313    0.00008209    0.00029178    0.00465239    0.00055750    0.00120121    0.00244188    0.00549979    0.00000000 
max(|Fsp_perp|)  :   0.00000000    0.00000000    0.00000000    0.00000000    0.00000000    0.00000000    0.00000000    0.00000000    0.00000000    0.00000000 
max(|FNEB|)      :   0.00000000    0.00102726    0.00213679    0.00254752    0.00362447    0.00364386    0.00230754    0.00263456    0.00581017    0.00000000 
max(|Force|)     :   0.00374952    0.00465687    0.01044761    0.00781972    0.00362259    0.00660164    0.01267699    0.01256145    0.00478248    0.00223385 
ksp              :   0.03159267    0.06489013    0.09108816    0.10000000    0.10000000    0.09300760    0.07252633    0.03846495    0.01000000 
max(|step|)      :   0.00000000    0.01828796    0.03779633    0.04390084    0.03212741    0.03599594    0.03891723    0.04552589    0.10000000    0.00445989 
angle (deg.)     :    28.9680  28.4179  9.1985  9.5407  6.3921  12.0951  32.4218  24.8261 
>
iteration       : 16
climbing        : yes
zoom on         : no
nim             : 10
barrier         :   0.03282664 (image:  4) 
distance        :   0.00000000    1.65771309    2.46845854    3.03832241    3.55703152    3.96554012    4.39301816    4.90266819    5.67330170    7.93342894 
energy          : -3191.45168184  -3191.44382990  -3191.43191805  -3191.42224843  -3191.41885520  -3191.42125964  -3191.42819713  -3191.43993613  -3191.45201589  -3191.46439672 
max(|Fr_perp|)   :   0.00000000    0.00111725    0.00394468    0.00564094    0.00979816    0.00957869    0.00870522    0.00370802    0.00386688    0.00000000 
Fr_paral         :   0.00000000   -0.01104457   -0.01920169   -0.01315014    0.00011865    0.01146157    0.02101884    0.02280379    0.01260933    0.00000000 
max(|Fsp_paral|) :   0.00000000    0.00009199    0.00018093    0.00010104    0.00598821    0.00050726    0.00107930    0.00271810    0.00370935    0.00000000 
max(|Fsp_perp|)  :   0.00000000    0.00000000    0.00000000    0.00000000    0.00000000    0.00000000    0.00000000    0.00000000    0.00000000    0.00000000 
max(|FNEB|)      :   0.00000000    0.00114771    0.00400787    0.00574090    0.00998324    0.00975059    0.00890357    0.00385369    0.00406923    0.00000000 
max(|Force|)     :   0.00374952    0.00447871    0.01084893    0.00768184    0.00998496    0.00988089    0.01271196    0.01363127    0.00711408    0.00223385 
ksp              :   0.03152209    0.06417540    0.09068484    0.10000000    0.10000000    0.09340842    0.07438843    0.04219231    0.01000000 
max(|step|)      :   0.00000000    0.00187927    0.00656250    0.00940016    0.01634658    0.01596564    0.01457872    0.00631004    0.00666296    0.00000000 
angle (deg.)     :    29.1602  28.5244  9.2390  9.5375  6.1515  11.0797  32.1630  25.4357 
>
iteration       : 17
climbing        : yes
zoom on         : no
nim             : 10
barrier         :   0.03256071 (image:  4) 
distance        :   0.00000000    1.65846512    2.46991367    3.04111798    3.55899189    3.96572749    4.39161617    4.89523029    5.65996043    7.93751940 
energy          : -3191.45168184  -3191.44384270  -3191.43197120  -3191.42237327  -3191.41912112  -3191.42150299  -3191.42834443  -3191.43981662  -3191.45186910  -3191.46439672 
max(|Fr_perp|)   :   0.00000000    0.00067925    0.00194110    0.00182707    0.00230156    0.00233299    0.00314210    0.00249534    0.00240872    0.00000000 
Fr_paral         :   0.00000000   -0.01099647   -0.01924238   -0.01296427    0.00025629    0.01140891    0.02128712    0.02283981    0.01268761    0.00000000 
max(|Fsp_paral|) :   0.00000000    0.00008055    0.00017390    0.00010632    0.00609054    0.00049375    0.00120995    0.00242574    0.00373663    0.00000000 
max(|Fsp_perp|)  :   0.00000000    0.00000000    0.00000000    0.00000000    0.00000000    0.00000000    0.00000000    0.00000000    0.00000000    0.00000000 
max(|FNEB|)      :   0.00000000    0.00065994    0.00193155    0.00164304    0.00230493    0.00234321    0.00319886    0.00255702    0.00405512    0.00000000 
max(|Force|)     :   0.00374952    0.00456107    0.01040329    0.00748124    0.00229819    0.00663635    0.01247178    0.01316614    0.00573105    0.00223385 
ksp              :   0.03166790    0.06448152    0.09101084    0.10000000    0.10000000    0.09341636    0.07450615    0.04279624    0.01000000 
max(|step|)      :   0.00000000    0.00103906    0.00208122    0.00248789    0.00336923    0.00324848    0.00386437    0.00394466    0.00664857    0.00024539 
angle (deg.)     :    29.2615  28.6555  9.3223  9.5684  5.8296  10.7603  31.8653  25.9415 
>
