NEB log file generated by ORCA
All quantities are given in atomic units. Unless stated otherwise. 
iteration       : 0
climbing        : no
zoom on         : no
nim             : 10
barrier         :   0.03564723 (image:  4) 
distance        :   0.00000000    0.66553417    1.33238095    2.00066036    2.66963672    3.33845759    4.00740776    4.67549869    5.34210959    6.00747951 
energy          : -3152.17947353  -3152.17332172  -3152.16123815  -3152.14970654  -3152.14382630  -3152.14635300  -3152.15696393  -3152.17230426  -3152.18729451  -3152.19472077 
max(|Fr_perp|)   :   0.00000000    0.01368672    0.01668165    0.01871566    0.02206654    0.02236137    0.01940427    0.02339859    0.02045703    0.00000000 
Fr_paral         :   0.00000000   -0.01582823   -0.01954085   -0.01418750   -0.00278577    0.01019653    0.02086959    0.02472199    0.01930702    0.00000000 
max(|Fsp_paral|) :   0.00000000    0.00774474    0.00730188    0.00360503    0.00000375    0.00154508    0.00625785    0.00887621    0.00420787    0.00000000 
max(|Fsp_perp|)  :   0.00000000    0.00000000    0.00000000    0.00000000    0.00000000    0.00000000    0.00000000    0.00000000    0.00000000    0.00000000 
max(|FNEB|)      :   0.00000000    0.01371224    0.01483046    0.01896860    0.02218953    0.02238487    0.01899509    0.01787102    0.01780101    0.00000000 
max(|Force|)     :   0.00309897    0.01934860    0.02336211    0.01857943    0.02212542    0.02271604    0.02132283    0.02843721    0.02466532    0.00258224 
ksp              :   0.02553360    0.05603849    0.08515173    0.10000000    0.10000000    0.09362591    0.06684130    0.02811855    0.01000000 
max(|step|)      :   0.00000000    0.04646363    0.05025270    0.06427470    0.07518877    0.07585067    0.06436446    0.06055557    0.06031835    0.00000000 
angle (deg.)     :    8.7418  6.5505  5.8466  5.7155  5.2528  5.7126  6.5718  10.3245 
>
iteration       : 1
climbing        : no
zoom on         : no
nim             : 10
barrier         :   0.03471534 (image:  4) 
distance        :   0.00000000    0.73977615    1.40493027    2.04172796    2.67750626    3.33282922    3.95615257    4.59896254    5.31395596    6.02933425 
energy          : -3152.17947353  -3152.17372937  -3152.16174755  -3152.15047973  -3152.14475819  -3152.14751969  -3152.15815981  -3152.17368188  -3152.18918654  -3152.19472077 
max(|Fr_perp|)   :   0.00000000    0.01363609    0.01582878    0.01856277    0.02365978    0.02529536    0.02169851    0.02194238    0.01848238    0.00000000 
Fr_paral         :   0.00000000   -0.01544894   -0.02029733   -0.01495489   -0.00297399    0.01158985    0.02249928    0.02612576    0.01705766    0.00000000 
max(|Fsp_paral|) :   0.00000000    0.00735075    0.00638044    0.00362779    0.00077474    0.00306177    0.00604541    0.00805765    0.00366291    0.00000000 
max(|Fsp_perp|)  :   0.00000000    0.00000000    0.00000000    0.00000000    0.00000000    0.00000000    0.00000000    0.00000000    0.00000000    0.00000000 
max(|FNEB|)      :   0.00000000    0.01325686    0.01605431    0.01825583    0.02360120    0.02548610    0.02188673    0.01629155    0.01628789    0.00000000 
max(|Force|)     :   0.00309897    0.01893709    0.02312321    0.01907596    0.02374145    0.02501479    0.02252148    0.02806301    0.02194800    0.00258224 
ksp              :   0.02489181    0.05595484    0.08516684    0.10000000    0.10000000    0.09284079    0.06525612    0.02501493    0.01000000 
max(|step|)      :   0.00000000    0.04742172    0.05295496    0.04272262    0.03387233    0.03606535    0.04762933    0.05936733    0.05967082    0.00654638 
angle (deg.)     :    11.9001  7.6122  6.2463  6.3973  5.6599  6.0805  8.4842  14.9433 
>
iteration       : 2
climbing        : no
zoom on         : no
nim             : 10
barrier         :   0.03289398 (image:  4) 
distance        :   0.00000000    0.81861129    1.48287060    2.09234049    2.70006920    3.33576460    3.92268722    4.54166165    5.30843399    6.08264309 
energy          : -3152.17947353  -3152.17399584  -3152.16255852  -3152.15191411  -3152.14657955  -3152.14957646  -3152.15995584  -3152.17505883  -3152.19035644  -3152.19472077 
max(|Fr_perp|)   :   0.00000000    0.01352927    0.01523800    0.01606523    0.01992804    0.02027775    0.01717666    0.02007943    0.01460595    0.00000000 
Fr_paral         :   0.00000000   -0.01451979   -0.02009688   -0.01457900   -0.00250898    0.01192288    0.02297038    0.02623810    0.01390377    0.00000000 
max(|Fsp_paral|) :   0.00000000    0.00680875    0.00553469    0.00363437    0.00119353    0.00417866    0.00600268    0.00787770    0.00313470    0.00000000 
max(|Fsp_perp|)  :   0.00000000    0.00000000    0.00000000    0.00000000    0.00000000    0.00000000    0.00000000    0.00000000    0.00000000    0.00000000 
max(|FNEB|)      :   0.00000000    0.01244340    0.01361447    0.01578434    0.01985023    0.02048956    0.01730010    0.01465950    0.01284546    0.00000000 
max(|Force|)     :   0.00309897    0.01832545    0.02278511    0.01866054    0.01999333    0.02002274    0.02288776    0.02699474    0.01725627    0.00258224 
ksp              :   0.02498730    0.05628052    0.08540432    0.10000000    0.10000000    0.09180028    0.06340162    0.02207889    0.01000000 
max(|step|)      :   0.00000000    0.08421951    0.09670331    0.08284252    0.06598173    0.06489352    0.08292829    0.10000000    0.09594701    0.03490021 
angle (deg.)     :    15.9235  10.8424  7.0395  7.6272  6.4729  7.3662  13.8788  19.2918 
>
iteration       : 3
climbing        : yes
zoom on         : no
nim             : 10
barrier         :   0.03071378 (image:  4) 
distance        :   0.00000000    0.95918291    1.62240748    2.18963486    2.75294335    3.33949237    3.87573362    4.45438578    5.32026530    6.19977950 
energy          : -3152.17947353  -3152.17427055  -3152.16337520  -3152.15348308  -3152.14875975  -3152.15195212  -3152.16200850  -3152.17655949  -3152.19132214  -3152.19472077 
max(|Fr_perp|)   :   0.00000000    0.01201707    0.01306349    0.01328595    0.01653651    0.01768337    0.01422922    0.01480963    0.00954769    0.00000000 
Fr_paral         :   0.00000000   -0.01331648   -0.02011677   -0.01415002   -0.00182880    0.01246425    0.02397576    0.02619919    0.00875803    0.00000000 
max(|Fsp_paral|) :   0.00000000    0.00576837    0.00441182    0.00340637    0.00107925    0.00471877    0.00591004    0.00744012    0.00250581    0.00000000 
max(|Fsp_perp|)  :   0.00000000    0.00000000    0.00000000    0.00000000    0.00000000    0.00000000    0.00000000    0.00000000    0.00000000    0.00000000 
max(|FNEB|)      :   0.00000000    0.01111434    0.01250332    0.01316990    0.01661687    0.01808391    0.01441727    0.01286609    0.01150450    0.00000000 
max(|Force|)     :   0.00309897    0.01615979    0.02116979    0.01792200    0.01673949    0.01756491    0.02157341    0.02297191    0.00952503    0.00258224 
ksp              :   0.02524454    0.05716713    0.08615694    0.10000000    0.10000000    0.09064982    0.06118551    0.01854866    0.01000000 
max(|step|)      :   0.00000000    0.02406245    0.02706957    0.02851272    0.03597538    0.03915150    0.03121326    0.02785497    0.02490714    0.00000000 
angle (deg.)     :    16.1341  11.4712  7.0836  8.0454  6.8423  7.3284  15.8969  17.3716 
>
iteration       : 4
climbing        : yes
zoom on         : no
nim             : 10
barrier         :   0.02992790 (image:  4) 
distance        :   0.00000000    0.99275519    1.65477184    2.21460549    2.76656663    3.32652997    3.85497548    4.42240287    5.32209846    6.21642495 
energy          : -3152.17947353  -3152.17446908  -3152.16375454  -3152.15407565  -3152.14954563  -3152.15266272  -3152.16261049  -3152.17688028  -3152.19167794  -3152.19472077 
max(|Fr_perp|)   :   0.00000000    0.01089945    0.01233152    0.01160772    0.01407574    0.01564994    0.01242659    0.01320941    0.00585184    0.00000000 
Fr_paral         :   0.00000000   -0.01324542   -0.02001239   -0.01376929   -0.00148912    0.01204806    0.02405446    0.02636281    0.00917810    0.00000000 
max(|Fsp_paral|) :   0.00000000    0.00557408    0.00423577    0.00310132    0.00037442    0.00385677    0.00608696    0.00722021    0.00247873    0.00000000 
max(|Fsp_perp|)  :   0.00000000    0.00000000    0.00000000    0.00000000    0.00000000    0.00000000    0.00000000    0.00000000    0.00000000    0.00000000 
max(|FNEB|)      :   0.00000000    0.01097566    0.01232278    0.01116407    0.01410635    0.01550029    0.01277464    0.01279598    0.00542984    0.00000000 
max(|Force|)     :   0.00309897    0.01499308    0.02044888    0.01716635    0.01404512    0.01587179    0.02035109    0.02154057    0.00770609    0.00258224 
ksp              :   0.02504952    0.05727057    0.08637718    0.10000000    0.10000000    0.09062618    0.06071099    0.01779849    0.01000000 
max(|step|)      :   0.00000000    0.02589787    0.02938163    0.02640504    0.02075443    0.02738809    0.02976839    0.02980678    0.01698718    0.00099718 
angle (deg.)     :    16.9124  12.3693  6.9098  8.1186  6.6043  7.3606  18.1100  16.3447 
>
iteration       : 5
climbing        : yes
zoom on         : no
nim             : 10
barrier         :   0.02921121 (image:  4) 
distance        :   0.00000000    1.02964434    1.69067382    2.24190618    2.78076230    3.31514047    3.83148918    4.38830890    5.32506486    6.23772716 
energy          : -3152.17947353  -3152.17455225  -3152.16397720  -3152.15455899  -3152.15026232  -3152.15327430  -3152.16292263  -3152.17692245  -3152.19176985  -3152.19472077 
max(|Fr_perp|)   :   0.00000000    0.00980270    0.01145641    0.01161014    0.01404563    0.01539260    0.01336685    0.01159679    0.00610356    0.00000000 
Fr_paral         :   0.00000000   -0.01316674   -0.02002511   -0.01375339   -0.00133727    0.01222460    0.02419458    0.02656596    0.00920930    0.00000000 
max(|Fsp_paral|) :   0.00000000    0.00531083    0.00394792    0.00276170    0.00021076    0.00316033    0.00585077    0.00691353    0.00269963    0.00000000 
max(|Fsp_perp|)  :   0.00000000    0.00000000    0.00000000    0.00000000    0.00000000    0.00000000    0.00000000    0.00000000    0.00000000    0.00000000 
max(|FNEB|)      :   0.00000000    0.01077078    0.01210047    0.01171437    0.01407459    0.01526294    0.01313141    0.01265053    0.00567161    0.00000000 
max(|Force|)     :   0.00309897    0.01383456    0.01964444    0.01667047    0.01401666    0.01563356    0.01913317    0.02013047    0.00745270    0.00258224 
ksp              :   0.02516252    0.05774435    0.08676193    0.10000000    0.10000000    0.09072007    0.06099347    0.01785990    0.01000000 
max(|step|)      :   0.00000000    0.08391848    0.09506182    0.08445091    0.06777954    0.08928458    0.10000000    0.09959796    0.04511207    0.00564548 
angle (deg.)     :    19.9772  15.5758  7.0986  8.9563  6.6332  8.1065  24.6667  15.4762 
>
iteration       : 6
climbing        : yes
zoom on         : no
nim             : 10
barrier         :   0.02741517 (image:  4) 
distance        :   0.00000000    1.15228988    1.81214864    2.33833465    2.84044048    3.30316763    3.77805577    4.30692075    5.36197990    6.34447146 
energy          : -3152.17947353  -3152.17464243  -3152.16471586  -3152.15590006  -3152.15205836  -3152.15481734  -3152.16372985  -3152.17701743  -3152.19177457  -3152.19472077 
max(|Fr_perp|)   :   0.00000000    0.00737389    0.00913519    0.01196578    0.01529378    0.01628902    0.01139573    0.00786310    0.00949376    0.00000000 
Fr_paral         :   0.00000000   -0.01231027   -0.01993091   -0.01370149   -0.00082953    0.01236627    0.02453114    0.02673086    0.00852500    0.00000000 
max(|Fsp_paral|) :   0.00000000    0.00395014    0.00317224    0.00199050    0.00193386    0.00155737    0.00501615    0.00587355    0.00344035    0.00000000 
max(|Fsp_perp|)  :   0.00000000    0.00000000    0.00000000    0.00000000    0.00000000    0.00000000    0.00000000    0.00000000    0.00000000    0.00000000 
max(|FNEB|)      :   0.00000000    0.00930346    0.01134078    0.01211643    0.01547969    0.01639864    0.01235456    0.01199763    0.00759952    0.00000000 
max(|Force|)     :   0.00309897    0.01096283    0.01741612    0.01545181    0.01544230    0.01674819    0.01638873    0.01945903    0.01132558    0.00258224 
ksp              :   0.02585599    0.05843499    0.08738089    0.10000000    0.10000000    0.09094645    0.06167828    0.01806497    0.01000000 
max(|step|)      :   0.00000000    0.02190112    0.02669714    0.02852310    0.03644048    0.03860376    0.02908368    0.02824342    0.01788990    0.00000000 
angle (deg.)     :    20.9497  16.4682  7.0872  8.8124  6.0886  8.6402  25.9712  16.2617 
>
iteration       : 7
climbing        : yes
zoom on         : no
nim             : 10
barrier         :   0.02700728 (image:  4) 
distance        :   0.00000000    1.18012622    1.84446411    2.36483850    2.85804783    3.31105900    3.76742189    4.29423734    5.37396562    6.38259201 
energy          : -3152.17947353  -3152.17478006  -3152.16500890  -3152.15629722  -3152.15246625  -3152.15523966  -3152.16395535  -3152.17717189  -3152.19193969  -3152.19472077 
max(|Fr_perp|)   :   0.00000000    0.00666874    0.00914629    0.00953356    0.01712986    0.01513482    0.00854535    0.00760487    0.00403836    0.00000000 
Fr_paral         :   0.00000000   -0.01175327   -0.01978923   -0.01403845   -0.00084559    0.01288852    0.02458353    0.02644082    0.00786196    0.00000000 
max(|Fsp_paral|) :   0.00000000    0.00382830    0.00301070    0.00191325    0.00202226    0.00199157    0.00428801    0.00598478    0.00340114    0.00000000 
max(|Fsp_perp|)  :   0.00000000    0.00000000    0.00000000    0.00000000    0.00000000    0.00000000    0.00000000    0.00000000    0.00000000    0.00000000 
max(|FNEB|)      :   0.00000000    0.00897154    0.01103581    0.01009868    0.01722960    0.01465017    0.01183844    0.01183183    0.00573370    0.00000000 
max(|Force|)     :   0.00309897    0.01002283    0.01734120    0.01577323    0.01703013    0.01675201    0.01651210    0.01708698    0.00604411    0.00258224 
ksp              :   0.02564068    0.05820242    0.08723352    0.10000000    0.10000000    0.09075780    0.06171333    0.01767007    0.01000000 
max(|step|)      :   0.00000000    0.02168741    0.02666622    0.02393971    0.01947908    0.02372258    0.02875978    0.02834325    0.01426736    0.00036671 
angle (deg.)     :    21.6347  17.2409  7.2052  8.8915  5.8850  8.5490  27.1663  16.8274 
>
iteration       : 8
climbing        : yes
zoom on         : no
nim             : 10
barrier         :   0.02633833 (image:  4) 
distance        :   0.00000000    1.20742392    1.87610366    2.39189861    2.87706634    3.31980686    3.76098766    4.28426876    5.38862273    6.42292485 
energy          : -3152.17947353  -3152.17485696  -3152.16523848  -3152.15675721  -3152.15313520  -3152.15584131  -3152.16410443  -3152.17719371  -3152.19195236  -3152.19472077 
max(|Fr_perp|)   :   0.00000000    0.00645846    0.00913814    0.00957153    0.01157157    0.01262253    0.00836416    0.00752843    0.00408296    0.00000000 
Fr_paral         :   0.00000000   -0.01125079   -0.01949977   -0.01370194   -0.00066765    0.01273594    0.02433911    0.02627782    0.00728487    0.00000000 
max(|Fsp_paral|) :   0.00000000    0.00372388    0.00272295    0.00165160    0.00218475    0.00223040    0.00364288    0.00593501    0.00357255    0.00000000 
max(|Fsp_perp|)  :   0.00000000    0.00000000    0.00000000    0.00000000    0.00000000    0.00000000    0.00000000    0.00000000    0.00000000    0.00000000 
max(|FNEB|)      :   0.00000000    0.00868686    0.01064159    0.00970485    0.01163670    0.01273844    0.01112282    0.01165538    0.00572444    0.00000000 
max(|Force|)     :   0.00309897    0.00957452    0.01717378    0.01571393    0.01159306    0.01226407    0.01661842    0.01660801    0.00588915    0.00258224 
ksp              :   0.02577517    0.05864221    0.08762333    0.10000000    0.10000000    0.09075304    0.06251733    0.01779030    0.01000000 
max(|step|)      :   0.00000000    0.07591026    0.09384869    0.08478267    0.06894840    0.08409734    0.09892130    0.10000000    0.04995713    0.00018147 
angle (deg.)     :    23.3642  20.3757  8.0524  9.3196  5.6527  10.0365  31.6302  17.9056 
>
iteration       : 9
climbing        : yes
zoom on         : no
nim             : 10
barrier         :   0.02454406 (image:  4) 
distance        :   0.00000000    1.30295919    1.98504728    2.48601079    2.94595607    3.35213325    3.75156219    4.25601661    5.44444082    6.57016267 
energy          : -3152.17947353  -3152.17499305  -3152.16609518  -3152.15823285  -3152.15492947  -3152.15750989  -3152.16484745  -3152.17716538  -3152.19177353  -3152.19472077 
max(|Fr_perp|)   :   0.00000000    0.00528423    0.00868607    0.00907466    0.01454060    0.01206506    0.00750817    0.00691198    0.00690660    0.00000000 
Fr_paral         :   0.00000000   -0.00956274   -0.01828680   -0.01321739   -0.00035202    0.01263904    0.02334812    0.02539505    0.00595945    0.00000000 
max(|Fsp_paral|) :   0.00000000    0.00278613    0.00181641    0.00104631    0.00296060    0.00250694    0.00218110    0.00489986    0.00431082    0.00000000 
max(|Fsp_perp|)  :   0.00000000    0.00000000    0.00000000    0.00000000    0.00000000    0.00000000    0.00000000    0.00000000    0.00000000    0.00000000 
max(|FNEB|)      :   0.00000000    0.00712532    0.00931576    0.00890047    0.01480969    0.01163096    0.00916223    0.01025995    0.00932691    0.00000000 
max(|Force|)     :   0.00309897    0.00763450    0.01607344    0.01515359    0.01471764    0.01399385    0.01616739    0.01596363    0.00563030    0.00258224 
ksp              :   0.02642512    0.05904243    0.08787248    0.10000000    0.10000000    0.09053438    0.06361941    0.01846263    0.01000000 
max(|step|)      :   0.00000000    0.01770087    0.02314238    0.02211072    0.03679052    0.02889385    0.02276100    0.02548796    0.02317010    0.00000000 
angle (deg.)     :    22.9796  21.3378  8.4035  10.1536  7.3683  9.6975  32.9152  16.9621 
>
iteration       : 10
climbing        : yes
zoom on         : no
nim             : 10
barrier         :   0.02428732 (image:  4) 
distance        :   0.00000000    1.32043570    2.00438715    2.50442012    2.95979380    3.35329220    3.75421033    4.24696692    5.44587106    6.59630514 
energy          : -3152.17947353  -3152.17511889  -3152.16643827  -3152.15858318  -3152.15518621  -3152.15772400  -3152.16517809  -3152.17722055  -3152.19186761  -3152.19472077 
max(|Fr_perp|)   :   0.00000000    0.00481731    0.00806232    0.00895609    0.01645805    0.01385350    0.00750604    0.00663157    0.00429081    0.00000000 
Fr_paral         :   0.00000000   -0.00952604   -0.01818484   -0.01314813   -0.00037290    0.01215492    0.02323966    0.02561025    0.00681112    0.00000000 
max(|Fsp_paral|) :   0.00000000    0.00259330    0.00181980    0.00095434    0.00340293    0.00172674    0.00289351    0.00436611    0.00430851    0.00000000 
max(|Fsp_perp|)  :   0.00000000    0.00000000    0.00000000    0.00000000    0.00000000    0.00000000    0.00000000    0.00000000    0.00000000    0.00000000 
max(|FNEB|)      :   0.00000000    0.00700283    0.00932514    0.00889635    0.01640624    0.01378228    0.00951565    0.01001065    0.00618339    0.00000000 
max(|Force|)     :   0.00309897    0.00703376    0.01535153    0.01440143    0.01650987    0.01416465    0.01554863    0.01497910    0.00578205    0.00258224 
ksp              :   0.02613670    0.05830395    0.08741208    0.10000000    0.10000000    0.09059588    0.06297371    0.01834874    0.01000000 
max(|step|)      :   0.00000000    0.01769698    0.02325217    0.02190526    0.02004506    0.02412614    0.02458510    0.02662846    0.01826036    0.00350952 
angle (deg.)     :    22.8503  22.3238  8.6573  10.0254  6.8105  9.1983  34.1473  16.5851 
>
iteration       : 11
climbing        : yes
zoom on         : no
nim             : 10
barrier         :   0.02369350 (image:  4) 
distance        :   0.00000000    1.33854765    2.02545910    2.52391861    2.97388247    3.35525278    3.75311868    4.23675155    5.44600172    6.62348620 
energy          : -3152.17947353  -3152.17520208  -3152.16672704  -3152.15898118  -3152.15578003  -3152.15817083  -3152.16541758  -3152.17722520  -3152.19180492  -3152.19472077 
max(|Fr_perp|)   :   0.00000000    0.00441692    0.00787037    0.00947925    0.01323711    0.01356856    0.00740765    0.00667354    0.00423214    0.00000000 
Fr_paral         :   0.00000000   -0.00937953   -0.01806403   -0.01296445   -0.00025404    0.01196547    0.02338528    0.02572692    0.00726290    0.00000000 
max(|Fsp_paral|) :   0.00000000    0.00245692    0.00175329    0.00063469    0.00377552    0.00111900    0.00300165    0.00403775    0.00444106    0.00000000 
max(|Fsp_perp|)  :   0.00000000    0.00000000    0.00000000    0.00000000    0.00000000    0.00000000    0.00000000    0.00000000    0.00000000    0.00000000 
max(|FNEB|)      :   0.00000000    0.00687087    0.00921413    0.00940930    0.01324313    0.01352566    0.00957356    0.00977943    0.00639566    0.00000000 
max(|Force|)     :   0.00309897    0.00647899    0.01468089    0.01396741    0.01323108    0.01387078    0.01486197    0.01522015    0.00577802    0.00258224 
ksp              :   0.02622515    0.05841768    0.08784040    0.10000000    0.10000000    0.09091851    0.06339166    0.01854032    0.01000000 
max(|step|)      :   0.00000000    0.06484477    0.08494421    0.07875248    0.07516132    0.08796003    0.09375437    0.10000000    0.07592507    0.02076896 
angle (deg.)     :    23.0829  25.7248  9.8553  10.2418  7.2375  9.1005  38.5075  16.8225 
>
iteration       : 12
climbing        : yes
zoom on         : no
nim             : 10
barrier         :   0.02194275 (image:  4) 
distance        :   0.00000000    1.40782682    2.10941149    2.60045283    3.03498190    3.37999630    3.76005364    4.21848031    5.46390741    6.74934242 
energy          : -3152.17947353  -3152.17542525  -3152.16773131  -3152.16042564  -3152.15753078  -3152.15961730  -3152.16614795  -3152.17720165  -3152.19138127  -3152.19472077 
max(|Fr_perp|)   :   0.00000000    0.00571895    0.00751453    0.00804969    0.01176925    0.01146214    0.00895073    0.00652903    0.01104236    0.00000000 
Fr_paral         :   0.00000000   -0.00854045   -0.01718636   -0.01268527   -0.00007627    0.01156153    0.02237882    0.02565573    0.00786736    0.00000000 
max(|Fsp_paral|) :   0.00000000    0.00169757    0.00121563    0.00009993    0.00499391    0.00013857    0.00280883    0.00285448    0.00492290    0.00000000 
max(|Fsp_perp|)  :   0.00000000    0.00000000    0.00000000    0.00000000    0.00000000    0.00000000    0.00000000    0.00000000    0.00000000    0.00000000 
max(|FNEB|)      :   0.00000000    0.00592199    0.00840930    0.00805513    0.01193980    0.01163698    0.00892642    0.00867797    0.00886281    0.00000000 
max(|Force|)     :   0.00309897    0.00807750    0.01317910    0.01243680    0.01193546    0.01195851    0.01354947    0.01817617    0.01267714    0.00258224 
ksp              :   0.02660204    0.05814699    0.08810844    0.10000000    0.10000000    0.09143856    0.06464112    0.01932123    0.01000000 
max(|step|)      :   0.00000000    0.01396458    0.01982990    0.01899473    0.02815514    0.02744106    0.02104931    0.02046344    0.02089930    0.00000000 
angle (deg.)     :    23.5434  26.2801  10.1352  9.6153  6.4957  12.0714  38.7252  18.0071 
>
iteration       : 13
climbing        : yes
zoom on         : no
nim             : 10
barrier         :   0.02170937 (image:  4) 
distance        :   0.00000000    1.42097713    2.12922424    2.61878023    3.05185688    3.39579411    3.76463603    4.22536612    5.47177349    6.78920943 
energy          : -3152.17947353  -3152.17559183  -3152.16803033  -3152.16077757  -3152.15776416  -3152.15991151  -3152.16629225  -3152.17738271  -3152.19160381  -3152.19472077 
max(|Fr_perp|)   :   0.00000000    0.00398033    0.00724111    0.00760621    0.01856714    0.01475521    0.01016960    0.00620481    0.00394994    0.00000000 
Fr_paral         :   0.00000000   -0.00805408   -0.01666766   -0.01301930   -0.00017382    0.01211905    0.02109334    0.02525222    0.00722533    0.00000000 
max(|Fsp_paral|) :   0.00000000    0.00184284    0.00109831    0.00025794    0.00506199    0.00045916    0.00206811    0.00343859    0.00447066    0.00000000 
max(|Fsp_perp|)  :   0.00000000    0.00000000    0.00000000    0.00000000    0.00000000    0.00000000    0.00000000    0.00000000    0.00000000    0.00000000 
max(|FNEB|)      :   0.00000000    0.00583146    0.00801811    0.00782368    0.01859057    0.01464396    0.01087240    0.00870463    0.00634396    0.00000000 
max(|Force|)     :   0.00309897    0.00449604    0.01243766    0.01264308    0.01854371    0.01657718    0.01515807    0.01536605    0.00534600    0.00258224 
ksp              :   0.02609225    0.05743978    0.08750738    0.10000000    0.10000000    0.09109780    0.06464531    0.01866788    0.01000000 
max(|step|)      :   0.00000000    0.01379287    0.01924481    0.01817590    0.01635915    0.01673623    0.01946551    0.02044105    0.01560185    0.00003942 
angle (deg.)     :    23.8385  26.7173  10.3568  9.3474  5.7245  10.3462  38.9682  18.9574 
>
iteration       : 14
climbing        : yes
zoom on         : no
nim             : 10
barrier         :   0.02122297 (image:  4) 
distance        :   0.00000000    1.43385910    2.14768219    2.63694458    3.06870267    3.41055710    3.77112530    4.22956953    5.47849604    6.82566036 
energy          : -3152.17947353  -3152.17568885  -3152.16827570  -3152.16110614  -3152.15825056  -3152.16032630  -3152.16650990  -3152.17744952  -3152.19160070  -3152.19472077 
max(|Fr_perp|)   :   0.00000000    0.00378488    0.00708669    0.00740058    0.01328755    0.01078440    0.00689226    0.00595886    0.00396545    0.00000000 
Fr_paral         :   0.00000000   -0.00763170   -0.01636131   -0.01274506   -0.00005173    0.01187033    0.02176995    0.02500287    0.00661435    0.00000000 
max(|Fsp_paral|) :   0.00000000    0.00189679    0.00100342    0.00009719    0.00517333    0.00076629    0.00172638    0.00349436    0.00434998    0.00000000 
max(|Fsp_perp|)  :   0.00000000    0.00000000    0.00000000    0.00000000    0.00000000    0.00000000    0.00000000    0.00000000    0.00000000    0.00000000 
max(|FNEB|)      :   0.00000000    0.00569003    0.00779223    0.00753502    0.01329472    0.01059892    0.00752366    0.00848088    0.00607796    0.00000000 
max(|Force|)     :   0.00309897    0.00431152    0.01230623    0.01252846    0.01328037    0.01254670    0.01345909    0.01406569    0.00518422    0.00258224 
ksp              :   0.02604963    0.05748651    0.08789039    0.10000000    0.10000000    0.09119742    0.06497472    0.01858319    0.01000000 
max(|step|)      :   0.00000000    0.06650923    0.09266437    0.08763375    0.07698884    0.08285564    0.09567205    0.10000000    0.07764452    0.00327753 
angle (deg.)     :    24.7454  29.1133  11.8932  8.4677  4.8956  10.2998  40.7117  22.2429 
>
iteration       : 15
climbing        : yes
zoom on         : no
nim             : 10
barrier         :   0.01954161 (image:  4) 
distance        :   0.00000000    1.49702482    2.23622658    2.72284120    3.15039636    3.48079143    3.80799947    4.25539076    5.51829420    7.00443314 
energy          : -3152.17947353  -3152.17593716  -3152.16929811  -3152.16255509  -3152.15993192  -3152.16187216  -3152.16711383  -3152.17746570  -3152.19096845  -3152.19472077 
max(|Fr_perp|)   :   0.00000000    0.00450339    0.00625721    0.00662073    0.00634264    0.00587939    0.00800716    0.00513323    0.01309025    0.00000000 
Fr_paral         :   0.00000000   -0.00595957   -0.01463299   -0.01204275    0.00009928    0.01139301    0.02066725    0.02383306    0.00424819    0.00000000 
max(|Fsp_paral|) :   0.00000000    0.00142201    0.00038320    0.00001597    0.00588091    0.00199916    0.00008084    0.00310113    0.00440140    0.00000000 
max(|Fsp_perp|)  :   0.00000000    0.00000000    0.00000000    0.00000000    0.00000000    0.00000000    0.00000000    0.00000000    0.00000000    0.00000000 
max(|FNEB|)      :   0.00000000    0.00504746    0.00652612    0.00668766    0.00640311    0.00711433    0.00814848    0.00702935    0.01550889    0.00000000 
max(|Force|)     :   0.00309897    0.00465389    0.01103298    0.01153893    0.00643215    0.00857186    0.01341826    0.01325737    0.01217122    0.00258224 
ksp              :   0.02629480    0.05686789    0.08791591    0.10000000    0.10000000    0.09105956    0.06693274    0.01925332    0.01000000 
max(|step|)      :   0.00000000    0.02189677    0.02831145    0.02901222    0.02777780    0.03086320    0.03534952    0.03049452    0.06728024    0.00000000 
angle (deg.)     :    23.6122  30.4634  12.2777  10.0661  8.6678  13.1517  42.8434  20.3031 
>
iteration       : 16
climbing        : yes
zoom on         : no
nim             : 10
barrier         :   0.01930794 (image:  4) 
distance        :   0.00000000    1.50897253    2.25106767    2.73909071    3.16570989    3.48120589    3.82522976    4.24908491    5.51041947    7.02792802 
energy          : -3152.17947353  -3152.17618962  -3152.16976112  -3152.16302508  -3152.16016559  -3152.16208113  -3152.16738298  -3152.17744017  -3152.19128112  -3152.19472077 
max(|Fr_perp|)   :   0.00000000    0.00348287    0.00634063    0.00657466    0.01419696    0.00969950    0.02248788    0.00796272    0.00667541    0.00000000 
Fr_paral         :   0.00000000   -0.00644177   -0.01478451   -0.01236050   -0.00013634    0.01122954    0.01890121    0.02332588    0.00717571    0.00000000 
max(|Fsp_paral|) :   0.00000000    0.00152858    0.00064067    0.00020661    0.00659933    0.00013444    0.00192502    0.00190614    0.00446854    0.00000000 
max(|Fsp_perp|)  :   0.00000000    0.00000000    0.00000000    0.00000000    0.00000000    0.00000000    0.00000000    0.00000000    0.00000000    0.00000000 
max(|FNEB|)      :   0.00000000    0.00490188    0.00679612    0.00673113    0.01417562    0.00969441    0.02236928    0.00798642    0.00619111    0.00000000 
max(|Force|)     :   0.00309897    0.00511164    0.01155728    0.01051926    0.01421829    0.01007914    0.02339357    0.01582481    0.00821440    0.00258224 
ksp              :   0.02530727    0.05527240    0.08667107    0.10000000    0.10000000    0.09107109    0.06635764    0.01947808    0.01000000 
max(|step|)      :   0.00000000    0.01855932    0.02619804    0.02629686    0.02647512    0.02945877    0.02549859    0.03026556    0.03204545    0.01055272 
angle (deg.)     :    23.2014  31.5405  12.7158  8.1164  5.5148  8.5373  43.5145  20.1776 
>
iteration       : 17
climbing        : yes
zoom on         : no
nim             : 10
barrier         :   0.01861402 (image:  4) 
distance        :   0.00000000    1.52361202    2.27044498    2.76036075    3.18474712    3.48892325    3.83948807    4.24603232    5.50336984    7.05997195 
energy          : -3152.17947353  -3152.17622936  -3152.17010241  -3152.16341662  -3152.16085951  -3152.16251286  -3152.16803660  -3152.17745934  -3152.19076627  -3152.19472077 
max(|Fr_perp|)   :   0.00000000    0.00598430    0.00620323    0.00638773    0.00616159    0.00598109    0.00521189    0.00515237    0.01483140    0.00000000 
Fr_paral         :   0.00000000   -0.00639635   -0.01459757   -0.01227485    0.00013973    0.01077262    0.02151083    0.02467376    0.00783780    0.00000000 
max(|Fsp_paral|) :   0.00000000    0.00118712    0.00081315    0.00028503    0.00710655    0.00110733    0.00332766    0.00094920    0.00447081    0.00000000 
max(|Fsp_perp|)  :   0.00000000    0.00000000    0.00000000    0.00000000    0.00000000    0.00000000    0.00000000    0.00000000    0.00000000    0.00000000 
max(|FNEB|)      :   0.00000000    0.00546952    0.00677659    0.00633650    0.00615722    0.00603623    0.00741034    0.00584507    0.01298256    0.00000000 
max(|Force|)     :   0.00309897    0.00751508    0.01141541    0.00988472    0.00616596    0.00793561    0.01404859    0.01716543    0.01640535    0.00258224 
ksp              :   0.02568577    0.05531000    0.08763622    0.10000000    0.10000000    0.09200594    0.06529832    0.01973873    0.01000000 
max(|step|)      :   0.00000000    0.04410378    0.06244732    0.06061422    0.06360735    0.06764690    0.06713218    0.07326288    0.08165997    0.02957233 
angle (deg.)     :    23.0276  33.5708  13.9176  7.0428  5.6475  12.0005  45.8781  21.2016 
>
iteration       : 18
climbing        : yes
zoom on         : no
nim             : 10
barrier         :   0.01786536 (image:  4) 
distance        :   0.00000000    1.56116232    2.32458280    2.81666440    3.23968451    3.52822806    3.87800772    4.26775602    5.51624126    7.17345646 
energy          : -3152.17947353  -3152.17629986  -3152.17078420  -3152.16428602  -3152.16160817  -3152.16316832  -3152.16837928  -3152.17735099  -3152.18975750  -3152.19472077 
max(|Fr_perp|)   :   0.00000000    0.00779981    0.00570738    0.00590455    0.01224123    0.00805058    0.01090818    0.00634362    0.02233187    0.00000000 
Fr_paral         :   0.00000000   -0.00593409   -0.01372578   -0.01243572    0.00010765    0.01073072    0.01956990    0.02429605    0.00813305    0.00000000 
max(|Fsp_paral|) :   0.00000000    0.00026883    0.00075689    0.00015735    0.00792825    0.00198893    0.00369687    0.00008721    0.00461728    0.00000000 
max(|Fsp_perp|)  :   0.00000000    0.00000000    0.00000000    0.00000000    0.00000000    0.00000000    0.00000000    0.00000000    0.00000000    0.00000000 
max(|FNEB|)      :   0.00000000    0.00770036    0.00623587    0.00590132    0.01222539    0.00858932    0.01210196    0.00632842    0.02056934    0.00000000 
max(|Force|)     :   0.00309897    0.00909912    0.00999663    0.00991090    0.01225707    0.00978196    0.01770518    0.01897458    0.02388748    0.00258224 
ksp              :   0.02598794    0.05377408    0.08650984    0.10000000    0.10000000    0.09214043    0.06588930    0.02069269    0.01000000 
max(|step|)      :   0.00000000    0.05470445    0.07957986    0.07748267    0.07817320    0.08281025    0.08235945    0.08878576    0.10000000    0.03118027 
angle (deg.)     :    23.2928  35.6612  15.2490  6.8825  6.8025  16.8937  48.6456  22.8670 
>
iteration       : 19
climbing        : yes
zoom on         : no
nim             : 10
barrier         :   0.01704224 (image:  4) 
distance        :   0.00000000    1.60981299    2.40004790    2.89789524    3.32017617    3.59376525    3.94399322    4.31909199    5.55395741    7.34306792 
energy          : -3152.17947353  -3152.17651576  -3152.17154023  -3152.16520840  -3152.16243129  -3152.16385016  -3152.16861633  -3152.17730480  -3152.18927422  -3152.19472077 
max(|Fr_perp|)   :   0.00000000    0.00840515    0.00604580    0.00517104    0.01279255    0.00805222    0.02144429    0.01049408    0.02441931    0.00000000 
Fr_paral         :   0.00000000   -0.00523608   -0.01259360   -0.01245914    0.00007751    0.01033211    0.01668714    0.02287933    0.00806452    0.00000000 
max(|Fsp_paral|) :   0.00000000    0.00014873    0.00072190    0.00014580    0.00877127    0.00292397    0.00396879    0.00073607    0.00445948    0.00000000 
max(|Fsp_perp|)  :   0.00000000    0.00000000    0.00000000    0.00000000    0.00000000    0.00000000    0.00000000    0.00000000    0.00000000    0.00000000 
max(|FNEB|)      :   0.00000000    0.00849279    0.00592724    0.00516827    0.01299251    0.00899533    0.02329551    0.01074031    0.02285772    0.00000000 
max(|Force|)     :   0.00309897    0.00949236    0.00875443    0.00980203    0.01301501    0.00989311    0.02059844    0.01948965    0.02606320    0.00258224 
ksp              :   0.02563627    0.05189172    0.08531197    0.10000000    0.10000000    0.09249714    0.06738616    0.02149714    0.01000000 
max(|step|)      :   0.00000000    0.01538691    0.01073875    0.00936368    0.02353932    0.01629740    0.04220591    0.01945888    0.04141273    0.00000000 
angle (deg.)     :    23.6877  35.2458  15.1712  8.5210  8.8286  12.9202  48.2090  23.5554 
>
iteration       : 20
climbing        : yes
zoom on         : no
nim             : 10
barrier         :   0.01674887 (image:  4) 
distance        :   0.00000000    1.61319856    2.41262490    2.91118212    3.33512167    3.61826921    3.95490411    4.34170574    5.56902474    7.37983606 
energy          : -3152.17947353  -3152.17694852  -3152.17183664  -3152.16549899  -3152.16272466  -3152.16421265  -3152.16890726  -3152.17789682  -3152.19063697  -3152.19472077 
max(|Fr_perp|)   :   0.00000000    0.00496161    0.00497808    0.00504653    0.01200108    0.00754948    0.02219877    0.01200438    0.01269796    0.00000000 
Fr_paral         :   0.00000000   -0.00493269   -0.01240644   -0.01229119   -0.00001134    0.01020954    0.01793702    0.02173091    0.00761490    0.00000000 
max(|Fsp_paral|) :   0.00000000    0.00159457    0.00079548    0.00001726    0.00844858    0.00161234    0.00312353    0.00177105    0.00234783    0.00000000 
max(|Fsp_perp|)  :   0.00000000    0.00000000    0.00000000    0.00000000    0.00000000    0.00000000    0.00000000    0.00000000    0.00000000    0.00000000 
max(|FNEB|)      :   0.00000000    0.00437030    0.00552492    0.00508353    0.01199926    0.00721507    0.02194802    0.01264138    0.01171822    0.00000000 
max(|Force|)     :   0.00309897    0.00602115    0.00970950    0.00868444    0.01200289    0.00892296    0.02311638    0.01847236    0.01434737    0.00258224 
ksp              :   0.02356812    0.05103680    0.08509214    0.10000000    0.10000000    0.09200432    0.06677784    0.01847244    0.01000000 
max(|step|)      :   0.00000000    0.01012248    0.01035952    0.00973029    0.00877124    0.00929752    0.01058001    0.00920147    0.02674362    0.00306602 
angle (deg.)     :    23.9582  35.0613  15.3866  7.5446  6.5652  8.1312  47.1292  24.3875 
>
iteration       : 21
climbing        : yes
zoom on         : no
nim             : 10
barrier         :   0.01651949 (image:  4) 
distance        :   0.00000000    1.61924677    2.42366493    2.92242805    3.34672663    3.63554569    3.96134181    4.35280701    5.57832534    7.40565644 
energy          : -3152.17947353  -3152.17709335  -3152.17197865  -3152.16565568  -3152.16295404  -3152.16444553  -3152.16930668  -3152.17822864  -3152.19103227  -3152.19472077 
max(|Fr_perp|)   :   0.00000000    0.00286309    0.00483366    0.00493932    0.00660910    0.00433159    0.01018500    0.00407785    0.00452838    0.00000000 
Fr_paral         :   0.00000000   -0.00463464   -0.01211801   -0.01217642    0.00004322    0.01029520    0.02003370    0.02309999    0.00678407    0.00000000 
max(|Fsp_paral|) :   0.00000000    0.00212610    0.00080868    0.00006296    0.00823689    0.00064439    0.00266640    0.00287623    0.00117905    0.00000000 
max(|Fsp_perp|)  :   0.00000000    0.00000000    0.00000000    0.00000000    0.00000000    0.00000000    0.00000000    0.00000000    0.00000000    0.00000000 
max(|FNEB|)      :   0.00000000    0.00469501    0.00538445    0.00496043    0.00661600    0.00452045    0.00979020    0.00517469    0.00400703    0.00000000 
max(|Force|)     :   0.00309897    0.00325419    0.00817640    0.00800774    0.00660219    0.00783482    0.01235313    0.01566190    0.00609666    0.00258224 
ksp              :   0.02296749    0.05083291    0.08528114    0.10000000    0.10000000    0.09187420    0.06539013    0.01678231    0.01000000 
max(|step|)      :   0.00000000    0.02188513    0.02816039    0.02622712    0.02410564    0.02438506    0.02320530    0.02194290    0.03525207    0.00813230 
angle (deg.)     :    24.2651  34.9559  16.0160  6.3709  4.4451  8.2005  45.7671  26.4375 
>
iteration       : 22
climbing        : yes
zoom on         : no
nim             : 10
barrier         :   0.01625817 (image:  4) 
distance        :   0.00000000    1.63904652    2.44980143    2.94727683    3.37254236    3.66986572    3.97032825    4.36681691    5.60778048    7.46515504 
energy          : -3152.17947353  -3152.17716161  -3152.17216175  -3152.16591855  -3152.16321536  -3152.16476416  -3152.16927186  -3152.17813945  -3152.19103643  -3152.19472077 
max(|Fr_perp|)   :   0.00000000    0.00276587    0.00453118    0.00468491    0.00500571    0.00416121    0.00369718    0.00365654    0.00704449    0.00000000 
Fr_paral         :   0.00000000   -0.00411448   -0.01155999   -0.01200334    0.00004473    0.01062318    0.01981452    0.02305148    0.00490660    0.00000000 
max(|Fsp_paral|) :   0.00000000    0.00205202    0.00068361    0.00013741    0.00794726    0.00141169    0.00069870    0.00277017    0.00154514    0.00000000 
max(|Fsp_perp|)  :   0.00000000    0.00000000    0.00000000    0.00000000    0.00000000    0.00000000    0.00000000    0.00000000    0.00000000    0.00000000 
max(|FNEB|)      :   0.00000000    0.00430855    0.00498914    0.00476538    0.00499856    0.00451784    0.00357133    0.00482169    0.00779622    0.00000000 
max(|Force|)     :   0.00309897    0.00309633    0.00626616    0.00781980    0.00501285    0.00578424    0.01147241    0.01229506    0.00579974    0.00258224 
ksp              :   0.02279805    0.05047563    0.08503601    0.10000000    0.10000000    0.09142633    0.06647315    0.01738502    0.01000000 
max(|step|)      :   0.00000000    0.02496540    0.03098542    0.02883182    0.02615528    0.02473828    0.02511513    0.02699477    0.02399790    0.00088260 
angle (deg.)     :    24.2625  35.1644  16.6940  6.7232  3.8260  11.6994  45.2356  27.8501 
>
iteration       : 23
climbing        : yes
zoom on         : no
nim             : 10
barrier         :   0.01603602 (image:  4) 
distance        :   0.00000000    1.66160170    2.47723499    2.97371465    3.39951472    3.69758264    3.98719905    4.38021609    5.63666993    7.52472682 
energy          : -3152.17947353  -3152.17721559  -3152.17233827  -3152.16616352  -3152.16343751  -3152.16496767  -3152.16915913  -3152.17788001  -3152.19099756  -3152.19472077 
max(|Fr_perp|)   :   0.00000000    0.00322419    0.00433829    0.00437413    0.00398082    0.00386029    0.00911243    0.00817260    0.01016499    0.00000000 
Fr_paral         :   0.00000000   -0.00385530   -0.01129403   -0.01179877   -0.00001093    0.01049281    0.01846849    0.02252805    0.00412471    0.00000000 
max(|Fsp_paral|) :   0.00000000    0.00182571    0.00060428    0.00032768    0.00803742    0.00211313    0.00013103    0.00168391    0.00254883    0.00000000 
max(|Fsp_perp|)  :   0.00000000    0.00000000    0.00000000    0.00000000    0.00000000    0.00000000    0.00000000    0.00000000    0.00000000    0.00000000 
max(|FNEB|)      :   0.00000000    0.00393711    0.00474206    0.00450575    0.00398258    0.00444847    0.00907617    0.00796062    0.01143291    0.00000000 
max(|Force|)     :   0.00309897    0.00332381    0.00635011    0.00766785    0.00397905    0.00582505    0.01163726    0.01068892    0.00909418    0.00258224 
ksp              :   0.02267237    0.05004567    0.08470060    0.10000000    0.10000000    0.09141219    0.06788816    0.01894342    0.01000000 
max(|step|)      :   0.00000000    0.08099792    0.09917288    0.09084654    0.08077211    0.07976214    0.08384998    0.09221790    0.10000000    0.02242131 
angle (deg.)     :    24.1206  36.4153  18.7084  7.7181  6.0056  18.6785  44.7652  31.3513 
>
iteration       : 24
climbing        : yes
zoom on         : no
nim             : 10
barrier         :   0.01556278 (image:  4) 
distance        :   0.00000000    1.73832650    2.57004296    3.06452384    3.49130943    3.78428009    4.05868738    4.43543697    5.72873078    7.72448153 
energy          : -3152.17947353  -3152.17742979  -3152.17286184  -3152.16684004  -3152.16391075  -3152.16534349  -3152.16894271  -3152.17725370  -3152.19107866  -3152.19472077 
max(|Fr_perp|)   :   0.00000000    0.00502164    0.00400088    0.00443793    0.00867396    0.00564512    0.01746199    0.01063480    0.01317611    0.00000000 
Fr_paral         :   0.00000000   -0.00333251   -0.01054392   -0.01152527   -0.00028808    0.01026952    0.01478920    0.02140471    0.00307837    0.00000000 
max(|Fsp_paral|) :   0.00000000    0.00128379    0.00045335    0.00102327    0.00864253    0.00267112    0.00100589    0.00168616    0.00508332    0.00000000 
max(|Fsp_perp|)  :   0.00000000    0.00000000    0.00000000    0.00000000    0.00000000    0.00000000    0.00000000    0.00000000    0.00000000    0.00000000 
max(|FNEB|)      :   0.00000000    0.00553067    0.00400101    0.00426446    0.00887518    0.00578724    0.01746111    0.01096958    0.01581702    0.00000000 
max(|Force|)     :   0.00309897    0.00432568    0.00626496    0.00698761    0.00877954    0.00746995    0.01479019    0.01168605    0.01246610    0.00258224 
ksp              :   0.02182942    0.04823966    0.08305287    0.10000000    0.10000000    0.09170436    0.07098549    0.02288385    0.01000000 
max(|step|)      :   0.00000000    0.01008471    0.00729550    0.00777588    0.01618313    0.01055254    0.03183885    0.02000211    0.02884100    0.00000000 
angle (deg.)     :    23.9005  36.8303  18.1585  9.1001  7.8478  12.4845  46.1653  30.4216 
>
iteration       : 25
climbing        : yes
zoom on         : no
nim             : 10
barrier         :   0.01542282 (image:  4) 
distance        :   0.00000000    1.74170290    2.57371680    3.06867616    3.49341418    3.77830198    4.06827427    4.43989385    5.71349731    7.72136504 
energy          : -3152.17947353  -3152.17758315  -3152.17301970  -3152.16696127  -3152.16405072  -3152.16540335  -3152.16938972  -3152.17766210  -3152.19139888  -3152.19472077 
max(|Fr_perp|)   :   0.00000000    0.00229490    0.00378819    0.00346838    0.00599120    0.00428975    0.01711942    0.00860412    0.00489061    0.00000000 
Fr_paral         :   0.00000000   -0.00359244   -0.01087416   -0.01187913   -0.00027654    0.00988805    0.01756324    0.02136162    0.00485306    0.00000000 
max(|Fsp_paral|) :   0.00000000    0.00178719    0.00068540    0.00085614    0.00889013    0.00114734    0.00074258    0.00035136    0.00324209    0.00000000 
max(|Fsp_perp|)  :   0.00000000    0.00000000    0.00000000    0.00000000    0.00000000    0.00000000    0.00000000    0.00000000    0.00000000    0.00000000 
max(|FNEB|)      :   0.00000000    0.00378307    0.00422416    0.00371193    0.00596876    0.00432504    0.01703356    0.00849905    0.00641811    0.00000000 
max(|Force|)     :   0.00309897    0.00287205    0.00590525    0.00712455    0.00601365    0.00577120    0.01844812    0.01094063    0.00367161    0.00258224 
ksp              :   0.02103133    0.04766138    0.08301543    0.10000000    0.10000000    0.09210669    0.06884418    0.02057062    0.01000000 
max(|step|)      :   0.00000000    0.00612938    0.00638071    0.00554372    0.00650814    0.00563772    0.00936188    0.00754967    0.01569207    0.00239677 
angle (deg.)     :    23.8221  37.1519  18.0341  8.5372  5.9523  9.5305  46.5293  29.9996 
>
iteration       : 26
climbing        : yes
zoom on         : no
nim             : 10
barrier         :   0.01534048 (image:  4) 
distance        :   0.00000000    1.74644971    2.57873143    3.07400673    3.49659588    3.77645956    4.07325608    4.44389688    5.70503064    7.72343053 
energy          : -3152.17947353  -3152.17763946  -3152.17309097  -3152.16701441  -3152.16413305  -3152.16542739  -3152.16970936  -3152.17792818  -3152.19143746  -3152.19472077 
max(|Fr_perp|)   :   0.00000000    0.00208963    0.00379471    0.00342901    0.00374967    0.00274853    0.00866372    0.00357244    0.00277659    0.00000000 
Fr_paral         :   0.00000000   -0.00372135   -0.01101563   -0.01201724   -0.00026657    0.00980562    0.01904530    0.02257738    0.00558943    0.00000000 
max(|Fsp_paral|) :   0.00000000    0.00190978    0.00079573    0.00068049    0.00898602    0.00035628    0.00161060    0.00051553    0.00204953    0.00000000 
max(|Fsp_perp|)  :   0.00000000    0.00000000    0.00000000    0.00000000    0.00000000    0.00000000    0.00000000    0.00000000    0.00000000    0.00000000 
max(|FNEB|)      :   0.00000000    0.00399003    0.00429624    0.00362671    0.00372817    0.00273184    0.00839820    0.00370761    0.00377146    0.00000000 
max(|Force|)     :   0.00309897    0.00230575    0.00562489    0.00729043    0.00377116    0.00590217    0.01067229    0.01194731    0.00340543    0.00258224 
ksp              :   0.02076021    0.04744543    0.08309556    0.10000000    0.10000000    0.09240633    0.06728475    0.01906629    0.01000000 
max(|step|)      :   0.00000000    0.01891000    0.01964863    0.01571951    0.01488438    0.01580645    0.01585326    0.02106152    0.02965733    0.01235352 
angle (deg.)     :    23.9041  37.9294  17.7538  7.8088  3.9185  8.4802  47.7009  29.9219 
>
iteration       : 27
climbing        : yes
zoom on         : no
nim             : 10
barrier         :   0.01524071 (image:  4) 
distance        :   0.00000000    1.76486288    2.59882468    3.09377416    3.51147392    3.78323932    4.08195938    4.45614760    5.70159775    7.74851959 
energy          : -3152.17947353  -3152.17769289  -3152.17317676  -3152.16707112  -3152.16423282  -3152.16545051  -3152.16978586  -3152.17810027  -3152.19136882  -3152.19472077 
max(|Fr_perp|)   :   0.00000000    0.00218344    0.00372428    0.00326749    0.00272113    0.00265959    0.00265935    0.00252152    0.00457236    0.00000000 
Fr_paral         :   0.00000000   -0.00387227   -0.01121410   -0.01220437   -0.00026052    0.00974711    0.01936782    0.02331921    0.00632549    0.00000000 
max(|Fsp_paral|) :   0.00000000    0.00185689    0.00088619    0.00034963    0.00900669    0.00033830    0.00159837    0.00151735    0.00110991    0.00000000 
max(|Fsp_perp|)  :   0.00000000    0.00000000    0.00000000    0.00000000    0.00000000    0.00000000    0.00000000    0.00000000    0.00000000    0.00000000 
max(|FNEB|)      :   0.00000000    0.00403643    0.00426425    0.00337927    0.00275280    0.00276651    0.00286826    0.00310303    0.00408760    0.00000000 
max(|Force|)     :   0.00309897    0.00250006    0.00619073    0.00798260    0.00268946    0.00582339    0.01313598    0.01433846    0.00607181    0.00258224 
ksp              :   0.02051510    0.04718392    0.08323914    0.10000000    0.10000000    0.09280922    0.06720799    0.01810946    0.01000000 
max(|step|)      :   0.00000000    0.02516899    0.02642811    0.02094999    0.01745780    0.01842222    0.01800638    0.02326702    0.03332119    0.01035591 
angle (deg.)     :    24.2479  38.7033  17.5539  7.8050  3.8735  9.1772  48.5906  30.4449 
>
iteration       : 28
climbing        : yes
zoom on         : no
nim             : 10
barrier         :   0.01516054 (image:  4) 
distance        :   0.00000000    1.79017128    2.62770988    3.12140500    3.53523577    3.80093291    4.09880357    4.47522234    5.71105962    7.79337453 
energy          : -3152.17947353  -3152.17774808  -3152.17323959  -3152.16711775  -3152.16431299  -3152.16547241  -3152.16970113  -3152.17808385  -3152.19134343  -3152.19472077 
max(|Fr_perp|)   :   0.00000000    0.00269031    0.00358520    0.00301340    0.00246696    0.00246777    0.00675320    0.00526490    0.00608729    0.00000000 
Fr_paral         :   0.00000000   -0.00387587   -0.01132891   -0.01222609   -0.00025814    0.00952686    0.01897226    0.02341092    0.00652409    0.00000000 
max(|Fsp_paral|) :   0.00000000    0.00184761    0.00085209    0.00014194    0.00901623    0.00070888    0.00129976    0.00179108    0.00092268    0.00000000 
max(|Fsp_perp|)  :   0.00000000    0.00000000    0.00000000    0.00000000    0.00000000    0.00000000    0.00000000    0.00000000    0.00000000    0.00000000 
max(|FNEB|)      :   0.00000000    0.00402934    0.00408479    0.00307281    0.00249584    0.00263218    0.00709520    0.00499591    0.00568479    0.00000000 
max(|Force|)     :   0.00309897    0.00347849    0.00710781    0.00794858    0.00243808    0.00674499    0.01501661    0.01578779    0.00764060    0.00258224 
ksp              :   0.02024310    0.04700758    0.08334968    0.10000000    0.10000000    0.09311717    0.06801350    0.01824977    0.01000000 
max(|step|)      :   0.00000000    0.07968597    0.08359892    0.06579972    0.05290338    0.05570209    0.05552685    0.06884560    0.10000000    0.02708569 
angle (deg.)     :    25.5509  41.0147  17.1696  7.7610  5.9252  12.3915  50.5800  32.4984 
>
iteration       : 29
climbing        : yes
zoom on         : no
nim             : 10
barrier         :   0.01505875 (image:  4) 
distance        :   0.00000000    1.87243785    2.72141318    3.21074611    3.61504650    3.86642695    4.16321830    4.54237233    5.75271483    7.94644073 
energy          : -3152.17947353  -3152.17793241  -3152.17339134  -3152.16723500  -3152.16441479  -3152.16547485  -3152.16947749  -3152.17803607  -3152.19134581  -3152.19472077 
max(|Fr_perp|)   :   0.00000000    0.00351321    0.00368382    0.00262829    0.00803278    0.00667832    0.01287909    0.00479865    0.00743923    0.00000000 
Fr_paral         :   0.00000000   -0.00377085   -0.01133396   -0.01233898   -0.00031880    0.00936820    0.01731810    0.02376651    0.00672442    0.00000000 
max(|Fsp_paral|) :   0.00000000    0.00197338    0.00064504    0.00014686    0.00903229    0.00153596    0.00077731    0.00231683    0.00030694    0.00000000 
max(|Fsp_perp|)  :   0.00000000    0.00000000    0.00000000    0.00000000    0.00000000    0.00000000    0.00000000    0.00000000    0.00000000    0.00000000 
max(|FNEB|)      :   0.00000000    0.00407052    0.00356171    0.00257399    0.00833446    0.00707838    0.01351892    0.00492706    0.00736579    0.00000000 
max(|Force|)     :   0.00309897    0.00428474    0.00653210    0.00882419    0.00823405    0.00752698    0.01808877    0.01880740    0.00913309    0.00258224 
ksp              :   0.01921667    0.04634862    0.08312796    0.10000000    0.10000000    0.09365908    0.06978473    0.01859806    0.01000000 
max(|step|)      :   0.00000000    0.00698019    0.00610769    0.00441393    0.01429208    0.01213814    0.02318248    0.00844900    0.01263099    0.00000000 
angle (deg.)     :    25.7405  40.9729  16.9924  9.1669  7.7978  7.5543  49.9602  33.1185 
>
iteration       : 30
climbing        : yes
zoom on         : no
nim             : 10
barrier         :   0.01493506 (image:  4) 
distance        :   0.00000000    1.88057718    2.72933750    3.21761818    3.62411997    3.87998061    4.17363342    4.54517721    5.76247212    7.96253704 
energy          : -3152.17947353  -3152.17801428  -3152.17348701  -3152.16735028  -3152.16453847  -3152.16563513  -3152.16968698  -3152.17807006  -3152.19149717  -3152.19472077 
max(|Fr_perp|)   :   0.00000000    0.00218801    0.00292365    0.00217875    0.00740255    0.00514579    0.01180309    0.00427403    0.00388713    0.00000000 
Fr_paral         :   0.00000000   -0.00360454   -0.01127215   -0.01225634   -0.00029475    0.00920768    0.01845741    0.02324994    0.00623433    0.00000000 
max(|Fsp_paral|) :   0.00000000    0.00220523    0.00069911    0.00005707    0.00905485    0.00110475    0.00111052    0.00182541    0.00024988    0.00000000 
max(|Fsp_perp|)  :   0.00000000    0.00000000    0.00000000    0.00000000    0.00000000    0.00000000    0.00000000    0.00000000    0.00000000    0.00000000 
max(|FNEB|)      :   0.00000000    0.00419180    0.00327469    0.00221311    0.00735433    0.00494550    0.01164804    0.00476312    0.00378086    0.00000000 
max(|Force|)     :   0.00309897    0.00276050    0.00722754    0.00847187    0.00745078    0.00820882    0.01328086    0.01740076    0.00543742    0.00258224 
ksp              :   0.01879357    0.04607529    0.08305578    0.10000000    0.10000000    0.09339146    0.06897465    0.01845742    0.01000000 
max(|step|)      :   0.00000000    0.00726314    0.00598867    0.00422346    0.00336118    0.00540963    0.00662332    0.00524985    0.00850791    0.00097951 
angle (deg.)     :    25.9090  41.0134  17.1846  8.7809  6.5162  6.1918  49.2060  33.6521 
>
iteration       : 31
climbing        : yes
zoom on         : no
nim             : 10
barrier         :   0.01486365 (image:  4) 
distance        :   0.00000000    1.88877243    2.73682485    3.22406296    3.63146963    3.89045798    4.17994834    4.54714125    5.77018684    7.97585122 
energy          : -3152.17947353  -3152.17804857  -3152.17352553  -3152.16740663  -3152.16460988  -3152.16573289  -3152.16984001  -3152.17804132  -3152.19156436  -3152.19472077 
max(|Fr_perp|)   :   0.00000000    0.00213483    0.00283595    0.00211902    0.00496248    0.00352147    0.00636659    0.00205083    0.00256477    0.00000000 
Fr_paral         :   0.00000000   -0.00349518   -0.01113562   -0.01214924   -0.00026746    0.00934120    0.01904080    0.02341754    0.00580496    0.00000000 
max(|Fsp_paral|) :   0.00000000    0.00224585    0.00069910    0.00016188    0.00904143    0.00065946    0.00118083    0.00131168    0.00041674    0.00000000 
max(|Fsp_perp|)  :   0.00000000    0.00000000    0.00000000    0.00000000    0.00000000    0.00000000    0.00000000    0.00000000    0.00000000    0.00000000 
max(|FNEB|)      :   0.00000000    0.00415939    0.00318258    0.00217145    0.00491842    0.00342341    0.00616124    0.00211375    0.00274462    0.00000000 
max(|Force|)     :   0.00309897    0.00233862    0.00639017    0.00773535    0.00500653    0.00747142    0.01249922    0.01567850    0.00297603    0.00258224 
ksp              :   0.01862820    0.04601538    0.08306554    0.10000000    0.10000000    0.09320010    0.06833136    0.01867210    0.01000000 
max(|step|)      :   0.00000000    0.02499898    0.02021968    0.01430555    0.01178813    0.01257503    0.01090333    0.01263590    0.01491868    0.00324873 
angle (deg.)     :    26.3819  41.3219  17.5567  7.9949  4.5388  7.1067  47.8882  35.0668 
>
iteration       : 32
climbing        : yes
zoom on         : no
nim             : 10
barrier         :   0.01480112 (image:  4) 
distance        :   0.00000000    1.91630811    2.75991293    3.24307337    3.65159904    3.91660240    4.19162433    4.55364127    5.79105794    8.01411785 
energy          : -3152.17947353  -3152.17808042  -3152.17353807  -3152.16745789  -3152.16467241  -3152.16586651  -3152.16981554  -3152.17777049  -3152.19164412  -3152.19472077 
max(|Fr_perp|)   :   0.00000000    0.00191471    0.00260753    0.00195563    0.00368073    0.00282139    0.00173902    0.00287272    0.00263353    0.00000000 
Fr_paral         :   0.00000000   -0.00336880   -0.01093459   -0.01197362   -0.00021228    0.00974186    0.01886456    0.02298171    0.00507933    0.00000000 
max(|Fsp_paral|) :   0.00000000    0.00202894    0.00060501    0.00044593    0.00896870    0.00062307    0.00039783    0.00018064    0.00157665    0.00000000 
max(|Fsp_perp|)  :   0.00000000    0.00000000    0.00000000    0.00000000    0.00000000    0.00000000    0.00000000    0.00000000    0.00000000    0.00000000 
max(|FNEB|)      :   0.00000000    0.00384245    0.00289277    0.00205192    0.00371598    0.00260431    0.00167027    0.00284041    0.00337306    0.00000000 
max(|Force|)     :   0.00309897    0.00211349    0.00451976    0.00712732    0.00364548    0.00516767    0.01099045    0.01287094    0.00282474    0.00258224 
ksp              :   0.01847098    0.04609131    0.08306255    0.10000000    0.10000000    0.09273914    0.06872657    0.02035557    0.01000000 
max(|step|)      :   0.00000000    0.02441644    0.01892235    0.01310690    0.01051863    0.01079574    0.01010755    0.00971144    0.01755551    0.00050207 
angle (deg.)     :    26.8474  41.7255  17.7001  8.2462  3.9589  10.0636  47.1913  36.0056 
>
